# JRE version: OpenJDK Runtime Environment (8.0_242-b08) (build 1.8.0_242-b08)
# Java VM: OpenJDK 64-Bit Server VM (25.242-b08 mixed mode linux-amd64 compressed oops)
Heap:
 def new generation   total 11968K, used 2816K [0x00000000f0800000, 0x00000000f14f0000, 0x00000000f5aa0000)
  eden space 10688K,  18% used [0x00000000f0800000, 0x00000000f09efea8, 0x00000000f1270000)
  from space 1280K,  65% used [0x00000000f13b0000, 0x00000000f1480368, 0x00000000f14f0000)
  to   space 1280K,   0% used [0x00000000f1270000, 0x00000000f1270000, 0x00000000f13b0000)
 tenured generation   total 26356K, used 17280K [0x00000000f5aa0000, 0x00000000f745d000, 0x0000000100000000)
   the space 26356K,  65% used [0x00000000f5aa0000, 0x00000000f6b80080, 0x00000000f6b80200, 0x00000000f745d000)
 Metaspace       used 46539K, capacity 47962K, committed 48128K, reserved 1091584K
  class space    used 6072K, capacity 6367K, committed 6400K, reserved 1048576K
GC Heap History (194 events):
Event: 0.456 GC heap before
{Heap before GC invocations=0 (full 0):
 def new generation   total 4928K, used 4416K [0x00000000f0800000, 0x00000000f0d50000, 0x00000000f5aa0000)
  eden space 4416K, 100% used [0x00000000f0800000, 0x00000000f0c50000, 0x00000000f0c50000)
  from space 512K,   0% used [0x00000000f0c50000, 0x00000000f0c50000, 0x00000000f0cd0000)
  to   space 512K,   0% used [0x00000000f0cd0000, 0x00000000f0cd0000, 0x00000000f0d50000)
 tenured generation   total 10944K, used 0K [0x00000000f5aa0000, 0x00000000f6550000, 0x0000000100000000)
   the space 10944K,   0% used [0x00000000f5aa0000, 0x00000000f5aa0000, 0x00000000f5aa0200, 0x00000000f6550000)
 Metaspace       used 4552K, capacity 5054K, committed 5248K, reserved 1056768K
  class space    used 481K, capacity 537K, committed 640K, reserved 1048576K
Event: 0.458 GC heap after
Heap after GC invocations=1 (full 0):
 def new generation   total 4928K, used 512K [0x00000000f0800000, 0x00000000f0d50000, 0x00000000f5aa0000)
  eden space 4416K,   0% used [0x00000000f0800000, 0x00000000f0800000, 0x00000000f0c50000)
  from space 512K, 100% used [0x00000000f0cd0000, 0x00000000f0d50000, 0x00000000f0d50000)
  to   space 512K,   0% used [0x00000000f0c50000, 0x00000000f0c50000, 0x00000000f0cd0000)
 tenured generation   total 10944K, used 583K [0x00000000f5aa0000, 0x00000000f6550000, 0x0000000100000000)
   the space 10944K,   5% used [0x00000000f5aa0000, 0x00000000f5b31dc0, 0x00000000f5b31e00, 0x00000000f6550000)
 Metaspace       used 4552K, capacity 5054K, committed 5248K, reserved 1056768K
  class space    used 481K, capacity 537K, committed 640K, reserved 1048576K
}
Event: 0.726 GC heap before
{Heap before GC invocations=1 (full 0):
 def new generation   total 4928K, used 4928K [0x00000000f0800000, 0x00000000f0d50000, 0x00000000f5aa0000)
  eden space 4416K, 100% used [0x00000000f0800000, 0x00000000f0c50000, 0x00000000f0c50000)
  from space 512K, 100% used [0x00000000f0cd0000, 0x00000000f0d50000, 0x00000000f0d50000)
  to   space 512K,   0% used [0x00000000f0c50000, 0x00000000f0c50000, 0x00000000f0cd0000)
 tenured generation   total 10944K, used 583K [0x00000000f5aa0000, 0x00000000f6550000, 0x0000000100000000)
   the space 10944K,   5% used [0x00000000f5aa0000, 0x00000000f5b31dc0, 0x00000000f5b31e00, 0x00000000f6550000)
 Metaspace       used 6859K, capacity 7036K, committed 7296K, reserved 1056768K
  class space    used 755K, capacity 846K, committed 896K, reserved 1048576K
Event: 0.730 GC heap after
Heap after GC invocations=2 (full 0):
 def new generation   total 4928K, used 511K [0x00000000f0800000, 0x00000000f0d50000, 0x00000000f5aa0000)
  eden space 4416K,   0% used [0x00000000f0800000, 0x00000000f0800000, 0x00000000f0c50000)
  from space 512K,  99% used [0x00000000f0c50000, 0x00000000f0ccfff8, 0x00000000f0cd0000)
  to   space 512K,   0% used [0x00000000f0cd0000, 0x00000000f0cd0000, 0x00000000f0d50000)
 tenured generation   total 10944K, used 1436K [0x00000000f5aa0000, 0x00000000f6550000, 0x0000000100000000)
   the space 10944K,  13% used [0x00000000f5aa0000, 0x00000000f5c07090, 0x00000000f5c07200, 0x00000000f6550000)
 Metaspace       used 6859K, capacity 7036K, committed 7296K, reserved 1056768K
  class space    used 755K, capacity 846K, committed 896K, reserved 1048576K
}
Event: 0.932 GC heap before
{Heap before GC invocations=2 (full 0):
 def new generation   total 4928K, used 4927K [0x00000000f0800000, 0x00000000f0d50000, 0x00000000f5aa0000)
  eden space 4416K, 100% used [0x00000000f0800000, 0x00000000f0c50000, 0x00000000f0c50000)
  from space 512K,  99% used [0x00000000f0c50000, 0x00000000f0ccfff8, 0x00000000f0cd0000)
  to   space 512K,   0% used [0x00000000f0cd0000, 0x00000000f0cd0000, 0x00000000f0d50000)
 tenured generation   total 10944K, used 1436K [0x00000000f5aa0000, 0x00000000f6550000, 0x0000000100000000)
   the space 10944K,  13% used [0x00000000f5aa0000, 0x00000000f5c07090, 0x00000000f5c07200, 0x00000000f6550000)
 Metaspace       used 7588K, capacity 7774K, committed 7936K, reserved 1056768K
  class space    used 858K, capacity 943K, committed 1024K, reserved 1048576K
Event: 0.935 GC heap after
Heap after GC invocations=3 (full 0):
 def new generation   total 4928K, used 511K [0x00000000f0800000, 0x00000000f0d50000, 0x00000000f5aa0000)
  eden space 4416K,   0% used [0x00000000f0800000, 0x00000000f0800000, 0x00000000f0c50000)
  from space 512K,  99% used [0x00000000f0cd0000, 0x00000000f0d4fff8, 0x00000000f0d50000)
  to   space 512K,   0% used [0x00000000f0c50000, 0x00000000f0c50000, 0x00000000f0cd0000)
 tenured generation   total 10944K, used 2231K [0x00000000f5aa0000, 0x00000000f6550000, 0x0000000100000000)
   the space 10944K,  20% used [0x00000000f5aa0000, 0x00000000f5ccdee0, 0x00000000f5cce000, 0x00000000f6550000)
 Metaspace       used 7588K, capacity 7774K, committed 7936K, reserved 1056768K
  class space    used 858K, capacity 943K, committed 1024K, reserved 1048576K
}
Event: 1.095 GC heap before
{Heap before GC invocations=3 (full 0):
 def new generation   total 4928K, used 4927K [0x00000000f0800000, 0x00000000f0d50000, 0x00000000f5aa0000)
  eden space 4416K, 100% used [0x00000000f0800000, 0x00000000f0c50000, 0x00000000f0c50000)
  from space 512K,  99% used [0x00000000f0cd0000, 0x00000000f0d4fff8, 0x00000000f0d50000)
  to   space 512K,   0% used [0x00000000f0c50000, 0x00000000f0c50000, 0x00000000f0cd0000)
 tenured generation   total 10944K, used 2231K [0x00000000f5aa0000, 0x00000000f6550000, 0x0000000100000000)
   the space 10944K,  20% used [0x00000000f5aa0000, 0x00000000f5ccdee0, 0x00000000f5cce000, 0x00000000f6550000)
 Metaspace       used 8426K, capacity 8702K, committed 8832K, reserved 1056768K
  class space    used 974K, capacity 1103K, committed 1152K, reserved 1048576K
Event: 1.097 GC heap after
Heap after GC invocations=4 (full 0):
 def new generation   total 4928K, used 511K [0x00000000f0800000, 0x00000000f0d50000, 0x00000000f5aa0000)
  eden space 4416K,   0% used [0x00000000f0800000, 0x00000000f0800000, 0x00000000f0c50000)
  from space 512K,  99% used [0x00000000f0c50000, 0x00000000f0ccfff0, 0x00000000f0cd0000)
  to   space 512K,   0% used [0x00000000f0cd0000, 0x00000000f0cd0000, 0x00000000f0d50000)
 tenured generation   total 10944K, used 2591K [0x00000000f5aa0000, 0x00000000f6550000, 0x0000000100000000)
   the space 10944K,  23% used [0x00000000f5aa0000, 0x00000000f5d27de0, 0x00000000f5d27e00, 0x00000000f6550000)
 Metaspace       used 8426K, capacity 8702K, committed 8832K, reserved 1056768K
  class space    used 974K, capacity 1103K, committed 1152K, reserved 1048576K
}
Event: 1.169 GC heap before
{Heap before GC invocations=4 (full 0):
 def new generation   total 4928K, used 4927K [0x00000000f0800000, 0x00000000f0d50000, 0x00000000f5aa0000)
  eden space 4416K, 100% used [0x00000000f0800000, 0x00000000f0c50000, 0x00000000f0c50000)
  from space 512K,  99% used [0x00000000f0c50000, 0x00000000f0ccfff0, 0x00000000f0cd0000)
  to   space 512K,   0% used [0x00000000f0cd0000, 0x00000000f0cd0000, 0x00000000f0d50000)
 tenured generation   total 10944K, used 2591K [0x00000000f5aa0000, 0x00000000f6550000, 0x0000000100000000)
   the space 10944K,  23% used [0x00000000f5aa0000, 0x00000000f5d27de0, 0x00000000f5d27e00, 0x00000000f6550000)
 Metaspace       used 8770K, capacity 9054K, committed 9088K, reserved 1056768K
  class space    used 1014K, capacity 1135K, committed 1152K, reserved 1048576K
Event: 1.170 GC heap after
Heap after GC invocations=5 (full 0):
 def new generation   total 4928K, used 348K [0x00000000f0800000, 0x00000000f0d50000, 0x00000000f5aa0000)
  eden space 4416K,   0% used [0x00000000f0800000, 0x00000000f0800000, 0x00000000f0c50000)
  from space 512K,  68% used [0x00000000f0cd0000, 0x00000000f0d272c0, 0x00000000f0d50000)
  to   space 512K,   0% used [0x00000000f0c50000, 0x00000000f0c50000, 0x00000000f0cd0000)
 tenured generation   total 10944K, used 2783K [0x00000000f5aa0000, 0x00000000f6550000, 0x0000000100000000)
   the space 10944K,  25% used [0x00000000f5aa0000, 0x00000000f5d57e78, 0x00000000f5d58000, 0x00000000f6550000)
 Metaspace       used 8770K, capacity 9054K, committed 9088K, reserved 1056768K
  class space    used 1014K, capacity 1135K, committed 1152K, reserved 1048576K
}
Event: 1.297 GC heap before
{Heap before GC invocations=5 (full 0):
 def new generation   total 4928K, used 4764K [0x00000000f0800000, 0x00000000f0d50000, 0x00000000f5aa0000)
  eden space 4416K, 100% used [0x00000000f0800000, 0x00000000f0c50000, 0x00000000f0c50000)
  from space 512K,  68% used [0x00000000f0cd0000, 0x00000000f0d272c0, 0x00000000f0d50000)
  to   space 512K,   0% used [0x00000000f0c50000, 0x00000000f0c50000, 0x00000000f0cd0000)
 tenured generation   total 10944K, used 2783K [0x00000000f5aa0000, 0x00000000f6550000, 0x0000000100000000)
   the space 10944K,  25% used [0x00000000f5aa0000, 0x00000000f5d57e78, 0x00000000f5d58000, 0x00000000f6550000)
 Metaspace       used 9852K, capacity 10120K, committed 10240K, reserved 1058816K
  class space    used 1131K, capacity 1236K, committed 1280K, reserved 1048576K
Event: 1.298 GC heap after
Heap after GC invocations=6 (full 0):
 def new generation   total 4928K, used 511K [0x00000000f0800000, 0x00000000f0d50000, 0x00000000f5aa0000)
  eden space 4416K,   0% used [0x00000000f0800000, 0x00000000f0800000, 0x00000000f0c50000)
  from space 512K,  99% used [0x00000000f0c50000, 0x00000000f0ccfff8, 0x00000000f0cd0000)
  to   space 512K,   0% used [0x00000000f0cd0000, 0x00000000f0cd0000, 0x00000000f0d50000)
 tenured generation   total 10944K, used 2997K [0x00000000f5aa0000, 0x00000000f6550000, 0x0000000100000000)
   the space 10944K,  27% used [0x00000000f5aa0000, 0x00000000f5d8d720, 0x00000000f5d8d800, 0x00000000f6550000)
 Metaspace       used 9852K, capacity 10120K, committed 10240K, reserved 1058816K
  class space    used 1131K, capacity 1236K, committed 1280K, reserved 1048576K
}
Event: 1.393 GC heap before
{Heap before GC invocations=6 (full 0):
 def new generation   total 4928K, used 4927K [0x00000000f0800000, 0x00000000f0d50000, 0x00000000f5aa0000)
  eden space 4416K, 100% used [0x00000000f0800000, 0x00000000f0c50000, 0x00000000f0c50000)
  from space 512K,  99% used [0x00000000f0c50000, 0x00000000f0ccfff8, 0x00000000f0cd0000)
  to   space 512K,   0% used [0x00000000f0cd0000, 0x00000000f0cd0000, 0x00000000f0d50000)
 tenured generation   total 10944K, used 2997K [0x00000000f5aa0000, 0x00000000f6550000, 0x0000000100000000)
   the space 10944K,  27% used [0x00000000f5aa0000, 0x00000000f5d8d720, 0x00000000f5d8d800, 0x00000000f6550000)
 Metaspace       used 10350K, capacity 10568K, committed 10880K, reserved 1058816K
  class space    used 1192K, capacity 1300K, committed 1408K, reserved 1048576K
Event: 1.395 GC heap after
Heap after GC invocations=7 (full 0):
 def new generation   total 4928K, used 432K [0x00000000f0800000, 0x00000000f0d50000, 0x00000000f5aa0000)
  eden space 4416K,   0% used [0x00000000f0800000, 0x00000000f0800000, 0x00000000f0c50000)
  from space 512K,  84% used [0x00000000f0cd0000, 0x00000000f0d3c140, 0x00000000f0d50000)
  to   space 512K,   0% used [0x00000000f0c50000, 0x00000000f0c50000, 0x00000000f0cd0000)
 tenured generation   total 10944K, used 3345K [0x00000000f5aa0000, 0x00000000f6550000, 0x0000000100000000)
   the space 10944K,  30% used [0x00000000f5aa0000, 0x00000000f5de4680, 0x00000000f5de4800, 0x00000000f6550000)
 Metaspace       used 10350K, capacity 10568K, committed 10880K, reserved 1058816K
  class space    used 1192K, capacity 1300K, committed 1408K, reserved 1048576K
}
Event: 1.465 GC heap before
{Heap before GC invocations=7 (full 0):
 def new generation   total 4928K, used 4848K [0x00000000f0800000, 0x00000000f0d50000, 0x00000000f5aa0000)
  eden space 4416K, 100% used [0x00000000f0800000, 0x00000000f0c50000, 0x00000000f0c50000)
  from space 512K,  84% used [0x00000000f0cd0000, 0x00000000f0d3c140, 0x00000000f0d50000)
  to   space 512K,   0% used [0x00000000f0c50000, 0x00000000f0c50000, 0x00000000f0cd0000)
 tenured generation   total 10944K, used 3345K [0x00000000f5aa0000, 0x00000000f6550000, 0x0000000100000000)
   the space 10944K,  30% used [0x00000000f5aa0000, 0x00000000f5de4680, 0x00000000f5de4800, 0x00000000f6550000)
 Metaspace       used 10776K, capacity 11010K, committed 11136K, reserved 1058816K
  class space    used 1238K, capacity 1341K, committed 1408K, reserved 1048576K
Event: 1.466 GC heap after
Heap after GC invocations=8 (full 0):
 def new generation   total 4928K, used 410K [0x00000000f0800000, 0x00000000f0d50000, 0x00000000f5aa0000)
  eden space 4416K,   0% used [0x00000000f0800000, 0x00000000f0800000, 0x00000000f0c50000)
  from space 512K,  80% used [0x00000000f0c50000, 0x00000000f0cb6b20, 0x00000000f0cd0000)
  to   space 512K,   0% used [0x00000000f0cd0000, 0x00000000f0cd0000, 0x00000000f0d50000)
 tenured generation   total 10944K, used 3498K [0x00000000f5aa0000, 0x00000000f6550000, 0x0000000100000000)
   the space 10944K,  31% used [0x00000000f5aa0000, 0x00000000f5e0a958, 0x00000000f5e0aa00, 0x00000000f6550000)
 Metaspace       used 10776K, capacity 11010K, committed 11136K, reserved 1058816K
  class space    used 1238K, capacity 1341K, committed 1408K, reserved 1048576K
}
Event: 1.558 GC heap before
{Heap before GC invocations=8 (full 0):
 def new generation   total 4928K, used 4826K [0x00000000f0800000, 0x00000000f0d50000, 0x00000000f5aa0000)
  eden space 4416K, 100% used [0x00000000f0800000, 0x00000000f0c50000, 0x00000000f0c50000)
  from space 512K,  80% used [0x00000000f0c50000, 0x00000000f0cb6b20, 0x00000000f0cd0000)
  to   space 512K,   0% used [0x00000000f0cd0000, 0x00000000f0cd0000, 0x00000000f0d50000)
 tenured generation   total 10944K, used 3498K [0x00000000f5aa0000, 0x00000000f6550000, 0x0000000100000000)
   the space 10944K,  31% used [0x00000000f5aa0000, 0x00000000f5e0a958, 0x00000000f5e0aa00, 0x00000000f6550000)
 Metaspace       used 11091K, capacity 11328K, committed 11392K, reserved 1058816K
  class space    used 1284K, capacity 1380K, committed 1408K, reserved 1048576K
Event: 1.560 GC heap after
Heap after GC invocations=9 (full 0):
 def new generation   total 4928K, used 421K [0x00000000f0800000, 0x00000000f0d50000, 0x00000000f5aa0000)
  eden space 4416K,   0% used [0x00000000f0800000, 0x00000000f0800000, 0x00000000f0c50000)
  from space 512K,  82% used [0x00000000f0cd0000, 0x00000000f0d395d8, 0x00000000f0d50000)
  to   space 512K,   0% used [0x00000000f0c50000, 0x00000000f0c50000, 0x00000000f0cd0000)
 tenured generation   total 10944K, used 3598K [0x00000000f5aa0000, 0x00000000f6550000, 0x0000000100000000)
   the space 10944K,  32% used [0x00000000f5aa0000, 0x00000000f5e23880, 0x00000000f5e23a00, 0x00000000f6550000)
 Metaspace       used 11091K, capacity 11328K, committed 11392K, reserved 1058816K
  class space    used 1284K, capacity 1380K, committed 1408K, reserved 1048576K
}
Event: 1.637 GC heap before
{Heap before GC invocations=9 (full 0):
 def new generation   total 4928K, used 4837K [0x00000000f0800000, 0x00000000f0d50000, 0x00000000f5aa0000)
  eden space 4416K, 100% used [0x00000000f0800000, 0x00000000f0c50000, 0x00000000f0c50000)
  from space 512K,  82% used [0x00000000f0cd0000, 0x00000000f0d395d8, 0x00000000f0d50000)
  to   space 512K,   0% used [0x00000000f0c50000, 0x00000000f0c50000, 0x00000000f0cd0000)
 tenured generation   total 10944K, used 3598K [0x00000000f5aa0000, 0x00000000f6550000, 0x0000000100000000)
   the space 10944K,  32% used [0x00000000f5aa0000, 0x00000000f5e23880, 0x00000000f5e23a00, 0x00000000f6550000)
 Metaspace       used 11629K, capacity 11898K, committed 12032K, reserved 1060864K
  class space    used 1346K, capacity 1485K, committed 1536K, reserved 1048576K
Event: 1.639 GC heap after
Heap after GC invocations=10 (full 0):
 def new generation   total 4928K, used 417K [0x00000000f0800000, 0x00000000f0d50000, 0x00000000f5aa0000)
  eden space 4416K,   0% used [0x00000000f0800000, 0x00000000f0800000, 0x00000000f0c50000)
  from space 512K,  81% used [0x00000000f0c50000, 0x00000000f0cb86e8, 0x00000000f0cd0000)
  to   space 512K,   0% used [0x00000000f0cd0000, 0x00000000f0cd0000, 0x00000000f0d50000)
 tenured generation   total 10944K, used 3758K [0x00000000f5aa0000, 0x00000000f6550000, 0x0000000100000000)
   the space 10944K,  34% used [0x00000000f5aa0000, 0x00000000f5e4b980, 0x00000000f5e4ba00, 0x00000000f6550000)
 Metaspace       used 11629K, capacity 11898K, committed 12032K, reserved 1060864K
  class space    used 1346K, capacity 1485K, committed 1536K, reserved 1048576K
}
Event: 1.732 GC heap before
{Heap before GC invocations=10 (full 0):
 def new generation   total 4928K, used 4833K [0x00000000f0800000, 0x00000000f0d50000, 0x00000000f5aa0000)
  eden space 4416K, 100% used [0x00000000f0800000, 0x00000000f0c50000, 0x00000000f0c50000)
  from space 512K,  81% used [0x00000000f0c50000, 0x00000000f0cb86e8, 0x00000000f0cd0000)
  to   space 512K,   0% used [0x00000000f0cd0000, 0x00000000f0cd0000, 0x00000000f0d50000)
 tenured generation   total 10944K, used 3758K [0x00000000f5aa0000, 0x00000000f6550000, 0x0000000100000000)
   the space 10944K,  34% used [0x00000000f5aa0000, 0x00000000f5e4b980, 0x00000000f5e4ba00, 0x00000000f6550000)
 Metaspace       used 12014K, capacity 12274K, committed 12544K, reserved 1060864K
  class space    used 1396K, capacity 1521K, committed 1536K, reserved 1048576K
Event: 1.734 GC heap after
Heap after GC invocations=11 (full 0):
 def new generation   total 4928K, used 357K [0x00000000f0800000, 0x00000000f0d50000, 0x00000000f5aa0000)
  eden space 4416K,   0% used [0x00000000f0800000, 0x00000000f0800000, 0x00000000f0c50000)
  from space 512K,  69% used [0x00000000f0cd0000, 0x00000000f0d29440, 0x00000000f0d50000)
  to   space 512K,   0% used [0x00000000f0c50000, 0x00000000f0c50000, 0x00000000f0cd0000)
 tenured generation   total 10944K, used 3845K [0x00000000f5aa0000, 0x00000000f6550000, 0x0000000100000000)
   the space 10944K,  35% used [0x00000000f5aa0000, 0x00000000f5e614f0, 0x00000000f5e61600, 0x00000000f6550000)
 Metaspace       used 12014K, capacity 12274K, committed 12544K, reserved 1060864K
  class space    used 1396K, capacity 1521K, committed 1536K, reserved 1048576K
}
Event: 1.793 GC heap before
{Heap before GC invocations=11 (full 0):
 def new generation   total 4928K, used 4773K [0x00000000f0800000, 0x00000000f0d50000, 0x00000000f5aa0000)
  eden space 4416K, 100% used [0x00000000f0800000, 0x00000000f0c50000, 0x00000000f0c50000)
  from space 512K,  69% used [0x00000000f0cd0000, 0x00000000f0d29440, 0x00000000f0d50000)
  to   space 512K,   0% used [0x00000000f0c50000, 0x00000000f0c50000, 0x00000000f0cd0000)
 tenured generation   total 10944K, used 3845K [0x00000000f5aa0000, 0x00000000f6550000, 0x0000000100000000)
   the space 10944K,  35% used [0x00000000f5aa0000, 0x00000000f5e614f0, 0x00000000f5e61600, 0x00000000f6550000)
 Metaspace       used 12282K, capacity 12576K, committed 12928K, reserved 1060864K
  class space    used 1441K, capacity 1558K, committed 1664K, reserved 1048576K
Event: 1.795 GC heap after
Heap after GC invocations=12 (full 0):
 def new generation   total 4928K, used 364K [0x00000000f0800000, 0x00000000f0d50000, 0x00000000f5aa0000)
  eden space 4416K,   0% used [0x00000000f0800000, 0x00000000f0800000, 0x00000000f0c50000)
  from space 512K,  71% used [0x00000000f0c50000, 0x00000000f0cab328, 0x00000000f0cd0000)
  to   space 512K,   0% used [0x00000000f0cd0000, 0x00000000f0cd0000, 0x00000000f0d50000)
 tenured generation   total 10944K, used 3955K [0x00000000f5aa0000, 0x00000000f6550000, 0x0000000100000000)
   the space 10944K,  36% used [0x00000000f5aa0000, 0x00000000f5e7ccf0, 0x00000000f5e7ce00, 0x00000000f6550000)
 Metaspace       used 12282K, capacity 12576K, committed 12928K, reserved 1060864K
  class space    used 1441K, capacity 1558K, committed 1664K, reserved 1048576K
}
Event: 1.877 GC heap before
{Heap before GC invocations=12 (full 0):
 def new generation   total 4928K, used 4780K [0x00000000f0800000, 0x00000000f0d50000, 0x00000000f5aa0000)
  eden space 4416K, 100% used [0x00000000f0800000, 0x00000000f0c50000, 0x00000000f0c50000)
  from space 512K,  71% used [0x00000000f0c50000, 0x00000000f0cab328, 0x00000000f0cd0000)
  to   space 512K,   0% used [0x00000000f0cd0000, 0x00000000f0cd0000, 0x00000000f0d50000)
 tenured generation   total 10944K, used 3955K [0x00000000f5aa0000, 0x00000000f6550000, 0x0000000100000000)
   the space 10944K,  36% used [0x00000000f5aa0000, 0x00000000f5e7ccf0, 0x00000000f5e7ce00, 0x00000000f6550000)
 Metaspace       used 13193K, capacity 13506K, committed 13696K, reserved 1060864K
  class space    used 1528K, capacity 1631K, committed 1664K, reserved 1048576K
Event: 1.878 GC heap after
Heap after GC invocations=13 (full 0):
 def new generation   total 4928K, used 408K [0x00000000f0800000, 0x00000000f0d50000, 0x00000000f5aa0000)
  eden space 4416K,   0% used [0x00000000f0800000, 0x00000000f0800000, 0x00000000f0c50000)
  from space 512K,  79% used [0x00000000f0cd0000, 0x00000000f0d36350, 0x00000000f0d50000)
  to   space 512K,   0% used [0x00000000f0c50000, 0x00000000f0c50000, 0x00000000f0cd0000)
 tenured generation   total 10944K, used 4034K [0x00000000f5aa0000, 0x00000000f6550000, 0x0000000100000000)
   the space 10944K,  36% used [0x00000000f5aa0000, 0x00000000f5e90b48, 0x00000000f5e90c00, 0x00000000f6550000)
 Metaspace       used 13193K, capacity 13506K, committed 13696K, reserved 1060864K
  class space    used 1528K, capacity 1631K, committed 1664K, reserved 1048576K
}
Event: 1.944 GC heap before
{Heap before GC invocations=13 (full 0):
 def new generation   total 4928K, used 4824K [0x00000000f0800000, 0x00000000f0d50000, 0x00000000f5aa0000)
  eden space 4416K, 100% used [0x00000000f0800000, 0x00000000f0c50000, 0x00000000f0c50000)
  from space 512K,  79% used [0x00000000f0cd0000, 0x00000000f0d36350, 0x00000000f0d50000)
  to   space 512K,   0% used [0x00000000f0c50000, 0x00000000f0c50000, 0x00000000f0cd0000)
 tenured generation   total 10944K, used 4034K [0x00000000f5aa0000, 0x00000000f6550000, 0x0000000100000000)
   the space 10944K,  36% used [0x00000000f5aa0000, 0x00000000f5e90b48, 0x00000000f5e90c00, 0x00000000f6550000)
 Metaspace       used 13565K, capacity 13872K, committed 14080K, reserved 1060864K
  class space    used 1571K, capacity 1666K, committed 1792K, reserved 1048576K
Event: 1.946 GC heap after
Heap after GC invocations=14 (full 0):
 def new generation   total 4928K, used 361K [0x00000000f0800000, 0x00000000f0d50000, 0x00000000f5aa0000)
  eden space 4416K,   0% used [0x00000000f0800000, 0x00000000f0800000, 0x00000000f0c50000)
  from space 512K,  70% used [0x00000000f0c50000, 0x00000000f0caa410, 0x00000000f0cd0000)
  to   space 512K,   0% used [0x00000000f0cd0000, 0x00000000f0cd0000, 0x00000000f0d50000)
 tenured generation   total 10944K, used 4214K [0x00000000f5aa0000, 0x00000000f6550000, 0x0000000100000000)
   the space 10944K,  38% used [0x00000000f5aa0000, 0x00000000f5ebd9a0, 0x00000000f5ebda00, 0x00000000f6550000)
 Metaspace       used 13565K, capacity 13872K, committed 14080K, reserved 1060864K
  class space    used 1571K, capacity 1666K, committed 1792K, reserved 1048576K
}
Event: 2.022 GC heap before
{Heap before GC invocations=14 (full 0):
 def new generation   total 4928K, used 4777K [0x00000000f0800000, 0x00000000f0d50000, 0x00000000f5aa0000)
  eden space 4416K, 100% used [0x00000000f0800000, 0x00000000f0c50000, 0x00000000f0c50000)
  from space 512K,  70% used [0x00000000f0c50000, 0x00000000f0caa410, 0x00000000f0cd0000)
  to   space 512K,   0% used [0x00000000f0cd0000, 0x00000000f0cd0000, 0x00000000f0d50000)
 tenured generation   total 10944K, used 4214K [0x00000000f5aa0000, 0x00000000f6550000, 0x0000000100000000)
   the space 10944K,  38% used [0x00000000f5aa0000, 0x00000000f5ebd9a0, 0x00000000f5ebda00, 0x00000000f6550000)
 Metaspace       used 13907K, capacity 14226K, committed 14336K, reserved 1062912K
  class space    used 1616K, capacity 1763K, committed 1792K, reserved 1048576K
Event: 2.023 GC heap after
Heap after GC invocations=15 (full 0):
 def new generation   total 4928K, used 370K [0x00000000f0800000, 0x00000000f0d50000, 0x00000000f5aa0000)
  eden space 4416K,   0% used [0x00000000f0800000, 0x00000000f0800000, 0x00000000f0c50000)
  from space 512K,  72% used [0x00000000f0cd0000, 0x00000000f0d2cb28, 0x00000000f0d50000)
  to   space 512K,   0% used [0x00000000f0c50000, 0x00000000f0c50000, 0x00000000f0cd0000)
 tenured generation   total 10944K, used 4342K [0x00000000f5aa0000, 0x00000000f6550000, 0x0000000100000000)
   the space 10944K,  39% used [0x00000000f5aa0000, 0x00000000f5edd970, 0x00000000f5edda00, 0x00000000f6550000)
 Metaspace       used 13907K, capacity 14226K, committed 14336K, reserved 1062912K
  class space    used 1616K, capacity 1763K, committed 1792K, reserved 1048576K
}
Event: 2.092 GC heap before
{Heap before GC invocations=15 (full 0):
 def new generation   total 4928K, used 4786K [0x00000000f0800000, 0x00000000f0d50000, 0x00000000f5aa0000)
  eden space 4416K, 100% used [0x00000000f0800000, 0x00000000f0c50000, 0x00000000f0c50000)
  from space 512K,  72% used [0x00000000f0cd0000, 0x00000000f0d2cb28, 0x00000000f0d50000)
  to   space 512K,   0% used [0x00000000f0c50000, 0x00000000f0c50000, 0x00000000f0cd0000)
 tenured generation   total 10944K, used 4342K [0x00000000f5aa0000, 0x00000000f6550000, 0x0000000100000000)
   the space 10944K,  39% used [0x00000000f5aa0000, 0x00000000f5edd970, 0x00000000f5edda00, 0x00000000f6550000)
 Metaspace       used 14253K, capacity 14578K, committed 14720K, reserved 1062912K
  class space    used 1669K, capacity 1795K, committed 1920K, reserved 1048576K
Event: 2.093 GC heap after
Heap after GC invocations=16 (full 0):
 def new generation   total 4928K, used 410K [0x00000000f0800000, 0x00000000f0d50000, 0x00000000f5aa0000)
  eden space 4416K,   0% used [0x00000000f0800000, 0x00000000f0800000, 0x00000000f0c50000)
  from space 512K,  80% used [0x00000000f0c50000, 0x00000000f0cb6800, 0x00000000f0cd0000)
  to   space 512K,   0% used [0x00000000f0cd0000, 0x00000000f0cd0000, 0x00000000f0d50000)
 tenured generation   total 10944K, used 4435K [0x00000000f5aa0000, 0x00000000f6550000, 0x0000000100000000)
   the space 10944K,  40% used [0x00000000f5aa0000, 0x00000000f5ef4fc0, 0x00000000f5ef5000, 0x00000000f6550000)
 Metaspace       used 14253K, capacity 14578K, committed 14720K, reserved 1062912K
  class space    used 1669K, capacity 1795K, committed 1920K, reserved 1048576K
}
Event: 2.161 GC heap before
{Heap before GC invocations=16 (full 0):
 def new generation   total 4928K, used 4817K [0x00000000f0800000, 0x00000000f0d50000, 0x00000000f5aa0000)
  eden space 4416K,  99% used [0x00000000f0800000, 0x00000000f0c4dec8, 0x00000000f0c50000)
  from space 512K,  80% used [0x00000000f0c50000, 0x00000000f0cb6800, 0x00000000f0cd0000)
  to   space 512K,   0% used [0x00000000f0cd0000, 0x00000000f0cd0000, 0x00000000f0d50000)
 tenured generation   total 10944K, used 4435K [0x00000000f5aa0000, 0x00000000f6550000, 0x0000000100000000)
   the space 10944K,  40% used [0x00000000f5aa0000, 0x00000000f5ef4fc0, 0x00000000f5ef5000, 0x00000000f6550000)
 Metaspace       used 14722K, capacity 15108K, committed 15232K, reserved 1062912K
  class space    used 1745K, capacity 1904K, committed 1920K, reserved 1048576K
Event: 2.163 GC heap after
Heap after GC invocations=17 (full 0):
 def new generation   total 4928K, used 414K [0x00000000f0800000, 0x00000000f0d50000, 0x00000000f5aa0000)
  eden space 4416K,   0% used [0x00000000f0800000, 0x00000000f0800000, 0x00000000f0c50000)
  from space 512K,  80% used [0x00000000f0cd0000, 0x00000000f0d379e8, 0x00000000f0d50000)
  to   space 512K,   0% used [0x00000000f0c50000, 0x00000000f0c50000, 0x00000000f0cd0000)
 tenured generation   total 10944K, used 4531K [0x00000000f5aa0000, 0x00000000f6550000, 0x0000000100000000)
   the space 10944K,  41% used [0x00000000f5aa0000, 0x00000000f5f0ce70, 0x00000000f5f0d000, 0x00000000f6550000)
 Metaspace       used 14722K, capacity 15108K, committed 15232K, reserved 1062912K
  class space    used 1745K, capacity 1904K, committed 1920K, reserved 1048576K
}
Event: 2.255 GC heap before
{Heap before GC invocations=17 (full 0):
 def new generation   total 4928K, used 4830K [0x00000000f0800000, 0x00000000f0d50000, 0x00000000f5aa0000)
  eden space 4416K, 100% used [0x00000000f0800000, 0x00000000f0c50000, 0x00000000f0c50000)
  from space 512K,  80% used [0x00000000f0cd0000, 0x00000000f0d379e8, 0x00000000f0d50000)
  to   space 512K,   0% used [0x00000000f0c50000, 0x00000000f0c50000, 0x00000000f0cd0000)
 tenured generation   total 10944K, used 4531K [0x00000000f5aa0000, 0x00000000f6550000, 0x0000000100000000)
   the space 10944K,  41% used [0x00000000f5aa0000, 0x00000000f5f0ce70, 0x00000000f5f0d000, 0x00000000f6550000)
 Metaspace       used 15619K, capacity 16004K, committed 16128K, reserved 1062912K
  class space    used 1835K, capacity 1968K, committed 2048K, reserved 1048576K
Event: 2.257 GC heap after
Heap after GC invocations=18 (full 0):
 def new generation   total 4928K, used 480K [0x00000000f0800000, 0x00000000f0d50000, 0x00000000f5aa0000)
  eden space 4416K,   0% used [0x00000000f0800000, 0x00000000f0800000, 0x00000000f0c50000)
  from space 512K,  93% used [0x00000000f0c50000, 0x00000000f0cc8198, 0x00000000f0cd0000)
  to   space 512K,   0% used [0x00000000f0cd0000, 0x00000000f0cd0000, 0x00000000f0d50000)
 tenured generation   total 10944K, used 4697K [0x00000000f5aa0000, 0x00000000f6550000, 0x0000000100000000)
   the space 10944K,  42% used [0x00000000f5aa0000, 0x00000000f5f367b8, 0x00000000f5f36800, 0x00000000f6550000)
 Metaspace       used 15619K, capacity 16004K, committed 16128K, reserved 1062912K
  class space    used 1835K, capacity 1968K, committed 2048K, reserved 1048576K
}
Event: 2.319 GC heap before
{Heap before GC invocations=18 (full 0):
 def new generation   total 4928K, used 4896K [0x00000000f0800000, 0x00000000f0d50000, 0x00000000f5aa0000)
  eden space 4416K, 100% used [0x00000000f0800000, 0x00000000f0c50000, 0x00000000f0c50000)
  from space 512K,  93% used [0x00000000f0c50000, 0x00000000f0cc8198, 0x00000000f0cd0000)
  to   space 512K,   0% used [0x00000000f0cd0000, 0x00000000f0cd0000, 0x00000000f0d50000)
 tenured generation   total 10944K, used 4697K [0x00000000f5aa0000, 0x00000000f6550000, 0x0000000100000000)
   the space 10944K,  42% used [0x00000000f5aa0000, 0x00000000f5f367b8, 0x00000000f5f36800, 0x00000000f6550000)
 Metaspace       used 15814K, capacity 16292K, committed 16384K, reserved 1062912K
  class space    used 1866K, capacity 2038K, committed 2048K, reserved 1048576K
Event: 2.321 GC heap after
Heap after GC invocations=19 (full 0):
 def new generation   total 4928K, used 176K [0x00000000f0800000, 0x00000000f0d50000, 0x00000000f5aa0000)
  eden space 4416K,   0% used [0x00000000f0800000, 0x00000000f0800000, 0x00000000f0c50000)
  from space 512K,  34% used [0x00000000f0cd0000, 0x00000000f0cfc398, 0x00000000f0d50000)
  to   space 512K,   0% used [0x00000000f0c50000, 0x00000000f0c50000, 0x00000000f0cd0000)
 tenured generation   total 10944K, used 4913K [0x00000000f5aa0000, 0x00000000f6550000, 0x0000000100000000)
   the space 10944K,  44% used [0x00000000f5aa0000, 0x00000000f5f6c638, 0x00000000f5f6c800, 0x00000000f6550000)
 Metaspace       used 15814K, capacity 16292K, committed 16384K, reserved 1062912K
  class space    used 1866K, capacity 2038K, committed 2048K, reserved 1048576K
}
Event: 2.382 GC heap before
{Heap before GC invocations=19 (full 0):
 def new generation   total 4928K, used 4592K [0x00000000f0800000, 0x00000000f0d50000, 0x00000000f5aa0000)
  eden space 4416K, 100% used [0x00000000f0800000, 0x00000000f0c50000, 0x00000000f0c50000)
  from space 512K,  34% used [0x00000000f0cd0000, 0x00000000f0cfc398, 0x00000000f0d50000)
  to   space 512K,   0% used [0x00000000f0c50000, 0x00000000f0c50000, 0x00000000f0cd0000)
 tenured generation   total 10944K, used 4913K [0x00000000f5aa0000, 0x00000000f6550000, 0x0000000100000000)
   the space 10944K,  44% used [0x00000000f5aa0000, 0x00000000f5f6c638, 0x00000000f5f6c800, 0x00000000f6550000)
 Metaspace       used 16141K, capacity 16606K, committed 16768K, reserved 1064960K
  class space    used 1928K, capacity 2079K, committed 2176K, reserved 1048576K
Event: 2.383 GC heap after
Heap after GC invocations=20 (full 0):
 def new generation   total 4928K, used 332K [0x00000000f0800000, 0x00000000f0d50000, 0x00000000f5aa0000)
  eden space 4416K,   0% used [0x00000000f0800000, 0x00000000f0800000, 0x00000000f0c50000)
  from space 512K,  64% used [0x00000000f0c50000, 0x00000000f0ca3178, 0x00000000f0cd0000)
  to   space 512K,   0% used [0x00000000f0cd0000, 0x00000000f0cd0000, 0x00000000f0d50000)
 tenured generation   total 10944K, used 4913K [0x00000000f5aa0000, 0x00000000f6550000, 0x0000000100000000)
   the space 10944K,  44% used [0x00000000f5aa0000, 0x00000000f5f6c638, 0x00000000f5f6c800, 0x00000000f6550000)
 Metaspace       used 16141K, capacity 16606K, committed 16768K, reserved 1064960K
  class space    used 1928K, capacity 2079K, committed 2176K, reserved 1048576K
}
Event: 2.443 GC heap before
{Heap before GC invocations=20 (full 0):
 def new generation   total 4928K, used 4748K [0x00000000f0800000, 0x00000000f0d50000, 0x00000000f5aa0000)
  eden space 4416K, 100% used [0x00000000f0800000, 0x00000000f0c50000, 0x00000000f0c50000)
  from space 512K,  64% used [0x00000000f0c50000, 0x00000000f0ca3178, 0x00000000f0cd0000)
  to   space 512K,   0% used [0x00000000f0cd0000, 0x00000000f0cd0000, 0x00000000f0d50000)
 tenured generation   total 10944K, used 4913K [0x00000000f5aa0000, 0x00000000f6550000, 0x0000000100000000)
   the space 10944K,  44% used [0x00000000f5aa0000, 0x00000000f5f6c638, 0x00000000f5f6c800, 0x00000000f6550000)
 Metaspace       used 16454K, capacity 16900K, committed 17024K, reserved 1064960K
  class space    used 1972K, capacity 2112K, committed 2176K, reserved 1048576K
Event: 2.445 GC heap after
Heap after GC invocations=21 (full 0):
 def new generation   total 4928K, used 373K [0x00000000f0800000, 0x00000000f0d50000, 0x00000000f5aa0000)
  eden space 4416K,   0% used [0x00000000f0800000, 0x00000000f0800000, 0x00000000f0c50000)
  from space 512K,  72% used [0x00000000f0cd0000, 0x00000000f0d2d4a8, 0x00000000f0d50000)
  to   space 512K,   0% used [0x00000000f0c50000, 0x00000000f0c50000, 0x00000000f0cd0000)
 tenured generation   total 10944K, used 5001K [0x00000000f5aa0000, 0x00000000f6550000, 0x0000000100000000)
   the space 10944K,  45% used [0x00000000f5aa0000, 0x00000000f5f82440, 0x00000000f5f82600, 0x00000000f6550000)
 Metaspace       used 16454K, capacity 16900K, committed 17024K, reserved 1064960K
  class space    used 1972K, capacity 2112K, committed 2176K, reserved 1048576K
}
Event: 2.493 GC heap before
{Heap before GC invocations=21 (full 0):
 def new generation   total 4928K, used 4789K [0x00000000f0800000, 0x00000000f0d50000, 0x00000000f5aa0000)
  eden space 4416K, 100% used [0x00000000f0800000, 0x00000000f0c50000, 0x00000000f0c50000)
  from space 512K,  72% used [0x00000000f0cd0000, 0x00000000f0d2d4a8, 0x00000000f0d50000)
  to   space 512K,   0% used [0x00000000f0c50000, 0x00000000f0c50000, 0x00000000f0cd0000)
 tenured generation   total 10944K, used 5001K [0x00000000f5aa0000, 0x00000000f6550000, 0x0000000100000000)
   the space 10944K,  45% used [0x00000000f5aa0000, 0x00000000f5f82440, 0x00000000f5f82600, 0x00000000f6550000)
 Metaspace       used 16758K, capacity 17258K, committed 17408K, reserved 1064960K
  class space    used 2034K, capacity 2209K, committed 2304K, reserved 1048576K
Event: 2.495 GC heap after
Heap after GC invocations=22 (full 0):
 def new generation   total 4928K, used 271K [0x00000000f0800000, 0x00000000f0d50000, 0x00000000f5aa0000)
  eden space 4416K,   0% used [0x00000000f0800000, 0x00000000f0800000, 0x00000000f0c50000)
  from space 512K,  53% used [0x00000000f0c50000, 0x00000000f0c93fa8, 0x00000000f0cd0000)
  to   space 512K,   0% used [0x00000000f0cd0000, 0x00000000f0cd0000, 0x00000000f0d50000)
 tenured generation   total 10944K, used 5168K [0x00000000f5aa0000, 0x00000000f6550000, 0x0000000100000000)
   the space 10944K,  47% used [0x00000000f5aa0000, 0x00000000f5fac2e0, 0x00000000f5fac400, 0x00000000f6550000)
 Metaspace       used 16758K, capacity 17258K, committed 17408K, reserved 1064960K
  class space    used 2034K, capacity 2209K, committed 2304K, reserved 1048576K
}
Event: 2.555 GC heap before
{Heap before GC invocations=22 (full 0):
 def new generation   total 4928K, used 4687K [0x00000000f0800000, 0x00000000f0d50000, 0x00000000f5aa0000)
  eden space 4416K, 100% used [0x00000000f0800000, 0x00000000f0c50000, 0x00000000f0c50000)
  from space 512K,  53% used [0x00000000f0c50000, 0x00000000f0c93fa8, 0x00000000f0cd0000)
  to   space 512K,   0% used [0x00000000f0cd0000, 0x00000000f0cd0000, 0x00000000f0d50000)
 tenured generation   total 10944K, used 5168K [0x00000000f5aa0000, 0x00000000f6550000, 0x0000000100000000)
   the space 10944K,  47% used [0x00000000f5aa0000, 0x00000000f5fac2e0, 0x00000000f5fac400, 0x00000000f6550000)
 Metaspace       used 16997K, capacity 17478K, committed 17664K, reserved 1064960K
  class space    used 2079K, capacity 2253K, committed 2304K, reserved 1048576K
Event: 2.557 GC heap after
Heap after GC invocations=23 (full 0):
 def new generation   total 4928K, used 350K [0x00000000f0800000, 0x00000000f0d50000, 0x00000000f5aa0000)
  eden space 4416K,   0% used [0x00000000f0800000, 0x00000000f0800000, 0x00000000f0c50000)
  from space 512K,  68% used [0x00000000f0cd0000, 0x00000000f0d278e0, 0x00000000f0d50000)
  to   space 512K,   0% used [0x00000000f0c50000, 0x00000000f0c50000, 0x00000000f0cd0000)
 tenured generation   total 10944K, used 5239K [0x00000000f5aa0000, 0x00000000f6550000, 0x0000000100000000)
   the space 10944K,  47% used [0x00000000f5aa0000, 0x00000000f5fbdf58, 0x00000000f5fbe000, 0x00000000f6550000)
 Metaspace       used 16997K, capacity 17478K, committed 17664K, reserved 1064960K
  class space    used 2079K, capacity 2253K, committed 2304K, reserved 1048576K
}
Event: 2.609 GC heap before
{Heap before GC invocations=23 (full 0):
 def new generation   total 4928K, used 4766K [0x00000000f0800000, 0x00000000f0d50000, 0x00000000f5aa0000)
  eden space 4416K, 100% used [0x00000000f0800000, 0x00000000f0c50000, 0x00000000f0c50000)
  from space 512K,  68% used [0x00000000f0cd0000, 0x00000000f0d278e0, 0x00000000f0d50000)
  to   space 512K,   0% used [0x00000000f0c50000, 0x00000000f0c50000, 0x00000000f0cd0000)
 tenured generation   total 10944K, used 5239K [0x00000000f5aa0000, 0x00000000f6550000, 0x0000000100000000)
   the space 10944K,  47% used [0x00000000f5aa0000, 0x00000000f5fbdf58, 0x00000000f5fbe000, 0x00000000f6550000)
 Metaspace       used 17437K, capacity 17900K, committed 17920K, reserved 1064960K
  class space    used 2136K, capacity 2286K, committed 2304K, reserved 1048576K
Event: 2.611 GC heap after
Heap after GC invocations=24 (full 0):
 def new generation   total 4928K, used 459K [0x00000000f0800000, 0x00000000f0d50000, 0x00000000f5aa0000)
  eden space 4416K,   0% used [0x00000000f0800000, 0x00000000f0800000, 0x00000000f0c50000)
  from space 512K,  89% used [0x00000000f0c50000, 0x00000000f0cc2ce0, 0x00000000f0cd0000)
  to   space 512K,   0% used [0x00000000f0cd0000, 0x00000000f0cd0000, 0x00000000f0d50000)
 tenured generation   total 10944K, used 5360K [0x00000000f5aa0000, 0x00000000f6550000, 0x0000000100000000)
   the space 10944K,  48% used [0x00000000f5aa0000, 0x00000000f5fdc2f0, 0x00000000f5fdc400, 0x00000000f6550000)
 Metaspace       used 17437K, capacity 17900K, committed 17920K, reserved 1064960K
  class space    used 2136K, capacity 2286K, committed 2304K, reserved 1048576K
}
Event: 2.653 GC heap before
{Heap before GC invocations=24 (full 0):
 def new generation   total 4928K, used 4875K [0x00000000f0800000, 0x00000000f0d50000, 0x00000000f5aa0000)
  eden space 4416K, 100% used [0x00000000f0800000, 0x00000000f0c50000, 0x00000000f0c50000)
  from space 512K,  89% used [0x00000000f0c50000, 0x00000000f0cc2ce0, 0x00000000f0cd0000)
  to   space 512K,   0% used [0x00000000f0cd0000, 0x00000000f0cd0000, 0x00000000f0d50000)
 tenured generation   total 10944K, used 5360K [0x00000000f5aa0000, 0x00000000f6550000, 0x0000000100000000)
   the space 10944K,  48% used [0x00000000f5aa0000, 0x00000000f5fdc2f0, 0x00000000f5fdc400, 0x00000000f6550000)
 Metaspace       used 17637K, capacity 18156K, committed 18304K, reserved 1064960K
  class space    used 2182K, capacity 2350K, committed 2432K, reserved 1048576K
Event: 2.654 GC heap after
Heap after GC invocations=25 (full 0):
 def new generation   total 4928K, used 257K [0x00000000f0800000, 0x00000000f0d50000, 0x00000000f5aa0000)
  eden space 4416K,   0% used [0x00000000f0800000, 0x00000000f0800000, 0x00000000f0c50000)
  from space 512K,  50% used [0x00000000f0cd0000, 0x00000000f0d10528, 0x00000000f0d50000)
  to   space 512K,   0% used [0x00000000f0c50000, 0x00000000f0c50000, 0x00000000f0cd0000)
 tenured generation   total 10944K, used 5492K [0x00000000f5aa0000, 0x00000000f6550000, 0x0000000100000000)
   the space 10944K,  50% used [0x00000000f5aa0000, 0x00000000f5ffd170, 0x00000000f5ffd200, 0x00000000f6550000)
 Metaspace       used 17637K, capacity 18156K, committed 18304K, reserved 1064960K
  class space    used 2182K, capacity 2350K, committed 2432K, reserved 1048576K
}
Event: 2.689 GC heap before
{Heap before GC invocations=25 (full 0):
 def new generation   total 4928K, used 4673K [0x00000000f0800000, 0x00000000f0d50000, 0x00000000f5aa0000)
  eden space 4416K, 100% used [0x00000000f0800000, 0x00000000f0c50000, 0x00000000f0c50000)
  from space 512K,  50% used [0x00000000f0cd0000, 0x00000000f0d10528, 0x00000000f0d50000)
  to   space 512K,   0% used [0x00000000f0c50000, 0x00000000f0c50000, 0x00000000f0cd0000)
 tenured generation   total 10944K, used 5492K [0x00000000f5aa0000, 0x00000000f6550000, 0x0000000100000000)
   the space 10944K,  50% used [0x00000000f5aa0000, 0x00000000f5ffd170, 0x00000000f5ffd200, 0x00000000f6550000)
 Metaspace       used 17818K, capacity 18316K, committed 18560K, reserved 1064960K
  class space    used 2226K, capacity 2382K, committed 2432K, reserved 1048576K
Event: 2.691 GC heap after
Heap after GC invocations=26 (full 0):
 def new generation   total 4928K, used 320K [0x00000000f0800000, 0x00000000f0d50000, 0x00000000f5aa0000)
  eden space 4416K,   0% used [0x00000000f0800000, 0x00000000f0800000, 0x00000000f0c50000)
  from space 512K,  62% used [0x00000000f0c50000, 0x00000000f0ca0390, 0x00000000f0cd0000)
  to   space 512K,   0% used [0x00000000f0cd0000, 0x00000000f0cd0000, 0x00000000f0d50000)
 tenured generation   total 10944K, used 5574K [0x00000000f5aa0000, 0x00000000f6550000, 0x0000000100000000)
   the space 10944K,  50% used [0x00000000f5aa0000, 0x00000000f60119d8, 0x00000000f6011a00, 0x00000000f6550000)
 Metaspace       used 17818K, capacity 18316K, committed 18560K, reserved 1064960K
  class space    used 2226K, capacity 2382K, committed 2432K, reserved 1048576K
}
Event: 2.740 GC heap before
{Heap before GC invocations=26 (full 0):
 def new generation   total 4928K, used 4736K [0x00000000f0800000, 0x00000000f0d50000, 0x00000000f5aa0000)
  eden space 4416K, 100% used [0x00000000f0800000, 0x00000000f0c50000, 0x00000000f0c50000)
  from space 512K,  62% used [0x00000000f0c50000, 0x00000000f0ca0390, 0x00000000f0cd0000)
  to   space 512K,   0% used [0x00000000f0cd0000, 0x00000000f0cd0000, 0x00000000f0d50000)
 tenured generation   total 10944K, used 5574K [0x00000000f5aa0000, 0x00000000f6550000, 0x0000000100000000)
   the space 10944K,  50% used [0x00000000f5aa0000, 0x00000000f60119d8, 0x00000000f6011a00, 0x00000000f6550000)
 Metaspace       used 18117K, capacity 18552K, committed 18816K, reserved 1064960K
  class space    used 2283K, capacity 2416K, committed 2432K, reserved 1048576K
Event: 2.741 GC heap after
Heap after GC invocations=27 (full 0):
 def new generation   total 4928K, used 332K [0x00000000f0800000, 0x00000000f0d50000, 0x00000000f5aa0000)
  eden space 4416K,   0% used [0x00000000f0800000, 0x00000000f0800000, 0x00000000f0c50000)
  from space 512K,  64% used [0x00000000f0cd0000, 0x00000000f0d23318, 0x00000000f0d50000)
  to   space 512K,   0% used [0x00000000f0c50000, 0x00000000f0c50000, 0x00000000f0cd0000)
 tenured generation   total 10944K, used 5665K [0x00000000f5aa0000, 0x00000000f6550000, 0x0000000100000000)
   the space 10944K,  51% used [0x00000000f5aa0000, 0x00000000f6028468, 0x00000000f6028600, 0x00000000f6550000)
 Metaspace       used 18117K, capacity 18552K, committed 18816K, reserved 1064960K
  class space    used 2283K, capacity 2416K, committed 2432K, reserved 1048576K
}
Event: 2.796 GC heap before
{Heap before GC invocations=27 (full 0):
 def new generation   total 4928K, used 4748K [0x00000000f0800000, 0x00000000f0d50000, 0x00000000f5aa0000)
  eden space 4416K, 100% used [0x00000000f0800000, 0x00000000f0c50000, 0x00000000f0c50000)
  from space 512K,  64% used [0x00000000f0cd0000, 0x00000000f0d23318, 0x00000000f0d50000)
  to   space 512K,   0% used [0x00000000f0c50000, 0x00000000f0c50000, 0x00000000f0cd0000)
 tenured generation   total 10944K, used 5665K [0x00000000f5aa0000, 0x00000000f6550000, 0x0000000100000000)
   the space 10944K,  51% used [0x00000000f5aa0000, 0x00000000f6028468, 0x00000000f6028600, 0x00000000f6550000)
 Metaspace       used 18467K, capacity 18966K, committed 19200K, reserved 1067008K
  class space    used 2332K, capacity 2487K, committed 2560K, reserved 1048576K
Event: 2.798 GC heap after
Heap after GC invocations=28 (full 0):
 def new generation   total 4928K, used 404K [0x00000000f0800000, 0x00000000f0d50000, 0x00000000f5aa0000)
  eden space 4416K,   0% used [0x00000000f0800000, 0x00000000f0800000, 0x00000000f0c50000)
  from space 512K,  78% used [0x00000000f0c50000, 0x00000000f0cb51b0, 0x00000000f0cd0000)
  to   space 512K,   0% used [0x00000000f0cd0000, 0x00000000f0cd0000, 0x00000000f0d50000)
 tenured generation   total 10944K, used 5789K [0x00000000f5aa0000, 0x00000000f6550000, 0x0000000100000000)
   the space 10944K,  52% used [0x00000000f5aa0000, 0x00000000f60476c0, 0x00000000f6047800, 0x00000000f6550000)
 Metaspace       used 18467K, capacity 18966K, committed 19200K, reserved 1067008K
  class space    used 2332K, capacity 2487K, committed 2560K, reserved 1048576K
}
Event: 2.844 GC heap before
{Heap before GC invocations=28 (full 0):
 def new generation   total 4928K, used 4820K [0x00000000f0800000, 0x00000000f0d50000, 0x00000000f5aa0000)
  eden space 4416K, 100% used [0x00000000f0800000, 0x00000000f0c50000, 0x00000000f0c50000)
  from space 512K,  78% used [0x00000000f0c50000, 0x00000000f0cb51b0, 0x00000000f0cd0000)
  to   space 512K,   0% used [0x00000000f0cd0000, 0x00000000f0cd0000, 0x00000000f0d50000)
 tenured generation   total 10944K, used 5789K [0x00000000f5aa0000, 0x00000000f6550000, 0x0000000100000000)
   the space 10944K,  52% used [0x00000000f5aa0000, 0x00000000f60476c0, 0x00000000f6047800, 0x00000000f6550000)
 Metaspace       used 18748K, capacity 19286K, committed 19456K, reserved 1067008K
  class space    used 2370K, capacity 2551K, committed 2560K, reserved 1048576K
Event: 2.845 GC heap after
Heap after GC invocations=29 (full 0):
 def new generation   total 4928K, used 356K [0x00000000f0800000, 0x00000000f0d50000, 0x00000000f5aa0000)
  eden space 4416K,   0% used [0x00000000f0800000, 0x00000000f0800000, 0x00000000f0c50000)
  from space 512K,  69% used [0x00000000f0cd0000, 0x00000000f0d29070, 0x00000000f0d50000)
  to   space 512K,   0% used [0x00000000f0c50000, 0x00000000f0c50000, 0x00000000f0cd0000)
 tenured generation   total 10944K, used 5883K [0x00000000f5aa0000, 0x00000000f6550000, 0x0000000100000000)
   the space 10944K,  53% used [0x00000000f5aa0000, 0x00000000f605ec40, 0x00000000f605ee00, 0x00000000f6550000)
 Metaspace       used 18748K, capacity 19286K, committed 19456K, reserved 1067008K
  class space    used 2370K, capacity 2551K, committed 2560K, reserved 1048576K
}
Event: 2.899 GC heap before
{Heap before GC invocations=29 (full 0):
 def new generation   total 4928K, used 4772K [0x00000000f0800000, 0x00000000f0d50000, 0x00000000f5aa0000)
  eden space 4416K, 100% used [0x00000000f0800000, 0x00000000f0c50000, 0x00000000f0c50000)
  from space 512K,  69% used [0x00000000f0cd0000, 0x00000000f0d29070, 0x00000000f0d50000)
  to   space 512K,   0% used [0x00000000f0c50000, 0x00000000f0c50000, 0x00000000f0cd0000)
 tenured generation   total 10944K, used 5883K [0x00000000f5aa0000, 0x00000000f6550000, 0x0000000100000000)
   the space 10944K,  53% used [0x00000000f5aa0000, 0x00000000f605ec40, 0x00000000f605ee00, 0x00000000f6550000)
 Metaspace       used 19081K, capacity 19640K, committed 19840K, reserved 1067008K
  class space    used 2417K, capacity 2584K, committed 2688K, reserved 1048576K
Event: 2.900 GC heap after
Heap after GC invocations=30 (full 0):
 def new generation   total 4928K, used 331K [0x00000000f0800000, 0x00000000f0d50000, 0x00000000f5aa0000)
  eden space 4416K,   0% used [0x00000000f0800000, 0x00000000f0800000, 0x00000000f0c50000)
  from space 512K,  64% used [0x00000000f0c50000, 0x00000000f0ca2c78, 0x00000000f0cd0000)
  to   space 512K,   0% used [0x00000000f0cd0000, 0x00000000f0cd0000, 0x00000000f0d50000)
 tenured generation   total 10944K, used 5930K [0x00000000f5aa0000, 0x00000000f6550000, 0x0000000100000000)
   the space 10944K,  54% used [0x00000000f5aa0000, 0x00000000f606a930, 0x00000000f606aa00, 0x00000000f6550000)
 Metaspace       used 19081K, capacity 19640K, committed 19840K, reserved 1067008K
  class space    used 2417K, capacity 2584K, committed 2688K, reserved 1048576K
}
Event: 2.952 GC heap before
{Heap before GC invocations=30 (full 0):
 def new generation   total 4928K, used 4747K [0x00000000f0800000, 0x00000000f0d50000, 0x00000000f5aa0000)
  eden space 4416K, 100% used [0x00000000f0800000, 0x00000000f0c50000, 0x00000000f0c50000)
  from space 512K,  64% used [0x00000000f0c50000, 0x00000000f0ca2c78, 0x00000000f0cd0000)
  to   space 512K,   0% used [0x00000000f0cd0000, 0x00000000f0cd0000, 0x00000000f0d50000)
 tenured generation   total 10944K, used 5930K [0x00000000f5aa0000, 0x00000000f6550000, 0x0000000100000000)
   the space 10944K,  54% used [0x00000000f5aa0000, 0x00000000f606a930, 0x00000000f606aa00, 0x00000000f6550000)
 Metaspace       used 19371K, capacity 19888K, committed 20096K, reserved 1067008K
  class space    used 2456K, capacity 2622K, committed 2688K, reserved 1048576K
Event: 2.954 GC heap after
Heap after GC invocations=31 (full 0):
 def new generation   total 4928K, used 347K [0x00000000f0800000, 0x00000000f0d50000, 0x00000000f5aa0000)
  eden space 4416K,   0% used [0x00000000f0800000, 0x00000000f0800000, 0x00000000f0c50000)
  from space 512K,  67% used [0x00000000f0cd0000, 0x00000000f0d26cf0, 0x00000000f0d50000)
  to   space 512K,   0% used [0x00000000f0c50000, 0x00000000f0c50000, 0x00000000f0cd0000)
 tenured generation   total 10944K, used 6005K [0x00000000f5aa0000, 0x00000000f6550000, 0x0000000100000000)
   the space 10944K,  54% used [0x00000000f5aa0000, 0x00000000f607d558, 0x00000000f607d600, 0x00000000f6550000)
 Metaspace       used 19371K, capacity 19888K, committed 20096K, reserved 1067008K
  class space    used 2456K, capacity 2622K, committed 2688K, reserved 1048576K
}
Event: 3.016 GC heap before
{Heap before GC invocations=31 (full 0):
 def new generation   total 4928K, used 4763K [0x00000000f0800000, 0x00000000f0d50000, 0x00000000f5aa0000)
  eden space 4416K, 100% used [0x00000000f0800000, 0x00000000f0c50000, 0x00000000f0c50000)
  from space 512K,  67% used [0x00000000f0cd0000, 0x00000000f0d26cf0, 0x00000000f0d50000)
  to   space 512K,   0% used [0x00000000f0c50000, 0x00000000f0c50000, 0x00000000f0cd0000)
 tenured generation   total 10944K, used 6005K [0x00000000f5aa0000, 0x00000000f6550000, 0x0000000100000000)
   the space 10944K,  54% used [0x00000000f5aa0000, 0x00000000f607d558, 0x00000000f607d600, 0x00000000f6550000)
 Metaspace       used 19800K, capacity 20382K, committed 20736K, reserved 1067008K
  class space    used 2515K, capacity 2695K, committed 2816K, reserved 1048576K
Event: 3.018 GC heap after
Heap after GC invocations=32 (full 0):
 def new generation   total 4928K, used 437K [0x00000000f0800000, 0x00000000f0d50000, 0x00000000f5aa0000)
  eden space 4416K,   0% used [0x00000000f0800000, 0x00000000f0800000, 0x00000000f0c50000)
  from space 512K,  85% used [0x00000000f0c50000, 0x00000000f0cbd7d8, 0x00000000f0cd0000)
  to   space 512K,   0% used [0x00000000f0cd0000, 0x00000000f0cd0000, 0x00000000f0d50000)
 tenured generation   total 10944K, used 6068K [0x00000000f5aa0000, 0x00000000f6550000, 0x0000000100000000)
   the space 10944K,  55% used [0x00000000f5aa0000, 0x00000000f608d380, 0x00000000f608d400, 0x00000000f6550000)
 Metaspace       used 19800K, capacity 20382K, committed 20736K, reserved 1067008K
  class space    used 2515K, capacity 2695K, committed 2816K, reserved 1048576K
}
Event: 3.071 GC heap before
{Heap before GC invocations=32 (full 0):
 def new generation   total 4928K, used 4853K [0x00000000f0800000, 0x00000000f0d50000, 0x00000000f5aa0000)
  eden space 4416K, 100% used [0x00000000f0800000, 0x00000000f0c50000, 0x00000000f0c50000)
  from space 512K,  85% used [0x00000000f0c50000, 0x00000000f0cbd7d8, 0x00000000f0cd0000)
  to   space 512K,   0% used [0x00000000f0cd0000, 0x00000000f0cd0000, 0x00000000f0d50000)
 tenured generation   total 10944K, used 6068K [0x00000000f5aa0000, 0x00000000f6550000, 0x0000000100000000)
   the space 10944K,  55% used [0x00000000f5aa0000, 0x00000000f608d380, 0x00000000f608d400, 0x00000000f6550000)
 Metaspace       used 20206K, capacity 20768K, committed 20992K, reserved 1067008K
  class space    used 2562K, capacity 2740K, committed 2816K, reserved 1048576K
Event: 3.072 GC heap after
Heap after GC invocations=33 (full 0):
 def new generation   total 4928K, used 385K [0x00000000f0800000, 0x00000000f0d50000, 0x00000000f5aa0000)
  eden space 4416K,   0% used [0x00000000f0800000, 0x00000000f0800000, 0x00000000f0c50000)
  from space 512K,  75% used [0x00000000f0cd0000, 0x00000000f0d305d8, 0x00000000f0d50000)
  to   space 512K,   0% used [0x00000000f0c50000, 0x00000000f0c50000, 0x00000000f0cd0000)
 tenured generation   total 10944K, used 6147K [0x00000000f5aa0000, 0x00000000f6550000, 0x0000000100000000)
   the space 10944K,  56% used [0x00000000f5aa0000, 0x00000000f60a0cf8, 0x00000000f60a0e00, 0x00000000f6550000)
 Metaspace       used 20206K, capacity 20768K, committed 20992K, reserved 1067008K
  class space    used 2562K, capacity 2740K, committed 2816K, reserved 1048576K
}
Event: 3.128 GC heap before
{Heap before GC invocations=33 (full 0):
 def new generation   total 4928K, used 4014K [0x00000000f0800000, 0x00000000f0d50000, 0x00000000f5aa0000)
  eden space 4416K,  82% used [0x00000000f0800000, 0x00000000f0b8b5b8, 0x00000000f0c50000)
  from space 512K,  75% used [0x00000000f0cd0000, 0x00000000f0d305d8, 0x00000000f0d50000)
  to   space 512K,   0% used [0x00000000f0c50000, 0x00000000f0c50000, 0x00000000f0cd0000)
 tenured generation   total 10944K, used 6147K [0x00000000f5aa0000, 0x00000000f6550000, 0x0000000100000000)
   the space 10944K,  56% used [0x00000000f5aa0000, 0x00000000f60a0cf8, 0x00000000f60a0e00, 0x00000000f6550000)
 Metaspace       used 20670K, capacity 21204K, committed 21248K, reserved 1067008K
  class space    used 2622K, capacity 2780K, committed 2816K, reserved 1048576K
Event: 3.163 GC heap after
Heap after GC invocations=34 (full 1):
 def new generation   total 4992K, used 0K [0x00000000f0800000, 0x00000000f0d60000, 0x00000000f5aa0000)
  eden space 4480K,   0% used [0x00000000f0800000, 0x00000000f0800000, 0x00000000f0c60000)
  from space 512K,   0% used [0x00000000f0c60000, 0x00000000f0c60000, 0x00000000f0ce0000)
  to   space 512K,   0% used [0x00000000f0ce0000, 0x00000000f0ce0000, 0x00000000f0d60000)
 tenured generation   total 10944K, used 5823K [0x00000000f5aa0000, 0x00000000f6550000, 0x0000000100000000)
   the space 10944K,  53% used [0x00000000f5aa0000, 0x00000000f604fc10, 0x00000000f604fe00, 0x00000000f6550000)
 Metaspace       used 20670K, capacity 21204K, committed 21248K, reserved 1067008K
  class space    used 2622K, capacity 2780K, committed 2816K, reserved 1048576K
}
Event: 3.211 GC heap before
{Heap before GC invocations=34 (full 1):
 def new generation   total 4992K, used 4480K [0x00000000f0800000, 0x00000000f0d60000, 0x00000000f5aa0000)
  eden space 4480K, 100% used [0x00000000f0800000, 0x00000000f0c60000, 0x00000000f0c60000)
  from space 512K,   0% used [0x00000000f0c60000, 0x00000000f0c60000, 0x00000000f0ce0000)
  to   space 512K,   0% used [0x00000000f0ce0000, 0x00000000f0ce0000, 0x00000000f0d60000)
 tenured generation   total 10944K, used 5823K [0x00000000f5aa0000, 0x00000000f6550000, 0x0000000100000000)
   the space 10944K,  53% used [0x00000000f5aa0000, 0x00000000f604fc10, 0x00000000f604fe00, 0x00000000f6550000)
 Metaspace       used 21142K, capacity 21718K, committed 21888K, reserved 1069056K
  class space    used 2667K, capacity 2845K, committed 2944K, reserved 1048576K
Event: 3.213 GC heap after
Heap after GC invocations=35 (full 1):
 def new generation   total 4992K, used 494K [0x00000000f0800000, 0x00000000f0d60000, 0x00000000f5aa0000)
  eden space 4480K,   0% used [0x00000000f0800000, 0x00000000f0800000, 0x00000000f0c60000)
  from space 512K,  96% used [0x00000000f0ce0000, 0x00000000f0d5bab0, 0x00000000f0d60000)
  to   space 512K,   0% used [0x00000000f0c60000, 0x00000000f0c60000, 0x00000000f0ce0000)
 tenured generation   total 10944K, used 5858K [0x00000000f5aa0000, 0x00000000f6550000, 0x0000000100000000)
   the space 10944K,  53% used [0x00000000f5aa0000, 0x00000000f6058960, 0x00000000f6058a00, 0x00000000f6550000)
 Metaspace       used 21142K, capacity 21718K, committed 21888K, reserved 1069056K
  class space    used 2667K, capacity 2845K, committed 2944K, reserved 1048576K
}
Event: 3.271 GC heap before
{Heap before GC invocations=35 (full 1):
 def new generation   total 4992K, used 4974K [0x00000000f0800000, 0x00000000f0d60000, 0x00000000f5aa0000)
  eden space 4480K, 100% used [0x00000000f0800000, 0x00000000f0c60000, 0x00000000f0c60000)
  from space 512K,  96% used [0x00000000f0ce0000, 0x00000000f0d5bab0, 0x00000000f0d60000)
  to   space 512K,   0% used [0x00000000f0c60000, 0x00000000f0c60000, 0x00000000f0ce0000)
 tenured generation   total 10944K, used 5858K [0x00000000f5aa0000, 0x00000000f6550000, 0x0000000100000000)
   the space 10944K,  53% used [0x00000000f5aa0000, 0x00000000f6058960, 0x00000000f6058a00, 0x00000000f6550000)
 Metaspace       used 21540K, capacity 22140K, committed 22400K, reserved 1069056K
  class space    used 2704K, capacity 2878K, committed 2944K, reserved 1048576K
Event: 3.274 GC heap after
Heap after GC invocations=36 (full 1):
 def new generation   total 4992K, used 511K [0x00000000f0800000, 0x00000000f0d60000, 0x00000000f5aa0000)
  eden space 4480K,   0% used [0x00000000f0800000, 0x00000000f0800000, 0x00000000f0c60000)
  from space 512K,  99% used [0x00000000f0c60000, 0x00000000f0cdfd60, 0x00000000f0ce0000)
  to   space 512K,   0% used [0x00000000f0ce0000, 0x00000000f0ce0000, 0x00000000f0d60000)
 tenured generation   total 10944K, used 5943K [0x00000000f5aa0000, 0x00000000f6550000, 0x0000000100000000)
   the space 10944K,  54% used [0x00000000f5aa0000, 0x00000000f606def8, 0x00000000f606e000, 0x00000000f6550000)
 Metaspace       used 21540K, capacity 22140K, committed 22400K, reserved 1069056K
  class space    used 2704K, capacity 2878K, committed 2944K, reserved 1048576K
}
Event: 3.340 GC heap before
{Heap before GC invocations=36 (full 1):
 def new generation   total 4992K, used 4991K [0x00000000f0800000, 0x00000000f0d60000, 0x00000000f5aa0000)
  eden space 4480K, 100% used [0x00000000f0800000, 0x00000000f0c60000, 0x00000000f0c60000)
  from space 512K,  99% used [0x00000000f0c60000, 0x00000000f0cdfd60, 0x00000000f0ce0000)
  to   space 512K,   0% used [0x00000000f0ce0000, 0x00000000f0ce0000, 0x00000000f0d60000)
 tenured generation   total 10944K, used 5943K [0x00000000f5aa0000, 0x00000000f6550000, 0x0000000100000000)
   the space 10944K,  54% used [0x00000000f5aa0000, 0x00000000f606def8, 0x00000000f606e000, 0x00000000f6550000)
 Metaspace       used 21911K, capacity 22498K, committed 22656K, reserved 1069056K
  class space    used 2747K, capacity 2911K, committed 2944K, reserved 1048576K
Event: 3.342 GC heap after
Heap after GC invocations=37 (full 1):
 def new generation   total 4992K, used 453K [0x00000000f0800000, 0x00000000f0d60000, 0x00000000f5aa0000)
  eden space 4480K,   0% used [0x00000000f0800000, 0x00000000f0800000, 0x00000000f0c60000)
  from space 512K,  88% used [0x00000000f0ce0000, 0x00000000f0d51668, 0x00000000f0d60000)
  to   space 512K,   0% used [0x00000000f0c60000, 0x00000000f0c60000, 0x00000000f0ce0000)
 tenured generation   total 10944K, used 6030K [0x00000000f5aa0000, 0x00000000f6550000, 0x0000000100000000)
   the space 10944K,  55% used [0x00000000f5aa0000, 0x00000000f6083b50, 0x00000000f6083c00, 0x00000000f6550000)
 Metaspace       used 21911K, capacity 22498K, committed 22656K, reserved 1069056K
  class space    used 2747K, capacity 2911K, committed 2944K, reserved 1048576K
}
Event: 3.406 GC heap before
{Heap before GC invocations=37 (full 1):
 def new generation   total 4992K, used 4933K [0x00000000f0800000, 0x00000000f0d60000, 0x00000000f5aa0000)
  eden space 4480K, 100% used [0x00000000f0800000, 0x00000000f0c60000, 0x00000000f0c60000)
  from space 512K,  88% used [0x00000000f0ce0000, 0x00000000f0d51668, 0x00000000f0d60000)
  to   space 512K,   0% used [0x00000000f0c60000, 0x00000000f0c60000, 0x00000000f0ce0000)
 tenured generation   total 10944K, used 6030K [0x00000000f5aa0000, 0x00000000f6550000, 0x0000000100000000)
   the space 10944K,  55% used [0x00000000f5aa0000, 0x00000000f6083b50, 0x00000000f6083c00, 0x00000000f6550000)
 Metaspace       used 22391K, capacity 22978K, committed 23168K, reserved 1069056K
  class space    used 2784K, capacity 2943K, committed 2944K, reserved 1048576K
Event: 3.408 GC heap after
Heap after GC invocations=38 (full 1):
 def new generation   total 4992K, used 511K [0x00000000f0800000, 0x00000000f0d60000, 0x00000000f5aa0000)
  eden space 4480K,   0% used [0x00000000f0800000, 0x00000000f0800000, 0x00000000f0c60000)
  from space 512K,  99% used [0x00000000f0c60000, 0x00000000f0cdfc10, 0x00000000f0ce0000)
  to   space 512K,   0% used [0x00000000f0ce0000, 0x00000000f0ce0000, 0x00000000f0d60000)
 tenured generation   total 10944K, used 6168K [0x00000000f5aa0000, 0x00000000f6550000, 0x0000000100000000)
   the space 10944K,  56% used [0x00000000f5aa0000, 0x00000000f60a6038, 0x00000000f60a6200, 0x00000000f6550000)
 Metaspace       used 22391K, capacity 22978K, committed 23168K, reserved 1069056K
  class space    used 2784K, capacity 2943K, committed 2944K, reserved 1048576K
}
Event: 3.486 GC heap before
{Heap before GC invocations=38 (full 1):
 def new generation   total 4992K, used 4991K [0x00000000f0800000, 0x00000000f0d60000, 0x00000000f5aa0000)
  eden space 4480K, 100% used [0x00000000f0800000, 0x00000000f0c60000, 0x00000000f0c60000)
  from space 512K,  99% used [0x00000000f0c60000, 0x00000000f0cdfc10, 0x00000000f0ce0000)
  to   space 512K,   0% used [0x00000000f0ce0000, 0x00000000f0ce0000, 0x00000000f0d60000)
 tenured generation   total 10944K, used 6168K [0x00000000f5aa0000, 0x00000000f6550000, 0x0000000100000000)
   the space 10944K,  56% used [0x00000000f5aa0000, 0x00000000f60a6038, 0x00000000f60a6200, 0x00000000f6550000)
 Metaspace       used 22695K, capacity 23272K, committed 23552K, reserved 1069056K
  class space    used 2818K, capacity 2976K, committed 3072K, reserved 1048576K
Event: 3.488 GC heap after
Heap after GC invocations=39 (full 1):
 def new generation   total 4992K, used 413K [0x00000000f0800000, 0x00000000f0d60000, 0x00000000f5aa0000)
  eden space 4480K,   0% used [0x00000000f0800000, 0x00000000f0800000, 0x00000000f0c60000)
  from space 512K,  80% used [0x00000000f0ce0000, 0x00000000f0d477a0, 0x00000000f0d60000)
  to   space 512K,   0% used [0x00000000f0c60000, 0x00000000f0c60000, 0x00000000f0ce0000)
 tenured generation   total 10944K, used 6292K [0x00000000f5aa0000, 0x00000000f6550000, 0x0000000100000000)
   the space 10944K,  57% used [0x00000000f5aa0000, 0x00000000f60c5150, 0x00000000f60c5200, 0x00000000f6550000)
 Metaspace       used 22695K, capacity 23272K, committed 23552K, reserved 1069056K
  class space    used 2818K, capacity 2976K, committed 3072K, reserved 1048576K
}
Event: 3.539 GC heap before
{Heap before GC invocations=39 (full 1):
 def new generation   total 4992K, used 4893K [0x00000000f0800000, 0x00000000f0d60000, 0x00000000f5aa0000)
  eden space 4480K, 100% used [0x00000000f0800000, 0x00000000f0c60000, 0x00000000f0c60000)
  from space 512K,  80% used [0x00000000f0ce0000, 0x00000000f0d477a0, 0x00000000f0d60000)
  to   space 512K,   0% used [0x00000000f0c60000, 0x00000000f0c60000, 0x00000000f0ce0000)
 tenured generation   total 10944K, used 6292K [0x00000000f5aa0000, 0x00000000f6550000, 0x0000000100000000)
   the space 10944K,  57% used [0x00000000f5aa0000, 0x00000000f60c5150, 0x00000000f60c5200, 0x00000000f6550000)
 Metaspace       used 22956K, capacity 23538K, committed 23808K, reserved 1071104K
  class space    used 2857K, capacity 3041K, committed 3072K, reserved 1048576K
Event: 3.541 GC heap after
Heap after GC invocations=40 (full 1):
 def new generation   total 4992K, used 368K [0x00000000f0800000, 0x00000000f0d60000, 0x00000000f5aa0000)
  eden space 4480K,   0% used [0x00000000f0800000, 0x00000000f0800000, 0x00000000f0c60000)
  from space 512K,  72% used [0x00000000f0c60000, 0x00000000f0cbc310, 0x00000000f0ce0000)
  to   space 512K,   0% used [0x00000000f0ce0000, 0x00000000f0ce0000, 0x00000000f0d60000)
 tenured generation   total 10944K, used 6450K [0x00000000f5aa0000, 0x00000000f6550000, 0x0000000100000000)
   the space 10944K,  58% used [0x00000000f5aa0000, 0x00000000f60ec8c0, 0x00000000f60eca00, 0x00000000f6550000)
 Metaspace       used 22956K, capacity 23538K, committed 23808K, reserved 1071104K
  class space    used 2857K, capacity 3041K, committed 3072K, reserved 1048576K
}
Event: 3.596 GC heap before
{Heap before GC invocations=40 (full 1):
 def new generation   total 4992K, used 4848K [0x00000000f0800000, 0x00000000f0d60000, 0x00000000f5aa0000)
  eden space 4480K, 100% used [0x00000000f0800000, 0x00000000f0c60000, 0x00000000f0c60000)
  from space 512K,  72% used [0x00000000f0c60000, 0x00000000f0cbc310, 0x00000000f0ce0000)
  to   space 512K,   0% used [0x00000000f0ce0000, 0x00000000f0ce0000, 0x00000000f0d60000)
 tenured generation   total 10944K, used 6450K [0x00000000f5aa0000, 0x00000000f6550000, 0x0000000100000000)
   the space 10944K,  58% used [0x00000000f5aa0000, 0x00000000f60ec8c0, 0x00000000f60eca00, 0x00000000f6550000)
 Metaspace       used 23217K, capacity 23794K, committed 24064K, reserved 1071104K
  class space    used 2883K, capacity 3041K, committed 3072K, reserved 1048576K
Event: 3.598 GC heap after
Heap after GC invocations=41 (full 1):
 def new generation   total 4992K, used 505K [0x00000000f0800000, 0x00000000f0d60000, 0x00000000f5aa0000)
  eden space 4480K,   0% used [0x00000000f0800000, 0x00000000f0800000, 0x00000000f0c60000)
  from space 512K,  98% used [0x00000000f0ce0000, 0x00000000f0d5e480, 0x00000000f0d60000)
  to   space 512K,   0% used [0x00000000f0c60000, 0x00000000f0c60000, 0x00000000f0ce0000)
 tenured generation   total 10944K, used 6554K [0x00000000f5aa0000, 0x00000000f6550000, 0x0000000100000000)
   the space 10944K,  59% used [0x00000000f5aa0000, 0x00000000f6106b28, 0x00000000f6106c00, 0x00000000f6550000)
 Metaspace       used 23217K, capacity 23794K, committed 24064K, reserved 1071104K
  class space    used 2883K, capacity 3041K, committed 3072K, reserved 1048576K
}
Event: 3.656 GC heap before
{Heap before GC invocations=41 (full 1):
 def new generation   total 4992K, used 4985K [0x00000000f0800000, 0x00000000f0d60000, 0x00000000f5aa0000)
  eden space 4480K, 100% used [0x00000000f0800000, 0x00000000f0c60000, 0x00000000f0c60000)
  from space 512K,  98% used [0x00000000f0ce0000, 0x00000000f0d5e480, 0x00000000f0d60000)
  to   space 512K,   0% used [0x00000000f0c60000, 0x00000000f0c60000, 0x00000000f0ce0000)
 tenured generation   total 10944K, used 6554K [0x00000000f5aa0000, 0x00000000f6550000, 0x0000000100000000)
   the space 10944K,  59% used [0x00000000f5aa0000, 0x00000000f6106b28, 0x00000000f6106c00, 0x00000000f6550000)
 Metaspace       used 23569K, capacity 24186K, committed 24448K, reserved 1071104K
  class space    used 2931K, capacity 3117K, committed 3200K, reserved 1048576K
Event: 3.658 GC heap after
Heap after GC invocations=42 (full 1):
 def new generation   total 4992K, used 511K [0x00000000f0800000, 0x00000000f0d60000, 0x00000000f5aa0000)
  eden space 4480K,   0% used [0x00000000f0800000, 0x00000000f0800000, 0x00000000f0c60000)
  from space 512K,  99% used [0x00000000f0c60000, 0x00000000f0cdfff0, 0x00000000f0ce0000)
  to   space 512K,   0% used [0x00000000f0ce0000, 0x00000000f0ce0000, 0x00000000f0d60000)
 tenured generation   total 10944K, used 6857K [0x00000000f5aa0000, 0x00000000f6550000, 0x0000000100000000)
   the space 10944K,  62% used [0x00000000f5aa0000, 0x00000000f6152418, 0x00000000f6152600, 0x00000000f6550000)
 Metaspace       used 23569K, capacity 24186K, committed 24448K, reserved 1071104K
  class space    used 2931K, capacity 3117K, committed 3200K, reserved 1048576K
}
Event: 3.708 GC heap before
{Heap before GC invocations=42 (full 1):
 def new generation   total 4992K, used 4991K [0x00000000f0800000, 0x00000000f0d60000, 0x00000000f5aa0000)
  eden space 4480K, 100% used [0x00000000f0800000, 0x00000000f0c60000, 0x00000000f0c60000)
  from space 512K,  99% used [0x00000000f0c60000, 0x00000000f0cdfff0, 0x00000000f0ce0000)
  to   space 512K,   0% used [0x00000000f0ce0000, 0x00000000f0ce0000, 0x00000000f0d60000)
 tenured generation   total 10944K, used 6857K [0x00000000f5aa0000, 0x00000000f6550000, 0x0000000100000000)
   the space 10944K,  62% used [0x00000000f5aa0000, 0x00000000f6152418, 0x00000000f6152600, 0x00000000f6550000)
 Metaspace       used 23941K, capacity 24552K, committed 24704K, reserved 1071104K
  class space    used 2976K, capacity 3152K, committed 3200K, reserved 1048576K
Event: 3.711 GC heap after
Heap after GC invocations=43 (full 1):
 def new generation   total 4992K, used 511K [0x00000000f0800000, 0x00000000f0d60000, 0x00000000f5aa0000)
  eden space 4480K,   0% used [0x00000000f0800000, 0x00000000f0800000, 0x00000000f0c60000)
  from space 512K,  99% used [0x00000000f0ce0000, 0x00000000f0d5ffd0, 0x00000000f0d60000)
  to   space 512K,   0% used [0x00000000f0c60000, 0x00000000f0c60000, 0x00000000f0ce0000)
 tenured generation   total 10944K, used 7201K [0x00000000f5aa0000, 0x00000000f6550000, 0x0000000100000000)
   the space 10944K,  65% used [0x00000000f5aa0000, 0x00000000f61a8600, 0x00000000f61a8600, 0x00000000f6550000)
 Metaspace       used 23941K, capacity 24552K, committed 24704K, reserved 1071104K
  class space    used 2976K, capacity 3152K, committed 3200K, reserved 1048576K
}
Event: 3.743 GC heap before
{Heap before GC invocations=43 (full 1):
 def new generation   total 4992K, used 4991K [0x00000000f0800000, 0x00000000f0d60000, 0x00000000f5aa0000)
  eden space 4480K, 100% used [0x00000000f0800000, 0x00000000f0c60000, 0x00000000f0c60000)
  from space 512K,  99% used [0x00000000f0ce0000, 0x00000000f0d5ffd0, 0x00000000f0d60000)
  to   space 512K,   0% used [0x00000000f0c60000, 0x00000000f0c60000, 0x00000000f0ce0000)
 tenured generation   total 10944K, used 7201K [0x00000000f5aa0000, 0x00000000f6550000, 0x0000000100000000)
   the space 10944K,  65% used [0x00000000f5aa0000, 0x00000000f61a8600, 0x00000000f61a8600, 0x00000000f6550000)
 Metaspace       used 24095K, capacity 24744K, committed 25088K, reserved 1071104K
  class space    used 3001K, capacity 3216K, committed 3328K, reserved 1048576K
Event: 3.745 GC heap after
Heap after GC invocations=44 (full 1):
 def new generation   total 4992K, used 293K [0x00000000f0800000, 0x00000000f0d60000, 0x00000000f5aa0000)
  eden space 4480K,   0% used [0x00000000f0800000, 0x00000000f0800000, 0x00000000f0c60000)
  from space 512K,  57% used [0x00000000f0c60000, 0x00000000f0ca94b0, 0x00000000f0ce0000)
  to   space 512K,   0% used [0x00000000f0ce0000, 0x00000000f0ce0000, 0x00000000f0d60000)
 tenured generation   total 10944K, used 7310K [0x00000000f5aa0000, 0x00000000f6550000, 0x0000000100000000)
   the space 10944K,  66% used [0x00000000f5aa0000, 0x00000000f61c3aa8, 0x00000000f61c3c00, 0x00000000f6550000)
 Metaspace       used 24095K, capacity 24744K, committed 25088K, reserved 1071104K
  class space    used 3001K, capacity 3216K, committed 3328K, reserved 1048576K
}
Event: 3.752 GC heap before
{Heap before GC invocations=44 (full 1):
 def new generation   total 4992K, used 4773K [0x00000000f0800000, 0x00000000f0d60000, 0x00000000f5aa0000)
  eden space 4480K, 100% used [0x00000000f0800000, 0x00000000f0c60000, 0x00000000f0c60000)
  from space 512K,  57% used [0x00000000f0c60000, 0x00000000f0ca94b0, 0x00000000f0ce0000)
  to   space 512K,   0% used [0x00000000f0ce0000, 0x00000000f0ce0000, 0x00000000f0d60000)
 tenured generation   total 10944K, used 7310K [0x00000000f5aa0000, 0x00000000f6550000, 0x0000000100000000)
   the space 10944K,  66% used [0x00000000f5aa0000, 0x00000000f61c3aa8, 0x00000000f61c3c00, 0x00000000f6550000)
 Metaspace       used 24151K, capacity 24808K, committed 25088K, reserved 1071104K
  class space    used 3009K, capacity 3216K, committed 3328K, reserved 1048576K
Event: 3.753 GC heap after
Heap after GC invocations=45 (full 1):
 def new generation   total 4992K, used 119K [0x00000000f0800000, 0x00000000f0d60000, 0x00000000f5aa0000)
  eden space 4480K,   0% used [0x00000000f0800000, 0x00000000f0800000, 0x00000000f0c60000)
  from space 512K,  23% used [0x00000000f0ce0000, 0x00000000f0cfdc28, 0x00000000f0d60000)
  to   space 512K,   0% used [0x00000000f0c60000, 0x00000000f0c60000, 0x00000000f0ce0000)
 tenured generation   total 10944K, used 7388K [0x00000000f5aa0000, 0x00000000f6550000, 0x0000000100000000)
   the space 10944K,  67% used [0x00000000f5aa0000, 0x00000000f61d71f8, 0x00000000f61d7200, 0x00000000f6550000)
 Metaspace       used 24151K, capacity 24808K, committed 25088K, reserved 1071104K
  class space    used 3009K, capacity 3216K, committed 3328K, reserved 1048576K
}
Event: 3.754 GC heap before
{Heap before GC invocations=45 (full 1):
 def new generation   total 4992K, used 4599K [0x00000000f0800000, 0x00000000f0d60000, 0x00000000f5aa0000)
  eden space 4480K, 100% used [0x00000000f0800000, 0x00000000f0c60000, 0x00000000f0c60000)
  from space 512K,  23% used [0x00000000f0ce0000, 0x00000000f0cfdc28, 0x00000000f0d60000)
  to   space 512K,   0% used [0x00000000f0c60000, 0x00000000f0c60000, 0x00000000f0ce0000)
 tenured generation   total 10944K, used 7388K [0x00000000f5aa0000, 0x00000000f6550000, 0x0000000100000000)
   the space 10944K,  67% used [0x00000000f5aa0000, 0x00000000f61d71f8, 0x00000000f61d7200, 0x00000000f6550000)
 Metaspace       used 24155K, capacity 24808K, committed 25088K, reserved 1071104K
  class space    used 3010K, capacity 3216K, committed 3328K, reserved 1048576K
Event: 3.755 GC heap after
Heap after GC invocations=46 (full 1):
 def new generation   total 4992K, used 118K [0x00000000f0800000, 0x00000000f0d60000, 0x00000000f5aa0000)
  eden space 4480K,   0% used [0x00000000f0800000, 0x00000000f0800000, 0x00000000f0c60000)
  from space 512K,  23% used [0x00000000f0c60000, 0x00000000f0c7dba0, 0x00000000f0ce0000)
  to   space 512K,   0% used [0x00000000f0ce0000, 0x00000000f0ce0000, 0x00000000f0d60000)
 tenured generation   total 10944K, used 7388K [0x00000000f5aa0000, 0x00000000f6550000, 0x0000000100000000)
   the space 10944K,  67% used [0x00000000f5aa0000, 0x00000000f61d71f8, 0x00000000f61d7200, 0x00000000f6550000)
 Metaspace       used 24155K, capacity 24808K, committed 25088K, reserved 1071104K
  class space    used 3010K, capacity 3216K, committed 3328K, reserved 1048576K
}
Event: 3.765 GC heap before
{Heap before GC invocations=46 (full 1):
 def new generation   total 4992K, used 4582K [0x00000000f0800000, 0x00000000f0d60000, 0x00000000f5aa0000)
  eden space 4480K,  99% used [0x00000000f0800000, 0x00000000f0c5be98, 0x00000000f0c60000)
  from space 512K,  23% used [0x00000000f0c60000, 0x00000000f0c7dba0, 0x00000000f0ce0000)
  to   space 512K,   0% used [0x00000000f0ce0000, 0x00000000f0ce0000, 0x00000000f0d60000)
 tenured generation   total 10944K, used 7388K [0x00000000f5aa0000, 0x00000000f6550000, 0x0000000100000000)
   the space 10944K,  67% used [0x00000000f5aa0000, 0x00000000f61d71f8, 0x00000000f61d7200, 0x00000000f6550000)
 Metaspace       used 24259K, capacity 24936K, committed 25088K, reserved 1071104K
  class space    used 3026K, capacity 3216K, committed 3328K, reserved 1048576K
Event: 3.766 GC heap after
Heap after GC invocations=47 (full 1):
 def new generation   total 4992K, used 342K [0x00000000f0800000, 0x00000000f0d60000, 0x00000000f5aa0000)
  eden space 4480K,   0% used [0x00000000f0800000, 0x00000000f0800000, 0x00000000f0c60000)
  from space 512K,  66% used [0x00000000f0ce0000, 0x00000000f0d35980, 0x00000000f0d60000)
  to   space 512K,   0% used [0x00000000f0c60000, 0x00000000f0c60000, 0x00000000f0ce0000)
 tenured generation   total 10944K, used 7388K [0x00000000f5aa0000, 0x00000000f6550000, 0x0000000100000000)
   the space 10944K,  67% used [0x00000000f5aa0000, 0x00000000f61d71f8, 0x00000000f61d7200, 0x00000000f6550000)
 Metaspace       used 24259K, capacity 24936K, committed 25088K, reserved 1071104K
  class space    used 3026K, capacity 3216K, committed 3328K, reserved 1048576K
}
Event: 3.768 GC heap before
{Heap before GC invocations=47 (full 1):
 def new generation   total 4992K, used 4789K [0x00000000f0800000, 0x00000000f0d60000, 0x00000000f5aa0000)
  eden space 4480K,  99% used [0x00000000f0800000, 0x00000000f0c57dc0, 0x00000000f0c60000)
  from space 512K,  66% used [0x00000000f0ce0000, 0x00000000f0d35980, 0x00000000f0d60000)
  to   space 512K,   0% used [0x00000000f0c60000, 0x00000000f0c60000, 0x00000000f0ce0000)
 tenured generation   total 10944K, used 7388K [0x00000000f5aa0000, 0x00000000f6550000, 0x0000000100000000)
   the space 10944K,  67% used [0x00000000f5aa0000, 0x00000000f61d71f8, 0x00000000f61d7200, 0x00000000f6550000)
 Metaspace       used 24297K, capacity 24936K, committed 25088K, reserved 1071104K
  class space    used 3030K, capacity 3216K, committed 3328K, reserved 1048576K
Event: 3.769 GC heap after
Heap after GC invocations=48 (full 1):
 def new generation   total 4992K, used 50K [0x00000000f0800000, 0x00000000f0d60000, 0x00000000f5aa0000)
  eden space 4480K,   0% used [0x00000000f0800000, 0x00000000f0800000, 0x00000000f0c60000)
  from space 512K,   9% used [0x00000000f0c60000, 0x00000000f0c6c8c8, 0x00000000f0ce0000)
  to   space 512K,   0% used [0x00000000f0ce0000, 0x00000000f0ce0000, 0x00000000f0d60000)
 tenured generation   total 10944K, used 7636K [0x00000000f5aa0000, 0x00000000f6550000, 0x0000000100000000)
   the space 10944K,  69% used [0x00000000f5aa0000, 0x00000000f6215338, 0x00000000f6215400, 0x00000000f6550000)
 Metaspace       used 24297K, capacity 24936K, committed 25088K, reserved 1071104K
  class space    used 3030K, capacity 3216K, committed 3328K, reserved 1048576K
}
Event: 3.772 GC heap before
{Heap before GC invocations=48 (full 1):
 def new generation   total 4992K, used 4501K [0x00000000f0800000, 0x00000000f0d60000, 0x00000000f5aa0000)
  eden space 4480K,  99% used [0x00000000f0800000, 0x00000000f0c58da0, 0x00000000f0c60000)
  from space 512K,   9% used [0x00000000f0c60000, 0x00000000f0c6c8c8, 0x00000000f0ce0000)
  to   space 512K,   0% used [0x00000000f0ce0000, 0x00000000f0ce0000, 0x00000000f0d60000)
 tenured generation   total 10944K, used 7636K [0x00000000f5aa0000, 0x00000000f6550000, 0x0000000100000000)
   the space 10944K,  69% used [0x00000000f5aa0000, 0x00000000f6215338, 0x00000000f6215400, 0x00000000f6550000)
 Metaspace       used 24333K, capacity 25032K, committed 25344K, reserved 1071104K
  class space    used 3037K, capacity 3248K, committed 3328K, reserved 1048576K
Event: 3.773 GC heap after
Heap after GC invocations=49 (full 1):
 def new generation   total 4992K, used 105K [0x00000000f0800000, 0x00000000f0d60000, 0x00000000f5aa0000)
  eden space 4480K,   0% used [0x00000000f0800000, 0x00000000f0800000, 0x00000000f0c60000)
  from space 512K,  20% used [0x00000000f0ce0000, 0x00000000f0cfa648, 0x00000000f0d60000)
  to   space 512K,   0% used [0x00000000f0c60000, 0x00000000f0c60000, 0x00000000f0ce0000)
 tenured generation   total 10944K, used 7636K [0x00000000f5aa0000, 0x00000000f6550000, 0x0000000100000000)
   the space 10944K,  69% used [0x00000000f5aa0000, 0x00000000f6215338, 0x00000000f6215400, 0x00000000f6550000)
 Metaspace       used 24333K, capacity 25032K, committed 25344K, reserved 1071104K
  class space    used 3037K, capacity 3248K, committed 3328K, reserved 1048576K
}
Event: 3.774 GC heap before
{Heap before GC invocations=49 (full 1):
 def new generation   total 4992K, used 4538K [0x00000000f0800000, 0x00000000f0d60000, 0x00000000f5aa0000)
  eden space 4480K,  98% used [0x00000000f0800000, 0x00000000f0c54408, 0x00000000f0c60000)
  from space 512K,  20% used [0x00000000f0ce0000, 0x00000000f0cfa648, 0x00000000f0d60000)
  to   space 512K,   0% used [0x00000000f0c60000, 0x00000000f0c60000, 0x00000000f0ce0000)
 tenured generation   total 10944K, used 7636K [0x00000000f5aa0000, 0x00000000f6550000, 0x0000000100000000)
   the space 10944K,  69% used [0x00000000f5aa0000, 0x00000000f6215338, 0x00000000f6215400, 0x00000000f6550000)
 Metaspace       used 24333K, capacity 25032K, committed 25344K, reserved 1071104K
  class space    used 3037K, capacity 3248K, committed 3328K, reserved 1048576K
Event: 3.774 GC heap after
Heap after GC invocations=50 (full 1):
 def new generation   total 4992K, used 111K [0x00000000f0800000, 0x00000000f0d60000, 0x00000000f5aa0000)
  eden space 4480K,   0% used [0x00000000f0800000, 0x00000000f0800000, 0x00000000f0c60000)
  from space 512K,  21% used [0x00000000f0c60000, 0x00000000f0c7bdb8, 0x00000000f0ce0000)
  to   space 512K,   0% used [0x00000000f0ce0000, 0x00000000f0ce0000, 0x00000000f0d60000)
 tenured generation   total 10944K, used 7636K [0x00000000f5aa0000, 0x00000000f6550000, 0x0000000100000000)
   the space 10944K,  69% used [0x00000000f5aa0000, 0x00000000f6215338, 0x00000000f6215400, 0x00000000f6550000)
 Metaspace       used 24333K, capacity 25032K, committed 25344K, reserved 1071104K
  class space    used 3037K, capacity 3248K, committed 3328K, reserved 1048576K
}
Event: 3.775 GC heap before
{Heap before GC invocations=50 (full 1):
 def new generation   total 4992K, used 4580K [0x00000000f0800000, 0x00000000f0d60000, 0x00000000f5aa0000)
  eden space 4480K,  99% used [0x00000000f0800000, 0x00000000f0c5d600, 0x00000000f0c60000)
  from space 512K,  21% used [0x00000000f0c60000, 0x00000000f0c7bdb8, 0x00000000f0ce0000)
  to   space 512K,   0% used [0x00000000f0ce0000, 0x00000000f0ce0000, 0x00000000f0d60000)
 tenured generation   total 10944K, used 7636K [0x00000000f5aa0000, 0x00000000f6550000, 0x0000000100000000)
   the space 10944K,  69% used [0x00000000f5aa0000, 0x00000000f6215338, 0x00000000f6215400, 0x00000000f6550000)
 Metaspace       used 24333K, capacity 25032K, committed 25344K, reserved 1071104K
  class space    used 3037K, capacity 3248K, committed 3328K, reserved 1048576K
Event: 3.775 GC heap after
Heap after GC invocations=51 (full 1):
 def new generation   total 4992K, used 116K [0x00000000f0800000, 0x00000000f0d60000, 0x00000000f5aa0000)
  eden space 4480K,   0% used [0x00000000f0800000, 0x00000000f0800000, 0x00000000f0c60000)
  from space 512K,  22% used [0x00000000f0ce0000, 0x00000000f0cfd308, 0x00000000f0d60000)
  to   space 512K,   0% used [0x00000000f0c60000, 0x00000000f0c60000, 0x00000000f0ce0000)
 tenured generation   total 10944K, used 7636K [0x00000000f5aa0000, 0x00000000f6550000, 0x0000000100000000)
   the space 10944K,  69% used [0x00000000f5aa0000, 0x00000000f6215338, 0x00000000f6215400, 0x00000000f6550000)
 Metaspace       used 24333K, capacity 25032K, committed 25344K, reserved 1071104K
  class space    used 3037K, capacity 3248K, committed 3328K, reserved 1048576K
}
Event: 3.776 GC heap before
{Heap before GC invocations=51 (full 1):
 def new generation   total 4992K, used 4557K [0x00000000f0800000, 0x00000000f0d60000, 0x00000000f5aa0000)
  eden space 4480K,  99% used [0x00000000f0800000, 0x00000000f0c561d0, 0x00000000f0c60000)
  from space 512K,  22% used [0x00000000f0ce0000, 0x00000000f0cfd308, 0x00000000f0d60000)
  to   space 512K,   0% used [0x00000000f0c60000, 0x00000000f0c60000, 0x00000000f0ce0000)
 tenured generation   total 10944K, used 7636K [0x00000000f5aa0000, 0x00000000f6550000, 0x0000000100000000)
   the space 10944K,  69% used [0x00000000f5aa0000, 0x00000000f6215338, 0x00000000f6215400, 0x00000000f6550000)
 Metaspace       used 24333K, capacity 25032K, committed 25344K, reserved 1071104K
  class space    used 3037K, capacity 3248K, committed 3328K, reserved 1048576K
Event: 3.777 GC heap after
Heap after GC invocations=52 (full 1):
 def new generation   total 4992K, used 71K [0x00000000f0800000, 0x00000000f0d60000, 0x00000000f5aa0000)
  eden space 4480K,   0% used [0x00000000f0800000, 0x00000000f0800000, 0x00000000f0c60000)
  from space 512K,  13% used [0x00000000f0c60000, 0x00000000f0c71e30, 0x00000000f0ce0000)
  to   space 512K,   0% used [0x00000000f0ce0000, 0x00000000f0ce0000, 0x00000000f0d60000)
 tenured generation   total 10944K, used 7636K [0x00000000f5aa0000, 0x00000000f6550000, 0x0000000100000000)
   the space 10944K,  69% used [0x00000000f5aa0000, 0x00000000f6215338, 0x00000000f6215400, 0x00000000f6550000)
 Metaspace       used 24333K, capacity 25032K, committed 25344K, reserved 1071104K
  class space    used 3037K, capacity 3248K, committed 3328K, reserved 1048576K
}
Event: 3.827 GC heap before
{Heap before GC invocations=52 (full 1):
 def new generation   total 4992K, used 4551K [0x00000000f0800000, 0x00000000f0d60000, 0x00000000f5aa0000)
  eden space 4480K, 100% used [0x00000000f0800000, 0x00000000f0c60000, 0x00000000f0c60000)
  from space 512K,  13% used [0x00000000f0c60000, 0x00000000f0c71e30, 0x00000000f0ce0000)
  to   space 512K,   0% used [0x00000000f0ce0000, 0x00000000f0ce0000, 0x00000000f0d60000)
 tenured generation   total 10944K, used 7636K [0x00000000f5aa0000, 0x00000000f6550000, 0x0000000100000000)
   the space 10944K,  69% used [0x00000000f5aa0000, 0x00000000f6215338, 0x00000000f6215400, 0x00000000f6550000)
 Metaspace       used 24734K, capacity 25478K, committed 25600K, reserved 1071104K
  class space    used 3080K, capacity 3293K, committed 3328K, reserved 1048576K
Event: 3.828 GC heap after
Heap after GC invocations=53 (full 1):
 def new generation   total 4992K, used 437K [0x00000000f0800000, 0x00000000f0d60000, 0x00000000f5aa0000)
  eden space 4480K,   0% used [0x00000000f0800000, 0x00000000f0800000, 0x00000000f0c60000)
  from space 512K,  85% used [0x00000000f0ce0000, 0x00000000f0d4d558, 0x00000000f0d60000)
  to   space 512K,   0% used [0x00000000f0c60000, 0x00000000f0c60000, 0x00000000f0ce0000)
 tenured generation   total 10944K, used 7636K [0x00000000f5aa0000, 0x00000000f6550000, 0x0000000100000000)
   the space 10944K,  69% used [0x00000000f5aa0000, 0x00000000f6215338, 0x00000000f6215400, 0x00000000f6550000)
 Metaspace       used 24734K, capacity 25478K, committed 25600K, reserved 1071104K
  class space    used 3080K, capacity 3293K, committed 3328K, reserved 1048576K
}
Event: 3.892 GC heap before
{Heap before GC invocations=53 (full 1):
 def new generation   total 4992K, used 4917K [0x00000000f0800000, 0x00000000f0d60000, 0x00000000f5aa0000)
  eden space 4480K, 100% used [0x00000000f0800000, 0x00000000f0c60000, 0x00000000f0c60000)
  from space 512K,  85% used [0x00000000f0ce0000, 0x00000000f0d4d558, 0x00000000f0d60000)
  to   space 512K,   0% used [0x00000000f0c60000, 0x00000000f0c60000, 0x00000000f0ce0000)
 tenured generation   total 10944K, used 7636K [0x00000000f5aa0000, 0x00000000f6550000, 0x0000000100000000)
   the space 10944K,  69% used [0x00000000f5aa0000, 0x00000000f6215338, 0x00000000f6215400, 0x00000000f6550000)
 Metaspace       used 25035K, capacity 25760K, committed 25984K, reserved 1071104K
  class space    used 3133K, capacity 3348K, committed 3456K, reserved 1048576K
Event: 3.894 GC heap after
Heap after GC invocations=54 (full 1):
 def new generation   total 4992K, used 388K [0x00000000f0800000, 0x00000000f0d60000, 0x00000000f5aa0000)
  eden space 4480K,   0% used [0x00000000f0800000, 0x00000000f0800000, 0x00000000f0c60000)
  from space 512K,  75% used [0x00000000f0c60000, 0x00000000f0cc1080, 0x00000000f0ce0000)
  to   space 512K,   0% used [0x00000000f0ce0000, 0x00000000f0ce0000, 0x00000000f0d60000)
 tenured generation   total 10944K, used 7843K [0x00000000f5aa0000, 0x00000000f6550000, 0x0000000100000000)
   the space 10944K,  71% used [0x00000000f5aa0000, 0x00000000f6248cd8, 0x00000000f6248e00, 0x00000000f6550000)
 Metaspace       used 25035K, capacity 25760K, committed 25984K, reserved 1071104K
  class space    used 3133K, capacity 3348K, committed 3456K, reserved 1048576K
}
Event: 3.963 GC heap before
{Heap before GC invocations=54 (full 1):
 def new generation   total 4992K, used 4868K [0x00000000f0800000, 0x00000000f0d60000, 0x00000000f5aa0000)
  eden space 4480K, 100% used [0x00000000f0800000, 0x00000000f0c60000, 0x00000000f0c60000)
  from space 512K,  75% used [0x00000000f0c60000, 0x00000000f0cc1080, 0x00000000f0ce0000)
  to   space 512K,   0% used [0x00000000f0ce0000, 0x00000000f0ce0000, 0x00000000f0d60000)
 tenured generation   total 10944K, used 7843K [0x00000000f5aa0000, 0x00000000f6550000, 0x0000000100000000)
   the space 10944K,  71% used [0x00000000f5aa0000, 0x00000000f6248cd8, 0x00000000f6248e00, 0x00000000f6550000)
 Metaspace       used 25328K, capacity 26074K, committed 26240K, reserved 1073152K
  class space    used 3170K, capacity 3385K, committed 3456K, reserved 1048576K
Event: 3.966 GC heap after
Heap after GC invocations=55 (full 1):
 def new generation   total 4992K, used 460K [0x00000000f0800000, 0x00000000f0d60000, 0x00000000f5aa0000)
  eden space 4480K,   0% used [0x00000000f0800000, 0x00000000f0800000, 0x00000000f0c60000)
  from space 512K,  89% used [0x00000000f0ce0000, 0x00000000f0d53030, 0x00000000f0d60000)
  to   space 512K,   0% used [0x00000000f0c60000, 0x00000000f0c60000, 0x00000000f0ce0000)
 tenured generation   total 10944K, used 7978K [0x00000000f5aa0000, 0x00000000f6550000, 0x0000000100000000)
   the space 10944K,  72% used [0x00000000f5aa0000, 0x00000000f626aab0, 0x00000000f626ac00, 0x00000000f6550000)
 Metaspace       used 25328K, capacity 26074K, committed 26240K, reserved 1073152K
  class space    used 3170K, capacity 3385K, committed 3456K, reserved 1048576K
}
Event: 4.066 GC heap before
{Heap before GC invocations=55 (full 1):
 def new generation   total 4992K, used 4940K [0x00000000f0800000, 0x00000000f0d60000, 0x00000000f5aa0000)
  eden space 4480K, 100% used [0x00000000f0800000, 0x00000000f0c60000, 0x00000000f0c60000)
  from space 512K,  89% used [0x00000000f0ce0000, 0x00000000f0d53030, 0x00000000f0d60000)
  to   space 512K,   0% used [0x00000000f0c60000, 0x00000000f0c60000, 0x00000000f0ce0000)
 tenured generation   total 10944K, used 7978K [0x00000000f5aa0000, 0x00000000f6550000, 0x0000000100000000)
   the space 10944K,  72% used [0x00000000f5aa0000, 0x00000000f626aab0, 0x00000000f626ac00, 0x00000000f6550000)
 Metaspace       used 26235K, capacity 26952K, committed 27136K, reserved 1073152K
  class space    used 3269K, capacity 3482K, committed 3584K, reserved 1048576K
Event: 4.069 GC heap after
Heap after GC invocations=56 (full 1):
 def new generation   total 4992K, used 405K [0x00000000f0800000, 0x00000000f0d60000, 0x00000000f5aa0000)
  eden space 4480K,   0% used [0x00000000f0800000, 0x00000000f0800000, 0x00000000f0c60000)
  from space 512K,  79% used [0x00000000f0c60000, 0x00000000f0cc54a0, 0x00000000f0ce0000)
  to   space 512K,   0% used [0x00000000f0ce0000, 0x00000000f0ce0000, 0x00000000f0d60000)
 tenured generation   total 10944K, used 8222K [0x00000000f5aa0000, 0x00000000f6550000, 0x0000000100000000)
   the space 10944K,  75% used [0x00000000f5aa0000, 0x00000000f62a7a10, 0x00000000f62a7c00, 0x00000000f6550000)
 Metaspace       used 26235K, capacity 26952K, committed 27136K, reserved 1073152K
  class space    used 3269K, capacity 3482K, committed 3584K, reserved 1048576K
}
Event: 4.156 GC heap before
{Heap before GC invocations=56 (full 1):
 def new generation   total 4992K, used 4885K [0x00000000f0800000, 0x00000000f0d60000, 0x00000000f5aa0000)
  eden space 4480K, 100% used [0x00000000f0800000, 0x00000000f0c60000, 0x00000000f0c60000)
  from space 512K,  79% used [0x00000000f0c60000, 0x00000000f0cc54a0, 0x00000000f0ce0000)
  to   space 512K,   0% used [0x00000000f0ce0000, 0x00000000f0ce0000, 0x00000000f0d60000)
 tenured generation   total 10944K, used 8222K [0x00000000f5aa0000, 0x00000000f6550000, 0x0000000100000000)
   the space 10944K,  75% used [0x00000000f5aa0000, 0x00000000f62a7a10, 0x00000000f62a7c00, 0x00000000f6550000)
 Metaspace       used 26586K, capacity 27254K, committed 27392K, reserved 1073152K
  class space    used 3316K, capacity 3517K, committed 3584K, reserved 1048576K
Event: 4.160 GC heap after
Heap after GC invocations=57 (full 1):
 def new generation   total 4992K, used 496K [0x00000000f0800000, 0x00000000f0d60000, 0x00000000f5aa0000)
  eden space 4480K,   0% used [0x00000000f0800000, 0x00000000f0800000, 0x00000000f0c60000)
  from space 512K,  97% used [0x00000000f0ce0000, 0x00000000f0d5c320, 0x00000000f0d60000)
  to   space 512K,   0% used [0x00000000f0c60000, 0x00000000f0c60000, 0x00000000f0ce0000)
 tenured generation   total 10944K, used 8459K [0x00000000f5aa0000, 0x00000000f6550000, 0x0000000100000000)
   the space 10944K,  77% used [0x00000000f5aa0000, 0x00000000f62e2c70, 0x00000000f62e2e00, 0x00000000f6550000)
 Metaspace       used 26586K, capacity 27254K, committed 27392K, reserved 1073152K
  class space    used 3316K, capacity 3517K, committed 3584K, reserved 1048576K
}
Event: 4.264 GC heap before
{Heap before GC invocations=57 (full 1):
 def new generation   total 4992K, used 4970K [0x00000000f0800000, 0x00000000f0d60000, 0x00000000f5aa0000)
  eden space 4480K,  99% used [0x00000000f0800000, 0x00000000f0c5e700, 0x00000000f0c60000)
  from space 512K,  97% used [0x00000000f0ce0000, 0x00000000f0d5c320, 0x00000000f0d60000)
  to   space 512K,   0% used [0x00000000f0c60000, 0x00000000f0c60000, 0x00000000f0ce0000)
 tenured generation   total 10944K, used 8459K [0x00000000f5aa0000, 0x00000000f6550000, 0x0000000100000000)
   the space 10944K,  77% used [0x00000000f5aa0000, 0x00000000f62e2c70, 0x00000000f62e2e00, 0x00000000f6550000)
 Metaspace       used 26764K, capacity 27466K, committed 27648K, reserved 1073152K
  class space    used 3330K, capacity 3531K, committed 3584K, reserved 1048576K
Event: 4.267 GC heap after
Heap after GC invocations=58 (full 1):
 def new generation   total 4992K, used 510K [0x00000000f0800000, 0x00000000f0d60000, 0x00000000f5aa0000)
  eden space 4480K,   0% used [0x00000000f0800000, 0x00000000f0800000, 0x00000000f0c60000)
  from space 512K,  99% used [0x00000000f0c60000, 0x00000000f0cdf9b8, 0x00000000f0ce0000)
  to   space 512K,   0% used [0x00000000f0ce0000, 0x00000000f0ce0000, 0x00000000f0d60000)
 tenured generation   total 10944K, used 8781K [0x00000000f5aa0000, 0x00000000f6550000, 0x0000000100000000)
   the space 10944K,  80% used [0x00000000f5aa0000, 0x00000000f6333710, 0x00000000f6333800, 0x00000000f6550000)
 Metaspace       used 26764K, capacity 27466K, committed 27648K, reserved 1073152K
  class space    used 3330K, capacity 3531K, committed 3584K, reserved 1048576K
}
Event: 4.359 GC heap before
{Heap before GC invocations=58 (full 1):
 def new generation   total 4992K, used 4990K [0x00000000f0800000, 0x00000000f0d60000, 0x00000000f5aa0000)
  eden space 4480K, 100% used [0x00000000f0800000, 0x00000000f0c60000, 0x00000000f0c60000)
  from space 512K,  99% used [0x00000000f0c60000, 0x00000000f0cdf9b8, 0x00000000f0ce0000)
  to   space 512K,   0% used [0x00000000f0ce0000, 0x00000000f0ce0000, 0x00000000f0d60000)
 tenured generation   total 10944K, used 8781K [0x00000000f5aa0000, 0x00000000f6550000, 0x0000000100000000)
   the space 10944K,  80% used [0x00000000f5aa0000, 0x00000000f6333710, 0x00000000f6333800, 0x00000000f6550000)
 Metaspace       used 26964K, capacity 27706K, committed 27904K, reserved 1073152K
  class space    used 3345K, capacity 3539K, committed 3584K, reserved 1048576K
Event: 4.364 GC heap after
Heap after GC invocations=59 (full 1):
 def new generation   total 4992K, used 383K [0x00000000f0800000, 0x00000000f0d60000, 0x00000000f5aa0000)
  eden space 4480K,   0% used [0x00000000f0800000, 0x00000000f0800000, 0x00000000f0c60000)
  from space 512K,  74% used [0x00000000f0ce0000, 0x00000000f0d3ff70, 0x00000000f0d60000)
  to   space 512K,   0% used [0x00000000f0c60000, 0x00000000f0c60000, 0x00000000f0ce0000)
 tenured generation   total 10944K, used 9147K [0x00000000f5aa0000, 0x00000000f6550000, 0x0000000100000000)
   the space 10944K,  83% used [0x00000000f5aa0000, 0x00000000f638ecc0, 0x00000000f638ee00, 0x00000000f6550000)
 Metaspace       used 26964K, capacity 27706K, committed 27904K, reserved 1073152K
  class space    used 3345K, capacity 3539K, committed 3584K, reserved 1048576K
}
Event: 4.436 GC heap before
{Heap before GC invocations=59 (full 1):
 def new generation   total 4992K, used 4863K [0x00000000f0800000, 0x00000000f0d60000, 0x00000000f5aa0000)
  eden space 4480K, 100% used [0x00000000f0800000, 0x00000000f0c60000, 0x00000000f0c60000)
  from space 512K,  74% used [0x00000000f0ce0000, 0x00000000f0d3ff70, 0x00000000f0d60000)
  to   space 512K,   0% used [0x00000000f0c60000, 0x00000000f0c60000, 0x00000000f0ce0000)
 tenured generation   total 10944K, used 9147K [0x00000000f5aa0000, 0x00000000f6550000, 0x0000000100000000)
   the space 10944K,  83% used [0x00000000f5aa0000, 0x00000000f638ecc0, 0x00000000f638ee00, 0x00000000f6550000)
 Metaspace       used 27033K, capacity 27820K, committed 27904K, reserved 1073152K
  class space    used 3354K, capacity 3574K, committed 3584K, reserved 1048576K
Event: 4.438 GC heap after
Heap after GC invocations=60 (full 1):
 def new generation   total 4992K, used 417K [0x00000000f0800000, 0x00000000f0d60000, 0x00000000f5aa0000)
  eden space 4480K,   0% used [0x00000000f0800000, 0x00000000f0800000, 0x00000000f0c60000)
  from space 512K,  81% used [0x00000000f0c60000, 0x00000000f0cc8458, 0x00000000f0ce0000)
  to   space 512K,   0% used [0x00000000f0ce0000, 0x00000000f0ce0000, 0x00000000f0d60000)
 tenured generation   total 10944K, used 9370K [0x00000000f5aa0000, 0x00000000f6550000, 0x0000000100000000)
   the space 10944K,  85% used [0x00000000f5aa0000, 0x00000000f63c6ab8, 0x00000000f63c6c00, 0x00000000f6550000)
 Metaspace       used 27033K, capacity 27820K, committed 27904K, reserved 1073152K
  class space    used 3354K, capacity 3574K, committed 3584K, reserved 1048576K
}
Event: 4.503 GC heap before
{Heap before GC invocations=60 (full 1):
 def new generation   total 4992K, used 4897K [0x00000000f0800000, 0x00000000f0d60000, 0x00000000f5aa0000)
  eden space 4480K, 100% used [0x00000000f0800000, 0x00000000f0c60000, 0x00000000f0c60000)
  from space 512K,  81% used [0x00000000f0c60000, 0x00000000f0cc8458, 0x00000000f0ce0000)
  to   space 512K,   0% used [0x00000000f0ce0000, 0x00000000f0ce0000, 0x00000000f0d60000)
 tenured generation   total 10944K, used 9370K [0x00000000f5aa0000, 0x00000000f6550000, 0x0000000100000000)
   the space 10944K,  85% used [0x00000000f5aa0000, 0x00000000f63c6ab8, 0x00000000f63c6c00, 0x00000000f6550000)
 Metaspace       used 27109K, capacity 27890K, committed 27904K, reserved 1073152K
  class space    used 3361K, capacity 3575K, committed 3584K, reserved 1048576K
Event: 4.505 GC heap after
Heap after GC invocations=61 (full 1):
 def new generation   total 4992K, used 385K [0x00000000f0800000, 0x00000000f0d60000, 0x00000000f5aa0000)
  eden space 4480K,   0% used [0x00000000f0800000, 0x00000000f0800000, 0x00000000f0c60000)
  from space 512K,  75% used [0x00000000f0ce0000, 0x00000000f0d40638, 0x00000000f0d60000)
  to   space 512K,   0% used [0x00000000f0c60000, 0x00000000f0c60000, 0x00000000f0ce0000)
 tenured generation   total 10944K, used 9598K [0x00000000f5aa0000, 0x00000000f6550000, 0x0000000100000000)
   the space 10944K,  87% used [0x00000000f5aa0000, 0x00000000f63ff940, 0x00000000f63ffa00, 0x00000000f6550000)
 Metaspace       used 27109K, capacity 27890K, committed 27904K, reserved 1073152K
  class space    used 3361K, capacity 3575K, committed 3584K, reserved 1048576K
}
Event: 4.588 GC heap before
{Heap before GC invocations=61 (full 1):
 def new generation   total 4992K, used 4865K [0x00000000f0800000, 0x00000000f0d60000, 0x00000000f5aa0000)
  eden space 4480K, 100% used [0x00000000f0800000, 0x00000000f0c60000, 0x00000000f0c60000)
  from space 512K,  75% used [0x00000000f0ce0000, 0x00000000f0d40638, 0x00000000f0d60000)
  to   space 512K,   0% used [0x00000000f0c60000, 0x00000000f0c60000, 0x00000000f0ce0000)
 tenured generation   total 10944K, used 9598K [0x00000000f5aa0000, 0x00000000f6550000, 0x0000000100000000)
   the space 10944K,  87% used [0x00000000f5aa0000, 0x00000000f63ff940, 0x00000000f63ffa00, 0x00000000f6550000)
 Metaspace       used 27678K, capacity 28484K, committed 28800K, reserved 1075200K
  class space    used 3426K, capacity 3646K, committed 3712K, reserved 1048576K
Event: 4.591 GC heap after
Heap after GC invocations=62 (full 1):
 def new generation   total 4992K, used 392K [0x00000000f0800000, 0x00000000f0d60000, 0x00000000f5aa0000)
  eden space 4480K,   0% used [0x00000000f0800000, 0x00000000f0800000, 0x00000000f0c60000)
  from space 512K,  76% used [0x00000000f0c60000, 0x00000000f0cc2228, 0x00000000f0ce0000)
  to   space 512K,   0% used [0x00000000f0ce0000, 0x00000000f0ce0000, 0x00000000f0d60000)
 tenured generation   total 10944K, used 9834K [0x00000000f5aa0000, 0x00000000f6550000, 0x0000000100000000)
   the space 10944K,  89% used [0x00000000f5aa0000, 0x00000000f643abf8, 0x00000000f643ac00, 0x00000000f6550000)
 Metaspace       used 27678K, capacity 28484K, committed 28800K, reserved 1075200K
  class space    used 3426K, capacity 3646K, committed 3712K, reserved 1048576K
}
Event: 4.703 GC heap before
{Heap before GC invocations=62 (full 1):
 def new generation   total 4992K, used 4872K [0x00000000f0800000, 0x00000000f0d60000, 0x00000000f5aa0000)
  eden space 4480K, 100% used [0x00000000f0800000, 0x00000000f0c60000, 0x00000000f0c60000)
  from space 512K,  76% used [0x00000000f0c60000, 0x00000000f0cc2228, 0x00000000f0ce0000)
  to   space 512K,   0% used [0x00000000f0ce0000, 0x00000000f0ce0000, 0x00000000f0d60000)
 tenured generation   total 10944K, used 9834K [0x00000000f5aa0000, 0x00000000f6550000, 0x0000000100000000)
   the space 10944K,  89% used [0x00000000f5aa0000, 0x00000000f643abf8, 0x00000000f643ac00, 0x00000000f6550000)
 Metaspace       used 28222K, capacity 29056K, committed 29184K, reserved 1075200K
  class space    used 3508K, capacity 3760K, committed 3840K, reserved 1048576K
Event: 4.706 GC heap after
Heap after GC invocations=63 (full 1):
 def new generation   total 4992K, used 512K [0x00000000f0800000, 0x00000000f0d60000, 0x00000000f5aa0000)
  eden space 4480K,   0% used [0x00000000f0800000, 0x00000000f0800000, 0x00000000f0c60000)
  from space 512K, 100% used [0x00000000f0ce0000, 0x00000000f0d60000, 0x00000000f0d60000)
  to   space 512K,   0% used [0x00000000f0c60000, 0x00000000f0c60000, 0x00000000f0ce0000)
 tenured generation   total 10944K, used 10105K [0x00000000f5aa0000, 0x00000000f6550000, 0x0000000100000000)
   the space 10944K,  92% used [0x00000000f5aa0000, 0x00000000f647e4f8, 0x00000000f647e600, 0x00000000f6550000)
 Metaspace       used 28222K, capacity 29056K, committed 29184K, reserved 1075200K
  class space    used 3508K, capacity 3760K, committed 3840K, reserved 1048576K
}
Event: 4.784 GC heap before
{Heap before GC invocations=63 (full 1):
 def new generation   total 4992K, used 4992K [0x00000000f0800000, 0x00000000f0d60000, 0x00000000f5aa0000)
  eden space 4480K, 100% used [0x00000000f0800000, 0x00000000f0c60000, 0x00000000f0c60000)
  from space 512K, 100% used [0x00000000f0ce0000, 0x00000000f0d60000, 0x00000000f0d60000)
  to   space 512K,   0% used [0x00000000f0c60000, 0x00000000f0c60000, 0x00000000f0ce0000)
 tenured generation   total 10944K, used 10105K [0x00000000f5aa0000, 0x00000000f6550000, 0x0000000100000000)
   the space 10944K,  92% used [0x00000000f5aa0000, 0x00000000f647e4f8, 0x00000000f647e600, 0x00000000f6550000)
 Metaspace       used 28355K, capacity 29272K, committed 29440K, reserved 1075200K
  class space    used 3531K, capacity 3780K, committed 3840K, reserved 1048576K
Event: 4.787 GC heap after
Heap after GC invocations=64 (full 1):
 def new generation   total 4992K, used 328K [0x00000000f0800000, 0x00000000f0d60000, 0x00000000f5aa0000)
  eden space 4480K,   0% used [0x00000000f0800000, 0x00000000f0800000, 0x00000000f0c60000)
  from space 512K,  64% used [0x00000000f0c60000, 0x00000000f0cb21d0, 0x00000000f0ce0000)
  to   space 512K,   0% used [0x00000000f0ce0000, 0x00000000f0ce0000, 0x00000000f0d60000)
 tenured generation   total 10944K, used 10487K [0x00000000f5aa0000, 0x00000000f6550000, 0x0000000100000000)
   the space 10944K,  95% used [0x00000000f5aa0000, 0x00000000f64ddef0, 0x00000000f64de000, 0x00000000f6550000)
 Metaspace       used 28355K, capacity 29272K, committed 29440K, reserved 1075200K
  class space    used 3531K, capacity 3780K, committed 3840K, reserved 1048576K
}
Event: 4.861 GC heap before
{Heap before GC invocations=64 (full 1):
 def new generation   total 4992K, used 4808K [0x00000000f0800000, 0x00000000f0d60000, 0x00000000f5aa0000)
  eden space 4480K, 100% used [0x00000000f0800000, 0x00000000f0c60000, 0x00000000f0c60000)
  from space 512K,  64% used [0x00000000f0c60000, 0x00000000f0cb21d0, 0x00000000f0ce0000)
  to   space 512K,   0% used [0x00000000f0ce0000, 0x00000000f0ce0000, 0x00000000f0d60000)
 tenured generation   total 10944K, used 10487K [0x00000000f5aa0000, 0x00000000f6550000, 0x0000000100000000)
   the space 10944K,  95% used [0x00000000f5aa0000, 0x00000000f64ddef0, 0x00000000f64de000, 0x00000000f6550000)
 Metaspace       used 28498K, capacity 29378K, committed 29440K, reserved 1075200K
  class space    used 3556K, capacity 3789K, committed 3840K, reserved 1048576K
Event: 4.864 GC heap after
Heap after GC invocations=65 (full 1):
 def new generation   total 4992K, used 365K [0x00000000f0800000, 0x00000000f0d60000, 0x00000000f5aa0000)
  eden space 4480K,   0% used [0x00000000f0800000, 0x00000000f0800000, 0x00000000f0c60000)
  from space 512K,  71% used [0x00000000f0ce0000, 0x00000000f0d3b500, 0x00000000f0d60000)
  to   space 512K,   0% used [0x00000000f0c60000, 0x00000000f0c60000, 0x00000000f0ce0000)
 tenured generation   total 10944K, used 10674K [0x00000000f5aa0000, 0x00000000f6550000, 0x0000000100000000)
   the space 10944K,  97% used [0x00000000f5aa0000, 0x00000000f650cbc0, 0x00000000f650cc00, 0x00000000f6550000)
 Metaspace       used 28498K, capacity 29378K, committed 29440K, reserved 1075200K
  class space    used 3556K, capacity 3789K, committed 3840K, reserved 1048576K
}
Event: 4.942 GC heap before
{Heap before GC invocations=65 (full 1):
 def new generation   total 4992K, used 4845K [0x00000000f0800000, 0x00000000f0d60000, 0x00000000f5aa0000)
  eden space 4480K, 100% used [0x00000000f0800000, 0x00000000f0c60000, 0x00000000f0c60000)
  from space 512K,  71% used [0x00000000f0ce0000, 0x00000000f0d3b500, 0x00000000f0d60000)
  to   space 512K,   0% used [0x00000000f0c60000, 0x00000000f0c60000, 0x00000000f0ce0000)
 tenured generation   total 10944K, used 10674K [0x00000000f5aa0000, 0x00000000f6550000, 0x0000000100000000)
   the space 10944K,  97% used [0x00000000f5aa0000, 0x00000000f650cbc0, 0x00000000f650cc00, 0x00000000f6550000)
 Metaspace       used 28711K, capacity 29716K, committed 29952K, reserved 1075200K
  class space    used 3590K, capacity 3832K, committed 3840K, reserved 1048576K
Event: 4.945 GC heap after
Heap after GC invocations=66 (full 1):
 def new generation   total 4992K, used 433K [0x00000000f0800000, 0x00000000f0d60000, 0x00000000f5aa0000)
  eden space 4480K,   0% used [0x00000000f0800000, 0x00000000f0800000, 0x00000000f0c60000)
  from space 512K,  84% used [0x00000000f0c60000, 0x00000000f0ccc458, 0x00000000f0ce0000)
  to   space 512K,   0% used [0x00000000f0ce0000, 0x00000000f0ce0000, 0x00000000f0d60000)
 tenured generation   total 10944K, used 10892K [0x00000000f5aa0000, 0x00000000f6550000, 0x0000000100000000)
   the space 10944K,  99% used [0x00000000f5aa0000, 0x00000000f6543198, 0x00000000f6543200, 0x00000000f6550000)
 Metaspace       used 28711K, capacity 29716K, committed 29952K, reserved 1075200K
  class space    used 3590K, capacity 3832K, committed 3840K, reserved 1048576K
}
Event: 5.038 GC heap before
{Heap before GC invocations=66 (full 1):
 def new generation   total 4992K, used 4913K [0x00000000f0800000, 0x00000000f0d60000, 0x00000000f5aa0000)
  eden space 4480K, 100% used [0x00000000f0800000, 0x00000000f0c60000, 0x00000000f0c60000)
  from space 512K,  84% used [0x00000000f0c60000, 0x00000000f0ccc458, 0x00000000f0ce0000)
  to   space 512K,   0% used [0x00000000f0ce0000, 0x00000000f0ce0000, 0x00000000f0d60000)
 tenured generation   total 10944K, used 10892K [0x00000000f5aa0000, 0x00000000f6550000, 0x0000000100000000)
   the space 10944K,  99% used [0x00000000f5aa0000, 0x00000000f6543198, 0x00000000f6543200, 0x00000000f6550000)
 Metaspace       used 28996K, capacity 29982K, committed 30080K, reserved 1075200K
  class space    used 3638K, capacity 3875K, committed 3968K, reserved 1048576K
Event: 5.085 GC heap after
Heap after GC invocations=67 (full 2):
 def new generation   total 7552K, used 0K [0x00000000f0800000, 0x00000000f1030000, 0x00000000f5aa0000)
  eden space 6720K,   0% used [0x00000000f0800000, 0x00000000f0800000, 0x00000000f0e90000)
  from space 832K,   0% used [0x00000000f0e90000, 0x00000000f0e90000, 0x00000000f0f60000)
  to   space 832K,   0% used [0x00000000f0f60000, 0x00000000f0f60000, 0x00000000f1030000)
 tenured generation   total 16664K, used 9996K [0x00000000f5aa0000, 0x00000000f6ae6000, 0x0000000100000000)
   the space 16664K,  59% used [0x00000000f5aa0000, 0x00000000f6463108, 0x00000000f6463200, 0x00000000f6ae6000)
 Metaspace       used 28996K, capacity 29982K, committed 30080K, reserved 1075200K
  class space    used 3638K, capacity 3875K, committed 3968K, reserved 1048576K
}
Event: 5.220 GC heap before
{Heap before GC invocations=67 (full 2):
 def new generation   total 7552K, used 6720K [0x00000000f0800000, 0x00000000f1030000, 0x00000000f5aa0000)
  eden space 6720K, 100% used [0x00000000f0800000, 0x00000000f0e90000, 0x00000000f0e90000)
  from space 832K,   0% used [0x00000000f0e90000, 0x00000000f0e90000, 0x00000000f0f60000)
  to   space 832K,   0% used [0x00000000f0f60000, 0x00000000f0f60000, 0x00000000f1030000)
 tenured generation   total 16664K, used 9996K [0x00000000f5aa0000, 0x00000000f6ae6000, 0x0000000100000000)
   the space 16664K,  59% used [0x00000000f5aa0000, 0x00000000f6463108, 0x00000000f6463200, 0x00000000f6ae6000)
 Metaspace       used 29555K, capacity 30516K, committed 30592K, reserved 1075200K
  class space    used 3704K, capacity 3942K, committed 3968K, reserved 1048576K
Event: 5.223 GC heap after
Heap after GC invocations=68 (full 2):
 def new generation   total 7552K, used 809K [0x00000000f0800000, 0x00000000f1030000, 0x00000000f5aa0000)
  eden space 6720K,   0% used [0x00000000f0800000, 0x00000000f0800000, 0x00000000f0e90000)
  from space 832K,  97% used [0x00000000f0f60000, 0x00000000f102a708, 0x00000000f1030000)
  to   space 832K,   0% used [0x00000000f0e90000, 0x00000000f0e90000, 0x00000000f0f60000)
 tenured generation   total 16664K, used 9996K [0x00000000f5aa0000, 0x00000000f6ae6000, 0x0000000100000000)
   the space 16664K,  59% used [0x00000000f5aa0000, 0x00000000f6463108, 0x00000000f6463200, 0x00000000f6ae6000)
 Metaspace       used 29555K, capacity 30516K, committed 30592K, reserved 1075200K
  class space    used 3704K, capacity 3942K, committed 3968K, reserved 1048576K
}
Event: 5.373 GC heap before
{Heap before GC invocations=68 (full 2):
 def new generation   total 7552K, used 7529K [0x00000000f0800000, 0x00000000f1030000, 0x00000000f5aa0000)
  eden space 6720K, 100% used [0x00000000f0800000, 0x00000000f0e90000, 0x00000000f0e90000)
  from space 832K,  97% used [0x00000000f0f60000, 0x00000000f102a708, 0x00000000f1030000)
  to   space 832K,   0% used [0x00000000f0e90000, 0x00000000f0e90000, 0x00000000f0f60000)
 tenured generation   total 16664K, used 9996K [0x00000000f5aa0000, 0x00000000f6ae6000, 0x0000000100000000)
   the space 16664K,  59% used [0x00000000f5aa0000, 0x00000000f6463108, 0x00000000f6463200, 0x00000000f6ae6000)
 Metaspace       used 29961K, capacity 30942K, committed 31232K, reserved 1077248K
  class space    used 3765K, capacity 4017K, committed 4096K, reserved 1048576K
Event: 5.376 GC heap after
Heap after GC invocations=69 (full 2):
 def new generation   total 7552K, used 621K [0x00000000f0800000, 0x00000000f1030000, 0x00000000f5aa0000)
  eden space 6720K,   0% used [0x00000000f0800000, 0x00000000f0800000, 0x00000000f0e90000)
  from space 832K,  74% used [0x00000000f0e90000, 0x00000000f0f2b450, 0x00000000f0f60000)
  to   space 832K,   0% used [0x00000000f0f60000, 0x00000000f0f60000, 0x00000000f1030000)
 tenured generation   total 16664K, used 10251K [0x00000000f5aa0000, 0x00000000f6ae6000, 0x0000000100000000)
   the space 16664K,  61% used [0x00000000f5aa0000, 0x00000000f64a2f88, 0x00000000f64a3000, 0x00000000f6ae6000)
 Metaspace       used 29961K, capacity 30942K, committed 31232K, reserved 1077248K
  class space    used 3765K, capacity 4017K, committed 4096K, reserved 1048576K
}
Event: 5.533 GC heap before
{Heap before GC invocations=69 (full 2):
 def new generation   total 7552K, used 7341K [0x00000000f0800000, 0x00000000f1030000, 0x00000000f5aa0000)
  eden space 6720K, 100% used [0x00000000f0800000, 0x00000000f0e90000, 0x00000000f0e90000)
  from space 832K,  74% used [0x00000000f0e90000, 0x00000000f0f2b450, 0x00000000f0f60000)
  to   space 832K,   0% used [0x00000000f0f60000, 0x00000000f0f60000, 0x00000000f1030000)
 tenured generation   total 16664K, used 10251K [0x00000000f5aa0000, 0x00000000f6ae6000, 0x0000000100000000)
   the space 16664K,  61% used [0x00000000f5aa0000, 0x00000000f64a2f88, 0x00000000f64a3000, 0x00000000f6ae6000)
 Metaspace       used 30404K, capacity 31516K, committed 31744K, reserved 1077248K
  class space    used 3833K, capacity 4094K, committed 4096K, reserved 1048576K
Event: 5.536 GC heap after
Heap after GC invocations=70 (full 2):
 def new generation   total 7552K, used 477K [0x00000000f0800000, 0x00000000f1030000, 0x00000000f5aa0000)
  eden space 6720K,   0% used [0x00000000f0800000, 0x00000000f0800000, 0x00000000f0e90000)
  from space 832K,  57% used [0x00000000f0f60000, 0x00000000f0fd7700, 0x00000000f1030000)
  to   space 832K,   0% used [0x00000000f0e90000, 0x00000000f0e90000, 0x00000000f0f60000)
 tenured generation   total 16664K, used 10444K [0x00000000f5aa0000, 0x00000000f6ae6000, 0x0000000100000000)
   the space 16664K,  62% used [0x00000000f5aa0000, 0x00000000f64d3390, 0x00000000f64d3400, 0x00000000f6ae6000)
 Metaspace       used 30404K, capacity 31516K, committed 31744K, reserved 1077248K
  class space    used 3833K, capacity 4094K, committed 4096K, reserved 1048576K
}
Event: 5.688 GC heap before
{Heap before GC invocations=70 (full 2):
 def new generation   total 7552K, used 7197K [0x00000000f0800000, 0x00000000f1030000, 0x00000000f5aa0000)
  eden space 6720K, 100% used [0x00000000f0800000, 0x00000000f0e90000, 0x00000000f0e90000)
  from space 832K,  57% used [0x00000000f0f60000, 0x00000000f0fd7700, 0x00000000f1030000)
  to   space 832K,   0% used [0x00000000f0e90000, 0x00000000f0e90000, 0x00000000f0f60000)
 tenured generation   total 16664K, used 10444K [0x00000000f5aa0000, 0x00000000f6ae6000, 0x0000000100000000)
   the space 16664K,  62% used [0x00000000f5aa0000, 0x00000000f64d3390, 0x00000000f64d3400, 0x00000000f6ae6000)
 Metaspace       used 30695K, capacity 31870K, committed 32128K, reserved 1077248K
  class space    used 3884K, capacity 4137K, committed 4224K, reserved 1048576K
Event: 5.691 GC heap after
Heap after GC invocations=71 (full 2):
 def new generation   total 7552K, used 590K [0x00000000f0800000, 0x00000000f1030000, 0x00000000f5aa0000)
  eden space 6720K,   0% used [0x00000000f0800000, 0x00000000f0800000, 0x00000000f0e90000)
  from space 832K,  70% used [0x00000000f0e90000, 0x00000000f0f23aa8, 0x00000000f0f60000)
  to   space 832K,   0% used [0x00000000f0f60000, 0x00000000f0f60000, 0x00000000f1030000)
 tenured generation   total 16664K, used 10619K [0x00000000f5aa0000, 0x00000000f6ae6000, 0x0000000100000000)
   the space 16664K,  63% used [0x00000000f5aa0000, 0x00000000f64fef18, 0x00000000f64ff000, 0x00000000f6ae6000)
 Metaspace       used 30695K, capacity 31870K, committed 32128K, reserved 1077248K
  class space    used 3884K, capacity 4137K, committed 4224K, reserved 1048576K
}
Event: 5.823 GC heap before
{Heap before GC invocations=71 (full 2):
 def new generation   total 7552K, used 7310K [0x00000000f0800000, 0x00000000f1030000, 0x00000000f5aa0000)
  eden space 6720K, 100% used [0x00000000f0800000, 0x00000000f0e90000, 0x00000000f0e90000)
  from space 832K,  70% used [0x00000000f0e90000, 0x00000000f0f23aa8, 0x00000000f0f60000)
  to   space 832K,   0% used [0x00000000f0f60000, 0x00000000f0f60000, 0x00000000f1030000)
 tenured generation   total 16664K, used 10619K [0x00000000f5aa0000, 0x00000000f6ae6000, 0x0000000100000000)
   the space 16664K,  63% used [0x00000000f5aa0000, 0x00000000f64fef18, 0x00000000f64ff000, 0x00000000f6ae6000)
 Metaspace       used 31022K, capacity 32194K, committed 32384K, reserved 1077248K
  class space    used 3929K, capacity 4201K, committed 4224K, reserved 1048576K
Event: 5.828 GC heap after
Heap after GC invocations=72 (full 2):
 def new generation   total 7552K, used 616K [0x00000000f0800000, 0x00000000f1030000, 0x00000000f5aa0000)
  eden space 6720K,   0% used [0x00000000f0800000, 0x00000000f0800000, 0x00000000f0e90000)
  from space 832K,  74% used [0x00000000f0f60000, 0x00000000f0ffa100, 0x00000000f1030000)
  to   space 832K,   0% used [0x00000000f0e90000, 0x00000000f0e90000, 0x00000000f0f60000)
 tenured generation   total 16664K, used 10940K [0x00000000f5aa0000, 0x00000000f6ae6000, 0x0000000100000000)
   the space 16664K,  65% used [0x00000000f5aa0000, 0x00000000f654f178, 0x00000000f654f200, 0x00000000f6ae6000)
 Metaspace       used 31022K, capacity 32194K, committed 32384K, reserved 1077248K
  class space    used 3929K, capacity 4201K, committed 4224K, reserved 1048576K
}
Event: 5.958 GC heap before
{Heap before GC invocations=72 (full 2):
 def new generation   total 7552K, used 7336K [0x00000000f0800000, 0x00000000f1030000, 0x00000000f5aa0000)
  eden space 6720K, 100% used [0x00000000f0800000, 0x00000000f0e90000, 0x00000000f0e90000)
  from space 832K,  74% used [0x00000000f0f60000, 0x00000000f0ffa100, 0x00000000f1030000)
  to   space 832K,   0% used [0x00000000f0e90000, 0x00000000f0e90000, 0x00000000f0f60000)
 tenured generation   total 16664K, used 10940K [0x00000000f5aa0000, 0x00000000f6ae6000, 0x0000000100000000)
   the space 16664K,  65% used [0x00000000f5aa0000, 0x00000000f654f178, 0x00000000f654f200, 0x00000000f6ae6000)
 Metaspace       used 31557K, capacity 32802K, committed 33024K, reserved 1077248K
  class space    used 4006K, capacity 4297K, committed 4352K, reserved 1048576K
Event: 5.961 GC heap after
Heap after GC invocations=73 (full 2):
 def new generation   total 7552K, used 605K [0x00000000f0800000, 0x00000000f1030000, 0x00000000f5aa0000)
  eden space 6720K,   0% used [0x00000000f0800000, 0x00000000f0800000, 0x00000000f0e90000)
  from space 832K,  72% used [0x00000000f0e90000, 0x00000000f0f27550, 0x00000000f0f60000)
  to   space 832K,   0% used [0x00000000f0f60000, 0x00000000f0f60000, 0x00000000f1030000)
 tenured generation   total 16664K, used 11166K [0x00000000f5aa0000, 0x00000000f6ae6000, 0x0000000100000000)
   the space 16664K,  67% used [0x00000000f5aa0000, 0x00000000f6587848, 0x00000000f6587a00, 0x00000000f6ae6000)
 Metaspace       used 31557K, capacity 32802K, committed 33024K, reserved 1077248K
  class space    used 4006K, capacity 4297K, committed 4352K, reserved 1048576K
}
Event: 6.157 GC heap before
{Heap before GC invocations=73 (full 2):
 def new generation   total 7552K, used 7325K [0x00000000f0800000, 0x00000000f1030000, 0x00000000f5aa0000)
  eden space 6720K, 100% used [0x00000000f0800000, 0x00000000f0e90000, 0x00000000f0e90000)
  from space 832K,  72% used [0x00000000f0e90000, 0x00000000f0f27550, 0x00000000f0f60000)
  to   space 832K,   0% used [0x00000000f0f60000, 0x00000000f0f60000, 0x00000000f1030000)
 tenured generation   total 16664K, used 11166K [0x00000000f5aa0000, 0x00000000f6ae6000, 0x0000000100000000)
   the space 16664K,  67% used [0x00000000f5aa0000, 0x00000000f6587848, 0x00000000f6587a00, 0x00000000f6ae6000)
 Metaspace       used 32084K, capacity 33320K, committed 33664K, reserved 1079296K
  class space    used 4061K, capacity 4362K, committed 4480K, reserved 1048576K
Event: 6.160 GC heap after
Heap after GC invocations=74 (full 2):
 def new generation   total 7552K, used 525K [0x00000000f0800000, 0x00000000f1030000, 0x00000000f5aa0000)
  eden space 6720K,   0% used [0x00000000f0800000, 0x00000000f0800000, 0x00000000f0e90000)
  from space 832K,  63% used [0x00000000f0f60000, 0x00000000f0fe3410, 0x00000000f1030000)
  to   space 832K,   0% used [0x00000000f0e90000, 0x00000000f0e90000, 0x00000000f0f60000)
 tenured generation   total 16664K, used 11338K [0x00000000f5aa0000, 0x00000000f6ae6000, 0x0000000100000000)
   the space 16664K,  68% used [0x00000000f5aa0000, 0x00000000f65b2950, 0x00000000f65b2a00, 0x00000000f6ae6000)
 Metaspace       used 32084K, capacity 33320K, committed 33664K, reserved 1079296K
  class space    used 4061K, capacity 4362K, committed 4480K, reserved 1048576K
}
Event: 6.328 GC heap before
{Heap before GC invocations=74 (full 2):
 def new generation   total 7552K, used 7245K [0x00000000f0800000, 0x00000000f1030000, 0x00000000f5aa0000)
  eden space 6720K, 100% used [0x00000000f0800000, 0x00000000f0e90000, 0x00000000f0e90000)
  from space 832K,  63% used [0x00000000f0f60000, 0x00000000f0fe3410, 0x00000000f1030000)
  to   space 832K,   0% used [0x00000000f0e90000, 0x00000000f0e90000, 0x00000000f0f60000)
 tenured generation   total 16664K, used 11338K [0x00000000f5aa0000, 0x00000000f6ae6000, 0x0000000100000000)
   the space 16664K,  68% used [0x00000000f5aa0000, 0x00000000f65b2950, 0x00000000f65b2a00, 0x00000000f6ae6000)
 Metaspace       used 32448K, capacity 33678K, committed 33920K, reserved 1079296K
  class space    used 4090K, capacity 4395K, committed 4480K, reserved 1048576K
Event: 6.331 GC heap after
Heap after GC invocations=75 (full 2):
 def new generation   total 7552K, used 329K [0x00000000f0800000, 0x00000000f1030000, 0x00000000f5aa0000)
  eden space 6720K,   0% used [0x00000000f0800000, 0x00000000f0800000, 0x00000000f0e90000)
  from space 832K,  39% used [0x00000000f0e90000, 0x00000000f0ee2750, 0x00000000f0f60000)
  to   space 832K,   0% used [0x00000000f0f60000, 0x00000000f0f60000, 0x00000000f1030000)
 tenured generation   total 16664K, used 11549K [0x00000000f5aa0000, 0x00000000f6ae6000, 0x0000000100000000)
   the space 16664K,  69% used [0x00000000f5aa0000, 0x00000000f65e75f8, 0x00000000f65e7600, 0x00000000f6ae6000)
 Metaspace       used 32448K, capacity 33678K, committed 33920K, reserved 1079296K
  class space    used 4090K, capacity 4395K, committed 4480K, reserved 1048576K
}
Event: 6.488 GC heap before
{Heap before GC invocations=75 (full 2):
 def new generation   total 7552K, used 7049K [0x00000000f0800000, 0x00000000f1030000, 0x00000000f5aa0000)
  eden space 6720K, 100% used [0x00000000f0800000, 0x00000000f0e90000, 0x00000000f0e90000)
  from space 832K,  39% used [0x00000000f0e90000, 0x00000000f0ee2750, 0x00000000f0f60000)
  to   space 832K,   0% used [0x00000000f0f60000, 0x00000000f0f60000, 0x00000000f1030000)
 tenured generation   total 16664K, used 11549K [0x00000000f5aa0000, 0x00000000f6ae6000, 0x0000000100000000)
   the space 16664K,  69% used [0x00000000f5aa0000, 0x00000000f65e75f8, 0x00000000f65e7600, 0x00000000f6ae6000)
 Metaspace       used 32801K, capacity 34006K, committed 34176K, reserved 1079296K
  class space    used 4127K, capacity 4433K, committed 4480K, reserved 1048576K
Event: 6.491 GC heap after
Heap after GC invocations=76 (full 2):
 def new generation   total 7552K, used 801K [0x00000000f0800000, 0x00000000f1030000, 0x00000000f5aa0000)
  eden space 6720K,   0% used [0x00000000f0800000, 0x00000000f0800000, 0x00000000f0e90000)
  from space 832K,  96% used [0x00000000f0f60000, 0x00000000f10284e0, 0x00000000f1030000)
  to   space 832K,   0% used [0x00000000f0e90000, 0x00000000f0e90000, 0x00000000f0f60000)
 tenured generation   total 16664K, used 11549K [0x00000000f5aa0000, 0x00000000f6ae6000, 0x0000000100000000)
   the space 16664K,  69% used [0x00000000f5aa0000, 0x00000000f65e75f8, 0x00000000f65e7600, 0x00000000f6ae6000)
 Metaspace       used 32801K, capacity 34006K, committed 34176K, reserved 1079296K
  class space    used 4127K, capacity 4433K, committed 4480K, reserved 1048576K
}
Event: 6.626 GC heap before
{Heap before GC invocations=76 (full 2):
 def new generation   total 7552K, used 7521K [0x00000000f0800000, 0x00000000f1030000, 0x00000000f5aa0000)
  eden space 6720K, 100% used [0x00000000f0800000, 0x00000000f0e90000, 0x00000000f0e90000)
  from space 832K,  96% used [0x00000000f0f60000, 0x00000000f10284e0, 0x00000000f1030000)
  to   space 832K,   0% used [0x00000000f0e90000, 0x00000000f0e90000, 0x00000000f0f60000)
 tenured generation   total 16664K, used 11549K [0x00000000f5aa0000, 0x00000000f6ae6000, 0x0000000100000000)
   the space 16664K,  69% used [0x00000000f5aa0000, 0x00000000f65e75f8, 0x00000000f65e7600, 0x00000000f6ae6000)
 Metaspace       used 33094K, capacity 34448K, committed 34688K, reserved 1079296K
  class space    used 4169K, capacity 4480K, committed 4480K, reserved 1048576K
Event: 6.632 GC heap after
Heap after GC invocations=77 (full 2):
 def new generation   total 7552K, used 832K [0x00000000f0800000, 0x00000000f1030000, 0x00000000f5aa0000)
  eden space 6720K,   0% used [0x00000000f0800000, 0x00000000f0800000, 0x00000000f0e90000)
  from space 832K, 100% used [0x00000000f0e90000, 0x00000000f0f60000, 0x00000000f0f60000)
  to   space 832K,   0% used [0x00000000f0f60000, 0x00000000f0f60000, 0x00000000f1030000)
 tenured generation   total 16664K, used 12265K [0x00000000f5aa0000, 0x00000000f6ae6000, 0x0000000100000000)
   the space 16664K,  73% used [0x00000000f5aa0000, 0x00000000f669a420, 0x00000000f669a600, 0x00000000f6ae6000)
 Metaspace       used 33094K, capacity 34448K, committed 34688K, reserved 1079296K
  class space    used 4169K, capacity 4480K, committed 4480K, reserved 1048576K
}
Event: 6.711 GC heap before
{Heap before GC invocations=77 (full 2):
 def new generation   total 7552K, used 7552K [0x00000000f0800000, 0x00000000f1030000, 0x00000000f5aa0000)
  eden space 6720K, 100% used [0x00000000f0800000, 0x00000000f0e90000, 0x00000000f0e90000)
  from space 832K, 100% used [0x00000000f0e90000, 0x00000000f0f60000, 0x00000000f0f60000)
  to   space 832K,   0% used [0x00000000f0f60000, 0x00000000f0f60000, 0x00000000f1030000)
 tenured generation   total 16664K, used 12265K [0x00000000f5aa0000, 0x00000000f6ae6000, 0x0000000100000000)
   the space 16664K,  73% used [0x00000000f5aa0000, 0x00000000f669a420, 0x00000000f669a600, 0x00000000f6ae6000)
 Metaspace       used 33249K, capacity 34560K, committed 34816K, reserved 1079296K
  class space    used 4195K, capacity 4514K, committed 4608K, reserved 1048576K
Event: 6.715 GC heap after
Heap after GC invocations=78 (full 2):
 def new generation   total 7552K, used 275K [0x00000000f0800000, 0x00000000f1030000, 0x00000000f5aa0000)
  eden space 6720K,   0% used [0x00000000f0800000, 0x00000000f0800000, 0x00000000f0e90000)
  from space 832K,  33% used [0x00000000f0f60000, 0x00000000f0fa4c98, 0x00000000f1030000)
  to   space 832K,   0% used [0x00000000f0e90000, 0x00000000f0e90000, 0x00000000f0f60000)
 tenured generation   total 16664K, used 12957K [0x00000000f5aa0000, 0x00000000f6ae6000, 0x0000000100000000)
   the space 16664K,  77% used [0x00000000f5aa0000, 0x00000000f6747638, 0x00000000f6747800, 0x00000000f6ae6000)
 Metaspace       used 33249K, capacity 34560K, committed 34816K, reserved 1079296K
  class space    used 4195K, capacity 4514K, committed 4608K, reserved 1048576K
}
Event: 6.810 GC heap before
{Heap before GC invocations=78 (full 2):
 def new generation   total 7552K, used 6995K [0x00000000f0800000, 0x00000000f1030000, 0x00000000f5aa0000)
  eden space 6720K, 100% used [0x00000000f0800000, 0x00000000f0e90000, 0x00000000f0e90000)
  from space 832K,  33% used [0x00000000f0f60000, 0x00000000f0fa4c98, 0x00000000f1030000)
  to   space 832K,   0% used [0x00000000f0e90000, 0x00000000f0e90000, 0x00000000f0f60000)
 tenured generation   total 16664K, used 12957K [0x00000000f5aa0000, 0x00000000f6ae6000, 0x0000000100000000)
   the space 16664K,  77% used [0x00000000f5aa0000, 0x00000000f6747638, 0x00000000f6747800, 0x00000000f6ae6000)
 Metaspace       used 33392K, capacity 34698K, committed 34816K, reserved 1079296K
  class space    used 4217K, capacity 4517K, committed 4608K, reserved 1048576K
Event: 6.813 GC heap after
Heap after GC invocations=79 (full 2):
 def new generation   total 7552K, used 398K [0x00000000f0800000, 0x00000000f1030000, 0x00000000f5aa0000)
  eden space 6720K,   0% used [0x00000000f0800000, 0x00000000f0800000, 0x00000000f0e90000)
  from space 832K,  47% used [0x00000000f0e90000, 0x00000000f0ef3bb8, 0x00000000f0f60000)
  to   space 832K,   0% used [0x00000000f0f60000, 0x00000000f0f60000, 0x00000000f1030000)
 tenured generation   total 16664K, used 12957K [0x00000000f5aa0000, 0x00000000f6ae6000, 0x0000000100000000)
   the space 16664K,  77% used [0x00000000f5aa0000, 0x00000000f6747638, 0x00000000f6747800, 0x00000000f6ae6000)
 Metaspace       used 33392K, capacity 34698K, committed 34816K, reserved 1079296K
  class space    used 4217K, capacity 4517K, committed 4608K, reserved 1048576K
}
Event: 6.922 GC heap before
{Heap before GC invocations=79 (full 2):
 def new generation   total 7552K, used 7118K [0x00000000f0800000, 0x00000000f1030000, 0x00000000f5aa0000)
  eden space 6720K, 100% used [0x00000000f0800000, 0x00000000f0e90000, 0x00000000f0e90000)
  from space 832K,  47% used [0x00000000f0e90000, 0x00000000f0ef3bb8, 0x00000000f0f60000)
  to   space 832K,   0% used [0x00000000f0f60000, 0x00000000f0f60000, 0x00000000f1030000)
 tenured generation   total 16664K, used 12957K [0x00000000f5aa0000, 0x00000000f6ae6000, 0x0000000100000000)
   the space 16664K,  77% used [0x00000000f5aa0000, 0x00000000f6747638, 0x00000000f6747800, 0x00000000f6ae6000)
 Metaspace       used 33499K, capacity 34858K, committed 35072K, reserved 1079296K
  class space    used 4232K, capacity 4523K, committed 4608K, reserved 1048576K
Event: 6.925 GC heap after
Heap after GC invocations=80 (full 2):
 def new generation   total 7552K, used 578K [0x00000000f0800000, 0x00000000f1030000, 0x00000000f5aa0000)
  eden space 6720K,   0% used [0x00000000f0800000, 0x00000000f0800000, 0x00000000f0e90000)
  from space 832K,  69% used [0x00000000f0f60000, 0x00000000f0ff0910, 0x00000000f1030000)
  to   space 832K,   0% used [0x00000000f0e90000, 0x00000000f0e90000, 0x00000000f0f60000)
 tenured generation   total 16664K, used 12957K [0x00000000f5aa0000, 0x00000000f6ae6000, 0x0000000100000000)
   the space 16664K,  77% used [0x00000000f5aa0000, 0x00000000f6747638, 0x00000000f6747800, 0x00000000f6ae6000)
 Metaspace       used 33499K, capacity 34858K, committed 35072K, reserved 1079296K
  class space    used 4232K, capacity 4523K, committed 4608K, reserved 1048576K
}
Event: 7.004 GC heap before
{Heap before GC invocations=80 (full 2):
 def new generation   total 7552K, used 7298K [0x00000000f0800000, 0x00000000f1030000, 0x00000000f5aa0000)
  eden space 6720K, 100% used [0x00000000f0800000, 0x00000000f0e90000, 0x00000000f0e90000)
  from space 832K,  69% used [0x00000000f0f60000, 0x00000000f0ff0910, 0x00000000f1030000)
  to   space 832K,   0% used [0x00000000f0e90000, 0x00000000f0e90000, 0x00000000f0f60000)
 tenured generation   total 16664K, used 12957K [0x00000000f5aa0000, 0x00000000f6ae6000, 0x0000000100000000)
   the space 16664K,  77% used [0x00000000f5aa0000, 0x00000000f6747638, 0x00000000f6747800, 0x00000000f6ae6000)
 Metaspace       used 33665K, capacity 34962K, committed 35072K, reserved 1079296K
  class space    used 4260K, capacity 4555K, committed 4608K, reserved 1048576K
Event: 7.008 GC heap after
Heap after GC invocations=81 (full 2):
 def new generation   total 7552K, used 551K [0x00000000f0800000, 0x00000000f1030000, 0x00000000f5aa0000)
  eden space 6720K,   0% used [0x00000000f0800000, 0x00000000f0800000, 0x00000000f0e90000)
  from space 832K,  66% used [0x00000000f0e90000, 0x00000000f0f19c80, 0x00000000f0f60000)
  to   space 832K,   0% used [0x00000000f0f60000, 0x00000000f0f60000, 0x00000000f1030000)
 tenured generation   total 16664K, used 13262K [0x00000000f5aa0000, 0x00000000f6ae6000, 0x0000000100000000)
   the space 16664K,  79% used [0x00000000f5aa0000, 0x00000000f6793a40, 0x00000000f6793c00, 0x00000000f6ae6000)
 Metaspace       used 33665K, capacity 34962K, committed 35072K, reserved 1079296K
  class space    used 4260K, capacity 4555K, committed 4608K, reserved 1048576K
}
Event: 7.160 GC heap before
{Heap before GC invocations=81 (full 2):
 def new generation   total 7552K, used 7271K [0x00000000f0800000, 0x00000000f1030000, 0x00000000f5aa0000)
  eden space 6720K, 100% used [0x00000000f0800000, 0x00000000f0e90000, 0x00000000f0e90000)
  from space 832K,  66% used [0x00000000f0e90000, 0x00000000f0f19c80, 0x00000000f0f60000)
  to   space 832K,   0% used [0x00000000f0f60000, 0x00000000f0f60000, 0x00000000f1030000)
 tenured generation   total 16664K, used 13262K [0x00000000f5aa0000, 0x00000000f6ae6000, 0x0000000100000000)
   the space 16664K,  79% used [0x00000000f5aa0000, 0x00000000f6793a40, 0x00000000f6793c00, 0x00000000f6ae6000)
 Metaspace       used 33931K, capacity 35230K, committed 35328K, reserved 1079296K
  class space    used 4296K, capacity 4597K, committed 4608K, reserved 1048576K
Event: 7.164 GC heap after
Heap after GC invocations=82 (full 2):
 def new generation   total 7552K, used 779K [0x00000000f0800000, 0x00000000f1030000, 0x00000000f5aa0000)
  eden space 6720K,   0% used [0x00000000f0800000, 0x00000000f0800000, 0x00000000f0e90000)
  from space 832K,  93% used [0x00000000f0f60000, 0x00000000f1022c28, 0x00000000f1030000)
  to   space 832K,   0% used [0x00000000f0e90000, 0x00000000f0e90000, 0x00000000f0f60000)
 tenured generation   total 16664K, used 13484K [0x00000000f5aa0000, 0x00000000f6ae6000, 0x0000000100000000)
   the space 16664K,  80% used [0x00000000f5aa0000, 0x00000000f67cb0b8, 0x00000000f67cb200, 0x00000000f6ae6000)
 Metaspace       used 33931K, capacity 35230K, committed 35328K, reserved 1079296K
  class space    used 4296K, capacity 4597K, committed 4608K, reserved 1048576K
}
Event: 7.312 GC heap before
{Heap before GC invocations=82 (full 2):
 def new generation   total 7552K, used 7499K [0x00000000f0800000, 0x00000000f1030000, 0x00000000f5aa0000)
  eden space 6720K, 100% used [0x00000000f0800000, 0x00000000f0e90000, 0x00000000f0e90000)
  from space 832K,  93% used [0x00000000f0f60000, 0x00000000f1022c28, 0x00000000f1030000)
  to   space 832K,   0% used [0x00000000f0e90000, 0x00000000f0e90000, 0x00000000f0f60000)
 tenured generation   total 16664K, used 13484K [0x00000000f5aa0000, 0x00000000f6ae6000, 0x0000000100000000)
   the space 16664K,  80% used [0x00000000f5aa0000, 0x00000000f67cb0b8, 0x00000000f67cb200, 0x00000000f6ae6000)
 Metaspace       used 34153K, capacity 35518K, committed 35584K, reserved 1081344K
  class space    used 4311K, capacity 4603K, committed 4608K, reserved 1048576K
Event: 7.316 GC heap after
Heap after GC invocations=83 (full 2):
 def new generation   total 7552K, used 329K [0x00000000f0800000, 0x00000000f1030000, 0x00000000f5aa0000)
  eden space 6720K,   0% used [0x00000000f0800000, 0x00000000f0800000, 0x00000000f0e90000)
  from space 832K,  39% used [0x00000000f0e90000, 0x00000000f0ee2698, 0x00000000f0f60000)
  to   space 832K,   0% used [0x00000000f0f60000, 0x00000000f0f60000, 0x00000000f1030000)
 tenured generation   total 16664K, used 14090K [0x00000000f5aa0000, 0x00000000f6ae6000, 0x0000000100000000)
   the space 16664K,  84% used [0x00000000f5aa0000, 0x00000000f68629f0, 0x00000000f6862a00, 0x00000000f6ae6000)
 Metaspace       used 34153K, capacity 35518K, committed 35584K, reserved 1081344K
  class space    used 4311K, capacity 4603K, committed 4608K, reserved 1048576K
}
Event: 7.421 GC heap before
{Heap before GC invocations=83 (full 2):
 def new generation   total 7552K, used 7046K [0x00000000f0800000, 0x00000000f1030000, 0x00000000f5aa0000)
  eden space 6720K,  99% used [0x00000000f0800000, 0x00000000f0e8f510, 0x00000000f0e90000)
  from space 832K,  39% used [0x00000000f0e90000, 0x00000000f0ee2698, 0x00000000f0f60000)
  to   space 832K,   0% used [0x00000000f0f60000, 0x00000000f0f60000, 0x00000000f1030000)
 tenured generation   total 16664K, used 14090K [0x00000000f5aa0000, 0x00000000f6ae6000, 0x0000000100000000)
   the space 16664K,  84% used [0x00000000f5aa0000, 0x00000000f68629f0, 0x00000000f6862a00, 0x00000000f6ae6000)
 Metaspace       used 34671K, capacity 36044K, committed 36224K, reserved 1081344K
  class space    used 4362K, capacity 4670K, committed 4736K, reserved 1048576K
Event: 7.425 GC heap after
Heap after GC invocations=84 (full 2):
 def new generation   total 7552K, used 766K [0x00000000f0800000, 0x00000000f1030000, 0x00000000f5aa0000)
  eden space 6720K,   0% used [0x00000000f0800000, 0x00000000f0800000, 0x00000000f0e90000)
  from space 832K,  92% used [0x00000000f0f60000, 0x00000000f101fa30, 0x00000000f1030000)
  to   space 832K,   0% used [0x00000000f0e90000, 0x00000000f0e90000, 0x00000000f0f60000)
 tenured generation   total 16664K, used 14090K [0x00000000f5aa0000, 0x00000000f6ae6000, 0x0000000100000000)
   the space 16664K,  84% used [0x00000000f5aa0000, 0x00000000f68629f0, 0x00000000f6862a00, 0x00000000f6ae6000)
 Metaspace       used 34671K, capacity 36044K, committed 36224K, reserved 1081344K
  class space    used 4362K, capacity 4670K, committed 4736K, reserved 1048576K
}
Event: 7.604 GC heap before
{Heap before GC invocations=84 (full 2):
 def new generation   total 7552K, used 7378K [0x00000000f0800000, 0x00000000f1030000, 0x00000000f5aa0000)
  eden space 6720K,  98% used [0x00000000f0800000, 0x00000000f0e74ff0, 0x00000000f0e90000)
  from space 832K,  92% used [0x00000000f0f60000, 0x00000000f101fa30, 0x00000000f1030000)
  to   space 832K,   0% used [0x00000000f0e90000, 0x00000000f0e90000, 0x00000000f0f60000)
 tenured generation   total 16664K, used 14090K [0x00000000f5aa0000, 0x00000000f6ae6000, 0x0000000100000000)
   the space 16664K,  84% used [0x00000000f5aa0000, 0x00000000f68629f0, 0x00000000f6862a00, 0x00000000f6ae6000)
 Metaspace       used 36116K, capacity 37454K, committed 37632K, reserved 1081344K
  class space    used 4511K, capacity 4799K, committed 4864K, reserved 1048576K
Event: 7.611 GC heap after
Heap after GC invocations=85 (full 2):
 def new generation   total 7552K, used 832K [0x00000000f0800000, 0x00000000f1030000, 0x00000000f5aa0000)
  eden space 6720K,   0% used [0x00000000f0800000, 0x00000000f0800000, 0x00000000f0e90000)
  from space 832K, 100% used [0x00000000f0e90000, 0x00000000f0f60000, 0x00000000f0f60000)
  to   space 832K,   0% used [0x00000000f0f60000, 0x00000000f0f60000, 0x00000000f1030000)
 tenured generation   total 16664K, used 15058K [0x00000000f5aa0000, 0x00000000f6ae6000, 0x0000000100000000)
   the space 16664K,  90% used [0x00000000f5aa0000, 0x00000000f6954870, 0x00000000f6954a00, 0x00000000f6ae6000)
 Metaspace       used 36116K, capacity 37454K, committed 37632K, reserved 1081344K
  class space    used 4511K, capacity 4799K, committed 4864K, reserved 1048576K
}
Event: 7.765 GC heap before
{Heap before GC invocations=85 (full 2):
 def new generation   total 7552K, used 7552K [0x00000000f0800000, 0x00000000f1030000, 0x00000000f5aa0000)
  eden space 6720K, 100% used [0x00000000f0800000, 0x00000000f0e90000, 0x00000000f0e90000)
  from space 832K, 100% used [0x00000000f0e90000, 0x00000000f0f60000, 0x00000000f0f60000)
  to   space 832K,   0% used [0x00000000f0f60000, 0x00000000f0f60000, 0x00000000f1030000)
 tenured generation   total 16664K, used 15058K [0x00000000f5aa0000, 0x00000000f6ae6000, 0x0000000100000000)
   the space 16664K,  90% used [0x00000000f5aa0000, 0x00000000f6954870, 0x00000000f6954a00, 0x00000000f6ae6000)
 Metaspace       used 37407K, capacity 38766K, committed 39040K, reserved 1083392K
  class space    used 4654K, capacity 4959K, committed 4992K, reserved 1048576K
Event: 7.768 GC heap after
Heap after GC invocations=86 (full 2):
 def new generation   total 7552K, used 831K [0x00000000f0800000, 0x00000000f1030000, 0x00000000f5aa0000)
  eden space 6720K,   0% used [0x00000000f0800000, 0x00000000f0800000, 0x00000000f0e90000)
  from space 832K,  99% used [0x00000000f0f60000, 0x00000000f102fff0, 0x00000000f1030000)
  to   space 832K,   0% used [0x00000000f0e90000, 0x00000000f0e90000, 0x00000000f0f60000)
 tenured generation   total 16664K, used 15974K [0x00000000f5aa0000, 0x00000000f6ae6000, 0x0000000100000000)
   the space 16664K,  95% used [0x00000000f5aa0000, 0x00000000f6a39b40, 0x00000000f6a39c00, 0x00000000f6ae6000)
 Metaspace       used 37407K, capacity 38766K, committed 39040K, reserved 1083392K
  class space    used 4654K, capacity 4959K, committed 4992K, reserved 1048576K
}
Event: 7.973 GC heap before
{Heap before GC invocations=86 (full 2):
 def new generation   total 7552K, used 7551K [0x00000000f0800000, 0x00000000f1030000, 0x00000000f5aa0000)
  eden space 6720K, 100% used [0x00000000f0800000, 0x00000000f0e90000, 0x00000000f0e90000)
  from space 832K,  99% used [0x00000000f0f60000, 0x00000000f102fff0, 0x00000000f1030000)
  to   space 832K,   0% used [0x00000000f0e90000, 0x00000000f0e90000, 0x00000000f0f60000)
 tenured generation   total 16664K, used 15974K [0x00000000f5aa0000, 0x00000000f6ae6000, 0x0000000100000000)
   the space 16664K,  95% used [0x00000000f5aa0000, 0x00000000f6a39b40, 0x00000000f6a39c00, 0x00000000f6ae6000)
 Metaspace       used 37984K, capacity 39330K, committed 39680K, reserved 1083392K
  class space    used 4722K, capacity 5033K, committed 5120K, reserved 1048576K
Event: 7.977 GC heap after
Heap after GC invocations=87 (full 2):
 def new generation   total 7552K, used 726K [0x00000000f0800000, 0x00000000f1030000, 0x00000000f5aa0000)
  eden space 6720K,   0% used [0x00000000f0800000, 0x00000000f0800000, 0x00000000f0e90000)
  from space 832K,  87% used [0x00000000f0e90000, 0x00000000f0f458e8, 0x00000000f0f60000)
  to   space 832K,   0% used [0x00000000f0f60000, 0x00000000f0f60000, 0x00000000f1030000)
 tenured generation   total 16664K, used 16323K [0x00000000f5aa0000, 0x00000000f6ae6000, 0x0000000100000000)
   the space 16664K,  97% used [0x00000000f5aa0000, 0x00000000f6a90d20, 0x00000000f6a90e00, 0x00000000f6ae6000)
 Metaspace       used 37984K, capacity 39330K, committed 39680K, reserved 1083392K
  class space    used 4722K, capacity 5033K, committed 5120K, reserved 1048576K
}
Event: 8.086 GC heap before
{Heap before GC invocations=87 (full 2):
 def new generation   total 7552K, used 7446K [0x00000000f0800000, 0x00000000f1030000, 0x00000000f5aa0000)
  eden space 6720K, 100% used [0x00000000f0800000, 0x00000000f0e90000, 0x00000000f0e90000)
  from space 832K,  87% used [0x00000000f0e90000, 0x00000000f0f458e8, 0x00000000f0f60000)
  to   space 832K,   0% used [0x00000000f0f60000, 0x00000000f0f60000, 0x00000000f1030000)
 tenured generation   total 16664K, used 16323K [0x00000000f5aa0000, 0x00000000f6ae6000, 0x0000000100000000)
   the space 16664K,  97% used [0x00000000f5aa0000, 0x00000000f6a90d20, 0x00000000f6a90e00, 0x00000000f6ae6000)
 Metaspace       used 38507K, capacity 39976K, committed 40192K, reserved 1085440K
  class space    used 4764K, capacity 5098K, committed 5120K, reserved 1048576K
Event: 8.150 GC heap after
Heap after GC invocations=88 (full 3):
 def new generation   total 11968K, used 0K [0x00000000f0800000, 0x00000000f14f0000, 0x00000000f5aa0000)
  eden space 10688K,   0% used [0x00000000f0800000, 0x00000000f0800000, 0x00000000f1270000)
  from space 1280K,   0% used [0x00000000f1270000, 0x00000000f1270000, 0x00000000f13b0000)
  to   space 1280K,   0% used [0x00000000f13b0000, 0x00000000f13b0000, 0x00000000f14f0000)
 tenured generation   total 26356K, used 15812K [0x00000000f5aa0000, 0x00000000f745d000, 0x0000000100000000)
   the space 26356K,  59% used [0x00000000f5aa0000, 0x00000000f6a11058, 0x00000000f6a11200, 0x00000000f745d000)
 Metaspace       used 38507K, capacity 39976K, committed 40192K, reserved 1085440K
  class space    used 4764K, capacity 5098K, committed 5120K, reserved 1048576K
}
Event: 8.297 GC heap before
{Heap before GC invocations=88 (full 3):
 def new generation   total 11968K, used 10688K [0x00000000f0800000, 0x00000000f14f0000, 0x00000000f5aa0000)
  eden space 10688K, 100% used [0x00000000f0800000, 0x00000000f1270000, 0x00000000f1270000)
  from space 1280K,   0% used [0x00000000f1270000, 0x00000000f1270000, 0x00000000f13b0000)
  to   space 1280K,   0% used [0x00000000f13b0000, 0x00000000f13b0000, 0x00000000f14f0000)
 tenured generation   total 26356K, used 15812K [0x00000000f5aa0000, 0x00000000f745d000, 0x0000000100000000)
   the space 26356K,  59% used [0x00000000f5aa0000, 0x00000000f6a11058, 0x00000000f6a11200, 0x00000000f745d000)
 Metaspace       used 39495K, capacity 40938K, committed 41216K, reserved 1085440K
  class space    used 4958K, capacity 5291K, committed 5376K, reserved 1048576K
Event: 8.300 GC heap after
Heap after GC invocations=89 (full 3):
 def new generation   total 11968K, used 899K [0x00000000f0800000, 0x00000000f14f0000, 0x00000000f5aa0000)
  eden space 10688K,   0% used [0x00000000f0800000, 0x00000000f0800000, 0x00000000f1270000)
  from space 1280K,  70% used [0x00000000f13b0000, 0x00000000f1490db0, 0x00000000f14f0000)
  to   space 1280K,   0% used [0x00000000f1270000, 0x00000000f1270000, 0x00000000f13b0000)
 tenured generation   total 26356K, used 15812K [0x00000000f5aa0000, 0x00000000f745d000, 0x0000000100000000)
   the space 26356K,  59% used [0x00000000f5aa0000, 0x00000000f6a11058, 0x00000000f6a11200, 0x00000000f745d000)
 Metaspace       used 39495K, capacity 40938K, committed 41216K, reserved 1085440K
  class space    used 4958K, capacity 5291K, committed 5376K, reserved 1048576K
}
Event: 8.417 GC heap before
{Heap before GC invocations=89 (full 3):
 def new generation   total 11968K, used 11587K [0x00000000f0800000, 0x00000000f14f0000, 0x00000000f5aa0000)
  eden space 10688K, 100% used [0x00000000f0800000, 0x00000000f1270000, 0x00000000f1270000)
  from space 1280K,  70% used [0x00000000f13b0000, 0x00000000f1490db0, 0x00000000f14f0000)
  to   space 1280K,   0% used [0x00000000f1270000, 0x00000000f1270000, 0x00000000f13b0000)
 tenured generation   total 26356K, used 15812K [0x00000000f5aa0000, 0x00000000f745d000, 0x0000000100000000)
   the space 26356K,  59% used [0x00000000f5aa0000, 0x00000000f6a11058, 0x00000000f6a11200, 0x00000000f745d000)
 Metaspace       used 40182K, capacity 41612K, committed 41856K, reserved 1085440K
  class space    used 5078K, capacity 5388K, committed 5504K, reserved 1048576K
Event: 8.420 GC heap after
Heap after GC invocations=90 (full 3):
 def new generation   total 11968K, used 677K [0x00000000f0800000, 0x00000000f14f0000, 0x00000000f5aa0000)
  eden space 10688K,   0% used [0x00000000f0800000, 0x00000000f0800000, 0x00000000f1270000)
  from space 1280K,  52% used [0x00000000f1270000, 0x00000000f1319470, 0x00000000f13b0000)
  to   space 1280K,   0% used [0x00000000f13b0000, 0x00000000f13b0000, 0x00000000f14f0000)
 tenured generation   total 26356K, used 15952K [0x00000000f5aa0000, 0x00000000f745d000, 0x0000000100000000)
   the space 26356K,  60% used [0x00000000f5aa0000, 0x00000000f6a34068, 0x00000000f6a34200, 0x00000000f745d000)
 Metaspace       used 40182K, capacity 41612K, committed 41856K, reserved 1085440K
  class space    used 5078K, capacity 5388K, committed 5504K, reserved 1048576K
}
Event: 8.569 GC heap before
{Heap before GC invocations=90 (full 3):
 def new generation   total 11968K, used 11365K [0x00000000f0800000, 0x00000000f14f0000, 0x00000000f5aa0000)
  eden space 10688K, 100% used [0x00000000f0800000, 0x00000000f1270000, 0x00000000f1270000)
  from space 1280K,  52% used [0x00000000f1270000, 0x00000000f1319470, 0x00000000f13b0000)
  to   space 1280K,   0% used [0x00000000f13b0000, 0x00000000f13b0000, 0x00000000f14f0000)
 tenured generation   total 26356K, used 15952K [0x00000000f5aa0000, 0x00000000f745d000, 0x0000000100000000)
   the space 26356K,  60% used [0x00000000f5aa0000, 0x00000000f6a34068, 0x00000000f6a34200, 0x00000000f745d000)
 Metaspace       used 40691K, capacity 42124K, committed 42496K, reserved 1085440K
  class space    used 5189K, capacity 5516K, committed 5632K, reserved 1048576K
Event: 8.572 GC heap after
Heap after GC invocations=91 (full 3):
 def new generation   total 11968K, used 655K [0x00000000f0800000, 0x00000000f14f0000, 0x00000000f5aa0000)
  eden space 10688K,   0% used [0x00000000f0800000, 0x00000000f0800000, 0x00000000f1270000)
  from space 1280K,  51% used [0x00000000f13b0000, 0x00000000f1453fe8, 0x00000000f14f0000)
  to   space 1280K,   0% used [0x00000000f1270000, 0x00000000f1270000, 0x00000000f13b0000)
 tenured generation   total 26356K, used 16050K [0x00000000f5aa0000, 0x00000000f745d000, 0x0000000100000000)
   the space 26356K,  60% used [0x00000000f5aa0000, 0x00000000f6a4cb58, 0x00000000f6a4cc00, 0x00000000f745d000)
 Metaspace       used 40691K, capacity 42124K, committed 42496K, reserved 1085440K
  class space    used 5189K, capacity 5516K, committed 5632K, reserved 1048576K
}
Event: 8.846 GC heap before
{Heap before GC invocations=91 (full 3):
 def new generation   total 11968K, used 11343K [0x00000000f0800000, 0x00000000f14f0000, 0x00000000f5aa0000)
  eden space 10688K, 100% used [0x00000000f0800000, 0x00000000f1270000, 0x00000000f1270000)
  from space 1280K,  51% used [0x00000000f13b0000, 0x00000000f1453fe8, 0x00000000f14f0000)
  to   space 1280K,   0% used [0x00000000f1270000, 0x00000000f1270000, 0x00000000f13b0000)
 tenured generation   total 26356K, used 16050K [0x00000000f5aa0000, 0x00000000f745d000, 0x0000000100000000)
   the space 26356K,  60% used [0x00000000f5aa0000, 0x00000000f6a4cb58, 0x00000000f6a4cc00, 0x00000000f745d000)
 Metaspace       used 41380K, capacity 42750K, committed 43008K, reserved 1087488K
  class space    used 5304K, capacity 5615K, committed 5632K, reserved 1048576K
Event: 8.850 GC heap after
Heap after GC invocations=92 (full 3):
 def new generation   total 11968K, used 902K [0x00000000f0800000, 0x00000000f14f0000, 0x00000000f5aa0000)
  eden space 10688K,   0% used [0x00000000f0800000, 0x00000000f0800000, 0x00000000f1270000)
  from space 1280K,  70% used [0x00000000f1270000, 0x00000000f13518c8, 0x00000000f13b0000)
  to   space 1280K,   0% used [0x00000000f13b0000, 0x00000000f13b0000, 0x00000000f14f0000)
 tenured generation   total 26356K, used 16146K [0x00000000f5aa0000, 0x00000000f745d000, 0x0000000100000000)
   the space 26356K,  61% used [0x00000000f5aa0000, 0x00000000f6a64bb8, 0x00000000f6a64c00, 0x00000000f745d000)
 Metaspace       used 41380K, capacity 42750K, committed 43008K, reserved 1087488K
  class space    used 5304K, capacity 5615K, committed 5632K, reserved 1048576K
}
Event: 9.108 GC heap before
{Heap before GC invocations=92 (full 3):
 def new generation   total 11968K, used 11590K [0x00000000f0800000, 0x00000000f14f0000, 0x00000000f5aa0000)
  eden space 10688K, 100% used [0x00000000f0800000, 0x00000000f1270000, 0x00000000f1270000)
  from space 1280K,  70% used [0x00000000f1270000, 0x00000000f13518c8, 0x00000000f13b0000)
  to   space 1280K,   0% used [0x00000000f13b0000, 0x00000000f13b0000, 0x00000000f14f0000)
 tenured generation   total 26356K, used 16146K [0x00000000f5aa0000, 0x00000000f745d000, 0x0000000100000000)
   the space 26356K,  61% used [0x00000000f5aa0000, 0x00000000f6a64bb8, 0x00000000f6a64c00, 0x00000000f745d000)
 Metaspace       used 42556K, capacity 43992K, committed 44288K, reserved 1087488K
  class space    used 5545K, capacity 5880K, committed 5888K, reserved 1048576K
Event: 9.112 GC heap after
Heap after GC invocations=93 (full 3):
 def new generation   total 11968K, used 1035K [0x00000000f0800000, 0x00000000f14f0000, 0x00000000f5aa0000)
  eden space 10688K,   0% used [0x00000000f0800000, 0x00000000f0800000, 0x00000000f1270000)
  from space 1280K,  80% used [0x00000000f13b0000, 0x00000000f14b2f40, 0x00000000f14f0000)
  to   space 1280K,   0% used [0x00000000f1270000, 0x00000000f1270000, 0x00000000f13b0000)
 tenured generation   total 26356K, used 16429K [0x00000000f5aa0000, 0x00000000f745d000, 0x0000000100000000)
   the space 26356K,  62% used [0x00000000f5aa0000, 0x00000000f6aab598, 0x00000000f6aab600, 0x00000000f745d000)
 Metaspace       used 42556K, capacity 43992K, committed 44288K, reserved 1087488K
  class space    used 5545K, capacity 5880K, committed 5888K, reserved 1048576K
}
Event: 9.588 GC heap before
{Heap before GC invocations=93 (full 3):
 def new generation   total 11968K, used 11723K [0x00000000f0800000, 0x00000000f14f0000, 0x00000000f5aa0000)
  eden space 10688K, 100% used [0x00000000f0800000, 0x00000000f1270000, 0x00000000f1270000)
  from space 1280K,  80% used [0x00000000f13b0000, 0x00000000f14b2f40, 0x00000000f14f0000)
  to   space 1280K,   0% used [0x00000000f1270000, 0x00000000f1270000, 0x00000000f13b0000)
 tenured generation   total 26356K, used 16429K [0x00000000f5aa0000, 0x00000000f745d000, 0x0000000100000000)
   the space 26356K,  62% used [0x00000000f5aa0000, 0x00000000f6aab598, 0x00000000f6aab600, 0x00000000f745d000)
 Metaspace       used 43714K, capacity 45210K, committed 45440K, reserved 1089536K
  class space    used 5677K, capacity 6009K, committed 6016K, reserved 1048576K
Event: 9.593 GC heap after
Heap after GC invocations=94 (full 3):
 def new generation   total 11968K, used 1191K [0x00000000f0800000, 0x00000000f14f0000, 0x00000000f5aa0000)
  eden space 10688K,   0% used [0x00000000f0800000, 0x00000000f0800000, 0x00000000f1270000)
  from space 1280K,  93% used [0x00000000f1270000, 0x00000000f1399c48, 0x00000000f13b0000)
  to   space 1280K,   0% used [0x00000000f13b0000, 0x00000000f13b0000, 0x00000000f14f0000)
 tenured generation   total 26356K, used 16561K [0x00000000f5aa0000, 0x00000000f745d000, 0x0000000100000000)
   the space 26356K,  62% used [0x00000000f5aa0000, 0x00000000f6acc548, 0x00000000f6acc600, 0x00000000f745d000)
 Metaspace       used 43714K, capacity 45210K, committed 45440K, reserved 1089536K
  class space    used 5677K, capacity 6009K, committed 6016K, reserved 1048576K
}
Event: 9.731 GC heap before
{Heap before GC invocations=94 (full 3):
 def new generation   total 11968K, used 11879K [0x00000000f0800000, 0x00000000f14f0000, 0x00000000f5aa0000)
  eden space 10688K, 100% used [0x00000000f0800000, 0x00000000f1270000, 0x00000000f1270000)
  from space 1280K,  93% used [0x00000000f1270000, 0x00000000f1399c48, 0x00000000f13b0000)
  to   space 1280K,   0% used [0x00000000f13b0000, 0x00000000f13b0000, 0x00000000f14f0000)
 tenured generation   total 26356K, used 16561K [0x00000000f5aa0000, 0x00000000f745d000, 0x0000000100000000)
   the space 26356K,  62% used [0x00000000f5aa0000, 0x00000000f6acc548, 0x00000000f6acc600, 0x00000000f745d000)
 Metaspace       used 44840K, capacity 46304K, committed 46592K, reserved 1089536K
  class space    used 5814K, capacity 6138K, committed 6144K, reserved 1048576K
Event: 9.735 GC heap after
Heap after GC invocations=95 (full 3):
 def new generation   total 11968K, used 987K [0x00000000f0800000, 0x00000000f14f0000, 0x00000000f5aa0000)
  eden space 10688K,   0% used [0x00000000f0800000, 0x00000000f0800000, 0x00000000f1270000)
  from space 1280K,  77% used [0x00000000f13b0000, 0x00000000f14a6d08, 0x00000000f14f0000)
  to   space 1280K,   0% used [0x00000000f1270000, 0x00000000f1270000, 0x00000000f13b0000)
 tenured generation   total 26356K, used 16904K [0x00000000f5aa0000, 0x00000000f745d000, 0x0000000100000000)
   the space 26356K,  64% used [0x00000000f5aa0000, 0x00000000f6b22380, 0x00000000f6b22400, 0x00000000f745d000)
 Metaspace       used 44840K, capacity 46304K, committed 46592K, reserved 1089536K
  class space    used 5814K, capacity 6138K, committed 6144K, reserved 1048576K
}
Event: 9.851 GC heap before
{Heap before GC invocations=95 (full 3):
 def new generation   total 11968K, used 11664K [0x00000000f0800000, 0x00000000f14f0000, 0x00000000f5aa0000)
  eden space 10688K,  99% used [0x00000000f0800000, 0x00000000f126d530, 0x00000000f1270000)
  from space 1280K,  77% used [0x00000000f13b0000, 0x00000000f14a6d08, 0x00000000f14f0000)
  to   space 1280K,   0% used [0x00000000f1270000, 0x00000000f1270000, 0x00000000f13b0000)
 tenured generation   total 26356K, used 16904K [0x00000000f5aa0000, 0x00000000f745d000, 0x0000000100000000)
   the space 26356K,  64% used [0x00000000f5aa0000, 0x00000000f6b22380, 0x00000000f6b22400, 0x00000000f745d000)
 Metaspace       used 45686K, capacity 47148K, committed 47232K, reserved 1089536K
  class space    used 5952K, capacity 6268K, committed 6272K, reserved 1048576K
Event: 9.855 GC heap after
Heap after GC invocations=96 (full 3):
 def new generation   total 11968K, used 922K [0x00000000f0800000, 0x00000000f14f0000, 0x00000000f5aa0000)
  eden space 10688K,   0% used [0x00000000f0800000, 0x00000000f0800000, 0x00000000f1270000)
  from space 1280K,  72% used [0x00000000f1270000, 0x00000000f1356b58, 0x00000000f13b0000)
  to   space 1280K,   0% used [0x00000000f13b0000, 0x00000000f13b0000, 0x00000000f14f0000)
 tenured generation   total 26356K, used 17069K [0x00000000f5aa0000, 0x00000000f745d000, 0x0000000100000000)
   the space 26356K,  64% used [0x00000000f5aa0000, 0x00000000f6b4b530, 0x00000000f6b4b600, 0x00000000f745d000)
 Metaspace       used 45686K, capacity 47148K, committed 47232K, reserved 1089536K
  class space    used 5952K, capacity 6268K, committed 6272K, reserved 1048576K
}
Event: 9.965 GC heap before
{Heap before GC invocations=96 (full 3):
 def new generation   total 11968K, used 11610K [0x00000000f0800000, 0x00000000f14f0000, 0x00000000f5aa0000)
  eden space 10688K, 100% used [0x00000000f0800000, 0x00000000f1270000, 0x00000000f1270000)
  from space 1280K,  72% used [0x00000000f1270000, 0x00000000f1356b58, 0x00000000f13b0000)
  to   space 1280K,   0% used [0x00000000f13b0000, 0x00000000f13b0000, 0x00000000f14f0000)
 tenured generation   total 26356K, used 17069K [0x00000000f5aa0000, 0x00000000f745d000, 0x0000000100000000)
   the space 26356K,  64% used [0x00000000f5aa0000, 0x00000000f6b4b530, 0x00000000f6b4b600, 0x00000000f745d000)
 Metaspace       used 46417K, capacity 47822K, committed 48128K, reserved 1091584K
  class space    used 6050K, capacity 6365K, committed 6400K, reserved 1048576K
Event: 9.970 GC heap after
Heap after GC invocations=97 (full 3):
 def new generation   total 11968K, used 832K [0x00000000f0800000, 0x00000000f14f0000, 0x00000000f5aa0000)
  eden space 10688K,   0% used [0x00000000f0800000, 0x00000000f0800000, 0x00000000f1270000)
  from space 1280K,  65% used [0x00000000f13b0000, 0x00000000f1480368, 0x00000000f14f0000)
  to   space 1280K,   0% used [0x00000000f1270000, 0x00000000f1270000, 0x00000000f13b0000)
 tenured generation   total 26356K, used 17280K [0x00000000f5aa0000, 0x00000000f745d000, 0x0000000100000000)
   the space 26356K,  65% used [0x00000000f5aa0000, 0x00000000f6b80080, 0x00000000f6b80200, 0x00000000f745d000)
 Metaspace       used 46417K, capacity 47822K, committed 48128K, reserved 1091584K
  class space    used 6050K, capacity 6365K, committed 6400K, reserved 1048576K
}

