# JRE version: OpenJDK Runtime Environment (8.0_242-b08) (build 1.8.0_242-b08)
# Java VM: OpenJDK 64-Bit Server VM (25.242-b08 mixed mode linux-amd64 compressed oops)
Heap:
 def new generation   total 12096K, used 4208K [0x00000000f0800000, 0x00000000f1520000, 0x00000000f5aa0000)
  eden space 10752K,  32% used [0x00000000f0800000, 0x00000000f0b5d748, 0x00000000f1280000)
  from space 1344K,  56% used [0x00000000f13d0000, 0x00000000f148e960, 0x00000000f1520000)
  to   space 1344K,   0% used [0x00000000f1280000, 0x00000000f1280000, 0x00000000f13d0000)
 tenured generation   total 26736K, used 17190K [0x00000000f5aa0000, 0x00000000f74bc000, 0x0000000100000000)
   the space 26736K,  64% used [0x00000000f5aa0000, 0x00000000f6b698e0, 0x00000000f6b69a00, 0x00000000f74bc000)
 Metaspace       used 45444K, capacity 46854K, committed 46976K, reserved 1089536K
  class space    used 5915K, capacity 6235K, committed 6272K, reserved 1048576K
GC Heap History (192 events):
Event: 0.520 GC heap before
{Heap before GC invocations=0 (full 0):
 def new generation   total 4928K, used 4416K [0x00000000f0800000, 0x00000000f0d50000, 0x00000000f5aa0000)
  eden space 4416K, 100% used [0x00000000f0800000, 0x00000000f0c50000, 0x00000000f0c50000)
  from space 512K,   0% used [0x00000000f0c50000, 0x00000000f0c50000, 0x00000000f0cd0000)
  to   space 512K,   0% used [0x00000000f0cd0000, 0x00000000f0cd0000, 0x00000000f0d50000)
 tenured generation   total 10944K, used 0K [0x00000000f5aa0000, 0x00000000f6550000, 0x0000000100000000)
   the space 10944K,   0% used [0x00000000f5aa0000, 0x00000000f5aa0000, 0x00000000f5aa0200, 0x00000000f6550000)
 Metaspace       used 4559K, capacity 5054K, committed 5248K, reserved 1056768K
  class space    used 481K, capacity 537K, committed 640K, reserved 1048576K
Event: 0.523 GC heap after
Heap after GC invocations=1 (full 0):
 def new generation   total 4928K, used 512K [0x00000000f0800000, 0x00000000f0d50000, 0x00000000f5aa0000)
  eden space 4416K,   0% used [0x00000000f0800000, 0x00000000f0800000, 0x00000000f0c50000)
  from space 512K, 100% used [0x00000000f0cd0000, 0x00000000f0d50000, 0x00000000f0d50000)
  to   space 512K,   0% used [0x00000000f0c50000, 0x00000000f0c50000, 0x00000000f0cd0000)
 tenured generation   total 10944K, used 583K [0x00000000f5aa0000, 0x00000000f6550000, 0x0000000100000000)
   the space 10944K,   5% used [0x00000000f5aa0000, 0x00000000f5b31c80, 0x00000000f5b31e00, 0x00000000f6550000)
 Metaspace       used 4559K, capacity 5054K, committed 5248K, reserved 1056768K
  class space    used 481K, capacity 537K, committed 640K, reserved 1048576K
}
Event: 0.807 GC heap before
{Heap before GC invocations=1 (full 0):
 def new generation   total 4928K, used 4928K [0x00000000f0800000, 0x00000000f0d50000, 0x00000000f5aa0000)
  eden space 4416K, 100% used [0x00000000f0800000, 0x00000000f0c50000, 0x00000000f0c50000)
  from space 512K, 100% used [0x00000000f0cd0000, 0x00000000f0d50000, 0x00000000f0d50000)
  to   space 512K,   0% used [0x00000000f0c50000, 0x00000000f0c50000, 0x00000000f0cd0000)
 tenured generation   total 10944K, used 583K [0x00000000f5aa0000, 0x00000000f6550000, 0x0000000100000000)
   the space 10944K,   5% used [0x00000000f5aa0000, 0x00000000f5b31c80, 0x00000000f5b31e00, 0x00000000f6550000)
 Metaspace       used 6857K, capacity 7032K, committed 7296K, reserved 1056768K
  class space    used 755K, capacity 846K, committed 896K, reserved 1048576K
Event: 0.811 GC heap after
Heap after GC invocations=2 (full 0):
 def new generation   total 4928K, used 511K [0x00000000f0800000, 0x00000000f0d50000, 0x00000000f5aa0000)
  eden space 4416K,   0% used [0x00000000f0800000, 0x00000000f0800000, 0x00000000f0c50000)
  from space 512K,  99% used [0x00000000f0c50000, 0x00000000f0ccfff8, 0x00000000f0cd0000)
  to   space 512K,   0% used [0x00000000f0cd0000, 0x00000000f0cd0000, 0x00000000f0d50000)
 tenured generation   total 10944K, used 1436K [0x00000000f5aa0000, 0x00000000f6550000, 0x0000000100000000)
   the space 10944K,  13% used [0x00000000f5aa0000, 0x00000000f5c070d0, 0x00000000f5c07200, 0x00000000f6550000)
 Metaspace       used 6857K, capacity 7032K, committed 7296K, reserved 1056768K
  class space    used 755K, capacity 846K, committed 896K, reserved 1048576K
}
Event: 0.951 GC heap before
{Heap before GC invocations=2 (full 0):
 def new generation   total 4928K, used 4927K [0x00000000f0800000, 0x00000000f0d50000, 0x00000000f5aa0000)
  eden space 4416K, 100% used [0x00000000f0800000, 0x00000000f0c50000, 0x00000000f0c50000)
  from space 512K,  99% used [0x00000000f0c50000, 0x00000000f0ccfff8, 0x00000000f0cd0000)
  to   space 512K,   0% used [0x00000000f0cd0000, 0x00000000f0cd0000, 0x00000000f0d50000)
 tenured generation   total 10944K, used 1436K [0x00000000f5aa0000, 0x00000000f6550000, 0x0000000100000000)
   the space 10944K,  13% used [0x00000000f5aa0000, 0x00000000f5c070d0, 0x00000000f5c07200, 0x00000000f6550000)
 Metaspace       used 7574K, capacity 7770K, committed 7936K, reserved 1056768K
  class space    used 858K, capacity 943K, committed 1024K, reserved 1048576K
Event: 0.954 GC heap after
Heap after GC invocations=3 (full 0):
 def new generation   total 4928K, used 511K [0x00000000f0800000, 0x00000000f0d50000, 0x00000000f5aa0000)
  eden space 4416K,   0% used [0x00000000f0800000, 0x00000000f0800000, 0x00000000f0c50000)
  from space 512K,  99% used [0x00000000f0cd0000, 0x00000000f0d4fff8, 0x00000000f0d50000)
  to   space 512K,   0% used [0x00000000f0c50000, 0x00000000f0c50000, 0x00000000f0cd0000)
 tenured generation   total 10944K, used 2232K [0x00000000f5aa0000, 0x00000000f6550000, 0x0000000100000000)
   the space 10944K,  20% used [0x00000000f5aa0000, 0x00000000f5cce350, 0x00000000f5cce400, 0x00000000f6550000)
 Metaspace       used 7574K, capacity 7770K, committed 7936K, reserved 1056768K
  class space    used 858K, capacity 943K, committed 1024K, reserved 1048576K
}
Event: 1.120 GC heap before
{Heap before GC invocations=3 (full 0):
 def new generation   total 4928K, used 4927K [0x00000000f0800000, 0x00000000f0d50000, 0x00000000f5aa0000)
  eden space 4416K, 100% used [0x00000000f0800000, 0x00000000f0c50000, 0x00000000f0c50000)
  from space 512K,  99% used [0x00000000f0cd0000, 0x00000000f0d4fff8, 0x00000000f0d50000)
  to   space 512K,   0% used [0x00000000f0c50000, 0x00000000f0c50000, 0x00000000f0cd0000)
 tenured generation   total 10944K, used 2232K [0x00000000f5aa0000, 0x00000000f6550000, 0x0000000100000000)
   the space 10944K,  20% used [0x00000000f5aa0000, 0x00000000f5cce350, 0x00000000f5cce400, 0x00000000f6550000)
 Metaspace       used 8418K, capacity 8698K, committed 8832K, reserved 1056768K
  class space    used 974K, capacity 1103K, committed 1152K, reserved 1048576K
Event: 1.123 GC heap after
Heap after GC invocations=4 (full 0):
 def new generation   total 4928K, used 511K [0x00000000f0800000, 0x00000000f0d50000, 0x00000000f5aa0000)
  eden space 4416K,   0% used [0x00000000f0800000, 0x00000000f0800000, 0x00000000f0c50000)
  from space 512K,  99% used [0x00000000f0c50000, 0x00000000f0ccfff8, 0x00000000f0cd0000)
  to   space 512K,   0% used [0x00000000f0cd0000, 0x00000000f0cd0000, 0x00000000f0d50000)
 tenured generation   total 10944K, used 2590K [0x00000000f5aa0000, 0x00000000f6550000, 0x0000000100000000)
   the space 10944K,  23% used [0x00000000f5aa0000, 0x00000000f5d27980, 0x00000000f5d27a00, 0x00000000f6550000)
 Metaspace       used 8418K, capacity 8698K, committed 8832K, reserved 1056768K
  class space    used 974K, capacity 1103K, committed 1152K, reserved 1048576K
}
Event: 1.195 GC heap before
{Heap before GC invocations=4 (full 0):
 def new generation   total 4928K, used 4927K [0x00000000f0800000, 0x00000000f0d50000, 0x00000000f5aa0000)
  eden space 4416K, 100% used [0x00000000f0800000, 0x00000000f0c50000, 0x00000000f0c50000)
  from space 512K,  99% used [0x00000000f0c50000, 0x00000000f0ccfff8, 0x00000000f0cd0000)
  to   space 512K,   0% used [0x00000000f0cd0000, 0x00000000f0cd0000, 0x00000000f0d50000)
 tenured generation   total 10944K, used 2590K [0x00000000f5aa0000, 0x00000000f6550000, 0x0000000100000000)
   the space 10944K,  23% used [0x00000000f5aa0000, 0x00000000f5d27980, 0x00000000f5d27a00, 0x00000000f6550000)
 Metaspace       used 8764K, capacity 9050K, committed 9088K, reserved 1056768K
  class space    used 1013K, capacity 1135K, committed 1152K, reserved 1048576K
Event: 1.196 GC heap after
Heap after GC invocations=5 (full 0):
 def new generation   total 4928K, used 349K [0x00000000f0800000, 0x00000000f0d50000, 0x00000000f5aa0000)
  eden space 4416K,   0% used [0x00000000f0800000, 0x00000000f0800000, 0x00000000f0c50000)
  from space 512K,  68% used [0x00000000f0cd0000, 0x00000000f0d277c0, 0x00000000f0d50000)
  to   space 512K,   0% used [0x00000000f0c50000, 0x00000000f0c50000, 0x00000000f0cd0000)
 tenured generation   total 10944K, used 2781K [0x00000000f5aa0000, 0x00000000f6550000, 0x0000000100000000)
   the space 10944K,  25% used [0x00000000f5aa0000, 0x00000000f5d577f8, 0x00000000f5d57800, 0x00000000f6550000)
 Metaspace       used 8764K, capacity 9050K, committed 9088K, reserved 1056768K
  class space    used 1013K, capacity 1135K, committed 1152K, reserved 1048576K
}
Event: 1.322 GC heap before
{Heap before GC invocations=5 (full 0):
 def new generation   total 4928K, used 4765K [0x00000000f0800000, 0x00000000f0d50000, 0x00000000f5aa0000)
  eden space 4416K, 100% used [0x00000000f0800000, 0x00000000f0c50000, 0x00000000f0c50000)
  from space 512K,  68% used [0x00000000f0cd0000, 0x00000000f0d277c0, 0x00000000f0d50000)
  to   space 512K,   0% used [0x00000000f0c50000, 0x00000000f0c50000, 0x00000000f0cd0000)
 tenured generation   total 10944K, used 2781K [0x00000000f5aa0000, 0x00000000f6550000, 0x0000000100000000)
   the space 10944K,  25% used [0x00000000f5aa0000, 0x00000000f5d577f8, 0x00000000f5d57800, 0x00000000f6550000)
 Metaspace       used 9848K, capacity 10116K, committed 10240K, reserved 1058816K
  class space    used 1131K, capacity 1236K, committed 1280K, reserved 1048576K
Event: 1.324 GC heap after
Heap after GC invocations=6 (full 0):
 def new generation   total 4928K, used 512K [0x00000000f0800000, 0x00000000f0d50000, 0x00000000f5aa0000)
  eden space 4416K,   0% used [0x00000000f0800000, 0x00000000f0800000, 0x00000000f0c50000)
  from space 512K, 100% used [0x00000000f0c50000, 0x00000000f0cd0000, 0x00000000f0cd0000)
  to   space 512K,   0% used [0x00000000f0cd0000, 0x00000000f0cd0000, 0x00000000f0d50000)
 tenured generation   total 10944K, used 2997K [0x00000000f5aa0000, 0x00000000f6550000, 0x0000000100000000)
   the space 10944K,  27% used [0x00000000f5aa0000, 0x00000000f5d8d4a0, 0x00000000f5d8d600, 0x00000000f6550000)
 Metaspace       used 9848K, capacity 10116K, committed 10240K, reserved 1058816K
  class space    used 1131K, capacity 1236K, committed 1280K, reserved 1048576K
}
Event: 1.421 GC heap before
{Heap before GC invocations=6 (full 0):
 def new generation   total 4928K, used 4928K [0x00000000f0800000, 0x00000000f0d50000, 0x00000000f5aa0000)
  eden space 4416K, 100% used [0x00000000f0800000, 0x00000000f0c50000, 0x00000000f0c50000)
  from space 512K, 100% used [0x00000000f0c50000, 0x00000000f0cd0000, 0x00000000f0cd0000)
  to   space 512K,   0% used [0x00000000f0cd0000, 0x00000000f0cd0000, 0x00000000f0d50000)
 tenured generation   total 10944K, used 2997K [0x00000000f5aa0000, 0x00000000f6550000, 0x0000000100000000)
   the space 10944K,  27% used [0x00000000f5aa0000, 0x00000000f5d8d4a0, 0x00000000f5d8d600, 0x00000000f6550000)
 Metaspace       used 10356K, capacity 10564K, committed 10880K, reserved 1058816K
  class space    used 1193K, capacity 1300K, committed 1408K, reserved 1048576K
Event: 1.423 GC heap after
Heap after GC invocations=7 (full 0):
 def new generation   total 4928K, used 430K [0x00000000f0800000, 0x00000000f0d50000, 0x00000000f5aa0000)
  eden space 4416K,   0% used [0x00000000f0800000, 0x00000000f0800000, 0x00000000f0c50000)
  from space 512K,  84% used [0x00000000f0cd0000, 0x00000000f0d3b920, 0x00000000f0d50000)
  to   space 512K,   0% used [0x00000000f0c50000, 0x00000000f0c50000, 0x00000000f0cd0000)
 tenured generation   total 10944K, used 3345K [0x00000000f5aa0000, 0x00000000f6550000, 0x0000000100000000)
   the space 10944K,  30% used [0x00000000f5aa0000, 0x00000000f5de4548, 0x00000000f5de4600, 0x00000000f6550000)
 Metaspace       used 10356K, capacity 10564K, committed 10880K, reserved 1058816K
  class space    used 1193K, capacity 1300K, committed 1408K, reserved 1048576K
}
Event: 1.495 GC heap before
{Heap before GC invocations=7 (full 0):
 def new generation   total 4928K, used 4846K [0x00000000f0800000, 0x00000000f0d50000, 0x00000000f5aa0000)
  eden space 4416K, 100% used [0x00000000f0800000, 0x00000000f0c50000, 0x00000000f0c50000)
  from space 512K,  84% used [0x00000000f0cd0000, 0x00000000f0d3b920, 0x00000000f0d50000)
  to   space 512K,   0% used [0x00000000f0c50000, 0x00000000f0c50000, 0x00000000f0cd0000)
 tenured generation   total 10944K, used 3345K [0x00000000f5aa0000, 0x00000000f6550000, 0x0000000100000000)
   the space 10944K,  30% used [0x00000000f5aa0000, 0x00000000f5de4548, 0x00000000f5de4600, 0x00000000f6550000)
 Metaspace       used 10770K, capacity 11006K, committed 11136K, reserved 1058816K
  class space    used 1237K, capacity 1341K, committed 1408K, reserved 1048576K
Event: 1.497 GC heap after
Heap after GC invocations=8 (full 0):
 def new generation   total 4928K, used 410K [0x00000000f0800000, 0x00000000f0d50000, 0x00000000f5aa0000)
  eden space 4416K,   0% used [0x00000000f0800000, 0x00000000f0800000, 0x00000000f0c50000)
  from space 512K,  80% used [0x00000000f0c50000, 0x00000000f0cb6828, 0x00000000f0cd0000)
  to   space 512K,   0% used [0x00000000f0cd0000, 0x00000000f0cd0000, 0x00000000f0d50000)
 tenured generation   total 10944K, used 3486K [0x00000000f5aa0000, 0x00000000f6550000, 0x0000000100000000)
   the space 10944K,  31% used [0x00000000f5aa0000, 0x00000000f5e07af0, 0x00000000f5e07c00, 0x00000000f6550000)
 Metaspace       used 10770K, capacity 11006K, committed 11136K, reserved 1058816K
  class space    used 1237K, capacity 1341K, committed 1408K, reserved 1048576K
}
Event: 1.598 GC heap before
{Heap before GC invocations=8 (full 0):
 def new generation   total 4928K, used 4826K [0x00000000f0800000, 0x00000000f0d50000, 0x00000000f5aa0000)
  eden space 4416K, 100% used [0x00000000f0800000, 0x00000000f0c50000, 0x00000000f0c50000)
  from space 512K,  80% used [0x00000000f0c50000, 0x00000000f0cb6828, 0x00000000f0cd0000)
  to   space 512K,   0% used [0x00000000f0cd0000, 0x00000000f0cd0000, 0x00000000f0d50000)
 tenured generation   total 10944K, used 3486K [0x00000000f5aa0000, 0x00000000f6550000, 0x0000000100000000)
   the space 10944K,  31% used [0x00000000f5aa0000, 0x00000000f5e07af0, 0x00000000f5e07c00, 0x00000000f6550000)
 Metaspace       used 11089K, capacity 11324K, committed 11392K, reserved 1058816K
  class space    used 1284K, capacity 1380K, committed 1408K, reserved 1048576K
Event: 1.599 GC heap after
Heap after GC invocations=9 (full 0):
 def new generation   total 4928K, used 421K [0x00000000f0800000, 0x00000000f0d50000, 0x00000000f5aa0000)
  eden space 4416K,   0% used [0x00000000f0800000, 0x00000000f0800000, 0x00000000f0c50000)
  from space 512K,  82% used [0x00000000f0cd0000, 0x00000000f0d39790, 0x00000000f0d50000)
  to   space 512K,   0% used [0x00000000f0c50000, 0x00000000f0c50000, 0x00000000f0cd0000)
 tenured generation   total 10944K, used 3587K [0x00000000f5aa0000, 0x00000000f6550000, 0x0000000100000000)
   the space 10944K,  32% used [0x00000000f5aa0000, 0x00000000f5e20d58, 0x00000000f5e20e00, 0x00000000f6550000)
 Metaspace       used 11089K, capacity 11324K, committed 11392K, reserved 1058816K
  class space    used 1284K, capacity 1380K, committed 1408K, reserved 1048576K
}
Event: 1.677 GC heap before
{Heap before GC invocations=9 (full 0):
 def new generation   total 4928K, used 4837K [0x00000000f0800000, 0x00000000f0d50000, 0x00000000f5aa0000)
  eden space 4416K, 100% used [0x00000000f0800000, 0x00000000f0c50000, 0x00000000f0c50000)
  from space 512K,  82% used [0x00000000f0cd0000, 0x00000000f0d39790, 0x00000000f0d50000)
  to   space 512K,   0% used [0x00000000f0c50000, 0x00000000f0c50000, 0x00000000f0cd0000)
 tenured generation   total 10944K, used 3587K [0x00000000f5aa0000, 0x00000000f6550000, 0x0000000100000000)
   the space 10944K,  32% used [0x00000000f5aa0000, 0x00000000f5e20d58, 0x00000000f5e20e00, 0x00000000f6550000)
 Metaspace       used 11621K, capacity 11894K, committed 12032K, reserved 1060864K
  class space    used 1346K, capacity 1485K, committed 1536K, reserved 1048576K
Event: 1.678 GC heap after
Heap after GC invocations=10 (full 0):
 def new generation   total 4928K, used 417K [0x00000000f0800000, 0x00000000f0d50000, 0x00000000f5aa0000)
  eden space 4416K,   0% used [0x00000000f0800000, 0x00000000f0800000, 0x00000000f0c50000)
  from space 512K,  81% used [0x00000000f0c50000, 0x00000000f0cb87a8, 0x00000000f0cd0000)
  to   space 512K,   0% used [0x00000000f0cd0000, 0x00000000f0cd0000, 0x00000000f0d50000)
 tenured generation   total 10944K, used 3747K [0x00000000f5aa0000, 0x00000000f6550000, 0x0000000100000000)
   the space 10944K,  34% used [0x00000000f5aa0000, 0x00000000f5e48e60, 0x00000000f5e49000, 0x00000000f6550000)
 Metaspace       used 11621K, capacity 11894K, committed 12032K, reserved 1060864K
  class space    used 1346K, capacity 1485K, committed 1536K, reserved 1048576K
}
Event: 1.778 GC heap before
{Heap before GC invocations=10 (full 0):
 def new generation   total 4928K, used 4833K [0x00000000f0800000, 0x00000000f0d50000, 0x00000000f5aa0000)
  eden space 4416K, 100% used [0x00000000f0800000, 0x00000000f0c50000, 0x00000000f0c50000)
  from space 512K,  81% used [0x00000000f0c50000, 0x00000000f0cb87a8, 0x00000000f0cd0000)
  to   space 512K,   0% used [0x00000000f0cd0000, 0x00000000f0cd0000, 0x00000000f0d50000)
 tenured generation   total 10944K, used 3747K [0x00000000f5aa0000, 0x00000000f6550000, 0x0000000100000000)
   the space 10944K,  34% used [0x00000000f5aa0000, 0x00000000f5e48e60, 0x00000000f5e49000, 0x00000000f6550000)
 Metaspace       used 11991K, capacity 12270K, committed 12544K, reserved 1060864K
  class space    used 1395K, capacity 1521K, committed 1536K, reserved 1048576K
Event: 1.779 GC heap after
Heap after GC invocations=11 (full 0):
 def new generation   total 4928K, used 356K [0x00000000f0800000, 0x00000000f0d50000, 0x00000000f5aa0000)
  eden space 4416K,   0% used [0x00000000f0800000, 0x00000000f0800000, 0x00000000f0c50000)
  from space 512K,  69% used [0x00000000f0cd0000, 0x00000000f0d29368, 0x00000000f0d50000)
  to   space 512K,   0% used [0x00000000f0c50000, 0x00000000f0c50000, 0x00000000f0cd0000)
 tenured generation   total 10944K, used 3834K [0x00000000f5aa0000, 0x00000000f6550000, 0x0000000100000000)
   the space 10944K,  35% used [0x00000000f5aa0000, 0x00000000f5e5ea98, 0x00000000f5e5ec00, 0x00000000f6550000)
 Metaspace       used 11991K, capacity 12270K, committed 12544K, reserved 1060864K
  class space    used 1395K, capacity 1521K, committed 1536K, reserved 1048576K
}
Event: 1.829 GC heap before
{Heap before GC invocations=11 (full 0):
 def new generation   total 4928K, used 4772K [0x00000000f0800000, 0x00000000f0d50000, 0x00000000f5aa0000)
  eden space 4416K, 100% used [0x00000000f0800000, 0x00000000f0c50000, 0x00000000f0c50000)
  from space 512K,  69% used [0x00000000f0cd0000, 0x00000000f0d29368, 0x00000000f0d50000)
  to   space 512K,   0% used [0x00000000f0c50000, 0x00000000f0c50000, 0x00000000f0cd0000)
 tenured generation   total 10944K, used 3834K [0x00000000f5aa0000, 0x00000000f6550000, 0x0000000100000000)
   the space 10944K,  35% used [0x00000000f5aa0000, 0x00000000f5e5ea98, 0x00000000f5e5ec00, 0x00000000f6550000)
 Metaspace       used 12261K, capacity 12572K, committed 12928K, reserved 1060864K
  class space    used 1440K, capacity 1558K, committed 1664K, reserved 1048576K
Event: 1.830 GC heap after
Heap after GC invocations=12 (full 0):
 def new generation   total 4928K, used 369K [0x00000000f0800000, 0x00000000f0d50000, 0x00000000f5aa0000)
  eden space 4416K,   0% used [0x00000000f0800000, 0x00000000f0800000, 0x00000000f0c50000)
  from space 512K,  72% used [0x00000000f0c50000, 0x00000000f0cac788, 0x00000000f0cd0000)
  to   space 512K,   0% used [0x00000000f0cd0000, 0x00000000f0cd0000, 0x00000000f0d50000)
 tenured generation   total 10944K, used 3944K [0x00000000f5aa0000, 0x00000000f6550000, 0x0000000100000000)
   the space 10944K,  36% used [0x00000000f5aa0000, 0x00000000f5e7a200, 0x00000000f5e7a200, 0x00000000f6550000)
 Metaspace       used 12261K, capacity 12572K, committed 12928K, reserved 1060864K
  class space    used 1440K, capacity 1558K, committed 1664K, reserved 1048576K
}
Event: 1.921 GC heap before
{Heap before GC invocations=12 (full 0):
 def new generation   total 4928K, used 4785K [0x00000000f0800000, 0x00000000f0d50000, 0x00000000f5aa0000)
  eden space 4416K, 100% used [0x00000000f0800000, 0x00000000f0c50000, 0x00000000f0c50000)
  from space 512K,  72% used [0x00000000f0c50000, 0x00000000f0cac788, 0x00000000f0cd0000)
  to   space 512K,   0% used [0x00000000f0cd0000, 0x00000000f0cd0000, 0x00000000f0d50000)
 tenured generation   total 10944K, used 3944K [0x00000000f5aa0000, 0x00000000f6550000, 0x0000000100000000)
   the space 10944K,  36% used [0x00000000f5aa0000, 0x00000000f5e7a200, 0x00000000f5e7a200, 0x00000000f6550000)
 Metaspace       used 13166K, capacity 13438K, committed 13696K, reserved 1060864K
  class space    used 1527K, capacity 1631K, committed 1664K, reserved 1048576K
Event: 1.923 GC heap after
Heap after GC invocations=13 (full 0):
 def new generation   total 4928K, used 396K [0x00000000f0800000, 0x00000000f0d50000, 0x00000000f5aa0000)
  eden space 4416K,   0% used [0x00000000f0800000, 0x00000000f0800000, 0x00000000f0c50000)
  from space 512K,  77% used [0x00000000f0cd0000, 0x00000000f0d333f0, 0x00000000f0d50000)
  to   space 512K,   0% used [0x00000000f0c50000, 0x00000000f0c50000, 0x00000000f0cd0000)
 tenured generation   total 10944K, used 4029K [0x00000000f5aa0000, 0x00000000f6550000, 0x0000000100000000)
   the space 10944K,  36% used [0x00000000f5aa0000, 0x00000000f5e8f4d8, 0x00000000f5e8f600, 0x00000000f6550000)
 Metaspace       used 13166K, capacity 13438K, committed 13696K, reserved 1060864K
  class space    used 1527K, capacity 1631K, committed 1664K, reserved 1048576K
}
Event: 1.974 GC heap before
{Heap before GC invocations=13 (full 0):
 def new generation   total 4928K, used 4812K [0x00000000f0800000, 0x00000000f0d50000, 0x00000000f5aa0000)
  eden space 4416K, 100% used [0x00000000f0800000, 0x00000000f0c50000, 0x00000000f0c50000)
  from space 512K,  77% used [0x00000000f0cd0000, 0x00000000f0d333f0, 0x00000000f0d50000)
  to   space 512K,   0% used [0x00000000f0c50000, 0x00000000f0c50000, 0x00000000f0cd0000)
 tenured generation   total 10944K, used 4029K [0x00000000f5aa0000, 0x00000000f6550000, 0x0000000100000000)
   the space 10944K,  36% used [0x00000000f5aa0000, 0x00000000f5e8f4d8, 0x00000000f5e8f600, 0x00000000f6550000)
 Metaspace       used 13532K, capacity 13868K, committed 14080K, reserved 1060864K
  class space    used 1569K, capacity 1666K, committed 1792K, reserved 1048576K
Event: 1.976 GC heap after
Heap after GC invocations=14 (full 0):
 def new generation   total 4928K, used 375K [0x00000000f0800000, 0x00000000f0d50000, 0x00000000f5aa0000)
  eden space 4416K,   0% used [0x00000000f0800000, 0x00000000f0800000, 0x00000000f0c50000)
  from space 512K,  73% used [0x00000000f0c50000, 0x00000000f0cade90, 0x00000000f0cd0000)
  to   space 512K,   0% used [0x00000000f0cd0000, 0x00000000f0cd0000, 0x00000000f0d50000)
 tenured generation   total 10944K, used 4206K [0x00000000f5aa0000, 0x00000000f6550000, 0x0000000100000000)
   the space 10944K,  38% used [0x00000000f5aa0000, 0x00000000f5ebb968, 0x00000000f5ebba00, 0x00000000f6550000)
 Metaspace       used 13532K, capacity 13868K, committed 14080K, reserved 1060864K
  class space    used 1569K, capacity 1666K, committed 1792K, reserved 1048576K
}
Event: 2.043 GC heap before
{Heap before GC invocations=14 (full 0):
 def new generation   total 4928K, used 4791K [0x00000000f0800000, 0x00000000f0d50000, 0x00000000f5aa0000)
  eden space 4416K, 100% used [0x00000000f0800000, 0x00000000f0c50000, 0x00000000f0c50000)
  from space 512K,  73% used [0x00000000f0c50000, 0x00000000f0cade90, 0x00000000f0cd0000)
  to   space 512K,   0% used [0x00000000f0cd0000, 0x00000000f0cd0000, 0x00000000f0d50000)
 tenured generation   total 10944K, used 4206K [0x00000000f5aa0000, 0x00000000f6550000, 0x0000000100000000)
   the space 10944K,  38% used [0x00000000f5aa0000, 0x00000000f5ebb968, 0x00000000f5ebba00, 0x00000000f6550000)
 Metaspace       used 13879K, capacity 14222K, committed 14336K, reserved 1062912K
  class space    used 1614K, capacity 1763K, committed 1792K, reserved 1048576K
Event: 2.045 GC heap after
Heap after GC invocations=15 (full 0):
 def new generation   total 4928K, used 369K [0x00000000f0800000, 0x00000000f0d50000, 0x00000000f5aa0000)
  eden space 4416K,   0% used [0x00000000f0800000, 0x00000000f0800000, 0x00000000f0c50000)
  from space 512K,  72% used [0x00000000f0cd0000, 0x00000000f0d2c758, 0x00000000f0d50000)
  to   space 512K,   0% used [0x00000000f0c50000, 0x00000000f0c50000, 0x00000000f0cd0000)
 tenured generation   total 10944K, used 4336K [0x00000000f5aa0000, 0x00000000f6550000, 0x0000000100000000)
   the space 10944K,  39% used [0x00000000f5aa0000, 0x00000000f5edc318, 0x00000000f5edc400, 0x00000000f6550000)
 Metaspace       used 13879K, capacity 14222K, committed 14336K, reserved 1062912K
  class space    used 1614K, capacity 1763K, committed 1792K, reserved 1048576K
}
Event: 2.114 GC heap before
{Heap before GC invocations=15 (full 0):
 def new generation   total 4928K, used 4785K [0x00000000f0800000, 0x00000000f0d50000, 0x00000000f5aa0000)
  eden space 4416K, 100% used [0x00000000f0800000, 0x00000000f0c50000, 0x00000000f0c50000)
  from space 512K,  72% used [0x00000000f0cd0000, 0x00000000f0d2c758, 0x00000000f0d50000)
  to   space 512K,   0% used [0x00000000f0c50000, 0x00000000f0c50000, 0x00000000f0cd0000)
 tenured generation   total 10944K, used 4336K [0x00000000f5aa0000, 0x00000000f6550000, 0x0000000100000000)
   the space 10944K,  39% used [0x00000000f5aa0000, 0x00000000f5edc318, 0x00000000f5edc400, 0x00000000f6550000)
 Metaspace       used 14226K, capacity 14574K, committed 14720K, reserved 1062912K
  class space    used 1667K, capacity 1795K, committed 1920K, reserved 1048576K
Event: 2.115 GC heap after
Heap after GC invocations=16 (full 0):
 def new generation   total 4928K, used 403K [0x00000000f0800000, 0x00000000f0d50000, 0x00000000f5aa0000)
  eden space 4416K,   0% used [0x00000000f0800000, 0x00000000f0800000, 0x00000000f0c50000)
  from space 512K,  78% used [0x00000000f0c50000, 0x00000000f0cb4cc0, 0x00000000f0cd0000)
  to   space 512K,   0% used [0x00000000f0cd0000, 0x00000000f0cd0000, 0x00000000f0d50000)
 tenured generation   total 10944K, used 4430K [0x00000000f5aa0000, 0x00000000f6550000, 0x0000000100000000)
   the space 10944K,  40% used [0x00000000f5aa0000, 0x00000000f5ef38b8, 0x00000000f5ef3a00, 0x00000000f6550000)
 Metaspace       used 14226K, capacity 14574K, committed 14720K, reserved 1062912K
  class space    used 1667K, capacity 1795K, committed 1920K, reserved 1048576K
}
Event: 2.198 GC heap before
{Heap before GC invocations=16 (full 0):
 def new generation   total 4928K, used 4819K [0x00000000f0800000, 0x00000000f0d50000, 0x00000000f5aa0000)
  eden space 4416K, 100% used [0x00000000f0800000, 0x00000000f0c50000, 0x00000000f0c50000)
  from space 512K,  78% used [0x00000000f0c50000, 0x00000000f0cb4cc0, 0x00000000f0cd0000)
  to   space 512K,   0% used [0x00000000f0cd0000, 0x00000000f0cd0000, 0x00000000f0d50000)
 tenured generation   total 10944K, used 4430K [0x00000000f5aa0000, 0x00000000f6550000, 0x0000000100000000)
   the space 10944K,  40% used [0x00000000f5aa0000, 0x00000000f5ef38b8, 0x00000000f5ef3a00, 0x00000000f6550000)
 Metaspace       used 14700K, capacity 15104K, committed 15232K, reserved 1062912K
  class space    used 1744K, capacity 1904K, committed 1920K, reserved 1048576K
Event: 2.201 GC heap after
Heap after GC invocations=17 (full 0):
 def new generation   total 4928K, used 420K [0x00000000f0800000, 0x00000000f0d50000, 0x00000000f5aa0000)
  eden space 4416K,   0% used [0x00000000f0800000, 0x00000000f0800000, 0x00000000f0c50000)
  from space 512K,  82% used [0x00000000f0cd0000, 0x00000000f0d393c8, 0x00000000f0d50000)
  to   space 512K,   0% used [0x00000000f0c50000, 0x00000000f0c50000, 0x00000000f0cd0000)
 tenured generation   total 10944K, used 4519K [0x00000000f5aa0000, 0x00000000f6550000, 0x0000000100000000)
   the space 10944K,  41% used [0x00000000f5aa0000, 0x00000000f5f09e88, 0x00000000f5f0a000, 0x00000000f6550000)
 Metaspace       used 14700K, capacity 15104K, committed 15232K, reserved 1062912K
  class space    used 1744K, capacity 1904K, committed 1920K, reserved 1048576K
}
Event: 2.294 GC heap before
{Heap before GC invocations=17 (full 0):
 def new generation   total 4928K, used 4836K [0x00000000f0800000, 0x00000000f0d50000, 0x00000000f5aa0000)
  eden space 4416K, 100% used [0x00000000f0800000, 0x00000000f0c50000, 0x00000000f0c50000)
  from space 512K,  82% used [0x00000000f0cd0000, 0x00000000f0d393c8, 0x00000000f0d50000)
  to   space 512K,   0% used [0x00000000f0c50000, 0x00000000f0c50000, 0x00000000f0cd0000)
 tenured generation   total 10944K, used 4519K [0x00000000f5aa0000, 0x00000000f6550000, 0x0000000100000000)
   the space 10944K,  41% used [0x00000000f5aa0000, 0x00000000f5f09e88, 0x00000000f5f0a000, 0x00000000f6550000)
 Metaspace       used 15579K, capacity 15936K, committed 16128K, reserved 1062912K
  class space    used 1834K, capacity 1968K, committed 2048K, reserved 1048576K
Event: 2.296 GC heap after
Heap after GC invocations=18 (full 0):
 def new generation   total 4928K, used 479K [0x00000000f0800000, 0x00000000f0d50000, 0x00000000f5aa0000)
  eden space 4416K,   0% used [0x00000000f0800000, 0x00000000f0800000, 0x00000000f0c50000)
  from space 512K,  93% used [0x00000000f0c50000, 0x00000000f0cc7d28, 0x00000000f0cd0000)
  to   space 512K,   0% used [0x00000000f0cd0000, 0x00000000f0cd0000, 0x00000000f0d50000)
 tenured generation   total 10944K, used 4692K [0x00000000f5aa0000, 0x00000000f6550000, 0x0000000100000000)
   the space 10944K,  42% used [0x00000000f5aa0000, 0x00000000f5f35078, 0x00000000f5f35200, 0x00000000f6550000)
 Metaspace       used 15579K, capacity 15936K, committed 16128K, reserved 1062912K
  class space    used 1834K, capacity 1968K, committed 2048K, reserved 1048576K
}
Event: 2.364 GC heap before
{Heap before GC invocations=18 (full 0):
 def new generation   total 4928K, used 4895K [0x00000000f0800000, 0x00000000f0d50000, 0x00000000f5aa0000)
  eden space 4416K, 100% used [0x00000000f0800000, 0x00000000f0c50000, 0x00000000f0c50000)
  from space 512K,  93% used [0x00000000f0c50000, 0x00000000f0cc7d28, 0x00000000f0cd0000)
  to   space 512K,   0% used [0x00000000f0cd0000, 0x00000000f0cd0000, 0x00000000f0d50000)
 tenured generation   total 10944K, used 4692K [0x00000000f5aa0000, 0x00000000f6550000, 0x0000000100000000)
   the space 10944K,  42% used [0x00000000f5aa0000, 0x00000000f5f35078, 0x00000000f5f35200, 0x00000000f6550000)
 Metaspace       used 15805K, capacity 16252K, committed 16384K, reserved 1062912K
  class space    used 1872K, capacity 2006K, committed 2048K, reserved 1048576K
Event: 2.365 GC heap after
Heap after GC invocations=19 (full 0):
 def new generation   total 4928K, used 191K [0x00000000f0800000, 0x00000000f0d50000, 0x00000000f5aa0000)
  eden space 4416K,   0% used [0x00000000f0800000, 0x00000000f0800000, 0x00000000f0c50000)
  from space 512K,  37% used [0x00000000f0cd0000, 0x00000000f0cffd90, 0x00000000f0d50000)
  to   space 512K,   0% used [0x00000000f0c50000, 0x00000000f0c50000, 0x00000000f0cd0000)
 tenured generation   total 10944K, used 4852K [0x00000000f5aa0000, 0x00000000f6550000, 0x0000000100000000)
   the space 10944K,  44% used [0x00000000f5aa0000, 0x00000000f5f5d0e0, 0x00000000f5f5d200, 0x00000000f6550000)
 Metaspace       used 15805K, capacity 16252K, committed 16384K, reserved 1062912K
  class space    used 1872K, capacity 2006K, committed 2048K, reserved 1048576K
}
Event: 2.425 GC heap before
{Heap before GC invocations=19 (full 0):
 def new generation   total 4928K, used 4607K [0x00000000f0800000, 0x00000000f0d50000, 0x00000000f5aa0000)
  eden space 4416K, 100% used [0x00000000f0800000, 0x00000000f0c50000, 0x00000000f0c50000)
  from space 512K,  37% used [0x00000000f0cd0000, 0x00000000f0cffd90, 0x00000000f0d50000)
  to   space 512K,   0% used [0x00000000f0c50000, 0x00000000f0c50000, 0x00000000f0cd0000)
 tenured generation   total 10944K, used 4852K [0x00000000f5aa0000, 0x00000000f6550000, 0x0000000100000000)
   the space 10944K,  44% used [0x00000000f5aa0000, 0x00000000f5f5d0e0, 0x00000000f5f5d200, 0x00000000f6550000)
 Metaspace       used 16137K, capacity 16534K, committed 16768K, reserved 1064960K
  class space    used 1929K, capacity 2079K, committed 2176K, reserved 1048576K
Event: 2.426 GC heap after
Heap after GC invocations=20 (full 0):
 def new generation   total 4928K, used 332K [0x00000000f0800000, 0x00000000f0d50000, 0x00000000f5aa0000)
  eden space 4416K,   0% used [0x00000000f0800000, 0x00000000f0800000, 0x00000000f0c50000)
  from space 512K,  64% used [0x00000000f0c50000, 0x00000000f0ca31b0, 0x00000000f0cd0000)
  to   space 512K,   0% used [0x00000000f0cd0000, 0x00000000f0cd0000, 0x00000000f0d50000)
 tenured generation   total 10944K, used 4852K [0x00000000f5aa0000, 0x00000000f6550000, 0x0000000100000000)
   the space 10944K,  44% used [0x00000000f5aa0000, 0x00000000f5f5d0e0, 0x00000000f5f5d200, 0x00000000f6550000)
 Metaspace       used 16137K, capacity 16534K, committed 16768K, reserved 1064960K
  class space    used 1929K, capacity 2079K, committed 2176K, reserved 1048576K
}
Event: 2.484 GC heap before
{Heap before GC invocations=20 (full 0):
 def new generation   total 4928K, used 4748K [0x00000000f0800000, 0x00000000f0d50000, 0x00000000f5aa0000)
  eden space 4416K, 100% used [0x00000000f0800000, 0x00000000f0c50000, 0x00000000f0c50000)
  from space 512K,  64% used [0x00000000f0c50000, 0x00000000f0ca31b0, 0x00000000f0cd0000)
  to   space 512K,   0% used [0x00000000f0cd0000, 0x00000000f0cd0000, 0x00000000f0d50000)
 tenured generation   total 10944K, used 4852K [0x00000000f5aa0000, 0x00000000f6550000, 0x0000000100000000)
   the space 10944K,  44% used [0x00000000f5aa0000, 0x00000000f5f5d0e0, 0x00000000f5f5d200, 0x00000000f6550000)
 Metaspace       used 16429K, capacity 16828K, committed 17024K, reserved 1064960K
  class space    used 1970K, capacity 2112K, committed 2176K, reserved 1048576K
Event: 2.486 GC heap after
Heap after GC invocations=21 (full 0):
 def new generation   total 4928K, used 374K [0x00000000f0800000, 0x00000000f0d50000, 0x00000000f5aa0000)
  eden space 4416K,   0% used [0x00000000f0800000, 0x00000000f0800000, 0x00000000f0c50000)
  from space 512K,  73% used [0x00000000f0cd0000, 0x00000000f0d2d8d8, 0x00000000f0d50000)
  to   space 512K,   0% used [0x00000000f0c50000, 0x00000000f0c50000, 0x00000000f0cd0000)
 tenured generation   total 10944K, used 4943K [0x00000000f5aa0000, 0x00000000f6550000, 0x0000000100000000)
   the space 10944K,  45% used [0x00000000f5aa0000, 0x00000000f5f73e08, 0x00000000f5f74000, 0x00000000f6550000)
 Metaspace       used 16429K, capacity 16828K, committed 17024K, reserved 1064960K
  class space    used 1970K, capacity 2112K, committed 2176K, reserved 1048576K
}
Event: 2.534 GC heap before
{Heap before GC invocations=21 (full 0):
 def new generation   total 4928K, used 4790K [0x00000000f0800000, 0x00000000f0d50000, 0x00000000f5aa0000)
  eden space 4416K, 100% used [0x00000000f0800000, 0x00000000f0c50000, 0x00000000f0c50000)
  from space 512K,  73% used [0x00000000f0cd0000, 0x00000000f0d2d8d8, 0x00000000f0d50000)
  to   space 512K,   0% used [0x00000000f0c50000, 0x00000000f0c50000, 0x00000000f0cd0000)
 tenured generation   total 10944K, used 4943K [0x00000000f5aa0000, 0x00000000f6550000, 0x0000000100000000)
   the space 10944K,  45% used [0x00000000f5aa0000, 0x00000000f5f73e08, 0x00000000f5f74000, 0x00000000f6550000)
 Metaspace       used 16733K, capacity 17250K, committed 17408K, reserved 1064960K
  class space    used 2034K, capacity 2209K, committed 2304K, reserved 1048576K
Event: 2.536 GC heap after
Heap after GC invocations=22 (full 0):
 def new generation   total 4928K, used 277K [0x00000000f0800000, 0x00000000f0d50000, 0x00000000f5aa0000)
  eden space 4416K,   0% used [0x00000000f0800000, 0x00000000f0800000, 0x00000000f0c50000)
  from space 512K,  54% used [0x00000000f0c50000, 0x00000000f0c95410, 0x00000000f0cd0000)
  to   space 512K,   0% used [0x00000000f0cd0000, 0x00000000f0cd0000, 0x00000000f0d50000)
 tenured generation   total 10944K, used 5112K [0x00000000f5aa0000, 0x00000000f6550000, 0x0000000100000000)
   the space 10944K,  46% used [0x00000000f5aa0000, 0x00000000f5f9e1b8, 0x00000000f5f9e200, 0x00000000f6550000)
 Metaspace       used 16733K, capacity 17250K, committed 17408K, reserved 1064960K
  class space    used 2034K, capacity 2209K, committed 2304K, reserved 1048576K
}
Event: 2.592 GC heap before
{Heap before GC invocations=22 (full 0):
 def new generation   total 4928K, used 4693K [0x00000000f0800000, 0x00000000f0d50000, 0x00000000f5aa0000)
  eden space 4416K, 100% used [0x00000000f0800000, 0x00000000f0c50000, 0x00000000f0c50000)
  from space 512K,  54% used [0x00000000f0c50000, 0x00000000f0c95410, 0x00000000f0cd0000)
  to   space 512K,   0% used [0x00000000f0cd0000, 0x00000000f0cd0000, 0x00000000f0d50000)
 tenured generation   total 10944K, used 5112K [0x00000000f5aa0000, 0x00000000f6550000, 0x0000000100000000)
   the space 10944K,  46% used [0x00000000f5aa0000, 0x00000000f5f9e1b8, 0x00000000f5f9e200, 0x00000000f6550000)
 Metaspace       used 16973K, capacity 17462K, committed 17664K, reserved 1064960K
  class space    used 2078K, capacity 2253K, committed 2304K, reserved 1048576K
Event: 2.593 GC heap after
Heap after GC invocations=23 (full 0):
 def new generation   total 4928K, used 337K [0x00000000f0800000, 0x00000000f0d50000, 0x00000000f5aa0000)
  eden space 4416K,   0% used [0x00000000f0800000, 0x00000000f0800000, 0x00000000f0c50000)
  from space 512K,  65% used [0x00000000f0cd0000, 0x00000000f0d24470, 0x00000000f0d50000)
  to   space 512K,   0% used [0x00000000f0c50000, 0x00000000f0c50000, 0x00000000f0cd0000)
 tenured generation   total 10944K, used 5187K [0x00000000f5aa0000, 0x00000000f6550000, 0x0000000100000000)
   the space 10944K,  47% used [0x00000000f5aa0000, 0x00000000f5fb0f68, 0x00000000f5fb1000, 0x00000000f6550000)
 Metaspace       used 16973K, capacity 17462K, committed 17664K, reserved 1064960K
  class space    used 2078K, capacity 2253K, committed 2304K, reserved 1048576K
}
Event: 2.646 GC heap before
{Heap before GC invocations=23 (full 0):
 def new generation   total 4928K, used 4753K [0x00000000f0800000, 0x00000000f0d50000, 0x00000000f5aa0000)
  eden space 4416K, 100% used [0x00000000f0800000, 0x00000000f0c50000, 0x00000000f0c50000)
  from space 512K,  65% used [0x00000000f0cd0000, 0x00000000f0d24470, 0x00000000f0d50000)
  to   space 512K,   0% used [0x00000000f0c50000, 0x00000000f0c50000, 0x00000000f0cd0000)
 tenured generation   total 10944K, used 5187K [0x00000000f5aa0000, 0x00000000f6550000, 0x0000000100000000)
   the space 10944K,  47% used [0x00000000f5aa0000, 0x00000000f5fb0f68, 0x00000000f5fb1000, 0x00000000f6550000)
 Metaspace       used 17388K, capacity 17884K, committed 17920K, reserved 1064960K
  class space    used 2135K, capacity 2286K, committed 2304K, reserved 1048576K
Event: 2.648 GC heap after
Heap after GC invocations=24 (full 0):
 def new generation   total 4928K, used 429K [0x00000000f0800000, 0x00000000f0d50000, 0x00000000f5aa0000)
  eden space 4416K,   0% used [0x00000000f0800000, 0x00000000f0800000, 0x00000000f0c50000)
  from space 512K,  83% used [0x00000000f0c50000, 0x00000000f0cbb528, 0x00000000f0cd0000)
  to   space 512K,   0% used [0x00000000f0cd0000, 0x00000000f0cd0000, 0x00000000f0d50000)
 tenured generation   total 10944K, used 5319K [0x00000000f5aa0000, 0x00000000f6550000, 0x0000000100000000)
   the space 10944K,  48% used [0x00000000f5aa0000, 0x00000000f5fd1e50, 0x00000000f5fd2000, 0x00000000f6550000)
 Metaspace       used 17388K, capacity 17884K, committed 17920K, reserved 1064960K
  class space    used 2135K, capacity 2286K, committed 2304K, reserved 1048576K
}
Event: 2.694 GC heap before
{Heap before GC invocations=24 (full 0):
 def new generation   total 4928K, used 4845K [0x00000000f0800000, 0x00000000f0d50000, 0x00000000f5aa0000)
  eden space 4416K, 100% used [0x00000000f0800000, 0x00000000f0c50000, 0x00000000f0c50000)
  from space 512K,  83% used [0x00000000f0c50000, 0x00000000f0cbb528, 0x00000000f0cd0000)
  to   space 512K,   0% used [0x00000000f0cd0000, 0x00000000f0cd0000, 0x00000000f0d50000)
 tenured generation   total 10944K, used 5319K [0x00000000f5aa0000, 0x00000000f6550000, 0x0000000100000000)
   the space 10944K,  48% used [0x00000000f5aa0000, 0x00000000f5fd1e50, 0x00000000f5fd2000, 0x00000000f6550000)
 Metaspace       used 17610K, capacity 18140K, committed 18304K, reserved 1064960K
  class space    used 2180K, capacity 2350K, committed 2432K, reserved 1048576K
Event: 2.696 GC heap after
Heap after GC invocations=25 (full 0):
 def new generation   total 4928K, used 270K [0x00000000f0800000, 0x00000000f0d50000, 0x00000000f5aa0000)
  eden space 4416K,   0% used [0x00000000f0800000, 0x00000000f0800000, 0x00000000f0c50000)
  from space 512K,  52% used [0x00000000f0cd0000, 0x00000000f0d13ac0, 0x00000000f0d50000)
  to   space 512K,   0% used [0x00000000f0c50000, 0x00000000f0c50000, 0x00000000f0cd0000)
 tenured generation   total 10944K, used 5426K [0x00000000f5aa0000, 0x00000000f6550000, 0x0000000100000000)
   the space 10944K,  49% used [0x00000000f5aa0000, 0x00000000f5fecba0, 0x00000000f5fecc00, 0x00000000f6550000)
 Metaspace       used 17610K, capacity 18140K, committed 18304K, reserved 1064960K
  class space    used 2180K, capacity 2350K, committed 2432K, reserved 1048576K
}
Event: 2.733 GC heap before
{Heap before GC invocations=25 (full 0):
 def new generation   total 4928K, used 4686K [0x00000000f0800000, 0x00000000f0d50000, 0x00000000f5aa0000)
  eden space 4416K, 100% used [0x00000000f0800000, 0x00000000f0c50000, 0x00000000f0c50000)
  from space 512K,  52% used [0x00000000f0cd0000, 0x00000000f0d13ac0, 0x00000000f0d50000)
  to   space 512K,   0% used [0x00000000f0c50000, 0x00000000f0c50000, 0x00000000f0cd0000)
 tenured generation   total 10944K, used 5426K [0x00000000f5aa0000, 0x00000000f6550000, 0x0000000100000000)
   the space 10944K,  49% used [0x00000000f5aa0000, 0x00000000f5fecba0, 0x00000000f5fecc00, 0x00000000f6550000)
 Metaspace       used 17811K, capacity 18300K, committed 18560K, reserved 1064960K
  class space    used 2227K, capacity 2382K, committed 2432K, reserved 1048576K
Event: 2.734 GC heap after
Heap after GC invocations=26 (full 0):
 def new generation   total 4928K, used 304K [0x00000000f0800000, 0x00000000f0d50000, 0x00000000f5aa0000)
  eden space 4416K,   0% used [0x00000000f0800000, 0x00000000f0800000, 0x00000000f0c50000)
  from space 512K,  59% used [0x00000000f0c50000, 0x00000000f0c9c338, 0x00000000f0cd0000)
  to   space 512K,   0% used [0x00000000f0cd0000, 0x00000000f0cd0000, 0x00000000f0d50000)
 tenured generation   total 10944K, used 5514K [0x00000000f5aa0000, 0x00000000f6550000, 0x0000000100000000)
   the space 10944K,  50% used [0x00000000f5aa0000, 0x00000000f60029b0, 0x00000000f6002a00, 0x00000000f6550000)
 Metaspace       used 17811K, capacity 18300K, committed 18560K, reserved 1064960K
  class space    used 2227K, capacity 2382K, committed 2432K, reserved 1048576K
}
Event: 2.780 GC heap before
{Heap before GC invocations=26 (full 0):
 def new generation   total 4928K, used 4720K [0x00000000f0800000, 0x00000000f0d50000, 0x00000000f5aa0000)
  eden space 4416K, 100% used [0x00000000f0800000, 0x00000000f0c50000, 0x00000000f0c50000)
  from space 512K,  59% used [0x00000000f0c50000, 0x00000000f0c9c338, 0x00000000f0cd0000)
  to   space 512K,   0% used [0x00000000f0cd0000, 0x00000000f0cd0000, 0x00000000f0d50000)
 tenured generation   total 10944K, used 5514K [0x00000000f5aa0000, 0x00000000f6550000, 0x0000000100000000)
   the space 10944K,  50% used [0x00000000f5aa0000, 0x00000000f60029b0, 0x00000000f6002a00, 0x00000000f6550000)
 Metaspace       used 18082K, capacity 18536K, committed 18560K, reserved 1064960K
  class space    used 2281K, capacity 2416K, committed 2432K, reserved 1048576K
Event: 2.782 GC heap after
Heap after GC invocations=27 (full 0):
 def new generation   total 4928K, used 327K [0x00000000f0800000, 0x00000000f0d50000, 0x00000000f5aa0000)
  eden space 4416K,   0% used [0x00000000f0800000, 0x00000000f0800000, 0x00000000f0c50000)
  from space 512K,  63% used [0x00000000f0cd0000, 0x00000000f0d21c18, 0x00000000f0d50000)
  to   space 512K,   0% used [0x00000000f0c50000, 0x00000000f0c50000, 0x00000000f0cd0000)
 tenured generation   total 10944K, used 5606K [0x00000000f5aa0000, 0x00000000f6550000, 0x0000000100000000)
   the space 10944K,  51% used [0x00000000f5aa0000, 0x00000000f6019a48, 0x00000000f6019c00, 0x00000000f6550000)
 Metaspace       used 18082K, capacity 18536K, committed 18560K, reserved 1064960K
  class space    used 2281K, capacity 2416K, committed 2432K, reserved 1048576K
}
Event: 2.844 GC heap before
{Heap before GC invocations=27 (full 0):
 def new generation   total 4928K, used 4743K [0x00000000f0800000, 0x00000000f0d50000, 0x00000000f5aa0000)
  eden space 4416K, 100% used [0x00000000f0800000, 0x00000000f0c50000, 0x00000000f0c50000)
  from space 512K,  63% used [0x00000000f0cd0000, 0x00000000f0d21c18, 0x00000000f0d50000)
  to   space 512K,   0% used [0x00000000f0c50000, 0x00000000f0c50000, 0x00000000f0cd0000)
 tenured generation   total 10944K, used 5606K [0x00000000f5aa0000, 0x00000000f6550000, 0x0000000100000000)
   the space 10944K,  51% used [0x00000000f5aa0000, 0x00000000f6019a48, 0x00000000f6019c00, 0x00000000f6550000)
 Metaspace       used 18429K, capacity 18886K, committed 19200K, reserved 1067008K
  class space    used 2329K, capacity 2487K, committed 2560K, reserved 1048576K
Event: 2.846 GC heap after
Heap after GC invocations=28 (full 0):
 def new generation   total 4928K, used 408K [0x00000000f0800000, 0x00000000f0d50000, 0x00000000f5aa0000)
  eden space 4416K,   0% used [0x00000000f0800000, 0x00000000f0800000, 0x00000000f0c50000)
  from space 512K,  79% used [0x00000000f0c50000, 0x00000000f0cb6390, 0x00000000f0cd0000)
  to   space 512K,   0% used [0x00000000f0cd0000, 0x00000000f0cd0000, 0x00000000f0d50000)
 tenured generation   total 10944K, used 5728K [0x00000000f5aa0000, 0x00000000f6550000, 0x0000000100000000)
   the space 10944K,  52% used [0x00000000f5aa0000, 0x00000000f6038110, 0x00000000f6038200, 0x00000000f6550000)
 Metaspace       used 18429K, capacity 18886K, committed 19200K, reserved 1067008K
  class space    used 2329K, capacity 2487K, committed 2560K, reserved 1048576K
}
Event: 2.890 GC heap before
{Heap before GC invocations=28 (full 0):
 def new generation   total 4928K, used 4824K [0x00000000f0800000, 0x00000000f0d50000, 0x00000000f5aa0000)
  eden space 4416K, 100% used [0x00000000f0800000, 0x00000000f0c50000, 0x00000000f0c50000)
  from space 512K,  79% used [0x00000000f0c50000, 0x00000000f0cb6390, 0x00000000f0cd0000)
  to   space 512K,   0% used [0x00000000f0cd0000, 0x00000000f0cd0000, 0x00000000f0d50000)
 tenured generation   total 10944K, used 5728K [0x00000000f5aa0000, 0x00000000f6550000, 0x0000000100000000)
   the space 10944K,  52% used [0x00000000f5aa0000, 0x00000000f6038110, 0x00000000f6038200, 0x00000000f6550000)
 Metaspace       used 18710K, capacity 19214K, committed 19456K, reserved 1067008K
  class space    used 2369K, capacity 2551K, committed 2560K, reserved 1048576K
Event: 2.891 GC heap after
Heap after GC invocations=29 (full 0):
 def new generation   total 4928K, used 354K [0x00000000f0800000, 0x00000000f0d50000, 0x00000000f5aa0000)
  eden space 4416K,   0% used [0x00000000f0800000, 0x00000000f0800000, 0x00000000f0c50000)
  from space 512K,  69% used [0x00000000f0cd0000, 0x00000000f0d28bb0, 0x00000000f0d50000)
  to   space 512K,   0% used [0x00000000f0c50000, 0x00000000f0c50000, 0x00000000f0cd0000)
 tenured generation   total 10944K, used 5821K [0x00000000f5aa0000, 0x00000000f6550000, 0x0000000100000000)
   the space 10944K,  53% used [0x00000000f5aa0000, 0x00000000f604f700, 0x00000000f604f800, 0x00000000f6550000)
 Metaspace       used 18710K, capacity 19214K, committed 19456K, reserved 1067008K
  class space    used 2369K, capacity 2551K, committed 2560K, reserved 1048576K
}
Event: 2.946 GC heap before
{Heap before GC invocations=29 (full 0):
 def new generation   total 4928K, used 4770K [0x00000000f0800000, 0x00000000f0d50000, 0x00000000f5aa0000)
  eden space 4416K, 100% used [0x00000000f0800000, 0x00000000f0c50000, 0x00000000f0c50000)
  from space 512K,  69% used [0x00000000f0cd0000, 0x00000000f0d28bb0, 0x00000000f0d50000)
  to   space 512K,   0% used [0x00000000f0c50000, 0x00000000f0c50000, 0x00000000f0cd0000)
 tenured generation   total 10944K, used 5821K [0x00000000f5aa0000, 0x00000000f6550000, 0x0000000100000000)
   the space 10944K,  53% used [0x00000000f5aa0000, 0x00000000f604f700, 0x00000000f604f800, 0x00000000f6550000)
 Metaspace       used 19039K, capacity 19504K, committed 19840K, reserved 1067008K
  class space    used 2415K, capacity 2584K, committed 2688K, reserved 1048576K
Event: 2.948 GC heap after
Heap after GC invocations=30 (full 0):
 def new generation   total 4928K, used 329K [0x00000000f0800000, 0x00000000f0d50000, 0x00000000f5aa0000)
  eden space 4416K,   0% used [0x00000000f0800000, 0x00000000f0800000, 0x00000000f0c50000)
  from space 512K,  64% used [0x00000000f0c50000, 0x00000000f0ca26a8, 0x00000000f0cd0000)
  to   space 512K,   0% used [0x00000000f0cd0000, 0x00000000f0cd0000, 0x00000000f0d50000)
 tenured generation   total 10944K, used 5867K [0x00000000f5aa0000, 0x00000000f6550000, 0x0000000100000000)
   the space 10944K,  53% used [0x00000000f5aa0000, 0x00000000f605af90, 0x00000000f605b000, 0x00000000f6550000)
 Metaspace       used 19039K, capacity 19504K, committed 19840K, reserved 1067008K
  class space    used 2415K, capacity 2584K, committed 2688K, reserved 1048576K
}
Event: 2.999 GC heap before
{Heap before GC invocations=30 (full 0):
 def new generation   total 4928K, used 4745K [0x00000000f0800000, 0x00000000f0d50000, 0x00000000f5aa0000)
  eden space 4416K, 100% used [0x00000000f0800000, 0x00000000f0c50000, 0x00000000f0c50000)
  from space 512K,  64% used [0x00000000f0c50000, 0x00000000f0ca26a8, 0x00000000f0cd0000)
  to   space 512K,   0% used [0x00000000f0cd0000, 0x00000000f0cd0000, 0x00000000f0d50000)
 tenured generation   total 10944K, used 5867K [0x00000000f5aa0000, 0x00000000f6550000, 0x0000000100000000)
   the space 10944K,  53% used [0x00000000f5aa0000, 0x00000000f605af90, 0x00000000f605b000, 0x00000000f6550000)
 Metaspace       used 19336K, capacity 19880K, committed 20096K, reserved 1067008K
  class space    used 2454K, capacity 2622K, committed 2688K, reserved 1048576K
Event: 3.001 GC heap after
Heap after GC invocations=31 (full 0):
 def new generation   total 4928K, used 345K [0x00000000f0800000, 0x00000000f0d50000, 0x00000000f5aa0000)
  eden space 4416K,   0% used [0x00000000f0800000, 0x00000000f0800000, 0x00000000f0c50000)
  from space 512K,  67% used [0x00000000f0cd0000, 0x00000000f0d26780, 0x00000000f0d50000)
  to   space 512K,   0% used [0x00000000f0c50000, 0x00000000f0c50000, 0x00000000f0cd0000)
 tenured generation   total 10944K, used 5941K [0x00000000f5aa0000, 0x00000000f6550000, 0x0000000100000000)
   the space 10944K,  54% used [0x00000000f5aa0000, 0x00000000f606d750, 0x00000000f606d800, 0x00000000f6550000)
 Metaspace       used 19336K, capacity 19880K, committed 20096K, reserved 1067008K
  class space    used 2454K, capacity 2622K, committed 2688K, reserved 1048576K
}
Event: 3.064 GC heap before
{Heap before GC invocations=31 (full 0):
 def new generation   total 4928K, used 4761K [0x00000000f0800000, 0x00000000f0d50000, 0x00000000f5aa0000)
  eden space 4416K, 100% used [0x00000000f0800000, 0x00000000f0c50000, 0x00000000f0c50000)
  from space 512K,  67% used [0x00000000f0cd0000, 0x00000000f0d26780, 0x00000000f0d50000)
  to   space 512K,   0% used [0x00000000f0c50000, 0x00000000f0c50000, 0x00000000f0cd0000)
 tenured generation   total 10944K, used 5941K [0x00000000f5aa0000, 0x00000000f6550000, 0x0000000100000000)
   the space 10944K,  54% used [0x00000000f5aa0000, 0x00000000f606d750, 0x00000000f606d800, 0x00000000f6550000)
 Metaspace       used 19768K, capacity 20314K, committed 20480K, reserved 1067008K
  class space    used 2515K, capacity 2695K, committed 2816K, reserved 1048576K
Event: 3.067 GC heap after
Heap after GC invocations=32 (full 0):
 def new generation   total 4928K, used 443K [0x00000000f0800000, 0x00000000f0d50000, 0x00000000f5aa0000)
  eden space 4416K,   0% used [0x00000000f0800000, 0x00000000f0800000, 0x00000000f0c50000)
  from space 512K,  86% used [0x00000000f0c50000, 0x00000000f0cbed88, 0x00000000f0cd0000)
  to   space 512K,   0% used [0x00000000f0cd0000, 0x00000000f0cd0000, 0x00000000f0d50000)
 tenured generation   total 10944K, used 6003K [0x00000000f5aa0000, 0x00000000f6550000, 0x0000000100000000)
   the space 10944K,  54% used [0x00000000f5aa0000, 0x00000000f607ce08, 0x00000000f607d000, 0x00000000f6550000)
 Metaspace       used 19768K, capacity 20314K, committed 20480K, reserved 1067008K
  class space    used 2515K, capacity 2695K, committed 2816K, reserved 1048576K
}
Event: 3.120 GC heap before
{Heap before GC invocations=32 (full 0):
 def new generation   total 4928K, used 4859K [0x00000000f0800000, 0x00000000f0d50000, 0x00000000f5aa0000)
  eden space 4416K, 100% used [0x00000000f0800000, 0x00000000f0c50000, 0x00000000f0c50000)
  from space 512K,  86% used [0x00000000f0c50000, 0x00000000f0cbed88, 0x00000000f0cd0000)
  to   space 512K,   0% used [0x00000000f0cd0000, 0x00000000f0cd0000, 0x00000000f0d50000)
 tenured generation   total 10944K, used 6003K [0x00000000f5aa0000, 0x00000000f6550000, 0x0000000100000000)
   the space 10944K,  54% used [0x00000000f5aa0000, 0x00000000f607ce08, 0x00000000f607d000, 0x00000000f6550000)
 Metaspace       used 20181K, capacity 20764K, committed 20992K, reserved 1067008K
  class space    used 2563K, capacity 2740K, committed 2816K, reserved 1048576K
Event: 3.121 GC heap after
Heap after GC invocations=33 (full 0):
 def new generation   total 4928K, used 367K [0x00000000f0800000, 0x00000000f0d50000, 0x00000000f5aa0000)
  eden space 4416K,   0% used [0x00000000f0800000, 0x00000000f0800000, 0x00000000f0c50000)
  from space 512K,  71% used [0x00000000f0cd0000, 0x00000000f0d2bca0, 0x00000000f0d50000)
  to   space 512K,   0% used [0x00000000f0c50000, 0x00000000f0c50000, 0x00000000f0cd0000)
 tenured generation   total 10944K, used 6082K [0x00000000f5aa0000, 0x00000000f6550000, 0x0000000100000000)
   the space 10944K,  55% used [0x00000000f5aa0000, 0x00000000f60909e0, 0x00000000f6090a00, 0x00000000f6550000)
 Metaspace       used 20181K, capacity 20764K, committed 20992K, reserved 1067008K
  class space    used 2563K, capacity 2740K, committed 2816K, reserved 1048576K
}
Event: 3.186 GC heap before
{Heap before GC invocations=33 (full 0):
 def new generation   total 4928K, used 4783K [0x00000000f0800000, 0x00000000f0d50000, 0x00000000f5aa0000)
  eden space 4416K, 100% used [0x00000000f0800000, 0x00000000f0c50000, 0x00000000f0c50000)
  from space 512K,  71% used [0x00000000f0cd0000, 0x00000000f0d2bca0, 0x00000000f0d50000)
  to   space 512K,   0% used [0x00000000f0c50000, 0x00000000f0c50000, 0x00000000f0cd0000)
 tenured generation   total 10944K, used 6082K [0x00000000f5aa0000, 0x00000000f6550000, 0x0000000100000000)
   the space 10944K,  55% used [0x00000000f5aa0000, 0x00000000f60909e0, 0x00000000f6090a00, 0x00000000f6550000)
 Metaspace       used 20705K, capacity 21232K, committed 21248K, reserved 1067008K
  class space    used 2627K, capacity 2812K, committed 2816K, reserved 1048576K
Event: 3.221 GC heap after
Heap after GC invocations=34 (full 1):
 def new generation   total 4992K, used 0K [0x00000000f0800000, 0x00000000f0d60000, 0x00000000f5aa0000)
  eden space 4480K,   0% used [0x00000000f0800000, 0x00000000f0800000, 0x00000000f0c60000)
  from space 512K,   0% used [0x00000000f0c60000, 0x00000000f0c60000, 0x00000000f0ce0000)
  to   space 512K,   0% used [0x00000000f0ce0000, 0x00000000f0ce0000, 0x00000000f0d60000)
 tenured generation   total 10944K, used 5866K [0x00000000f5aa0000, 0x00000000f6550000, 0x0000000100000000)
   the space 10944K,  53% used [0x00000000f5aa0000, 0x00000000f605a9f0, 0x00000000f605aa00, 0x00000000f6550000)
 Metaspace       used 20705K, capacity 21232K, committed 21248K, reserved 1067008K
  class space    used 2627K, capacity 2812K, committed 2816K, reserved 1048576K
}
Event: 3.274 GC heap before
{Heap before GC invocations=34 (full 1):
 def new generation   total 4992K, used 4480K [0x00000000f0800000, 0x00000000f0d60000, 0x00000000f5aa0000)
  eden space 4480K, 100% used [0x00000000f0800000, 0x00000000f0c60000, 0x00000000f0c60000)
  from space 512K,   0% used [0x00000000f0c60000, 0x00000000f0c60000, 0x00000000f0ce0000)
  to   space 512K,   0% used [0x00000000f0ce0000, 0x00000000f0ce0000, 0x00000000f0d60000)
 tenured generation   total 10944K, used 5866K [0x00000000f5aa0000, 0x00000000f6550000, 0x0000000100000000)
   the space 10944K,  53% used [0x00000000f5aa0000, 0x00000000f605a9f0, 0x00000000f605aa00, 0x00000000f6550000)
 Metaspace       used 21158K, capacity 21716K, committed 21888K, reserved 1069056K
  class space    used 2675K, capacity 2846K, committed 2944K, reserved 1048576K
Event: 3.276 GC heap after
Heap after GC invocations=35 (full 1):
 def new generation   total 4992K, used 506K [0x00000000f0800000, 0x00000000f0d60000, 0x00000000f5aa0000)
  eden space 4480K,   0% used [0x00000000f0800000, 0x00000000f0800000, 0x00000000f0c60000)
  from space 512K,  98% used [0x00000000f0ce0000, 0x00000000f0d5ea18, 0x00000000f0d60000)
  to   space 512K,   0% used [0x00000000f0c60000, 0x00000000f0c60000, 0x00000000f0ce0000)
 tenured generation   total 10944K, used 5866K [0x00000000f5aa0000, 0x00000000f6550000, 0x0000000100000000)
   the space 10944K,  53% used [0x00000000f5aa0000, 0x00000000f605a9f0, 0x00000000f605aa00, 0x00000000f6550000)
 Metaspace       used 21158K, capacity 21716K, committed 21888K, reserved 1069056K
  class space    used 2675K, capacity 2846K, committed 2944K, reserved 1048576K
}
Event: 3.337 GC heap before
{Heap before GC invocations=35 (full 1):
 def new generation   total 4992K, used 4986K [0x00000000f0800000, 0x00000000f0d60000, 0x00000000f5aa0000)
  eden space 4480K, 100% used [0x00000000f0800000, 0x00000000f0c60000, 0x00000000f0c60000)
  from space 512K,  98% used [0x00000000f0ce0000, 0x00000000f0d5ea18, 0x00000000f0d60000)
  to   space 512K,   0% used [0x00000000f0c60000, 0x00000000f0c60000, 0x00000000f0ce0000)
 tenured generation   total 10944K, used 5866K [0x00000000f5aa0000, 0x00000000f6550000, 0x0000000100000000)
   the space 10944K,  53% used [0x00000000f5aa0000, 0x00000000f605a9f0, 0x00000000f605aa00, 0x00000000f6550000)
 Metaspace       used 21557K, capacity 22072K, committed 22400K, reserved 1069056K
  class space    used 2710K, capacity 2878K, committed 2944K, reserved 1048576K
Event: 3.340 GC heap after
Heap after GC invocations=36 (full 1):
 def new generation   total 4992K, used 484K [0x00000000f0800000, 0x00000000f0d60000, 0x00000000f5aa0000)
  eden space 4480K,   0% used [0x00000000f0800000, 0x00000000f0800000, 0x00000000f0c60000)
  from space 512K,  94% used [0x00000000f0c60000, 0x00000000f0cd9268, 0x00000000f0ce0000)
  to   space 512K,   0% used [0x00000000f0ce0000, 0x00000000f0ce0000, 0x00000000f0d60000)
 tenured generation   total 10944K, used 5978K [0x00000000f5aa0000, 0x00000000f6550000, 0x0000000100000000)
   the space 10944K,  54% used [0x00000000f5aa0000, 0x00000000f6076868, 0x00000000f6076a00, 0x00000000f6550000)
 Metaspace       used 21557K, capacity 22072K, committed 22400K, reserved 1069056K
  class space    used 2710K, capacity 2878K, committed 2944K, reserved 1048576K
}
Event: 3.406 GC heap before
{Heap before GC invocations=36 (full 1):
 def new generation   total 4992K, used 4961K [0x00000000f0800000, 0x00000000f0d60000, 0x00000000f5aa0000)
  eden space 4480K,  99% used [0x00000000f0800000, 0x00000000f0c5f4d8, 0x00000000f0c60000)
  from space 512K,  94% used [0x00000000f0c60000, 0x00000000f0cd9268, 0x00000000f0ce0000)
  to   space 512K,   0% used [0x00000000f0ce0000, 0x00000000f0ce0000, 0x00000000f0d60000)
 tenured generation   total 10944K, used 5978K [0x00000000f5aa0000, 0x00000000f6550000, 0x0000000100000000)
   the space 10944K,  54% used [0x00000000f5aa0000, 0x00000000f6076868, 0x00000000f6076a00, 0x00000000f6550000)
 Metaspace       used 21935K, capacity 22558K, committed 22656K, reserved 1069056K
  class space    used 2750K, capacity 2911K, committed 2944K, reserved 1048576K
Event: 3.408 GC heap after
Heap after GC invocations=37 (full 1):
 def new generation   total 4992K, used 494K [0x00000000f0800000, 0x00000000f0d60000, 0x00000000f5aa0000)
  eden space 4480K,   0% used [0x00000000f0800000, 0x00000000f0800000, 0x00000000f0c60000)
  from space 512K,  96% used [0x00000000f0ce0000, 0x00000000f0d5bbd0, 0x00000000f0d60000)
  to   space 512K,   0% used [0x00000000f0c60000, 0x00000000f0c60000, 0x00000000f0ce0000)
 tenured generation   total 10944K, used 6116K [0x00000000f5aa0000, 0x00000000f6550000, 0x0000000100000000)
   the space 10944K,  55% used [0x00000000f5aa0000, 0x00000000f6099040, 0x00000000f6099200, 0x00000000f6550000)
 Metaspace       used 21935K, capacity 22558K, committed 22656K, reserved 1069056K
  class space    used 2750K, capacity 2911K, committed 2944K, reserved 1048576K
}
Event: 3.482 GC heap before
{Heap before GC invocations=37 (full 1):
 def new generation   total 4992K, used 4974K [0x00000000f0800000, 0x00000000f0d60000, 0x00000000f5aa0000)
  eden space 4480K, 100% used [0x00000000f0800000, 0x00000000f0c60000, 0x00000000f0c60000)
  from space 512K,  96% used [0x00000000f0ce0000, 0x00000000f0d5bbd0, 0x00000000f0d60000)
  to   space 512K,   0% used [0x00000000f0c60000, 0x00000000f0c60000, 0x00000000f0ce0000)
 tenured generation   total 10944K, used 6116K [0x00000000f5aa0000, 0x00000000f6550000, 0x0000000100000000)
   the space 10944K,  55% used [0x00000000f5aa0000, 0x00000000f6099040, 0x00000000f6099200, 0x00000000f6550000)
 Metaspace       used 22406K, capacity 23006K, committed 23296K, reserved 1069056K
  class space    used 2791K, capacity 2975K, committed 3072K, reserved 1048576K
Event: 3.484 GC heap after
Heap after GC invocations=38 (full 1):
 def new generation   total 4992K, used 507K [0x00000000f0800000, 0x00000000f0d60000, 0x00000000f5aa0000)
  eden space 4480K,   0% used [0x00000000f0800000, 0x00000000f0800000, 0x00000000f0c60000)
  from space 512K,  99% used [0x00000000f0c60000, 0x00000000f0cded40, 0x00000000f0ce0000)
  to   space 512K,   0% used [0x00000000f0ce0000, 0x00000000f0ce0000, 0x00000000f0d60000)
 tenured generation   total 10944K, used 6253K [0x00000000f5aa0000, 0x00000000f6550000, 0x0000000100000000)
   the space 10944K,  57% used [0x00000000f5aa0000, 0x00000000f60bb538, 0x00000000f60bb600, 0x00000000f6550000)
 Metaspace       used 22406K, capacity 23006K, committed 23296K, reserved 1069056K
  class space    used 2791K, capacity 2975K, committed 3072K, reserved 1048576K
}
Event: 3.554 GC heap before
{Heap before GC invocations=38 (full 1):
 def new generation   total 4992K, used 4987K [0x00000000f0800000, 0x00000000f0d60000, 0x00000000f5aa0000)
  eden space 4480K, 100% used [0x00000000f0800000, 0x00000000f0c60000, 0x00000000f0c60000)
  from space 512K,  99% used [0x00000000f0c60000, 0x00000000f0cded40, 0x00000000f0ce0000)
  to   space 512K,   0% used [0x00000000f0ce0000, 0x00000000f0ce0000, 0x00000000f0d60000)
 tenured generation   total 10944K, used 6253K [0x00000000f5aa0000, 0x00000000f6550000, 0x0000000100000000)
   the space 10944K,  57% used [0x00000000f5aa0000, 0x00000000f60bb538, 0x00000000f60bb600, 0x00000000f6550000)
 Metaspace       used 22727K, capacity 23300K, committed 23552K, reserved 1069056K
  class space    used 2831K, capacity 3008K, committed 3072K, reserved 1048576K
Event: 3.556 GC heap after
Heap after GC invocations=39 (full 1):
 def new generation   total 4992K, used 399K [0x00000000f0800000, 0x00000000f0d60000, 0x00000000f5aa0000)
  eden space 4480K,   0% used [0x00000000f0800000, 0x00000000f0800000, 0x00000000f0c60000)
  from space 512K,  78% used [0x00000000f0ce0000, 0x00000000f0d43f20, 0x00000000f0d60000)
  to   space 512K,   0% used [0x00000000f0c60000, 0x00000000f0c60000, 0x00000000f0ce0000)
 tenured generation   total 10944K, used 6389K [0x00000000f5aa0000, 0x00000000f6550000, 0x0000000100000000)
   the space 10944K,  58% used [0x00000000f5aa0000, 0x00000000f60dd4b8, 0x00000000f60dd600, 0x00000000f6550000)
 Metaspace       used 22727K, capacity 23300K, committed 23552K, reserved 1069056K
  class space    used 2831K, capacity 3008K, committed 3072K, reserved 1048576K
}
Event: 3.608 GC heap before
{Heap before GC invocations=39 (full 1):
 def new generation   total 4992K, used 4878K [0x00000000f0800000, 0x00000000f0d60000, 0x00000000f5aa0000)
  eden space 4480K,  99% used [0x00000000f0800000, 0x00000000f0c5fa78, 0x00000000f0c60000)
  from space 512K,  78% used [0x00000000f0ce0000, 0x00000000f0d43f20, 0x00000000f0d60000)
  to   space 512K,   0% used [0x00000000f0c60000, 0x00000000f0c60000, 0x00000000f0ce0000)
 tenured generation   total 10944K, used 6389K [0x00000000f5aa0000, 0x00000000f6550000, 0x0000000100000000)
   the space 10944K,  58% used [0x00000000f5aa0000, 0x00000000f60dd4b8, 0x00000000f60dd600, 0x00000000f6550000)
 Metaspace       used 22985K, capacity 23594K, committed 23808K, reserved 1071104K
  class space    used 2857K, capacity 3041K, committed 3072K, reserved 1048576K
Event: 3.610 GC heap after
Heap after GC invocations=40 (full 1):
 def new generation   total 4992K, used 497K [0x00000000f0800000, 0x00000000f0d60000, 0x00000000f5aa0000)
  eden space 4480K,   0% used [0x00000000f0800000, 0x00000000f0800000, 0x00000000f0c60000)
  from space 512K,  97% used [0x00000000f0c60000, 0x00000000f0cdc730, 0x00000000f0ce0000)
  to   space 512K,   0% used [0x00000000f0ce0000, 0x00000000f0ce0000, 0x00000000f0d60000)
 tenured generation   total 10944K, used 6525K [0x00000000f5aa0000, 0x00000000f6550000, 0x0000000100000000)
   the space 10944K,  59% used [0x00000000f5aa0000, 0x00000000f60ff768, 0x00000000f60ff800, 0x00000000f6550000)
 Metaspace       used 22985K, capacity 23594K, committed 23808K, reserved 1071104K
  class space    used 2857K, capacity 3041K, committed 3072K, reserved 1048576K
}
Event: 3.659 GC heap before
{Heap before GC invocations=40 (full 1):
 def new generation   total 4992K, used 4977K [0x00000000f0800000, 0x00000000f0d60000, 0x00000000f5aa0000)
  eden space 4480K, 100% used [0x00000000f0800000, 0x00000000f0c60000, 0x00000000f0c60000)
  from space 512K,  97% used [0x00000000f0c60000, 0x00000000f0cdc730, 0x00000000f0ce0000)
  to   space 512K,   0% used [0x00000000f0ce0000, 0x00000000f0ce0000, 0x00000000f0d60000)
 tenured generation   total 10944K, used 6525K [0x00000000f5aa0000, 0x00000000f6550000, 0x0000000100000000)
   the space 10944K,  59% used [0x00000000f5aa0000, 0x00000000f60ff768, 0x00000000f60ff800, 0x00000000f6550000)
 Metaspace       used 23228K, capacity 23866K, committed 24192K, reserved 1071104K
  class space    used 2893K, capacity 3081K, committed 3200K, reserved 1048576K
Event: 3.661 GC heap after
Heap after GC invocations=41 (full 1):
 def new generation   total 4992K, used 475K [0x00000000f0800000, 0x00000000f0d60000, 0x00000000f5aa0000)
  eden space 4480K,   0% used [0x00000000f0800000, 0x00000000f0800000, 0x00000000f0c60000)
  from space 512K,  92% used [0x00000000f0ce0000, 0x00000000f0d56e10, 0x00000000f0d60000)
  to   space 512K,   0% used [0x00000000f0c60000, 0x00000000f0c60000, 0x00000000f0ce0000)
 tenured generation   total 10944K, used 6642K [0x00000000f5aa0000, 0x00000000f6550000, 0x0000000100000000)
   the space 10944K,  60% used [0x00000000f5aa0000, 0x00000000f611c9a0, 0x00000000f611ca00, 0x00000000f6550000)
 Metaspace       used 23228K, capacity 23866K, committed 24192K, reserved 1071104K
  class space    used 2893K, capacity 3081K, committed 3200K, reserved 1048576K
}
Event: 3.718 GC heap before
{Heap before GC invocations=41 (full 1):
 def new generation   total 4992K, used 4986K [0x00000000f0800000, 0x00000000f0d60000, 0x00000000f5aa0000)
  eden space 4480K, 100% used [0x00000000f0800000, 0x00000000f0c60000, 0x00000000f0c60000)
  from space 512K,  98% used [0x00000000f0ce0000, 0x00000000f0d5e830, 0x00000000f0d60000)
  to   space 512K,   0% used [0x00000000f0c60000, 0x00000000f0c60000, 0x00000000f0ce0000)
 tenured generation   total 10944K, used 6642K [0x00000000f5aa0000, 0x00000000f6550000, 0x0000000100000000)
   the space 10944K,  60% used [0x00000000f5aa0000, 0x00000000f611c9a0, 0x00000000f611ca00, 0x00000000f6550000)
 Metaspace       used 23595K, capacity 24250K, committed 24448K, reserved 1071104K
  class space    used 2938K, capacity 3119K, committed 3200K, reserved 1048576K
Event: 3.720 GC heap after
Heap after GC invocations=42 (full 1):
 def new generation   total 4992K, used 512K [0x00000000f0800000, 0x00000000f0d60000, 0x00000000f5aa0000)
  eden space 4480K,   0% used [0x00000000f0800000, 0x00000000f0800000, 0x00000000f0c60000)
  from space 512K, 100% used [0x00000000f0c60000, 0x00000000f0ce0000, 0x00000000f0ce0000)
  to   space 512K,   0% used [0x00000000f0ce0000, 0x00000000f0ce0000, 0x00000000f0d60000)
 tenured generation   total 10944K, used 7061K [0x00000000f5aa0000, 0x00000000f6550000, 0x0000000100000000)
   the space 10944K,  64% used [0x00000000f5aa0000, 0x00000000f61855a0, 0x00000000f6185600, 0x00000000f6550000)
 Metaspace       used 23595K, capacity 24250K, committed 24448K, reserved 1071104K
  class space    used 2938K, capacity 3119K, committed 3200K, reserved 1048576K
}
Event: 3.761 GC heap before
{Heap before GC invocations=42 (full 1):
 def new generation   total 4992K, used 4992K [0x00000000f0800000, 0x00000000f0d60000, 0x00000000f5aa0000)
  eden space 4480K, 100% used [0x00000000f0800000, 0x00000000f0c60000, 0x00000000f0c60000)
  from space 512K, 100% used [0x00000000f0c60000, 0x00000000f0ce0000, 0x00000000f0ce0000)
  to   space 512K,   0% used [0x00000000f0ce0000, 0x00000000f0ce0000, 0x00000000f0d60000)
 tenured generation   total 10944K, used 7061K [0x00000000f5aa0000, 0x00000000f6550000, 0x0000000100000000)
   the space 10944K,  64% used [0x00000000f5aa0000, 0x00000000f61855a0, 0x00000000f6185600, 0x00000000f6550000)
 Metaspace       used 23933K, capacity 24544K, committed 24704K, reserved 1071104K
  class space    used 2983K, capacity 3152K, committed 3200K, reserved 1048576K
Event: 3.763 GC heap after
Heap after GC invocations=43 (full 1):
 def new generation   total 4992K, used 385K [0x00000000f0800000, 0x00000000f0d60000, 0x00000000f5aa0000)
  eden space 4480K,   0% used [0x00000000f0800000, 0x00000000f0800000, 0x00000000f0c60000)
  from space 512K,  75% used [0x00000000f0ce0000, 0x00000000f0d406d0, 0x00000000f0d60000)
  to   space 512K,   0% used [0x00000000f0c60000, 0x00000000f0c60000, 0x00000000f0ce0000)
 tenured generation   total 10944K, used 7367K [0x00000000f5aa0000, 0x00000000f6550000, 0x0000000100000000)
   the space 10944K,  67% used [0x00000000f5aa0000, 0x00000000f61d1ce0, 0x00000000f61d1e00, 0x00000000f6550000)
 Metaspace       used 23933K, capacity 24544K, committed 24704K, reserved 1071104K
  class space    used 2983K, capacity 3152K, committed 3200K, reserved 1048576K
}
Event: 3.790 GC heap before
{Heap before GC invocations=43 (full 1):
 def new generation   total 4992K, used 4865K [0x00000000f0800000, 0x00000000f0d60000, 0x00000000f5aa0000)
  eden space 4480K,  99% used [0x00000000f0800000, 0x00000000f0c5ff30, 0x00000000f0c60000)
  from space 512K,  75% used [0x00000000f0ce0000, 0x00000000f0d406d0, 0x00000000f0d60000)
  to   space 512K,   0% used [0x00000000f0c60000, 0x00000000f0c60000, 0x00000000f0ce0000)
 tenured generation   total 10944K, used 7367K [0x00000000f5aa0000, 0x00000000f6550000, 0x0000000100000000)
   the space 10944K,  67% used [0x00000000f5aa0000, 0x00000000f61d1ce0, 0x00000000f61d1e00, 0x00000000f6550000)
 Metaspace       used 24154K, capacity 24800K, committed 25088K, reserved 1071104K
  class space    used 3011K, capacity 3216K, committed 3328K, reserved 1048576K
Event: 3.792 GC heap after
Heap after GC invocations=44 (full 1):
 def new generation   total 4992K, used 310K [0x00000000f0800000, 0x00000000f0d60000, 0x00000000f5aa0000)
  eden space 4480K,   0% used [0x00000000f0800000, 0x00000000f0800000, 0x00000000f0c60000)
  from space 512K,  60% used [0x00000000f0c60000, 0x00000000f0cadab8, 0x00000000f0ce0000)
  to   space 512K,   0% used [0x00000000f0ce0000, 0x00000000f0ce0000, 0x00000000f0d60000)
 tenured generation   total 10944K, used 7415K [0x00000000f5aa0000, 0x00000000f6550000, 0x0000000100000000)
   the space 10944K,  67% used [0x00000000f5aa0000, 0x00000000f61ddde0, 0x00000000f61dde00, 0x00000000f6550000)
 Metaspace       used 24154K, capacity 24800K, committed 25088K, reserved 1071104K
  class space    used 3011K, capacity 3216K, committed 3328K, reserved 1048576K
}
Event: 3.798 GC heap before
{Heap before GC invocations=44 (full 1):
 def new generation   total 4992K, used 4774K [0x00000000f0800000, 0x00000000f0d60000, 0x00000000f5aa0000)
  eden space 4480K,  99% used [0x00000000f0800000, 0x00000000f0c5c078, 0x00000000f0c60000)
  from space 512K,  60% used [0x00000000f0c60000, 0x00000000f0cadab8, 0x00000000f0ce0000)
  to   space 512K,   0% used [0x00000000f0ce0000, 0x00000000f0ce0000, 0x00000000f0d60000)
 tenured generation   total 10944K, used 7415K [0x00000000f5aa0000, 0x00000000f6550000, 0x0000000100000000)
   the space 10944K,  67% used [0x00000000f5aa0000, 0x00000000f61ddde0, 0x00000000f61dde00, 0x00000000f6550000)
 Metaspace       used 24185K, capacity 24800K, committed 25088K, reserved 1071104K
  class space    used 3015K, capacity 3216K, committed 3328K, reserved 1048576K
Event: 3.799 GC heap after
Heap after GC invocations=45 (full 1):
 def new generation   total 4992K, used 105K [0x00000000f0800000, 0x00000000f0d60000, 0x00000000f5aa0000)
  eden space 4480K,   0% used [0x00000000f0800000, 0x00000000f0800000, 0x00000000f0c60000)
  from space 512K,  20% used [0x00000000f0ce0000, 0x00000000f0cfa638, 0x00000000f0d60000)
  to   space 512K,   0% used [0x00000000f0c60000, 0x00000000f0c60000, 0x00000000f0ce0000)
 tenured generation   total 10944K, used 7516K [0x00000000f5aa0000, 0x00000000f6550000, 0x0000000100000000)
   the space 10944K,  68% used [0x00000000f5aa0000, 0x00000000f61f70c0, 0x00000000f61f7200, 0x00000000f6550000)
 Metaspace       used 24185K, capacity 24800K, committed 25088K, reserved 1071104K
  class space    used 3015K, capacity 3216K, committed 3328K, reserved 1048576K
}
Event: 3.800 GC heap before
{Heap before GC invocations=45 (full 1):
 def new generation   total 4992K, used 4556K [0x00000000f0800000, 0x00000000f0d60000, 0x00000000f5aa0000)
  eden space 4480K,  99% used [0x00000000f0800000, 0x00000000f0c58b68, 0x00000000f0c60000)
  from space 512K,  20% used [0x00000000f0ce0000, 0x00000000f0cfa638, 0x00000000f0d60000)
  to   space 512K,   0% used [0x00000000f0c60000, 0x00000000f0c60000, 0x00000000f0ce0000)
 tenured generation   total 10944K, used 7516K [0x00000000f5aa0000, 0x00000000f6550000, 0x0000000100000000)
   the space 10944K,  68% used [0x00000000f5aa0000, 0x00000000f61f70c0, 0x00000000f61f7200, 0x00000000f6550000)
 Metaspace       used 24185K, capacity 24800K, committed 25088K, reserved 1071104K
  class space    used 3015K, capacity 3216K, committed 3328K, reserved 1048576K
Event: 3.800 GC heap after
Heap after GC invocations=46 (full 1):
 def new generation   total 4992K, used 74K [0x00000000f0800000, 0x00000000f0d60000, 0x00000000f5aa0000)
  eden space 4480K,   0% used [0x00000000f0800000, 0x00000000f0800000, 0x00000000f0c60000)
  from space 512K,  14% used [0x00000000f0c60000, 0x00000000f0c729d8, 0x00000000f0ce0000)
  to   space 512K,   0% used [0x00000000f0ce0000, 0x00000000f0ce0000, 0x00000000f0d60000)
 tenured generation   total 10944K, used 7516K [0x00000000f5aa0000, 0x00000000f6550000, 0x0000000100000000)
   the space 10944K,  68% used [0x00000000f5aa0000, 0x00000000f61f70c0, 0x00000000f61f7200, 0x00000000f6550000)
 Metaspace       used 24185K, capacity 24800K, committed 25088K, reserved 1071104K
  class space    used 3015K, capacity 3216K, committed 3328K, reserved 1048576K
}
Event: 3.801 GC heap before
{Heap before GC invocations=46 (full 1):
 def new generation   total 4992K, used 4554K [0x00000000f0800000, 0x00000000f0d60000, 0x00000000f5aa0000)
  eden space 4480K, 100% used [0x00000000f0800000, 0x00000000f0c60000, 0x00000000f0c60000)
  from space 512K,  14% used [0x00000000f0c60000, 0x00000000f0c729d8, 0x00000000f0ce0000)
  to   space 512K,   0% used [0x00000000f0ce0000, 0x00000000f0ce0000, 0x00000000f0d60000)
 tenured generation   total 10944K, used 7516K [0x00000000f5aa0000, 0x00000000f6550000, 0x0000000100000000)
   the space 10944K,  68% used [0x00000000f5aa0000, 0x00000000f61f70c0, 0x00000000f61f7200, 0x00000000f6550000)
 Metaspace       used 24185K, capacity 24800K, committed 25088K, reserved 1071104K
  class space    used 3015K, capacity 3216K, committed 3328K, reserved 1048576K
Event: 3.802 GC heap after
Heap after GC invocations=47 (full 1):
 def new generation   total 4992K, used 84K [0x00000000f0800000, 0x00000000f0d60000, 0x00000000f5aa0000)
  eden space 4480K,   0% used [0x00000000f0800000, 0x00000000f0800000, 0x00000000f0c60000)
  from space 512K,  16% used [0x00000000f0ce0000, 0x00000000f0cf5168, 0x00000000f0d60000)
  to   space 512K,   0% used [0x00000000f0c60000, 0x00000000f0c60000, 0x00000000f0ce0000)
 tenured generation   total 10944K, used 7516K [0x00000000f5aa0000, 0x00000000f6550000, 0x0000000100000000)
   the space 10944K,  68% used [0x00000000f5aa0000, 0x00000000f61f70c0, 0x00000000f61f7200, 0x00000000f6550000)
 Metaspace       used 24185K, capacity 24800K, committed 25088K, reserved 1071104K
  class space    used 3015K, capacity 3216K, committed 3328K, reserved 1048576K
}
Event: 3.802 GC heap before
{Heap before GC invocations=47 (full 1):
 def new generation   total 4992K, used 4528K [0x00000000f0800000, 0x00000000f0d60000, 0x00000000f5aa0000)
  eden space 4480K,  99% used [0x00000000f0800000, 0x00000000f0c57250, 0x00000000f0c60000)
  from space 512K,  16% used [0x00000000f0ce0000, 0x00000000f0cf5168, 0x00000000f0d60000)
  to   space 512K,   0% used [0x00000000f0c60000, 0x00000000f0c60000, 0x00000000f0ce0000)
 tenured generation   total 10944K, used 7516K [0x00000000f5aa0000, 0x00000000f6550000, 0x0000000100000000)
   the space 10944K,  68% used [0x00000000f5aa0000, 0x00000000f61f70c0, 0x00000000f61f7200, 0x00000000f6550000)
 Metaspace       used 24185K, capacity 24800K, committed 25088K, reserved 1071104K
  class space    used 3015K, capacity 3216K, committed 3328K, reserved 1048576K
Event: 3.803 GC heap after
Heap after GC invocations=48 (full 1):
 def new generation   total 4992K, used 91K [0x00000000f0800000, 0x00000000f0d60000, 0x00000000f5aa0000)
  eden space 4480K,   0% used [0x00000000f0800000, 0x00000000f0800000, 0x00000000f0c60000)
  from space 512K,  17% used [0x00000000f0c60000, 0x00000000f0c76df8, 0x00000000f0ce0000)
  to   space 512K,   0% used [0x00000000f0ce0000, 0x00000000f0ce0000, 0x00000000f0d60000)
 tenured generation   total 10944K, used 7516K [0x00000000f5aa0000, 0x00000000f6550000, 0x0000000100000000)
   the space 10944K,  68% used [0x00000000f5aa0000, 0x00000000f61f70c0, 0x00000000f61f7200, 0x00000000f6550000)
 Metaspace       used 24185K, capacity 24800K, committed 25088K, reserved 1071104K
  class space    used 3015K, capacity 3216K, committed 3328K, reserved 1048576K
}
Event: 3.810 GC heap before
{Heap before GC invocations=48 (full 1):
 def new generation   total 4992K, used 4566K [0x00000000f0800000, 0x00000000f0d60000, 0x00000000f5aa0000)
  eden space 4480K,  99% used [0x00000000f0800000, 0x00000000f0c5ea50, 0x00000000f0c60000)
  from space 512K,  17% used [0x00000000f0c60000, 0x00000000f0c76df8, 0x00000000f0ce0000)
  to   space 512K,   0% used [0x00000000f0ce0000, 0x00000000f0ce0000, 0x00000000f0d60000)
 tenured generation   total 10944K, used 7516K [0x00000000f5aa0000, 0x00000000f6550000, 0x0000000100000000)
   the space 10944K,  68% used [0x00000000f5aa0000, 0x00000000f61f70c0, 0x00000000f61f7200, 0x00000000f6550000)
 Metaspace       used 24185K, capacity 24800K, committed 25088K, reserved 1071104K
  class space    used 3015K, capacity 3216K, committed 3328K, reserved 1048576K
Event: 3.811 GC heap after
Heap after GC invocations=49 (full 1):
 def new generation   total 4992K, used 97K [0x00000000f0800000, 0x00000000f0d60000, 0x00000000f5aa0000)
  eden space 4480K,   0% used [0x00000000f0800000, 0x00000000f0800000, 0x00000000f0c60000)
  from space 512K,  19% used [0x00000000f0ce0000, 0x00000000f0cf86c8, 0x00000000f0d60000)
  to   space 512K,   0% used [0x00000000f0c60000, 0x00000000f0c60000, 0x00000000f0ce0000)
 tenured generation   total 10944K, used 7516K [0x00000000f5aa0000, 0x00000000f6550000, 0x0000000100000000)
   the space 10944K,  68% used [0x00000000f5aa0000, 0x00000000f61f70c0, 0x00000000f61f7200, 0x00000000f6550000)
 Metaspace       used 24185K, capacity 24800K, committed 25088K, reserved 1071104K
  class space    used 3015K, capacity 3216K, committed 3328K, reserved 1048576K
}
Event: 3.815 GC heap before
{Heap before GC invocations=49 (full 1):
 def new generation   total 4992K, used 4570K [0x00000000f0800000, 0x00000000f0d60000, 0x00000000f5aa0000)
  eden space 4480K,  99% used [0x00000000f0800000, 0x00000000f0c5e440, 0x00000000f0c60000)
  from space 512K,  19% used [0x00000000f0ce0000, 0x00000000f0cf86c8, 0x00000000f0d60000)
  to   space 512K,   0% used [0x00000000f0c60000, 0x00000000f0c60000, 0x00000000f0ce0000)
 tenured generation   total 10944K, used 7516K [0x00000000f5aa0000, 0x00000000f6550000, 0x0000000100000000)
   the space 10944K,  68% used [0x00000000f5aa0000, 0x00000000f61f70c0, 0x00000000f61f7200, 0x00000000f6550000)
 Metaspace       used 24230K, capacity 24864K, committed 25088K, reserved 1071104K
  class space    used 3023K, capacity 3216K, committed 3328K, reserved 1048576K
Event: 3.815 GC heap after
Heap after GC invocations=50 (full 1):
 def new generation   total 4992K, used 192K [0x00000000f0800000, 0x00000000f0d60000, 0x00000000f5aa0000)
  eden space 4480K,   0% used [0x00000000f0800000, 0x00000000f0800000, 0x00000000f0c60000)
  from space 512K,  37% used [0x00000000f0c60000, 0x00000000f0c90000, 0x00000000f0ce0000)
  to   space 512K,   0% used [0x00000000f0ce0000, 0x00000000f0ce0000, 0x00000000f0d60000)
 tenured generation   total 10944K, used 7516K [0x00000000f5aa0000, 0x00000000f6550000, 0x0000000100000000)
   the space 10944K,  68% used [0x00000000f5aa0000, 0x00000000f61f70c0, 0x00000000f61f7200, 0x00000000f6550000)
 Metaspace       used 24230K, capacity 24864K, committed 25088K, reserved 1071104K
  class space    used 3023K, capacity 3216K, committed 3328K, reserved 1048576K
}
Event: 3.816 GC heap before
{Heap before GC invocations=50 (full 1):
 def new generation   total 4992K, used 4667K [0x00000000f0800000, 0x00000000f0d60000, 0x00000000f5aa0000)
  eden space 4480K,  99% used [0x00000000f0800000, 0x00000000f0c5efe0, 0x00000000f0c60000)
  from space 512K,  37% used [0x00000000f0c60000, 0x00000000f0c90000, 0x00000000f0ce0000)
  to   space 512K,   0% used [0x00000000f0ce0000, 0x00000000f0ce0000, 0x00000000f0d60000)
 tenured generation   total 10944K, used 7516K [0x00000000f5aa0000, 0x00000000f6550000, 0x0000000100000000)
   the space 10944K,  68% used [0x00000000f5aa0000, 0x00000000f61f70c0, 0x00000000f61f7200, 0x00000000f6550000)
 Metaspace       used 24230K, capacity 24864K, committed 25088K, reserved 1071104K
  class space    used 3023K, capacity 3216K, committed 3328K, reserved 1048576K
Event: 3.816 GC heap after
Heap after GC invocations=51 (full 1):
 def new generation   total 4992K, used 132K [0x00000000f0800000, 0x00000000f0d60000, 0x00000000f5aa0000)
  eden space 4480K,   0% used [0x00000000f0800000, 0x00000000f0800000, 0x00000000f0c60000)
  from space 512K,  25% used [0x00000000f0ce0000, 0x00000000f0d01350, 0x00000000f0d60000)
  to   space 512K,   0% used [0x00000000f0c60000, 0x00000000f0c60000, 0x00000000f0ce0000)
 tenured generation   total 10944K, used 7516K [0x00000000f5aa0000, 0x00000000f6550000, 0x0000000100000000)
   the space 10944K,  68% used [0x00000000f5aa0000, 0x00000000f61f70c0, 0x00000000f61f7200, 0x00000000f6550000)
 Metaspace       used 24230K, capacity 24864K, committed 25088K, reserved 1071104K
  class space    used 3023K, capacity 3216K, committed 3328K, reserved 1048576K
}
Event: 3.838 GC heap before
{Heap before GC invocations=51 (full 1):
 def new generation   total 4992K, used 4612K [0x00000000f0800000, 0x00000000f0d60000, 0x00000000f5aa0000)
  eden space 4480K, 100% used [0x00000000f0800000, 0x00000000f0c60000, 0x00000000f0c60000)
  from space 512K,  25% used [0x00000000f0ce0000, 0x00000000f0d01350, 0x00000000f0d60000)
  to   space 512K,   0% used [0x00000000f0c60000, 0x00000000f0c60000, 0x00000000f0ce0000)
 tenured generation   total 10944K, used 7516K [0x00000000f5aa0000, 0x00000000f6550000, 0x0000000100000000)
   the space 10944K,  68% used [0x00000000f5aa0000, 0x00000000f61f70c0, 0x00000000f61f7200, 0x00000000f6550000)
 Metaspace       used 24461K, capacity 25088K, committed 25344K, reserved 1071104K
  class space    used 3044K, capacity 3248K, committed 3328K, reserved 1048576K
Event: 3.839 GC heap after
Heap after GC invocations=52 (full 1):
 def new generation   total 4992K, used 342K [0x00000000f0800000, 0x00000000f0d60000, 0x00000000f5aa0000)
  eden space 4480K,   0% used [0x00000000f0800000, 0x00000000f0800000, 0x00000000f0c60000)
  from space 512K,  66% used [0x00000000f0c60000, 0x00000000f0cb5988, 0x00000000f0ce0000)
  to   space 512K,   0% used [0x00000000f0ce0000, 0x00000000f0ce0000, 0x00000000f0d60000)
 tenured generation   total 10944K, used 7516K [0x00000000f5aa0000, 0x00000000f6550000, 0x0000000100000000)
   the space 10944K,  68% used [0x00000000f5aa0000, 0x00000000f61f70c0, 0x00000000f61f7200, 0x00000000f6550000)
 Metaspace       used 24461K, capacity 25088K, committed 25344K, reserved 1071104K
  class space    used 3044K, capacity 3248K, committed 3328K, reserved 1048576K
}
Event: 3.884 GC heap before
{Heap before GC invocations=52 (full 1):
 def new generation   total 4992K, used 4822K [0x00000000f0800000, 0x00000000f0d60000, 0x00000000f5aa0000)
  eden space 4480K, 100% used [0x00000000f0800000, 0x00000000f0c60000, 0x00000000f0c60000)
  from space 512K,  66% used [0x00000000f0c60000, 0x00000000f0cb5988, 0x00000000f0ce0000)
  to   space 512K,   0% used [0x00000000f0ce0000, 0x00000000f0ce0000, 0x00000000f0d60000)
 tenured generation   total 10944K, used 7516K [0x00000000f5aa0000, 0x00000000f6550000, 0x0000000100000000)
   the space 10944K,  68% used [0x00000000f5aa0000, 0x00000000f61f70c0, 0x00000000f61f7200, 0x00000000f6550000)
 Metaspace       used 24769K, capacity 25470K, committed 25600K, reserved 1071104K
  class space    used 3090K, capacity 3293K, committed 3328K, reserved 1048576K
Event: 3.886 GC heap after
Heap after GC invocations=53 (full 1):
 def new generation   total 4992K, used 303K [0x00000000f0800000, 0x00000000f0d60000, 0x00000000f5aa0000)
  eden space 4480K,   0% used [0x00000000f0800000, 0x00000000f0800000, 0x00000000f0c60000)
  from space 512K,  59% used [0x00000000f0ce0000, 0x00000000f0d2bd98, 0x00000000f0d60000)
  to   space 512K,   0% used [0x00000000f0c60000, 0x00000000f0c60000, 0x00000000f0ce0000)
 tenured generation   total 10944K, used 7719K [0x00000000f5aa0000, 0x00000000f6550000, 0x0000000100000000)
   the space 10944K,  70% used [0x00000000f5aa0000, 0x00000000f6229cb0, 0x00000000f6229e00, 0x00000000f6550000)
 Metaspace       used 24769K, capacity 25470K, committed 25600K, reserved 1071104K
  class space    used 3090K, capacity 3293K, committed 3328K, reserved 1048576K
}
Event: 3.961 GC heap before
{Heap before GC invocations=53 (full 1):
 def new generation   total 4992K, used 4783K [0x00000000f0800000, 0x00000000f0d60000, 0x00000000f5aa0000)
  eden space 4480K, 100% used [0x00000000f0800000, 0x00000000f0c60000, 0x00000000f0c60000)
  from space 512K,  59% used [0x00000000f0ce0000, 0x00000000f0d2bd98, 0x00000000f0d60000)
  to   space 512K,   0% used [0x00000000f0c60000, 0x00000000f0c60000, 0x00000000f0ce0000)
 tenured generation   total 10944K, used 7719K [0x00000000f5aa0000, 0x00000000f6550000, 0x0000000100000000)
   the space 10944K,  70% used [0x00000000f5aa0000, 0x00000000f6229cb0, 0x00000000f6229e00, 0x00000000f6550000)
 Metaspace       used 25091K, capacity 25842K, committed 25984K, reserved 1071104K
  class space    used 3143K, capacity 3353K, committed 3456K, reserved 1048576K
Event: 3.963 GC heap after
Heap after GC invocations=54 (full 1):
 def new generation   total 4992K, used 370K [0x00000000f0800000, 0x00000000f0d60000, 0x00000000f5aa0000)
  eden space 4480K,   0% used [0x00000000f0800000, 0x00000000f0800000, 0x00000000f0c60000)
  from space 512K,  72% used [0x00000000f0c60000, 0x00000000f0cbcba0, 0x00000000f0ce0000)
  to   space 512K,   0% used [0x00000000f0ce0000, 0x00000000f0ce0000, 0x00000000f0d60000)
 tenured generation   total 10944K, used 7779K [0x00000000f5aa0000, 0x00000000f6550000, 0x0000000100000000)
   the space 10944K,  71% used [0x00000000f5aa0000, 0x00000000f6238ea0, 0x00000000f6239000, 0x00000000f6550000)
 Metaspace       used 25091K, capacity 25842K, committed 25984K, reserved 1071104K
  class space    used 3143K, capacity 3353K, committed 3456K, reserved 1048576K
}
Event: 4.034 GC heap before
{Heap before GC invocations=54 (full 1):
 def new generation   total 4992K, used 4850K [0x00000000f0800000, 0x00000000f0d60000, 0x00000000f5aa0000)
  eden space 4480K, 100% used [0x00000000f0800000, 0x00000000f0c60000, 0x00000000f0c60000)
  from space 512K,  72% used [0x00000000f0c60000, 0x00000000f0cbcba0, 0x00000000f0ce0000)
  to   space 512K,   0% used [0x00000000f0ce0000, 0x00000000f0ce0000, 0x00000000f0d60000)
 tenured generation   total 10944K, used 7779K [0x00000000f5aa0000, 0x00000000f6550000, 0x0000000100000000)
   the space 10944K,  71% used [0x00000000f5aa0000, 0x00000000f6238ea0, 0x00000000f6239000, 0x00000000f6550000)
 Metaspace       used 25357K, capacity 26076K, committed 26240K, reserved 1073152K
  class space    used 3172K, capacity 3386K, committed 3456K, reserved 1048576K
Event: 4.037 GC heap after
Heap after GC invocations=55 (full 1):
 def new generation   total 4992K, used 488K [0x00000000f0800000, 0x00000000f0d60000, 0x00000000f5aa0000)
  eden space 4480K,   0% used [0x00000000f0800000, 0x00000000f0800000, 0x00000000f0c60000)
  from space 512K,  95% used [0x00000000f0ce0000, 0x00000000f0d5a338, 0x00000000f0d60000)
  to   space 512K,   0% used [0x00000000f0c60000, 0x00000000f0c60000, 0x00000000f0ce0000)
 tenured generation   total 10944K, used 7905K [0x00000000f5aa0000, 0x00000000f6550000, 0x0000000100000000)
   the space 10944K,  72% used [0x00000000f5aa0000, 0x00000000f6258598, 0x00000000f6258600, 0x00000000f6550000)
 Metaspace       used 25357K, capacity 26076K, committed 26240K, reserved 1073152K
  class space    used 3172K, capacity 3386K, committed 3456K, reserved 1048576K
}
Event: 4.137 GC heap before
{Heap before GC invocations=55 (full 1):
 def new generation   total 4992K, used 4968K [0x00000000f0800000, 0x00000000f0d60000, 0x00000000f5aa0000)
  eden space 4480K, 100% used [0x00000000f0800000, 0x00000000f0c60000, 0x00000000f0c60000)
  from space 512K,  95% used [0x00000000f0ce0000, 0x00000000f0d5a338, 0x00000000f0d60000)
  to   space 512K,   0% used [0x00000000f0c60000, 0x00000000f0c60000, 0x00000000f0ce0000)
 tenured generation   total 10944K, used 7905K [0x00000000f5aa0000, 0x00000000f6550000, 0x0000000100000000)
   the space 10944K,  72% used [0x00000000f5aa0000, 0x00000000f6258598, 0x00000000f6258600, 0x00000000f6550000)
 Metaspace       used 26243K, capacity 26922K, committed 27008K, reserved 1073152K
  class space    used 3272K, capacity 3451K, committed 3456K, reserved 1048576K
Event: 4.140 GC heap after
Heap after GC invocations=56 (full 1):
 def new generation   total 4992K, used 415K [0x00000000f0800000, 0x00000000f0d60000, 0x00000000f5aa0000)
  eden space 4480K,   0% used [0x00000000f0800000, 0x00000000f0800000, 0x00000000f0c60000)
  from space 512K,  81% used [0x00000000f0c60000, 0x00000000f0cc7f90, 0x00000000f0ce0000)
  to   space 512K,   0% used [0x00000000f0ce0000, 0x00000000f0ce0000, 0x00000000f0d60000)
 tenured generation   total 10944K, used 8154K [0x00000000f5aa0000, 0x00000000f6550000, 0x0000000100000000)
   the space 10944K,  74% used [0x00000000f5aa0000, 0x00000000f6296b20, 0x00000000f6296c00, 0x00000000f6550000)
 Metaspace       used 26243K, capacity 26922K, committed 27008K, reserved 1073152K
  class space    used 3272K, capacity 3451K, committed 3456K, reserved 1048576K
}
Event: 4.233 GC heap before
{Heap before GC invocations=56 (full 1):
 def new generation   total 4992K, used 4888K [0x00000000f0800000, 0x00000000f0d60000, 0x00000000f5aa0000)
  eden space 4480K,  99% used [0x00000000f0800000, 0x00000000f0c5e158, 0x00000000f0c60000)
  from space 512K,  81% used [0x00000000f0c60000, 0x00000000f0cc7f90, 0x00000000f0ce0000)
  to   space 512K,   0% used [0x00000000f0ce0000, 0x00000000f0ce0000, 0x00000000f0d60000)
 tenured generation   total 10944K, used 8154K [0x00000000f5aa0000, 0x00000000f6550000, 0x0000000100000000)
   the space 10944K,  74% used [0x00000000f5aa0000, 0x00000000f6296b20, 0x00000000f6296c00, 0x00000000f6550000)
 Metaspace       used 26615K, capacity 27338K, committed 27648K, reserved 1073152K
  class space    used 3322K, capacity 3521K, committed 3584K, reserved 1048576K
Event: 4.237 GC heap after
Heap after GC invocations=57 (full 1):
 def new generation   total 4992K, used 511K [0x00000000f0800000, 0x00000000f0d60000, 0x00000000f5aa0000)
  eden space 4480K,   0% used [0x00000000f0800000, 0x00000000f0800000, 0x00000000f0c60000)
  from space 512K,  99% used [0x00000000f0ce0000, 0x00000000f0d5fff0, 0x00000000f0d60000)
  to   space 512K,   0% used [0x00000000f0c60000, 0x00000000f0c60000, 0x00000000f0ce0000)
 tenured generation   total 10944K, used 8408K [0x00000000f5aa0000, 0x00000000f6550000, 0x0000000100000000)
   the space 10944K,  76% used [0x00000000f5aa0000, 0x00000000f62d6370, 0x00000000f62d6400, 0x00000000f6550000)
 Metaspace       used 26615K, capacity 27338K, committed 27648K, reserved 1073152K
  class space    used 3322K, capacity 3521K, committed 3584K, reserved 1048576K
}
Event: 4.334 GC heap before
{Heap before GC invocations=57 (full 1):
 def new generation   total 4992K, used 4991K [0x00000000f0800000, 0x00000000f0d60000, 0x00000000f5aa0000)
  eden space 4480K, 100% used [0x00000000f0800000, 0x00000000f0c60000, 0x00000000f0c60000)
  from space 512K,  99% used [0x00000000f0ce0000, 0x00000000f0d5fff0, 0x00000000f0d60000)
  to   space 512K,   0% used [0x00000000f0c60000, 0x00000000f0c60000, 0x00000000f0ce0000)
 tenured generation   total 10944K, used 8408K [0x00000000f5aa0000, 0x00000000f6550000, 0x0000000100000000)
   the space 10944K,  76% used [0x00000000f5aa0000, 0x00000000f62d6370, 0x00000000f62d6400, 0x00000000f6550000)
 Metaspace       used 26819K, capacity 27590K, committed 27648K, reserved 1073152K
  class space    used 3333K, capacity 3531K, committed 3584K, reserved 1048576K
Event: 4.337 GC heap after
Heap after GC invocations=58 (full 1):
 def new generation   total 4992K, used 506K [0x00000000f0800000, 0x00000000f0d60000, 0x00000000f5aa0000)
  eden space 4480K,   0% used [0x00000000f0800000, 0x00000000f0800000, 0x00000000f0c60000)
  from space 512K,  98% used [0x00000000f0c60000, 0x00000000f0cde888, 0x00000000f0ce0000)
  to   space 512K,   0% used [0x00000000f0ce0000, 0x00000000f0ce0000, 0x00000000f0d60000)
 tenured generation   total 10944K, used 8715K [0x00000000f5aa0000, 0x00000000f6550000, 0x0000000100000000)
   the space 10944K,  79% used [0x00000000f5aa0000, 0x00000000f6322c60, 0x00000000f6322e00, 0x00000000f6550000)
 Metaspace       used 26819K, capacity 27590K, committed 27648K, reserved 1073152K
  class space    used 3333K, capacity 3531K, committed 3584K, reserved 1048576K
}
Event: 4.426 GC heap before
{Heap before GC invocations=58 (full 1):
 def new generation   total 4992K, used 4986K [0x00000000f0800000, 0x00000000f0d60000, 0x00000000f5aa0000)
  eden space 4480K, 100% used [0x00000000f0800000, 0x00000000f0c60000, 0x00000000f0c60000)
  from space 512K,  98% used [0x00000000f0c60000, 0x00000000f0cde888, 0x00000000f0ce0000)
  to   space 512K,   0% used [0x00000000f0ce0000, 0x00000000f0ce0000, 0x00000000f0d60000)
 tenured generation   total 10944K, used 8715K [0x00000000f5aa0000, 0x00000000f6550000, 0x0000000100000000)
   the space 10944K,  79% used [0x00000000f5aa0000, 0x00000000f6322c60, 0x00000000f6322e00, 0x00000000f6550000)
 Metaspace       used 26956K, capacity 27734K, committed 27904K, reserved 1073152K
  class space    used 3347K, capacity 3571K, committed 3584K, reserved 1048576K
Event: 4.429 GC heap after
Heap after GC invocations=59 (full 1):
 def new generation   total 4992K, used 410K [0x00000000f0800000, 0x00000000f0d60000, 0x00000000f5aa0000)
  eden space 4480K,   0% used [0x00000000f0800000, 0x00000000f0800000, 0x00000000f0c60000)
  from space 512K,  80% used [0x00000000f0ce0000, 0x00000000f0d46830, 0x00000000f0d60000)
  to   space 512K,   0% used [0x00000000f0c60000, 0x00000000f0c60000, 0x00000000f0ce0000)
 tenured generation   total 10944K, used 9037K [0x00000000f5aa0000, 0x00000000f6550000, 0x0000000100000000)
   the space 10944K,  82% used [0x00000000f5aa0000, 0x00000000f6373798, 0x00000000f6373800, 0x00000000f6550000)
 Metaspace       used 26956K, capacity 27734K, committed 27904K, reserved 1073152K
  class space    used 3347K, capacity 3571K, committed 3584K, reserved 1048576K
}
Event: 4.501 GC heap before
{Heap before GC invocations=59 (full 1):
 def new generation   total 4992K, used 4890K [0x00000000f0800000, 0x00000000f0d60000, 0x00000000f5aa0000)
  eden space 4480K, 100% used [0x00000000f0800000, 0x00000000f0c60000, 0x00000000f0c60000)
  from space 512K,  80% used [0x00000000f0ce0000, 0x00000000f0d46830, 0x00000000f0d60000)
  to   space 512K,   0% used [0x00000000f0c60000, 0x00000000f0c60000, 0x00000000f0ce0000)
 tenured generation   total 10944K, used 9037K [0x00000000f5aa0000, 0x00000000f6550000, 0x0000000100000000)
   the space 10944K,  82% used [0x00000000f5aa0000, 0x00000000f6373798, 0x00000000f6373800, 0x00000000f6550000)
 Metaspace       used 27061K, capacity 27816K, committed 27904K, reserved 1073152K
  class space    used 3356K, capacity 3574K, committed 3584K, reserved 1048576K
Event: 4.504 GC heap after
Heap after GC invocations=60 (full 1):
 def new generation   total 4992K, used 436K [0x00000000f0800000, 0x00000000f0d60000, 0x00000000f5aa0000)
  eden space 4480K,   0% used [0x00000000f0800000, 0x00000000f0800000, 0x00000000f0c60000)
  from space 512K,  85% used [0x00000000f0c60000, 0x00000000f0ccd090, 0x00000000f0ce0000)
  to   space 512K,   0% used [0x00000000f0ce0000, 0x00000000f0ce0000, 0x00000000f0d60000)
 tenured generation   total 10944K, used 9266K [0x00000000f5aa0000, 0x00000000f6550000, 0x0000000100000000)
   the space 10944K,  84% used [0x00000000f5aa0000, 0x00000000f63acb38, 0x00000000f63acc00, 0x00000000f6550000)
 Metaspace       used 27061K, capacity 27816K, committed 27904K, reserved 1073152K
  class space    used 3356K, capacity 3574K, committed 3584K, reserved 1048576K
}
Event: 4.571 GC heap before
{Heap before GC invocations=60 (full 1):
 def new generation   total 4992K, used 4916K [0x00000000f0800000, 0x00000000f0d60000, 0x00000000f5aa0000)
  eden space 4480K, 100% used [0x00000000f0800000, 0x00000000f0c60000, 0x00000000f0c60000)
  from space 512K,  85% used [0x00000000f0c60000, 0x00000000f0ccd090, 0x00000000f0ce0000)
  to   space 512K,   0% used [0x00000000f0ce0000, 0x00000000f0ce0000, 0x00000000f0d60000)
 tenured generation   total 10944K, used 9266K [0x00000000f5aa0000, 0x00000000f6550000, 0x0000000100000000)
   the space 10944K,  84% used [0x00000000f5aa0000, 0x00000000f63acb38, 0x00000000f63acc00, 0x00000000f6550000)
 Metaspace       used 27116K, capacity 27886K, committed 27904K, reserved 1073152K
  class space    used 3363K, capacity 3575K, committed 3584K, reserved 1048576K
Event: 4.573 GC heap after
Heap after GC invocations=61 (full 1):
 def new generation   total 4992K, used 348K [0x00000000f0800000, 0x00000000f0d60000, 0x00000000f5aa0000)
  eden space 4480K,   0% used [0x00000000f0800000, 0x00000000f0800000, 0x00000000f0c60000)
  from space 512K,  68% used [0x00000000f0ce0000, 0x00000000f0d371a0, 0x00000000f0d60000)
  to   space 512K,   0% used [0x00000000f0c60000, 0x00000000f0c60000, 0x00000000f0ce0000)
 tenured generation   total 10944K, used 9527K [0x00000000f5aa0000, 0x00000000f6550000, 0x0000000100000000)
   the space 10944K,  87% used [0x00000000f5aa0000, 0x00000000f63edea0, 0x00000000f63ee000, 0x00000000f6550000)
 Metaspace       used 27116K, capacity 27886K, committed 27904K, reserved 1073152K
  class space    used 3363K, capacity 3575K, committed 3584K, reserved 1048576K
}
Event: 4.650 GC heap before
{Heap before GC invocations=61 (full 1):
 def new generation   total 4992K, used 4828K [0x00000000f0800000, 0x00000000f0d60000, 0x00000000f5aa0000)
  eden space 4480K, 100% used [0x00000000f0800000, 0x00000000f0c60000, 0x00000000f0c60000)
  from space 512K,  68% used [0x00000000f0ce0000, 0x00000000f0d371a0, 0x00000000f0d60000)
  to   space 512K,   0% used [0x00000000f0c60000, 0x00000000f0c60000, 0x00000000f0ce0000)
 tenured generation   total 10944K, used 9527K [0x00000000f5aa0000, 0x00000000f6550000, 0x0000000100000000)
   the space 10944K,  87% used [0x00000000f5aa0000, 0x00000000f63edea0, 0x00000000f63ee000, 0x00000000f6550000)
 Metaspace       used 27444K, capacity 28210K, committed 28544K, reserved 1075200K
  class space    used 3397K, capacity 3617K, committed 3712K, reserved 1048576K
Event: 4.653 GC heap after
Heap after GC invocations=62 (full 1):
 def new generation   total 4992K, used 370K [0x00000000f0800000, 0x00000000f0d60000, 0x00000000f5aa0000)
  eden space 4480K,   0% used [0x00000000f0800000, 0x00000000f0800000, 0x00000000f0c60000)
  from space 512K,  72% used [0x00000000f0c60000, 0x00000000f0cbca28, 0x00000000f0ce0000)
  to   space 512K,   0% used [0x00000000f0ce0000, 0x00000000f0ce0000, 0x00000000f0d60000)
 tenured generation   total 10944K, used 9738K [0x00000000f5aa0000, 0x00000000f6550000, 0x0000000100000000)
   the space 10944K,  88% used [0x00000000f5aa0000, 0x00000000f6422ae8, 0x00000000f6422c00, 0x00000000f6550000)
 Metaspace       used 27444K, capacity 28210K, committed 28544K, reserved 1075200K
  class space    used 3397K, capacity 3617K, committed 3712K, reserved 1048576K
}
Event: 4.800 GC heap before
{Heap before GC invocations=62 (full 1):
 def new generation   total 4992K, used 4847K [0x00000000f0800000, 0x00000000f0d60000, 0x00000000f5aa0000)
  eden space 4480K,  99% used [0x00000000f0800000, 0x00000000f0c5f368, 0x00000000f0c60000)
  from space 512K,  72% used [0x00000000f0c60000, 0x00000000f0cbca28, 0x00000000f0ce0000)
  to   space 512K,   0% used [0x00000000f0ce0000, 0x00000000f0ce0000, 0x00000000f0d60000)
 tenured generation   total 10944K, used 9738K [0x00000000f5aa0000, 0x00000000f6550000, 0x0000000100000000)
   the space 10944K,  88% used [0x00000000f5aa0000, 0x00000000f6422ae8, 0x00000000f6422c00, 0x00000000f6550000)
 Metaspace       used 28289K, capacity 29194K, committed 29440K, reserved 1075200K
  class space    used 3525K, capacity 3779K, committed 3840K, reserved 1048576K
Event: 4.803 GC heap after
Heap after GC invocations=63 (full 1):
 def new generation   total 4992K, used 511K [0x00000000f0800000, 0x00000000f0d60000, 0x00000000f5aa0000)
  eden space 4480K,   0% used [0x00000000f0800000, 0x00000000f0800000, 0x00000000f0c60000)
  from space 512K,  99% used [0x00000000f0ce0000, 0x00000000f0d5fff0, 0x00000000f0d60000)
  to   space 512K,   0% used [0x00000000f0c60000, 0x00000000f0c60000, 0x00000000f0ce0000)
 tenured generation   total 10944K, used 10010K [0x00000000f5aa0000, 0x00000000f6550000, 0x0000000100000000)
   the space 10944K,  91% used [0x00000000f5aa0000, 0x00000000f6466b58, 0x00000000f6466c00, 0x00000000f6550000)
 Metaspace       used 28289K, capacity 29194K, committed 29440K, reserved 1075200K
  class space    used 3525K, capacity 3779K, committed 3840K, reserved 1048576K
}
Event: 4.877 GC heap before
{Heap before GC invocations=63 (full 1):
 def new generation   total 4992K, used 4991K [0x00000000f0800000, 0x00000000f0d60000, 0x00000000f5aa0000)
  eden space 4480K, 100% used [0x00000000f0800000, 0x00000000f0c60000, 0x00000000f0c60000)
  from space 512K,  99% used [0x00000000f0ce0000, 0x00000000f0d5fff0, 0x00000000f0d60000)
  to   space 512K,   0% used [0x00000000f0c60000, 0x00000000f0c60000, 0x00000000f0ce0000)
 tenured generation   total 10944K, used 10010K [0x00000000f5aa0000, 0x00000000f6550000, 0x0000000100000000)
   the space 10944K,  91% used [0x00000000f5aa0000, 0x00000000f6466b58, 0x00000000f6466c00, 0x00000000f6550000)
 Metaspace       used 28406K, capacity 29358K, committed 29440K, reserved 1075200K
  class space    used 3541K, capacity 3785K, committed 3840K, reserved 1048576K
Event: 4.881 GC heap after
Heap after GC invocations=64 (full 1):
 def new generation   total 4992K, used 342K [0x00000000f0800000, 0x00000000f0d60000, 0x00000000f5aa0000)
  eden space 4480K,   0% used [0x00000000f0800000, 0x00000000f0800000, 0x00000000f0c60000)
  from space 512K,  66% used [0x00000000f0c60000, 0x00000000f0cb5870, 0x00000000f0ce0000)
  to   space 512K,   0% used [0x00000000f0ce0000, 0x00000000f0ce0000, 0x00000000f0d60000)
 tenured generation   total 10944K, used 10417K [0x00000000f5aa0000, 0x00000000f6550000, 0x0000000100000000)
   the space 10944K,  95% used [0x00000000f5aa0000, 0x00000000f64cc600, 0x00000000f64cc600, 0x00000000f6550000)
 Metaspace       used 28406K, capacity 29358K, committed 29440K, reserved 1075200K
  class space    used 3541K, capacity 3785K, committed 3840K, reserved 1048576K
}
Event: 4.942 GC heap before
{Heap before GC invocations=64 (full 1):
 def new generation   total 4992K, used 4822K [0x00000000f0800000, 0x00000000f0d60000, 0x00000000f5aa0000)
  eden space 4480K, 100% used [0x00000000f0800000, 0x00000000f0c60000, 0x00000000f0c60000)
  from space 512K,  66% used [0x00000000f0c60000, 0x00000000f0cb5870, 0x00000000f0ce0000)
  to   space 512K,   0% used [0x00000000f0ce0000, 0x00000000f0ce0000, 0x00000000f0d60000)
 tenured generation   total 10944K, used 10417K [0x00000000f5aa0000, 0x00000000f6550000, 0x0000000100000000)
   the space 10944K,  95% used [0x00000000f5aa0000, 0x00000000f64cc600, 0x00000000f64cc600, 0x00000000f6550000)
 Metaspace       used 28492K, capacity 29374K, committed 29440K, reserved 1075200K
  class space    used 3556K, capacity 3789K, committed 3840K, reserved 1048576K
Event: 4.944 GC heap after
Heap after GC invocations=65 (full 1):
 def new generation   total 4992K, used 335K [0x00000000f0800000, 0x00000000f0d60000, 0x00000000f5aa0000)
  eden space 4480K,   0% used [0x00000000f0800000, 0x00000000f0800000, 0x00000000f0c60000)
  from space 512K,  65% used [0x00000000f0ce0000, 0x00000000f0d33c00, 0x00000000f0d60000)
  to   space 512K,   0% used [0x00000000f0c60000, 0x00000000f0c60000, 0x00000000f0ce0000)
 tenured generation   total 10944K, used 10611K [0x00000000f5aa0000, 0x00000000f6550000, 0x0000000100000000)
   the space 10944K,  96% used [0x00000000f5aa0000, 0x00000000f64fcd80, 0x00000000f64fce00, 0x00000000f6550000)
 Metaspace       used 28492K, capacity 29374K, committed 29440K, reserved 1075200K
  class space    used 3556K, capacity 3789K, committed 3840K, reserved 1048576K
}
Event: 5.027 GC heap before
{Heap before GC invocations=65 (full 1):
 def new generation   total 4992K, used 4815K [0x00000000f0800000, 0x00000000f0d60000, 0x00000000f5aa0000)
  eden space 4480K, 100% used [0x00000000f0800000, 0x00000000f0c60000, 0x00000000f0c60000)
  from space 512K,  65% used [0x00000000f0ce0000, 0x00000000f0d33c00, 0x00000000f0d60000)
  to   space 512K,   0% used [0x00000000f0c60000, 0x00000000f0c60000, 0x00000000f0ce0000)
 tenured generation   total 10944K, used 10611K [0x00000000f5aa0000, 0x00000000f6550000, 0x0000000100000000)
   the space 10944K,  96% used [0x00000000f5aa0000, 0x00000000f64fcd80, 0x00000000f64fce00, 0x00000000f6550000)
 Metaspace       used 28770K, capacity 29718K, committed 29952K, reserved 1075200K
  class space    used 3604K, capacity 3833K, committed 3840K, reserved 1048576K
Event: 5.030 GC heap after
Heap after GC invocations=66 (full 1):
 def new generation   total 4992K, used 481K [0x00000000f0800000, 0x00000000f0d60000, 0x00000000f5aa0000)
  eden space 4480K,   0% used [0x00000000f0800000, 0x00000000f0800000, 0x00000000f0c60000)
  from space 512K,  93% used [0x00000000f0c60000, 0x00000000f0cd8448, 0x00000000f0ce0000)
  to   space 512K,   0% used [0x00000000f0ce0000, 0x00000000f0ce0000, 0x00000000f0d60000)
 tenured generation   total 10944K, used 10822K [0x00000000f5aa0000, 0x00000000f6550000, 0x0000000100000000)
   the space 10944K,  98% used [0x00000000f5aa0000, 0x00000000f6531898, 0x00000000f6531a00, 0x00000000f6550000)
 Metaspace       used 28770K, capacity 29718K, committed 29952K, reserved 1075200K
  class space    used 3604K, capacity 3833K, committed 3840K, reserved 1048576K
}
Event: 5.121 GC heap before
{Heap before GC invocations=66 (full 1):
 def new generation   total 4992K, used 4961K [0x00000000f0800000, 0x00000000f0d60000, 0x00000000f5aa0000)
  eden space 4480K, 100% used [0x00000000f0800000, 0x00000000f0c60000, 0x00000000f0c60000)
  from space 512K,  93% used [0x00000000f0c60000, 0x00000000f0cd8448, 0x00000000f0ce0000)
  to   space 512K,   0% used [0x00000000f0ce0000, 0x00000000f0ce0000, 0x00000000f0d60000)
 tenured generation   total 10944K, used 10822K [0x00000000f5aa0000, 0x00000000f6550000, 0x0000000100000000)
   the space 10944K,  98% used [0x00000000f5aa0000, 0x00000000f6531898, 0x00000000f6531a00, 0x00000000f6550000)
 Metaspace       used 29065K, capacity 30078K, committed 30336K, reserved 1075200K
  class space    used 3646K, capacity 3907K, committed 3968K, reserved 1048576K
Event: 5.162 GC heap after
Heap after GC invocations=67 (full 2):
 def new generation   total 7488K, used 0K [0x00000000f0800000, 0x00000000f1020000, 0x00000000f5aa0000)
  eden space 6656K,   0% used [0x00000000f0800000, 0x00000000f0800000, 0x00000000f0e80000)
  from space 832K,   0% used [0x00000000f0e80000, 0x00000000f0e80000, 0x00000000f0f50000)
  to   space 832K,   0% used [0x00000000f0f50000, 0x00000000f0f50000, 0x00000000f1020000)
 tenured generation   total 16580K, used 9945K [0x00000000f5aa0000, 0x00000000f6ad1000, 0x0000000100000000)
   the space 16580K,  59% used [0x00000000f5aa0000, 0x00000000f64566a8, 0x00000000f6456800, 0x00000000f6ad1000)
 Metaspace       used 29065K, capacity 30078K, committed 30336K, reserved 1075200K
  class space    used 3646K, capacity 3907K, committed 3968K, reserved 1048576K
}
Event: 5.283 GC heap before
{Heap before GC invocations=67 (full 2):
 def new generation   total 7488K, used 6656K [0x00000000f0800000, 0x00000000f1020000, 0x00000000f5aa0000)
  eden space 6656K, 100% used [0x00000000f0800000, 0x00000000f0e80000, 0x00000000f0e80000)
  from space 832K,   0% used [0x00000000f0e80000, 0x00000000f0e80000, 0x00000000f0f50000)
  to   space 832K,   0% used [0x00000000f0f50000, 0x00000000f0f50000, 0x00000000f1020000)
 tenured generation   total 16580K, used 9945K [0x00000000f5aa0000, 0x00000000f6ad1000, 0x0000000100000000)
   the space 16580K,  59% used [0x00000000f5aa0000, 0x00000000f64566a8, 0x00000000f6456800, 0x00000000f6ad1000)
 Metaspace       used 29595K, capacity 30608K, committed 30976K, reserved 1077248K
  class space    used 3717K, capacity 3974K, committed 4096K, reserved 1048576K
Event: 5.286 GC heap after
Heap after GC invocations=68 (full 2):
 def new generation   total 7488K, used 801K [0x00000000f0800000, 0x00000000f1020000, 0x00000000f5aa0000)
  eden space 6656K,   0% used [0x00000000f0800000, 0x00000000f0800000, 0x00000000f0e80000)
  from space 832K,  96% used [0x00000000f0f50000, 0x00000000f10184f8, 0x00000000f1020000)
  to   space 832K,   0% used [0x00000000f0e80000, 0x00000000f0e80000, 0x00000000f0f50000)
 tenured generation   total 16580K, used 9945K [0x00000000f5aa0000, 0x00000000f6ad1000, 0x0000000100000000)
   the space 16580K,  59% used [0x00000000f5aa0000, 0x00000000f64566a8, 0x00000000f6456800, 0x00000000f6ad1000)
 Metaspace       used 29595K, capacity 30608K, committed 30976K, reserved 1077248K
  class space    used 3717K, capacity 3974K, committed 4096K, reserved 1048576K
}
Event: 5.423 GC heap before
{Heap before GC invocations=68 (full 2):
 def new generation   total 7488K, used 7457K [0x00000000f0800000, 0x00000000f1020000, 0x00000000f5aa0000)
  eden space 6656K, 100% used [0x00000000f0800000, 0x00000000f0e80000, 0x00000000f0e80000)
  from space 832K,  96% used [0x00000000f0f50000, 0x00000000f10184f8, 0x00000000f1020000)
  to   space 832K,   0% used [0x00000000f0e80000, 0x00000000f0e80000, 0x00000000f0f50000)
 tenured generation   total 16580K, used 9945K [0x00000000f5aa0000, 0x00000000f6ad1000, 0x0000000100000000)
   the space 16580K,  59% used [0x00000000f5aa0000, 0x00000000f64566a8, 0x00000000f6456800, 0x00000000f6ad1000)
 Metaspace       used 30041K, capacity 31028K, committed 31232K, reserved 1077248K
  class space    used 3779K, capacity 4022K, committed 4096K, reserved 1048576K
Event: 5.426 GC heap after
Heap after GC invocations=69 (full 2):
 def new generation   total 7488K, used 635K [0x00000000f0800000, 0x00000000f1020000, 0x00000000f5aa0000)
  eden space 6656K,   0% used [0x00000000f0800000, 0x00000000f0800000, 0x00000000f0e80000)
  from space 832K,  76% used [0x00000000f0e80000, 0x00000000f0f1ec58, 0x00000000f0f50000)
  to   space 832K,   0% used [0x00000000f0f50000, 0x00000000f0f50000, 0x00000000f1020000)
 tenured generation   total 16580K, used 10179K [0x00000000f5aa0000, 0x00000000f6ad1000, 0x0000000100000000)
   the space 16580K,  61% used [0x00000000f5aa0000, 0x00000000f6490f10, 0x00000000f6491000, 0x00000000f6ad1000)
 Metaspace       used 30041K, capacity 31028K, committed 31232K, reserved 1077248K
  class space    used 3779K, capacity 4022K, committed 4096K, reserved 1048576K
}
Event: 5.559 GC heap before
{Heap before GC invocations=69 (full 2):
 def new generation   total 7488K, used 7291K [0x00000000f0800000, 0x00000000f1020000, 0x00000000f5aa0000)
  eden space 6656K, 100% used [0x00000000f0800000, 0x00000000f0e80000, 0x00000000f0e80000)
  from space 832K,  76% used [0x00000000f0e80000, 0x00000000f0f1ec58, 0x00000000f0f50000)
  to   space 832K,   0% used [0x00000000f0f50000, 0x00000000f0f50000, 0x00000000f1020000)
 tenured generation   total 16580K, used 10179K [0x00000000f5aa0000, 0x00000000f6ad1000, 0x0000000100000000)
   the space 16580K,  61% used [0x00000000f5aa0000, 0x00000000f6490f10, 0x00000000f6491000, 0x00000000f6ad1000)
 Metaspace       used 30454K, capacity 31608K, committed 31872K, reserved 1077248K
  class space    used 3845K, capacity 4100K, committed 4224K, reserved 1048576K
Event: 5.562 GC heap after
Heap after GC invocations=70 (full 2):
 def new generation   total 7488K, used 488K [0x00000000f0800000, 0x00000000f1020000, 0x00000000f5aa0000)
  eden space 6656K,   0% used [0x00000000f0800000, 0x00000000f0800000, 0x00000000f0e80000)
  from space 832K,  58% used [0x00000000f0f50000, 0x00000000f0fca038, 0x00000000f1020000)
  to   space 832K,   0% used [0x00000000f0e80000, 0x00000000f0e80000, 0x00000000f0f50000)
 tenured generation   total 16580K, used 10361K [0x00000000f5aa0000, 0x00000000f6ad1000, 0x0000000100000000)
   the space 16580K,  62% used [0x00000000f5aa0000, 0x00000000f64be4f8, 0x00000000f64be600, 0x00000000f6ad1000)
 Metaspace       used 30454K, capacity 31608K, committed 31872K, reserved 1077248K
  class space    used 3845K, capacity 4100K, committed 4224K, reserved 1048576K
}
Event: 5.704 GC heap before
{Heap before GC invocations=70 (full 2):
 def new generation   total 7488K, used 7144K [0x00000000f0800000, 0x00000000f1020000, 0x00000000f5aa0000)
  eden space 6656K, 100% used [0x00000000f0800000, 0x00000000f0e80000, 0x00000000f0e80000)
  from space 832K,  58% used [0x00000000f0f50000, 0x00000000f0fca038, 0x00000000f1020000)
  to   space 832K,   0% used [0x00000000f0e80000, 0x00000000f0e80000, 0x00000000f0f50000)
 tenured generation   total 16580K, used 10361K [0x00000000f5aa0000, 0x00000000f6ad1000, 0x0000000100000000)
   the space 16580K,  62% used [0x00000000f5aa0000, 0x00000000f64be4f8, 0x00000000f64be600, 0x00000000f6ad1000)
 Metaspace       used 30719K, capacity 31902K, committed 32128K, reserved 1077248K
  class space    used 3889K, capacity 4169K, committed 4224K, reserved 1048576K
Event: 5.707 GC heap after
Heap after GC invocations=71 (full 2):
 def new generation   total 7488K, used 514K [0x00000000f0800000, 0x00000000f1020000, 0x00000000f5aa0000)
  eden space 6656K,   0% used [0x00000000f0800000, 0x00000000f0800000, 0x00000000f0e80000)
  from space 832K,  61% used [0x00000000f0e80000, 0x00000000f0f00a18, 0x00000000f0f50000)
  to   space 832K,   0% used [0x00000000f0f50000, 0x00000000f0f50000, 0x00000000f1020000)
 tenured generation   total 16580K, used 10580K [0x00000000f5aa0000, 0x00000000f6ad1000, 0x0000000100000000)
   the space 16580K,  63% used [0x00000000f5aa0000, 0x00000000f64f50e8, 0x00000000f64f5200, 0x00000000f6ad1000)
 Metaspace       used 30719K, capacity 31902K, committed 32128K, reserved 1077248K
  class space    used 3889K, capacity 4169K, committed 4224K, reserved 1048576K
}
Event: 5.822 GC heap before
{Heap before GC invocations=71 (full 2):
 def new generation   total 7488K, used 7170K [0x00000000f0800000, 0x00000000f1020000, 0x00000000f5aa0000)
  eden space 6656K, 100% used [0x00000000f0800000, 0x00000000f0e80000, 0x00000000f0e80000)
  from space 832K,  61% used [0x00000000f0e80000, 0x00000000f0f00a18, 0x00000000f0f50000)
  to   space 832K,   0% used [0x00000000f0f50000, 0x00000000f0f50000, 0x00000000f1020000)
 tenured generation   total 16580K, used 10580K [0x00000000f5aa0000, 0x00000000f6ad1000, 0x0000000100000000)
   the space 16580K,  63% used [0x00000000f5aa0000, 0x00000000f64f50e8, 0x00000000f64f5200, 0x00000000f6ad1000)
 Metaspace       used 31074K, capacity 32258K, committed 32384K, reserved 1077248K
  class space    used 3940K, capacity 4201K, committed 4224K, reserved 1048576K
Event: 5.825 GC heap after
Heap after GC invocations=72 (full 2):
 def new generation   total 7488K, used 632K [0x00000000f0800000, 0x00000000f1020000, 0x00000000f5aa0000)
  eden space 6656K,   0% used [0x00000000f0800000, 0x00000000f0800000, 0x00000000f0e80000)
  from space 832K,  76% used [0x00000000f0f50000, 0x00000000f0fee258, 0x00000000f1020000)
  to   space 832K,   0% used [0x00000000f0e80000, 0x00000000f0e80000, 0x00000000f0f50000)
 tenured generation   total 16580K, used 10839K [0x00000000f5aa0000, 0x00000000f6ad1000, 0x0000000100000000)
   the space 16580K,  65% used [0x00000000f5aa0000, 0x00000000f6535de0, 0x00000000f6535e00, 0x00000000f6ad1000)
 Metaspace       used 31074K, capacity 32258K, committed 32384K, reserved 1077248K
  class space    used 3940K, capacity 4201K, committed 4224K, reserved 1048576K
}
Event: 5.947 GC heap before
{Heap before GC invocations=72 (full 2):
 def new generation   total 7488K, used 7288K [0x00000000f0800000, 0x00000000f1020000, 0x00000000f5aa0000)
  eden space 6656K, 100% used [0x00000000f0800000, 0x00000000f0e80000, 0x00000000f0e80000)
  from space 832K,  76% used [0x00000000f0f50000, 0x00000000f0fee258, 0x00000000f1020000)
  to   space 832K,   0% used [0x00000000f0e80000, 0x00000000f0e80000, 0x00000000f0f50000)
 tenured generation   total 16580K, used 10839K [0x00000000f5aa0000, 0x00000000f6ad1000, 0x0000000100000000)
   the space 16580K,  65% used [0x00000000f5aa0000, 0x00000000f6535de0, 0x00000000f6535e00, 0x00000000f6ad1000)
 Metaspace       used 31610K, capacity 32866K, committed 33024K, reserved 1077248K
  class space    used 4013K, capacity 4297K, committed 4352K, reserved 1048576K
Event: 5.950 GC heap after
Heap after GC invocations=73 (full 2):
 def new generation   total 7488K, used 619K [0x00000000f0800000, 0x00000000f1020000, 0x00000000f5aa0000)
  eden space 6656K,   0% used [0x00000000f0800000, 0x00000000f0800000, 0x00000000f0e80000)
  from space 832K,  74% used [0x00000000f0e80000, 0x00000000f0f1acd8, 0x00000000f0f50000)
  to   space 832K,   0% used [0x00000000f0f50000, 0x00000000f0f50000, 0x00000000f1020000)
 tenured generation   total 16580K, used 11080K [0x00000000f5aa0000, 0x00000000f6ad1000, 0x0000000100000000)
   the space 16580K,  66% used [0x00000000f5aa0000, 0x00000000f6572298, 0x00000000f6572400, 0x00000000f6ad1000)
 Metaspace       used 31610K, capacity 32866K, committed 33024K, reserved 1077248K
  class space    used 4013K, capacity 4297K, committed 4352K, reserved 1048576K
}
Event: 6.107 GC heap before
{Heap before GC invocations=73 (full 2):
 def new generation   total 7488K, used 7275K [0x00000000f0800000, 0x00000000f1020000, 0x00000000f5aa0000)
  eden space 6656K, 100% used [0x00000000f0800000, 0x00000000f0e80000, 0x00000000f0e80000)
  from space 832K,  74% used [0x00000000f0e80000, 0x00000000f0f1acd8, 0x00000000f0f50000)
  to   space 832K,   0% used [0x00000000f0f50000, 0x00000000f0f50000, 0x00000000f1020000)
 tenured generation   total 16580K, used 11080K [0x00000000f5aa0000, 0x00000000f6ad1000, 0x0000000100000000)
   the space 16580K,  66% used [0x00000000f5aa0000, 0x00000000f6572298, 0x00000000f6572400, 0x00000000f6ad1000)
 Metaspace       used 32108K, capacity 33320K, committed 33664K, reserved 1079296K
  class space    used 4064K, capacity 4362K, committed 4480K, reserved 1048576K
Event: 6.109 GC heap after
Heap after GC invocations=74 (full 2):
 def new generation   total 7488K, used 489K [0x00000000f0800000, 0x00000000f1020000, 0x00000000f5aa0000)
  eden space 6656K,   0% used [0x00000000f0800000, 0x00000000f0800000, 0x00000000f0e80000)
  from space 832K,  58% used [0x00000000f0f50000, 0x00000000f0fca638, 0x00000000f1020000)
  to   space 832K,   0% used [0x00000000f0e80000, 0x00000000f0e80000, 0x00000000f0f50000)
 tenured generation   total 16580K, used 11235K [0x00000000f5aa0000, 0x00000000f6ad1000, 0x0000000100000000)
   the space 16580K,  67% used [0x00000000f5aa0000, 0x00000000f6598e50, 0x00000000f6599000, 0x00000000f6ad1000)
 Metaspace       used 32108K, capacity 33320K, committed 33664K, reserved 1079296K
  class space    used 4064K, capacity 4362K, committed 4480K, reserved 1048576K
}
Event: 6.284 GC heap before
{Heap before GC invocations=74 (full 2):
 def new generation   total 7488K, used 7145K [0x00000000f0800000, 0x00000000f1020000, 0x00000000f5aa0000)
  eden space 6656K, 100% used [0x00000000f0800000, 0x00000000f0e80000, 0x00000000f0e80000)
  from space 832K,  58% used [0x00000000f0f50000, 0x00000000f0fca638, 0x00000000f1020000)
  to   space 832K,   0% used [0x00000000f0e80000, 0x00000000f0e80000, 0x00000000f0f50000)
 tenured generation   total 16580K, used 11235K [0x00000000f5aa0000, 0x00000000f6ad1000, 0x0000000100000000)
   the space 16580K,  67% used [0x00000000f5aa0000, 0x00000000f6598e50, 0x00000000f6599000, 0x00000000f6ad1000)
 Metaspace       used 32445K, capacity 33678K, committed 33920K, reserved 1079296K
  class space    used 4092K, capacity 4395K, committed 4480K, reserved 1048576K
Event: 6.286 GC heap after
Heap after GC invocations=75 (full 2):
 def new generation   total 7488K, used 343K [0x00000000f0800000, 0x00000000f1020000, 0x00000000f5aa0000)
  eden space 6656K,   0% used [0x00000000f0800000, 0x00000000f0800000, 0x00000000f0e80000)
  from space 832K,  41% used [0x00000000f0e80000, 0x00000000f0ed5fe0, 0x00000000f0f50000)
  to   space 832K,   0% used [0x00000000f0f50000, 0x00000000f0f50000, 0x00000000f1020000)
 tenured generation   total 16580K, used 11465K [0x00000000f5aa0000, 0x00000000f6ad1000, 0x0000000100000000)
   the space 16580K,  69% used [0x00000000f5aa0000, 0x00000000f65d2730, 0x00000000f65d2800, 0x00000000f6ad1000)
 Metaspace       used 32445K, capacity 33678K, committed 33920K, reserved 1079296K
  class space    used 4092K, capacity 4395K, committed 4480K, reserved 1048576K
}
Event: 6.435 GC heap before
{Heap before GC invocations=75 (full 2):
 def new generation   total 7488K, used 6999K [0x00000000f0800000, 0x00000000f1020000, 0x00000000f5aa0000)
  eden space 6656K, 100% used [0x00000000f0800000, 0x00000000f0e80000, 0x00000000f0e80000)
  from space 832K,  41% used [0x00000000f0e80000, 0x00000000f0ed5fe0, 0x00000000f0f50000)
  to   space 832K,   0% used [0x00000000f0f50000, 0x00000000f0f50000, 0x00000000f1020000)
 tenured generation   total 16580K, used 11465K [0x00000000f5aa0000, 0x00000000f6ad1000, 0x0000000100000000)
   the space 16580K,  69% used [0x00000000f5aa0000, 0x00000000f65d2730, 0x00000000f65d2800, 0x00000000f6ad1000)
 Metaspace       used 32786K, capacity 34018K, committed 34176K, reserved 1079296K
  class space    used 4129K, capacity 4435K, committed 4480K, reserved 1048576K
Event: 6.439 GC heap after
Heap after GC invocations=76 (full 2):
 def new generation   total 7488K, used 817K [0x00000000f0800000, 0x00000000f1020000, 0x00000000f5aa0000)
  eden space 6656K,   0% used [0x00000000f0800000, 0x00000000f0800000, 0x00000000f0e80000)
  from space 832K,  98% used [0x00000000f0f50000, 0x00000000f101c6f8, 0x00000000f1020000)
  to   space 832K,   0% used [0x00000000f0e80000, 0x00000000f0e80000, 0x00000000f0f50000)
 tenured generation   total 16580K, used 11465K [0x00000000f5aa0000, 0x00000000f6ad1000, 0x0000000100000000)
   the space 16580K,  69% used [0x00000000f5aa0000, 0x00000000f65d2730, 0x00000000f65d2800, 0x00000000f6ad1000)
 Metaspace       used 32786K, capacity 34018K, committed 34176K, reserved 1079296K
  class space    used 4129K, capacity 4435K, committed 4480K, reserved 1048576K
}
Event: 6.580 GC heap before
{Heap before GC invocations=76 (full 2):
 def new generation   total 7488K, used 7473K [0x00000000f0800000, 0x00000000f1020000, 0x00000000f5aa0000)
  eden space 6656K, 100% used [0x00000000f0800000, 0x00000000f0e80000, 0x00000000f0e80000)
  from space 832K,  98% used [0x00000000f0f50000, 0x00000000f101c6f8, 0x00000000f1020000)
  to   space 832K,   0% used [0x00000000f0e80000, 0x00000000f0e80000, 0x00000000f0f50000)
 tenured generation   total 16580K, used 11465K [0x00000000f5aa0000, 0x00000000f6ad1000, 0x0000000100000000)
   the space 16580K,  69% used [0x00000000f5aa0000, 0x00000000f65d2730, 0x00000000f65d2800, 0x00000000f6ad1000)
 Metaspace       used 33087K, capacity 34392K, committed 34432K, reserved 1079296K
  class space    used 4169K, capacity 4480K, committed 4480K, reserved 1048576K
Event: 6.585 GC heap after
Heap after GC invocations=77 (full 2):
 def new generation   total 7488K, used 831K [0x00000000f0800000, 0x00000000f1020000, 0x00000000f5aa0000)
  eden space 6656K,   0% used [0x00000000f0800000, 0x00000000f0800000, 0x00000000f0e80000)
  from space 832K,  99% used [0x00000000f0e80000, 0x00000000f0f4fff8, 0x00000000f0f50000)
  to   space 832K,   0% used [0x00000000f0f50000, 0x00000000f0f50000, 0x00000000f1020000)
 tenured generation   total 16580K, used 12160K [0x00000000f5aa0000, 0x00000000f6ad1000, 0x0000000100000000)
   the space 16580K,  73% used [0x00000000f5aa0000, 0x00000000f66800b8, 0x00000000f6680200, 0x00000000f6ad1000)
 Metaspace       used 33087K, capacity 34392K, committed 34432K, reserved 1079296K
  class space    used 4169K, capacity 4480K, committed 4480K, reserved 1048576K
}
Event: 6.666 GC heap before
{Heap before GC invocations=77 (full 2):
 def new generation   total 7488K, used 7487K [0x00000000f0800000, 0x00000000f1020000, 0x00000000f5aa0000)
  eden space 6656K, 100% used [0x00000000f0800000, 0x00000000f0e80000, 0x00000000f0e80000)
  from space 832K,  99% used [0x00000000f0e80000, 0x00000000f0f4fff8, 0x00000000f0f50000)
  to   space 832K,   0% used [0x00000000f0f50000, 0x00000000f0f50000, 0x00000000f1020000)
 tenured generation   total 16580K, used 12160K [0x00000000f5aa0000, 0x00000000f6ad1000, 0x0000000100000000)
   the space 16580K,  73% used [0x00000000f5aa0000, 0x00000000f66800b8, 0x00000000f6680200, 0x00000000f6ad1000)
 Metaspace       used 33260K, capacity 34564K, committed 34816K, reserved 1079296K
  class space    used 4200K, capacity 4516K, committed 4608K, reserved 1048576K
Event: 6.669 GC heap after
Heap after GC invocations=78 (full 2):
 def new generation   total 7488K, used 286K [0x00000000f0800000, 0x00000000f1020000, 0x00000000f5aa0000)
  eden space 6656K,   0% used [0x00000000f0800000, 0x00000000f0800000, 0x00000000f0e80000)
  from space 832K,  34% used [0x00000000f0f50000, 0x00000000f0f97b58, 0x00000000f1020000)
  to   space 832K,   0% used [0x00000000f0e80000, 0x00000000f0e80000, 0x00000000f0f50000)
 tenured generation   total 16580K, used 12840K [0x00000000f5aa0000, 0x00000000f6ad1000, 0x0000000100000000)
   the space 16580K,  77% used [0x00000000f5aa0000, 0x00000000f672a020, 0x00000000f672a200, 0x00000000f6ad1000)
 Metaspace       used 33260K, capacity 34564K, committed 34816K, reserved 1079296K
  class space    used 4200K, capacity 4516K, committed 4608K, reserved 1048576K
}
Event: 6.758 GC heap before
{Heap before GC invocations=78 (full 2):
 def new generation   total 7488K, used 6942K [0x00000000f0800000, 0x00000000f1020000, 0x00000000f5aa0000)
  eden space 6656K, 100% used [0x00000000f0800000, 0x00000000f0e80000, 0x00000000f0e80000)
  from space 832K,  34% used [0x00000000f0f50000, 0x00000000f0f97b58, 0x00000000f1020000)
  to   space 832K,   0% used [0x00000000f0e80000, 0x00000000f0e80000, 0x00000000f0f50000)
 tenured generation   total 16580K, used 12840K [0x00000000f5aa0000, 0x00000000f6ad1000, 0x0000000100000000)
   the space 16580K,  77% used [0x00000000f5aa0000, 0x00000000f672a020, 0x00000000f672a200, 0x00000000f6ad1000)
 Metaspace       used 33382K, capacity 34634K, committed 34816K, reserved 1079296K
  class space    used 4218K, capacity 4517K, committed 4608K, reserved 1048576K
Event: 6.760 GC heap after
Heap after GC invocations=79 (full 2):
 def new generation   total 7488K, used 370K [0x00000000f0800000, 0x00000000f1020000, 0x00000000f5aa0000)
  eden space 6656K,   0% used [0x00000000f0800000, 0x00000000f0800000, 0x00000000f0e80000)
  from space 832K,  44% used [0x00000000f0e80000, 0x00000000f0edc9a0, 0x00000000f0f50000)
  to   space 832K,   0% used [0x00000000f0f50000, 0x00000000f0f50000, 0x00000000f1020000)
 tenured generation   total 16580K, used 12840K [0x00000000f5aa0000, 0x00000000f6ad1000, 0x0000000100000000)
   the space 16580K,  77% used [0x00000000f5aa0000, 0x00000000f672a020, 0x00000000f672a200, 0x00000000f6ad1000)
 Metaspace       used 33382K, capacity 34634K, committed 34816K, reserved 1079296K
  class space    used 4218K, capacity 4517K, committed 4608K, reserved 1048576K
}
Event: 6.868 GC heap before
{Heap before GC invocations=79 (full 2):
 def new generation   total 7488K, used 7026K [0x00000000f0800000, 0x00000000f1020000, 0x00000000f5aa0000)
  eden space 6656K, 100% used [0x00000000f0800000, 0x00000000f0e80000, 0x00000000f0e80000)
  from space 832K,  44% used [0x00000000f0e80000, 0x00000000f0edc9a0, 0x00000000f0f50000)
  to   space 832K,   0% used [0x00000000f0f50000, 0x00000000f0f50000, 0x00000000f1020000)
 tenured generation   total 16580K, used 12840K [0x00000000f5aa0000, 0x00000000f6ad1000, 0x0000000100000000)
   the space 16580K,  77% used [0x00000000f5aa0000, 0x00000000f672a020, 0x00000000f672a200, 0x00000000f6ad1000)
 Metaspace       used 33492K, capacity 34826K, committed 35072K, reserved 1079296K
  class space    used 4233K, capacity 4555K, committed 4608K, reserved 1048576K
Event: 6.872 GC heap after
Heap after GC invocations=80 (full 2):
 def new generation   total 7488K, used 571K [0x00000000f0800000, 0x00000000f1020000, 0x00000000f5aa0000)
  eden space 6656K,   0% used [0x00000000f0800000, 0x00000000f0800000, 0x00000000f0e80000)
  from space 832K,  68% used [0x00000000f0f50000, 0x00000000f0fdec50, 0x00000000f1020000)
  to   space 832K,   0% used [0x00000000f0e80000, 0x00000000f0e80000, 0x00000000f0f50000)
 tenured generation   total 16580K, used 12840K [0x00000000f5aa0000, 0x00000000f6ad1000, 0x0000000100000000)
   the space 16580K,  77% used [0x00000000f5aa0000, 0x00000000f672a020, 0x00000000f672a200, 0x00000000f6ad1000)
 Metaspace       used 33492K, capacity 34826K, committed 35072K, reserved 1079296K
  class space    used 4233K, capacity 4555K, committed 4608K, reserved 1048576K
}
Event: 6.962 GC heap before
{Heap before GC invocations=80 (full 2):
 def new generation   total 7488K, used 7227K [0x00000000f0800000, 0x00000000f1020000, 0x00000000f5aa0000)
  eden space 6656K, 100% used [0x00000000f0800000, 0x00000000f0e80000, 0x00000000f0e80000)
  from space 832K,  68% used [0x00000000f0f50000, 0x00000000f0fdec50, 0x00000000f1020000)
  to   space 832K,   0% used [0x00000000f0e80000, 0x00000000f0e80000, 0x00000000f0f50000)
 tenured generation   total 16580K, used 12840K [0x00000000f5aa0000, 0x00000000f6ad1000, 0x0000000100000000)
   the space 16580K,  77% used [0x00000000f5aa0000, 0x00000000f672a020, 0x00000000f672a200, 0x00000000f6ad1000)
 Metaspace       used 33672K, capacity 34962K, committed 35072K, reserved 1079296K
  class space    used 4262K, capacity 4555K, committed 4608K, reserved 1048576K
Event: 6.966 GC heap after
Heap after GC invocations=81 (full 2):
 def new generation   total 7488K, used 570K [0x00000000f0800000, 0x00000000f1020000, 0x00000000f5aa0000)
  eden space 6656K,   0% used [0x00000000f0800000, 0x00000000f0800000, 0x00000000f0e80000)
  from space 832K,  68% used [0x00000000f0e80000, 0x00000000f0f0e930, 0x00000000f0f50000)
  to   space 832K,   0% used [0x00000000f0f50000, 0x00000000f0f50000, 0x00000000f1020000)
 tenured generation   total 16580K, used 13133K [0x00000000f5aa0000, 0x00000000f6ad1000, 0x0000000100000000)
   the space 16580K,  79% used [0x00000000f5aa0000, 0x00000000f6773550, 0x00000000f6773600, 0x00000000f6ad1000)
 Metaspace       used 33672K, capacity 34962K, committed 35072K, reserved 1079296K
  class space    used 4262K, capacity 4555K, committed 4608K, reserved 1048576K
}
Event: 7.122 GC heap before
{Heap before GC invocations=81 (full 2):
 def new generation   total 7488K, used 7226K [0x00000000f0800000, 0x00000000f1020000, 0x00000000f5aa0000)
  eden space 6656K, 100% used [0x00000000f0800000, 0x00000000f0e80000, 0x00000000f0e80000)
  from space 832K,  68% used [0x00000000f0e80000, 0x00000000f0f0e930, 0x00000000f0f50000)
  to   space 832K,   0% used [0x00000000f0f50000, 0x00000000f0f50000, 0x00000000f1020000)
 tenured generation   total 16580K, used 13133K [0x00000000f5aa0000, 0x00000000f6ad1000, 0x0000000100000000)
   the space 16580K,  79% used [0x00000000f5aa0000, 0x00000000f6773550, 0x00000000f6773600, 0x00000000f6ad1000)
 Metaspace       used 33922K, capacity 35230K, committed 35328K, reserved 1079296K
  class space    used 4296K, capacity 4597K, committed 4608K, reserved 1048576K
Event: 7.127 GC heap after
Heap after GC invocations=82 (full 2):
 def new generation   total 7488K, used 770K [0x00000000f0800000, 0x00000000f1020000, 0x00000000f5aa0000)
  eden space 6656K,   0% used [0x00000000f0800000, 0x00000000f0800000, 0x00000000f0e80000)
  from space 832K,  92% used [0x00000000f0f50000, 0x00000000f1010be0, 0x00000000f1020000)
  to   space 832K,   0% used [0x00000000f0e80000, 0x00000000f0e80000, 0x00000000f0f50000)
 tenured generation   total 16580K, used 13358K [0x00000000f5aa0000, 0x00000000f6ad1000, 0x0000000100000000)
   the space 16580K,  80% used [0x00000000f5aa0000, 0x00000000f67ab990, 0x00000000f67aba00, 0x00000000f6ad1000)
 Metaspace       used 33922K, capacity 35230K, committed 35328K, reserved 1079296K
  class space    used 4296K, capacity 4597K, committed 4608K, reserved 1048576K
}
Event: 7.267 GC heap before
{Heap before GC invocations=82 (full 2):
 def new generation   total 7488K, used 7426K [0x00000000f0800000, 0x00000000f1020000, 0x00000000f5aa0000)
  eden space 6656K, 100% used [0x00000000f0800000, 0x00000000f0e80000, 0x00000000f0e80000)
  from space 832K,  92% used [0x00000000f0f50000, 0x00000000f1010be0, 0x00000000f1020000)
  to   space 832K,   0% used [0x00000000f0e80000, 0x00000000f0e80000, 0x00000000f0f50000)
 tenured generation   total 16580K, used 13358K [0x00000000f5aa0000, 0x00000000f6ad1000, 0x0000000100000000)
   the space 16580K,  80% used [0x00000000f5aa0000, 0x00000000f67ab990, 0x00000000f67aba00, 0x00000000f6ad1000)
 Metaspace       used 34144K, capacity 35454K, committed 35584K, reserved 1081344K
  class space    used 4311K, capacity 4603K, committed 4608K, reserved 1048576K
Event: 7.272 GC heap after
Heap after GC invocations=83 (full 2):
 def new generation   total 7488K, used 330K [0x00000000f0800000, 0x00000000f1020000, 0x00000000f5aa0000)
  eden space 6656K,   0% used [0x00000000f0800000, 0x00000000f0800000, 0x00000000f0e80000)
  from space 832K,  39% used [0x00000000f0e80000, 0x00000000f0ed28d0, 0x00000000f0f50000)
  to   space 832K,   0% used [0x00000000f0f50000, 0x00000000f0f50000, 0x00000000f1020000)
 tenured generation   total 16580K, used 13978K [0x00000000f5aa0000, 0x00000000f6ad1000, 0x0000000100000000)
   the space 16580K,  84% used [0x00000000f5aa0000, 0x00000000f6846b28, 0x00000000f6846c00, 0x00000000f6ad1000)
 Metaspace       used 34144K, capacity 35454K, committed 35584K, reserved 1081344K
  class space    used 4311K, capacity 4603K, committed 4608K, reserved 1048576K
}
Event: 7.361 GC heap before
{Heap before GC invocations=83 (full 2):
 def new generation   total 7488K, used 6986K [0x00000000f0800000, 0x00000000f1020000, 0x00000000f5aa0000)
  eden space 6656K, 100% used [0x00000000f0800000, 0x00000000f0e80000, 0x00000000f0e80000)
  from space 832K,  39% used [0x00000000f0e80000, 0x00000000f0ed28d0, 0x00000000f0f50000)
  to   space 832K,   0% used [0x00000000f0f50000, 0x00000000f0f50000, 0x00000000f1020000)
 tenured generation   total 16580K, used 13978K [0x00000000f5aa0000, 0x00000000f6ad1000, 0x0000000100000000)
   the space 16580K,  84% used [0x00000000f5aa0000, 0x00000000f6846b28, 0x00000000f6846c00, 0x00000000f6ad1000)
 Metaspace       used 34667K, capacity 36044K, committed 36224K, reserved 1081344K
  class space    used 4363K, capacity 4670K, committed 4736K, reserved 1048576K
Event: 7.364 GC heap after
Heap after GC invocations=84 (full 2):
 def new generation   total 7488K, used 741K [0x00000000f0800000, 0x00000000f1020000, 0x00000000f5aa0000)
  eden space 6656K,   0% used [0x00000000f0800000, 0x00000000f0800000, 0x00000000f0e80000)
  from space 832K,  89% used [0x00000000f0f50000, 0x00000000f1009740, 0x00000000f1020000)
  to   space 832K,   0% used [0x00000000f0e80000, 0x00000000f0e80000, 0x00000000f0f50000)
 tenured generation   total 16580K, used 13978K [0x00000000f5aa0000, 0x00000000f6ad1000, 0x0000000100000000)
   the space 16580K,  84% used [0x00000000f5aa0000, 0x00000000f6846b28, 0x00000000f6846c00, 0x00000000f6ad1000)
 Metaspace       used 34667K, capacity 36044K, committed 36224K, reserved 1081344K
  class space    used 4363K, capacity 4670K, committed 4736K, reserved 1048576K
}
Event: 7.532 GC heap before
{Heap before GC invocations=84 (full 2):
 def new generation   total 7488K, used 7378K [0x00000000f0800000, 0x00000000f1020000, 0x00000000f5aa0000)
  eden space 6656K,  99% used [0x00000000f0800000, 0x00000000f0e7b138, 0x00000000f0e80000)
  from space 832K,  89% used [0x00000000f0f50000, 0x00000000f1009740, 0x00000000f1020000)
  to   space 832K,   0% used [0x00000000f0e80000, 0x00000000f0e80000, 0x00000000f0f50000)
 tenured generation   total 16580K, used 13978K [0x00000000f5aa0000, 0x00000000f6ad1000, 0x0000000100000000)
   the space 16580K,  84% used [0x00000000f5aa0000, 0x00000000f6846b28, 0x00000000f6846c00, 0x00000000f6ad1000)
 Metaspace       used 36107K, capacity 37454K, committed 37632K, reserved 1081344K
  class space    used 4511K, capacity 4799K, committed 4864K, reserved 1048576K
Event: 7.538 GC heap after
Heap after GC invocations=85 (full 2):
 def new generation   total 7488K, used 831K [0x00000000f0800000, 0x00000000f1020000, 0x00000000f5aa0000)
  eden space 6656K,   0% used [0x00000000f0800000, 0x00000000f0800000, 0x00000000f0e80000)
  from space 832K,  99% used [0x00000000f0e80000, 0x00000000f0f4fff0, 0x00000000f0f50000)
  to   space 832K,   0% used [0x00000000f0f50000, 0x00000000f0f50000, 0x00000000f1020000)
 tenured generation   total 16580K, used 14917K [0x00000000f5aa0000, 0x00000000f6ad1000, 0x0000000100000000)
   the space 16580K,  89% used [0x00000000f5aa0000, 0x00000000f69316c0, 0x00000000f6931800, 0x00000000f6ad1000)
 Metaspace       used 36107K, capacity 37454K, committed 37632K, reserved 1081344K
  class space    used 4511K, capacity 4799K, committed 4864K, reserved 1048576K
}
Event: 7.677 GC heap before
{Heap before GC invocations=85 (full 2):
 def new generation   total 7488K, used 7487K [0x00000000f0800000, 0x00000000f1020000, 0x00000000f5aa0000)
  eden space 6656K, 100% used [0x00000000f0800000, 0x00000000f0e80000, 0x00000000f0e80000)
  from space 832K,  99% used [0x00000000f0e80000, 0x00000000f0f4fff0, 0x00000000f0f50000)
  to   space 832K,   0% used [0x00000000f0f50000, 0x00000000f0f50000, 0x00000000f1020000)
 tenured generation   total 16580K, used 14917K [0x00000000f5aa0000, 0x00000000f6ad1000, 0x0000000100000000)
   the space 16580K,  89% used [0x00000000f5aa0000, 0x00000000f69316c0, 0x00000000f6931800, 0x00000000f6ad1000)
 Metaspace       used 37401K, capacity 38766K, committed 39040K, reserved 1083392K
  class space    used 4652K, capacity 4959K, committed 4992K, reserved 1048576K
Event: 7.681 GC heap after
Heap after GC invocations=86 (full 2):
 def new generation   total 7488K, used 831K [0x00000000f0800000, 0x00000000f1020000, 0x00000000f5aa0000)
  eden space 6656K,   0% used [0x00000000f0800000, 0x00000000f0800000, 0x00000000f0e80000)
  from space 832K,  99% used [0x00000000f0f50000, 0x00000000f101fff8, 0x00000000f1020000)
  to   space 832K,   0% used [0x00000000f0e80000, 0x00000000f0e80000, 0x00000000f0f50000)
 tenured generation   total 16580K, used 15824K [0x00000000f5aa0000, 0x00000000f6ad1000, 0x0000000100000000)
   the space 16580K,  95% used [0x00000000f5aa0000, 0x00000000f6a14178, 0x00000000f6a14200, 0x00000000f6ad1000)
 Metaspace       used 37401K, capacity 38766K, committed 39040K, reserved 1083392K
  class space    used 4652K, capacity 4959K, committed 4992K, reserved 1048576K
}
Event: 7.849 GC heap before
{Heap before GC invocations=86 (full 2):
 def new generation   total 7488K, used 7487K [0x00000000f0800000, 0x00000000f1020000, 0x00000000f5aa0000)
  eden space 6656K, 100% used [0x00000000f0800000, 0x00000000f0e80000, 0x00000000f0e80000)
  from space 832K,  99% used [0x00000000f0f50000, 0x00000000f101fff8, 0x00000000f1020000)
  to   space 832K,   0% used [0x00000000f0e80000, 0x00000000f0e80000, 0x00000000f0f50000)
 tenured generation   total 16580K, used 15824K [0x00000000f5aa0000, 0x00000000f6ad1000, 0x0000000100000000)
   the space 16580K,  95% used [0x00000000f5aa0000, 0x00000000f6a14178, 0x00000000f6a14200, 0x00000000f6ad1000)
 Metaspace       used 37977K, capacity 39394K, committed 39680K, reserved 1083392K
  class space    used 4722K, capacity 5033K, committed 5120K, reserved 1048576K
Event: 7.853 GC heap after
Heap after GC invocations=87 (full 2):
 def new generation   total 7488K, used 704K [0x00000000f0800000, 0x00000000f1020000, 0x00000000f5aa0000)
  eden space 6656K,   0% used [0x00000000f0800000, 0x00000000f0800000, 0x00000000f0e80000)
  from space 832K,  84% used [0x00000000f0e80000, 0x00000000f0f30298, 0x00000000f0f50000)
  to   space 832K,   0% used [0x00000000f0f50000, 0x00000000f0f50000, 0x00000000f1020000)
 tenured generation   total 16580K, used 16171K [0x00000000f5aa0000, 0x00000000f6ad1000, 0x0000000100000000)
   the space 16580K,  97% used [0x00000000f5aa0000, 0x00000000f6a6aff0, 0x00000000f6a6b000, 0x00000000f6ad1000)
 Metaspace       used 37977K, capacity 39394K, committed 39680K, reserved 1083392K
  class space    used 4722K, capacity 5033K, committed 5120K, reserved 1048576K
}
Event: 7.972 GC heap before
{Heap before GC invocations=87 (full 2):
 def new generation   total 7488K, used 7360K [0x00000000f0800000, 0x00000000f1020000, 0x00000000f5aa0000)
  eden space 6656K, 100% used [0x00000000f0800000, 0x00000000f0e80000, 0x00000000f0e80000)
  from space 832K,  84% used [0x00000000f0e80000, 0x00000000f0f30298, 0x00000000f0f50000)
  to   space 832K,   0% used [0x00000000f0f50000, 0x00000000f0f50000, 0x00000000f1020000)
 tenured generation   total 16580K, used 16171K [0x00000000f5aa0000, 0x00000000f6ad1000, 0x0000000100000000)
   the space 16580K,  97% used [0x00000000f5aa0000, 0x00000000f6a6aff0, 0x00000000f6a6b000, 0x00000000f6ad1000)
 Metaspace       used 38504K, capacity 39976K, committed 40192K, reserved 1085440K
  class space    used 4763K, capacity 5098K, committed 5120K, reserved 1048576K
Event: 7.975 GC heap after
Heap after GC invocations=88 (full 2):
 def new generation   total 7488K, used 520K [0x00000000f0800000, 0x00000000f1020000, 0x00000000f5aa0000)
  eden space 6656K,   0% used [0x00000000f0800000, 0x00000000f0800000, 0x00000000f0e80000)
  from space 832K,  62% used [0x00000000f0f50000, 0x00000000f0fd2238, 0x00000000f1020000)
  to   space 832K,   0% used [0x00000000f0e80000, 0x00000000f0e80000, 0x00000000f0f50000)
 tenured generation   total 16580K, used 16546K [0x00000000f5aa0000, 0x00000000f6ad1000, 0x0000000100000000)
   the space 16580K,  99% used [0x00000000f5aa0000, 0x00000000f6ac8858, 0x00000000f6ac8a00, 0x00000000f6ad1000)
 Metaspace       used 38504K, capacity 39976K, committed 40192K, reserved 1085440K
  class space    used 4763K, capacity 5098K, committed 5120K, reserved 1048576K
}
Event: 8.058 GC heap before
{Heap before GC invocations=88 (full 2):
 def new generation   total 7488K, used 7176K [0x00000000f0800000, 0x00000000f1020000, 0x00000000f5aa0000)
  eden space 6656K, 100% used [0x00000000f0800000, 0x00000000f0e80000, 0x00000000f0e80000)
  from space 832K,  62% used [0x00000000f0f50000, 0x00000000f0fd2238, 0x00000000f1020000)
  to   space 832K,   0% used [0x00000000f0e80000, 0x00000000f0e80000, 0x00000000f0f50000)
 tenured generation   total 16580K, used 16546K [0x00000000f5aa0000, 0x00000000f6ad1000, 0x0000000100000000)
   the space 16580K,  99% used [0x00000000f5aa0000, 0x00000000f6ac8858, 0x00000000f6ac8a00, 0x00000000f6ad1000)
 Metaspace       used 39303K, capacity 40778K, committed 40960K, reserved 1085440K
  class space    used 4920K, capacity 5259K, committed 5376K, reserved 1048576K
Event: 8.117 GC heap after
Heap after GC invocations=89 (full 3):
 def new generation   total 12096K, used 0K [0x00000000f0800000, 0x00000000f1520000, 0x00000000f5aa0000)
  eden space 10752K,   0% used [0x00000000f0800000, 0x00000000f0800000, 0x00000000f1280000)
  from space 1344K,   0% used [0x00000000f1280000, 0x00000000f1280000, 0x00000000f13d0000)
  to   space 1344K,   0% used [0x00000000f13d0000, 0x00000000f13d0000, 0x00000000f1520000)
 tenured generation   total 26736K, used 16040K [0x00000000f5aa0000, 0x00000000f74bc000, 0x0000000100000000)
   the space 26736K,  59% used [0x00000000f5aa0000, 0x00000000f6a4a0e8, 0x00000000f6a4a200, 0x00000000f74bc000)
 Metaspace       used 39303K, capacity 40778K, committed 40960K, reserved 1085440K
  class space    used 4920K, capacity 5259K, committed 5376K, reserved 1048576K
}
Event: 8.250 GC heap before
{Heap before GC invocations=89 (full 3):
 def new generation   total 12096K, used 10752K [0x00000000f0800000, 0x00000000f1520000, 0x00000000f5aa0000)
  eden space 10752K, 100% used [0x00000000f0800000, 0x00000000f1280000, 0x00000000f1280000)
  from space 1344K,   0% used [0x00000000f1280000, 0x00000000f1280000, 0x00000000f13d0000)
  to   space 1344K,   0% used [0x00000000f13d0000, 0x00000000f13d0000, 0x00000000f1520000)
 tenured generation   total 26736K, used 16040K [0x00000000f5aa0000, 0x00000000f74bc000, 0x0000000100000000)
   the space 26736K,  59% used [0x00000000f5aa0000, 0x00000000f6a4a0e8, 0x00000000f6a4a200, 0x00000000f74bc000)
 Metaspace       used 39840K, capacity 41322K, committed 41472K, reserved 1085440K
  class space    used 5024K, capacity 5355K, committed 5376K, reserved 1048576K
Event: 8.253 GC heap after
Heap after GC invocations=90 (full 3):
 def new generation   total 12096K, used 698K [0x00000000f0800000, 0x00000000f1520000, 0x00000000f5aa0000)
  eden space 10752K,   0% used [0x00000000f0800000, 0x00000000f0800000, 0x00000000f1280000)
  from space 1344K,  52% used [0x00000000f13d0000, 0x00000000f147ebb0, 0x00000000f1520000)
  to   space 1344K,   0% used [0x00000000f1280000, 0x00000000f1280000, 0x00000000f13d0000)
 tenured generation   total 26736K, used 16040K [0x00000000f5aa0000, 0x00000000f74bc000, 0x0000000100000000)
   the space 26736K,  59% used [0x00000000f5aa0000, 0x00000000f6a4a0e8, 0x00000000f6a4a200, 0x00000000f74bc000)
 Metaspace       used 39840K, capacity 41322K, committed 41472K, reserved 1085440K
  class space    used 5024K, capacity 5355K, committed 5376K, reserved 1048576K
}
Event: 8.384 GC heap before
{Heap before GC invocations=90 (full 3):
 def new generation   total 12096K, used 11450K [0x00000000f0800000, 0x00000000f1520000, 0x00000000f5aa0000)
  eden space 10752K, 100% used [0x00000000f0800000, 0x00000000f1280000, 0x00000000f1280000)
  from space 1344K,  52% used [0x00000000f13d0000, 0x00000000f147ebb0, 0x00000000f1520000)
  to   space 1344K,   0% used [0x00000000f1280000, 0x00000000f1280000, 0x00000000f13d0000)
 tenured generation   total 26736K, used 16040K [0x00000000f5aa0000, 0x00000000f74bc000, 0x0000000100000000)
   the space 26736K,  59% used [0x00000000f5aa0000, 0x00000000f6a4a0e8, 0x00000000f6a4a200, 0x00000000f74bc000)
 Metaspace       used 40499K, capacity 41964K, committed 42112K, reserved 1085440K
  class space    used 5146K, capacity 5484K, committed 5504K, reserved 1048576K
Event: 8.390 GC heap after
Heap after GC invocations=91 (full 3):
 def new generation   total 12096K, used 696K [0x00000000f0800000, 0x00000000f1520000, 0x00000000f5aa0000)
  eden space 10752K,   0% used [0x00000000f0800000, 0x00000000f0800000, 0x00000000f1280000)
  from space 1344K,  51% used [0x00000000f1280000, 0x00000000f132e1d8, 0x00000000f13d0000)
  to   space 1344K,   0% used [0x00000000f13d0000, 0x00000000f13d0000, 0x00000000f1520000)
 tenured generation   total 26736K, used 16168K [0x00000000f5aa0000, 0x00000000f74bc000, 0x0000000100000000)
   the space 26736K,  60% used [0x00000000f5aa0000, 0x00000000f6a6a3e8, 0x00000000f6a6a400, 0x00000000f74bc000)
 Metaspace       used 40499K, capacity 41964K, committed 42112K, reserved 1085440K
  class space    used 5146K, capacity 5484K, committed 5504K, reserved 1048576K
}
Event: 8.554 GC heap before
{Heap before GC invocations=91 (full 3):
 def new generation   total 12096K, used 11448K [0x00000000f0800000, 0x00000000f1520000, 0x00000000f5aa0000)
  eden space 10752K, 100% used [0x00000000f0800000, 0x00000000f1280000, 0x00000000f1280000)
  from space 1344K,  51% used [0x00000000f1280000, 0x00000000f132e1d8, 0x00000000f13d0000)
  to   space 1344K,   0% used [0x00000000f13d0000, 0x00000000f13d0000, 0x00000000f1520000)
 tenured generation   total 26736K, used 16168K [0x00000000f5aa0000, 0x00000000f74bc000, 0x0000000100000000)
   the space 26736K,  60% used [0x00000000f5aa0000, 0x00000000f6a6a3e8, 0x00000000f6a6a400, 0x00000000f74bc000)
 Metaspace       used 41160K, capacity 42590K, committed 42752K, reserved 1087488K
  class space    used 5256K, capacity 5583K, committed 5632K, reserved 1048576K
Event: 8.557 GC heap after
Heap after GC invocations=92 (full 3):
 def new generation   total 12096K, used 714K [0x00000000f0800000, 0x00000000f1520000, 0x00000000f5aa0000)
  eden space 10752K,   0% used [0x00000000f0800000, 0x00000000f0800000, 0x00000000f1280000)
  from space 1344K,  53% used [0x00000000f13d0000, 0x00000000f1482a48, 0x00000000f1520000)
  to   space 1344K,   0% used [0x00000000f1280000, 0x00000000f1280000, 0x00000000f13d0000)
 tenured generation   total 26736K, used 16253K [0x00000000f5aa0000, 0x00000000f74bc000, 0x0000000100000000)
   the space 26736K,  60% used [0x00000000f5aa0000, 0x00000000f6a7f6f8, 0x00000000f6a7f800, 0x00000000f74bc000)
 Metaspace       used 41160K, capacity 42590K, committed 42752K, reserved 1087488K
  class space    used 5256K, capacity 5583K, committed 5632K, reserved 1048576K
}
Event: 8.747 GC heap before
{Heap before GC invocations=92 (full 3):
 def new generation   total 12096K, used 11466K [0x00000000f0800000, 0x00000000f1520000, 0x00000000f5aa0000)
  eden space 10752K, 100% used [0x00000000f0800000, 0x00000000f1280000, 0x00000000f1280000)
  from space 1344K,  53% used [0x00000000f13d0000, 0x00000000f1482a48, 0x00000000f1520000)
  to   space 1344K,   0% used [0x00000000f1280000, 0x00000000f1280000, 0x00000000f13d0000)
 tenured generation   total 26736K, used 16253K [0x00000000f5aa0000, 0x00000000f74bc000, 0x0000000100000000)
   the space 26736K,  60% used [0x00000000f5aa0000, 0x00000000f6a7f6f8, 0x00000000f6a7f800, 0x00000000f74bc000)
 Metaspace       used 42244K, capacity 43660K, committed 44032K, reserved 1087488K
  class space    used 5502K, capacity 5814K, committed 5888K, reserved 1048576K
Event: 8.750 GC heap after
Heap after GC invocations=93 (full 3):
 def new generation   total 12096K, used 1099K [0x00000000f0800000, 0x00000000f1520000, 0x00000000f5aa0000)
  eden space 10752K,   0% used [0x00000000f0800000, 0x00000000f0800000, 0x00000000f1280000)
  from space 1344K,  81% used [0x00000000f1280000, 0x00000000f1392e90, 0x00000000f13d0000)
  to   space 1344K,   0% used [0x00000000f13d0000, 0x00000000f13d0000, 0x00000000f1520000)
 tenured generation   total 26736K, used 16398K [0x00000000f5aa0000, 0x00000000f74bc000, 0x0000000100000000)
   the space 26736K,  61% used [0x00000000f5aa0000, 0x00000000f6aa3a00, 0x00000000f6aa3a00, 0x00000000f74bc000)
 Metaspace       used 42244K, capacity 43660K, committed 44032K, reserved 1087488K
  class space    used 5502K, capacity 5814K, committed 5888K, reserved 1048576K
}
Event: 9.016 GC heap before
{Heap before GC invocations=93 (full 3):
 def new generation   total 12096K, used 11851K [0x00000000f0800000, 0x00000000f1520000, 0x00000000f5aa0000)
  eden space 10752K, 100% used [0x00000000f0800000, 0x00000000f1280000, 0x00000000f1280000)
  from space 1344K,  81% used [0x00000000f1280000, 0x00000000f1392e90, 0x00000000f13d0000)
  to   space 1344K,   0% used [0x00000000f13d0000, 0x00000000f13d0000, 0x00000000f1520000)
 tenured generation   total 26736K, used 16398K [0x00000000f5aa0000, 0x00000000f74bc000, 0x0000000100000000)
   the space 26736K,  61% used [0x00000000f5aa0000, 0x00000000f6aa3a00, 0x00000000f6aa3a00, 0x00000000f74bc000)
 Metaspace       used 43084K, capacity 44570K, committed 44928K, reserved 1087488K
  class space    used 5610K, capacity 5945K, committed 6016K, reserved 1048576K
Event: 9.030 GC heap after
Heap after GC invocations=94 (full 3):
 def new generation   total 12096K, used 818K [0x00000000f0800000, 0x00000000f1520000, 0x00000000f5aa0000)
  eden space 10752K,   0% used [0x00000000f0800000, 0x00000000f0800000, 0x00000000f1280000)
  from space 1344K,  60% used [0x00000000f13d0000, 0x00000000f149cab0, 0x00000000f1520000)
  to   space 1344K,   0% used [0x00000000f1280000, 0x00000000f1280000, 0x00000000f13d0000)
 tenured generation   total 26736K, used 16662K [0x00000000f5aa0000, 0x00000000f74bc000, 0x0000000100000000)
   the space 26736K,  62% used [0x00000000f5aa0000, 0x00000000f6ae5a00, 0x00000000f6ae5a00, 0x00000000f74bc000)
 Metaspace       used 43084K, capacity 44570K, committed 44928K, reserved 1087488K
  class space    used 5610K, capacity 5945K, committed 6016K, reserved 1048576K
}
Event: 9.810 GC heap before
{Heap before GC invocations=94 (full 3):
 def new generation   total 12096K, used 11570K [0x00000000f0800000, 0x00000000f1520000, 0x00000000f5aa0000)
  eden space 10752K, 100% used [0x00000000f0800000, 0x00000000f1280000, 0x00000000f1280000)
  from space 1344K,  60% used [0x00000000f13d0000, 0x00000000f149cab0, 0x00000000f1520000)
  to   space 1344K,   0% used [0x00000000f1280000, 0x00000000f1280000, 0x00000000f13d0000)
 tenured generation   total 26736K, used 16662K [0x00000000f5aa0000, 0x00000000f74bc000, 0x0000000100000000)
   the space 26736K,  62% used [0x00000000f5aa0000, 0x00000000f6ae5a00, 0x00000000f6ae5a00, 0x00000000f74bc000)
 Metaspace       used 44338K, capacity 45792K, committed 46080K, reserved 1089536K
  class space    used 5765K, capacity 6074K, committed 6144K, reserved 1048576K
Event: 9.815 GC heap after
Heap after GC invocations=95 (full 3):
 def new generation   total 12096K, used 1285K [0x00000000f0800000, 0x00000000f1520000, 0x00000000f5aa0000)
  eden space 10752K,   0% used [0x00000000f0800000, 0x00000000f0800000, 0x00000000f1280000)
  from space 1344K,  95% used [0x00000000f1280000, 0x00000000f13c16f8, 0x00000000f13d0000)
  to   space 1344K,   0% used [0x00000000f13d0000, 0x00000000f13d0000, 0x00000000f1520000)
 tenured generation   total 26736K, used 16784K [0x00000000f5aa0000, 0x00000000f74bc000, 0x0000000100000000)
   the space 26736K,  62% used [0x00000000f5aa0000, 0x00000000f6b04360, 0x00000000f6b04400, 0x00000000f74bc000)
 Metaspace       used 44338K, capacity 45792K, committed 46080K, reserved 1089536K
  class space    used 5765K, capacity 6074K, committed 6144K, reserved 1048576K
}
Event: 10.008 GC heap before
{Heap before GC invocations=95 (full 3):
 def new generation   total 12096K, used 12037K [0x00000000f0800000, 0x00000000f1520000, 0x00000000f5aa0000)
  eden space 10752K, 100% used [0x00000000f0800000, 0x00000000f1280000, 0x00000000f1280000)
  from space 1344K,  95% used [0x00000000f1280000, 0x00000000f13c16f8, 0x00000000f13d0000)
  to   space 1344K,   0% used [0x00000000f13d0000, 0x00000000f13d0000, 0x00000000f1520000)
 tenured generation   total 26736K, used 16784K [0x00000000f5aa0000, 0x00000000f74bc000, 0x0000000100000000)
   the space 26736K,  62% used [0x00000000f5aa0000, 0x00000000f6b04360, 0x00000000f6b04400, 0x00000000f74bc000)
 Metaspace       used 45188K, capacity 46624K, committed 46976K, reserved 1089536K
  class space    used 5880K, capacity 6202K, committed 6272K, reserved 1048576K
Event: 10.012 GC heap after
Heap after GC invocations=96 (full 3):
 def new generation   total 12096K, used 762K [0x00000000f0800000, 0x00000000f1520000, 0x00000000f5aa0000)
  eden space 10752K,   0% used [0x00000000f0800000, 0x00000000f0800000, 0x00000000f1280000)
  from space 1344K,  56% used [0x00000000f13d0000, 0x00000000f148e960, 0x00000000f1520000)
  to   space 1344K,   0% used [0x00000000f1280000, 0x00000000f1280000, 0x00000000f13d0000)
 tenured generation   total 26736K, used 17190K [0x00000000f5aa0000, 0x00000000f74bc000, 0x0000000100000000)
   the space 26736K,  64% used [0x00000000f5aa0000, 0x00000000f6b698e0, 0x00000000f6b69a00, 0x00000000f74bc000)
 Metaspace       used 45188K, capacity 46624K, committed 46976K, reserved 1089536K
  class space    used 5880K, capacity 6202K, committed 6272K, reserved 1048576K
}

