# JRE version: OpenJDK Runtime Environment (8.0_242-b08) (build 1.8.0_242-b08)
# Java VM: OpenJDK 64-Bit Server VM (25.242-b08 mixed mode linux-amd64 compressed oops)
Heap:
 def new generation   total 12096K, used 0K [0x00000000f0800000, 0x00000000f1510000, 0x00000000f5aa0000)
  eden space 10816K,   0% used [0x00000000f0800000, 0x00000000f0800000, 0x00000000f1290000)
  from space 1280K,   0% used [0x00000000f13d0000, 0x00000000f13d0000, 0x00000000f1510000)
  to   space 1280K,   0% used [0x00000000f1290000, 0x00000000f1290000, 0x00000000f13d0000)
 tenured generation   total 27440K, used 25186K [0x00000000f5aa0000, 0x00000000f756c000, 0x0000000100000000)
   the space 27440K,  91% used [0x00000000f5aa0000, 0x00000000f7338b70, 0x00000000f7338c00, 0x00000000f756c000)
 Metaspace       used 60175K, capacity 62748K, committed 62848K, reserved 1103872K
  class space    used 8053K, capacity 8524K, committed 8576K, reserved 1048576K
GC Heap History (250 events):
Event: 0.602 GC heap after
Heap after GC invocations=1 (full 0):
 def new generation   total 4928K, used 512K [0x00000000f0800000, 0x00000000f0d50000, 0x00000000f5aa0000)
  eden space 4416K,   0% used [0x00000000f0800000, 0x00000000f0800000, 0x00000000f0c50000)
  from space 512K, 100% used [0x00000000f0cd0000, 0x00000000f0d50000, 0x00000000f0d50000)
  to   space 512K,   0% used [0x00000000f0c50000, 0x00000000f0c50000, 0x00000000f0cd0000)
 tenured generation   total 10944K, used 583K [0x00000000f5aa0000, 0x00000000f6550000, 0x0000000100000000)
   the space 10944K,   5% used [0x00000000f5aa0000, 0x00000000f5b31cd0, 0x00000000f5b31e00, 0x00000000f6550000)
 Metaspace       used 4548K, capacity 5054K, committed 5248K, reserved 1056768K
  class space    used 481K, capacity 537K, committed 640K, reserved 1048576K
}
Event: 0.854 GC heap before
{Heap before GC invocations=1 (full 0):
 def new generation   total 4928K, used 4890K [0x00000000f0800000, 0x00000000f0d50000, 0x00000000f5aa0000)
  eden space 4416K,  99% used [0x00000000f0800000, 0x00000000f0c46968, 0x00000000f0c50000)
  from space 512K, 100% used [0x00000000f0cd0000, 0x00000000f0d50000, 0x00000000f0d50000)
  to   space 512K,   0% used [0x00000000f0c50000, 0x00000000f0c50000, 0x00000000f0cd0000)
 tenured generation   total 10944K, used 583K [0x00000000f5aa0000, 0x00000000f6550000, 0x0000000100000000)
   the space 10944K,   5% used [0x00000000f5aa0000, 0x00000000f5b31cd0, 0x00000000f5b31e00, 0x00000000f6550000)
 Metaspace       used 6824K, capacity 7032K, committed 7296K, reserved 1056768K
  class space    used 753K, capacity 846K, committed 896K, reserved 1048576K
Event: 0.858 GC heap after
Heap after GC invocations=2 (full 0):
 def new generation   total 4928K, used 512K [0x00000000f0800000, 0x00000000f0d50000, 0x00000000f5aa0000)
  eden space 4416K,   0% used [0x00000000f0800000, 0x00000000f0800000, 0x00000000f0c50000)
  from space 512K, 100% used [0x00000000f0c50000, 0x00000000f0cd0000, 0x00000000f0cd0000)
  to   space 512K,   0% used [0x00000000f0cd0000, 0x00000000f0cd0000, 0x00000000f0d50000)
 tenured generation   total 10944K, used 1518K [0x00000000f5aa0000, 0x00000000f6550000, 0x0000000100000000)
   the space 10944K,  13% used [0x00000000f5aa0000, 0x00000000f5c1b808, 0x00000000f5c1ba00, 0x00000000f6550000)
 Metaspace       used 6824K, capacity 7032K, committed 7296K, reserved 1056768K
  class space    used 753K, capacity 846K, committed 896K, reserved 1048576K
}
Event: 0.987 GC heap before
{Heap before GC invocations=2 (full 0):
 def new generation   total 4928K, used 4928K [0x00000000f0800000, 0x00000000f0d50000, 0x00000000f5aa0000)
  eden space 4416K, 100% used [0x00000000f0800000, 0x00000000f0c50000, 0x00000000f0c50000)
  from space 512K, 100% used [0x00000000f0c50000, 0x00000000f0cd0000, 0x00000000f0cd0000)
  to   space 512K,   0% used [0x00000000f0cd0000, 0x00000000f0cd0000, 0x00000000f0d50000)
 tenured generation   total 10944K, used 1518K [0x00000000f5aa0000, 0x00000000f6550000, 0x0000000100000000)
   the space 10944K,  13% used [0x00000000f5aa0000, 0x00000000f5c1b808, 0x00000000f5c1ba00, 0x00000000f6550000)
 Metaspace       used 7555K, capacity 7770K, committed 7936K, reserved 1056768K
  class space    used 855K, capacity 943K, committed 1024K, reserved 1048576K
Event: 0.990 GC heap after
Heap after GC invocations=3 (full 0):
 def new generation   total 4928K, used 511K [0x00000000f0800000, 0x00000000f0d50000, 0x00000000f5aa0000)
  eden space 4416K,   0% used [0x00000000f0800000, 0x00000000f0800000, 0x00000000f0c50000)
  from space 512K,  99% used [0x00000000f0cd0000, 0x00000000f0d4fff0, 0x00000000f0d50000)
  to   space 512K,   0% used [0x00000000f0c50000, 0x00000000f0c50000, 0x00000000f0cd0000)
 tenured generation   total 10944K, used 2232K [0x00000000f5aa0000, 0x00000000f6550000, 0x0000000100000000)
   the space 10944K,  20% used [0x00000000f5aa0000, 0x00000000f5cce270, 0x00000000f5cce400, 0x00000000f6550000)
 Metaspace       used 7555K, capacity 7770K, committed 7936K, reserved 1056768K
  class space    used 855K, capacity 943K, committed 1024K, reserved 1048576K
}
Event: 1.154 GC heap before
{Heap before GC invocations=3 (full 0):
 def new generation   total 4928K, used 4927K [0x00000000f0800000, 0x00000000f0d50000, 0x00000000f5aa0000)
  eden space 4416K, 100% used [0x00000000f0800000, 0x00000000f0c50000, 0x00000000f0c50000)
  from space 512K,  99% used [0x00000000f0cd0000, 0x00000000f0d4fff0, 0x00000000f0d50000)
  to   space 512K,   0% used [0x00000000f0c50000, 0x00000000f0c50000, 0x00000000f0cd0000)
 tenured generation   total 10944K, used 2232K [0x00000000f5aa0000, 0x00000000f6550000, 0x0000000100000000)
   the space 10944K,  20% used [0x00000000f5aa0000, 0x00000000f5cce270, 0x00000000f5cce400, 0x00000000f6550000)
 Metaspace       used 8411K, capacity 8698K, committed 8832K, reserved 1056768K
  class space    used 974K, capacity 1103K, committed 1152K, reserved 1048576K
Event: 1.156 GC heap after
Heap after GC invocations=4 (full 0):
 def new generation   total 4928K, used 512K [0x00000000f0800000, 0x00000000f0d50000, 0x00000000f5aa0000)
  eden space 4416K,   0% used [0x00000000f0800000, 0x00000000f0800000, 0x00000000f0c50000)
  from space 512K, 100% used [0x00000000f0c50000, 0x00000000f0cd0000, 0x00000000f0cd0000)
  to   space 512K,   0% used [0x00000000f0cd0000, 0x00000000f0cd0000, 0x00000000f0d50000)
 tenured generation   total 10944K, used 2608K [0x00000000f5aa0000, 0x00000000f6550000, 0x0000000100000000)
   the space 10944K,  23% used [0x00000000f5aa0000, 0x00000000f5d2c1e0, 0x00000000f5d2c200, 0x00000000f6550000)
 Metaspace       used 8411K, capacity 8698K, committed 8832K, reserved 1056768K
  class space    used 974K, capacity 1103K, committed 1152K, reserved 1048576K
}
Event: 1.222 GC heap before
{Heap before GC invocations=4 (full 0):
 def new generation   total 4928K, used 4928K [0x00000000f0800000, 0x00000000f0d50000, 0x00000000f5aa0000)
  eden space 4416K, 100% used [0x00000000f0800000, 0x00000000f0c50000, 0x00000000f0c50000)
  from space 512K, 100% used [0x00000000f0c50000, 0x00000000f0cd0000, 0x00000000f0cd0000)
  to   space 512K,   0% used [0x00000000f0cd0000, 0x00000000f0cd0000, 0x00000000f0d50000)
 tenured generation   total 10944K, used 2608K [0x00000000f5aa0000, 0x00000000f6550000, 0x0000000100000000)
   the space 10944K,  23% used [0x00000000f5aa0000, 0x00000000f5d2c1e0, 0x00000000f5d2c200, 0x00000000f6550000)
 Metaspace       used 8753K, capacity 8986K, committed 9088K, reserved 1056768K
  class space    used 1013K, capacity 1135K, committed 1152K, reserved 1048576K
Event: 1.224 GC heap after
Heap after GC invocations=5 (full 0):
 def new generation   total 4928K, used 347K [0x00000000f0800000, 0x00000000f0d50000, 0x00000000f5aa0000)
  eden space 4416K,   0% used [0x00000000f0800000, 0x00000000f0800000, 0x00000000f0c50000)
  from space 512K,  67% used [0x00000000f0cd0000, 0x00000000f0d26d80, 0x00000000f0d50000)
  to   space 512K,   0% used [0x00000000f0c50000, 0x00000000f0c50000, 0x00000000f0cd0000)
 tenured generation   total 10944K, used 2802K [0x00000000f5aa0000, 0x00000000f6550000, 0x0000000100000000)
   the space 10944K,  25% used [0x00000000f5aa0000, 0x00000000f5d5c928, 0x00000000f5d5ca00, 0x00000000f6550000)
 Metaspace       used 8753K, capacity 8986K, committed 9088K, reserved 1056768K
  class space    used 1013K, capacity 1135K, committed 1152K, reserved 1048576K
}
Event: 1.314 GC heap before
{Heap before GC invocations=5 (full 0):
 def new generation   total 4928K, used 4763K [0x00000000f0800000, 0x00000000f0d50000, 0x00000000f5aa0000)
  eden space 4416K, 100% used [0x00000000f0800000, 0x00000000f0c50000, 0x00000000f0c50000)
  from space 512K,  67% used [0x00000000f0cd0000, 0x00000000f0d26d80, 0x00000000f0d50000)
  to   space 512K,   0% used [0x00000000f0c50000, 0x00000000f0c50000, 0x00000000f0cd0000)
 tenured generation   total 10944K, used 2802K [0x00000000f5aa0000, 0x00000000f6550000, 0x0000000100000000)
   the space 10944K,  25% used [0x00000000f5aa0000, 0x00000000f5d5c928, 0x00000000f5d5ca00, 0x00000000f6550000)
 Metaspace       used 9838K, capacity 10116K, committed 10240K, reserved 1058816K
  class space    used 1130K, capacity 1236K, committed 1280K, reserved 1048576K
Event: 1.318 GC heap after
Heap after GC invocations=6 (full 0):
 def new generation   total 4928K, used 511K [0x00000000f0800000, 0x00000000f0d50000, 0x00000000f5aa0000)
  eden space 4416K,   0% used [0x00000000f0800000, 0x00000000f0800000, 0x00000000f0c50000)
  from space 512K,  99% used [0x00000000f0c50000, 0x00000000f0ccfff8, 0x00000000f0cd0000)
  to   space 512K,   0% used [0x00000000f0cd0000, 0x00000000f0cd0000, 0x00000000f0d50000)
 tenured generation   total 10944K, used 3009K [0x00000000f5aa0000, 0x00000000f6550000, 0x0000000100000000)
   the space 10944K,  27% used [0x00000000f5aa0000, 0x00000000f5d906a8, 0x00000000f5d90800, 0x00000000f6550000)
 Metaspace       used 9838K, capacity 10116K, committed 10240K, reserved 1058816K
  class space    used 1130K, capacity 1236K, committed 1280K, reserved 1048576K
}
Event: 1.420 GC heap before
{Heap before GC invocations=6 (full 0):
 def new generation   total 4928K, used 4927K [0x00000000f0800000, 0x00000000f0d50000, 0x00000000f5aa0000)
  eden space 4416K, 100% used [0x00000000f0800000, 0x00000000f0c50000, 0x00000000f0c50000)
  from space 512K,  99% used [0x00000000f0c50000, 0x00000000f0ccfff8, 0x00000000f0cd0000)
  to   space 512K,   0% used [0x00000000f0cd0000, 0x00000000f0cd0000, 0x00000000f0d50000)
 tenured generation   total 10944K, used 3009K [0x00000000f5aa0000, 0x00000000f6550000, 0x0000000100000000)
   the space 10944K,  27% used [0x00000000f5aa0000, 0x00000000f5d906a8, 0x00000000f5d90800, 0x00000000f6550000)
 Metaspace       used 10338K, capacity 10564K, committed 10880K, reserved 1058816K
  class space    used 1192K, capacity 1300K, committed 1408K, reserved 1048576K
Event: 1.422 GC heap after
Heap after GC invocations=7 (full 0):
 def new generation   total 4928K, used 429K [0x00000000f0800000, 0x00000000f0d50000, 0x00000000f5aa0000)
  eden space 4416K,   0% used [0x00000000f0800000, 0x00000000f0800000, 0x00000000f0c50000)
  from space 512K,  83% used [0x00000000f0cd0000, 0x00000000f0d3b7b8, 0x00000000f0d50000)
  to   space 512K,   0% used [0x00000000f0c50000, 0x00000000f0c50000, 0x00000000f0cd0000)
 tenured generation   total 10944K, used 3352K [0x00000000f5aa0000, 0x00000000f6550000, 0x0000000100000000)
   the space 10944K,  30% used [0x00000000f5aa0000, 0x00000000f5de6288, 0x00000000f5de6400, 0x00000000f6550000)
 Metaspace       used 10338K, capacity 10564K, committed 10880K, reserved 1058816K
  class space    used 1192K, capacity 1300K, committed 1408K, reserved 1048576K
}
Event: 1.490 GC heap before
{Heap before GC invocations=7 (full 0):
 def new generation   total 4928K, used 4845K [0x00000000f0800000, 0x00000000f0d50000, 0x00000000f5aa0000)
  eden space 4416K, 100% used [0x00000000f0800000, 0x00000000f0c50000, 0x00000000f0c50000)
  from space 512K,  83% used [0x00000000f0cd0000, 0x00000000f0d3b7b8, 0x00000000f0d50000)
  to   space 512K,   0% used [0x00000000f0c50000, 0x00000000f0c50000, 0x00000000f0cd0000)
 tenured generation   total 10944K, used 3352K [0x00000000f5aa0000, 0x00000000f6550000, 0x0000000100000000)
   the space 10944K,  30% used [0x00000000f5aa0000, 0x00000000f5de6288, 0x00000000f5de6400, 0x00000000f6550000)
 Metaspace       used 10758K, capacity 10942K, committed 11136K, reserved 1058816K
  class space    used 1238K, capacity 1341K, committed 1408K, reserved 1048576K
Event: 1.492 GC heap after
Heap after GC invocations=8 (full 0):
 def new generation   total 4928K, used 420K [0x00000000f0800000, 0x00000000f0d50000, 0x00000000f5aa0000)
  eden space 4416K,   0% used [0x00000000f0800000, 0x00000000f0800000, 0x00000000f0c50000)
  from space 512K,  82% used [0x00000000f0c50000, 0x00000000f0cb9230, 0x00000000f0cd0000)
  to   space 512K,   0% used [0x00000000f0cd0000, 0x00000000f0cd0000, 0x00000000f0d50000)
 tenured generation   total 10944K, used 3502K [0x00000000f5aa0000, 0x00000000f6550000, 0x0000000100000000)
   the space 10944K,  31% used [0x00000000f5aa0000, 0x00000000f5e0b840, 0x00000000f5e0ba00, 0x00000000f6550000)
 Metaspace       used 10758K, capacity 10942K, committed 11136K, reserved 1058816K
  class space    used 1238K, capacity 1341K, committed 1408K, reserved 1048576K
}
Event: 1.588 GC heap before
{Heap before GC invocations=8 (full 0):
 def new generation   total 4928K, used 4836K [0x00000000f0800000, 0x00000000f0d50000, 0x00000000f5aa0000)
  eden space 4416K, 100% used [0x00000000f0800000, 0x00000000f0c50000, 0x00000000f0c50000)
  from space 512K,  82% used [0x00000000f0c50000, 0x00000000f0cb9230, 0x00000000f0cd0000)
  to   space 512K,   0% used [0x00000000f0cd0000, 0x00000000f0cd0000, 0x00000000f0d50000)
 tenured generation   total 10944K, used 3502K [0x00000000f5aa0000, 0x00000000f6550000, 0x0000000100000000)
   the space 10944K,  31% used [0x00000000f5aa0000, 0x00000000f5e0b840, 0x00000000f5e0ba00, 0x00000000f6550000)
 Metaspace       used 11070K, capacity 11324K, committed 11392K, reserved 1058816K
  class space    used 1282K, capacity 1380K, committed 1408K, reserved 1048576K
Event: 1.589 GC heap after
Heap after GC invocations=9 (full 0):
 def new generation   total 4928K, used 422K [0x00000000f0800000, 0x00000000f0d50000, 0x00000000f5aa0000)
  eden space 4416K,   0% used [0x00000000f0800000, 0x00000000f0800000, 0x00000000f0c50000)
  from space 512K,  82% used [0x00000000f0cd0000, 0x00000000f0d398a0, 0x00000000f0d50000)
  to   space 512K,   0% used [0x00000000f0c50000, 0x00000000f0c50000, 0x00000000f0cd0000)
 tenured generation   total 10944K, used 3601K [0x00000000f5aa0000, 0x00000000f6550000, 0x0000000100000000)
   the space 10944K,  32% used [0x00000000f5aa0000, 0x00000000f5e24790, 0x00000000f5e24800, 0x00000000f6550000)
 Metaspace       used 11070K, capacity 11324K, committed 11392K, reserved 1058816K
  class space    used 1282K, capacity 1380K, committed 1408K, reserved 1048576K
}
Event: 1.645 GC heap before
{Heap before GC invocations=9 (full 0):
 def new generation   total 4928K, used 4838K [0x00000000f0800000, 0x00000000f0d50000, 0x00000000f5aa0000)
  eden space 4416K, 100% used [0x00000000f0800000, 0x00000000f0c50000, 0x00000000f0c50000)
  from space 512K,  82% used [0x00000000f0cd0000, 0x00000000f0d398a0, 0x00000000f0d50000)
  to   space 512K,   0% used [0x00000000f0c50000, 0x00000000f0c50000, 0x00000000f0cd0000)
 tenured generation   total 10944K, used 3601K [0x00000000f5aa0000, 0x00000000f6550000, 0x0000000100000000)
   the space 10944K,  32% used [0x00000000f5aa0000, 0x00000000f5e24790, 0x00000000f5e24800, 0x00000000f6550000)
 Metaspace       used 11611K, capacity 11894K, committed 12032K, reserved 1060864K
  class space    used 1346K, capacity 1485K, committed 1536K, reserved 1048576K
Event: 1.647 GC heap after
Heap after GC invocations=10 (full 0):
 def new generation   total 4928K, used 419K [0x00000000f0800000, 0x00000000f0d50000, 0x00000000f5aa0000)
  eden space 4416K,   0% used [0x00000000f0800000, 0x00000000f0800000, 0x00000000f0c50000)
  from space 512K,  81% used [0x00000000f0c50000, 0x00000000f0cb8cb8, 0x00000000f0cd0000)
  to   space 512K,   0% used [0x00000000f0cd0000, 0x00000000f0cd0000, 0x00000000f0d50000)
 tenured generation   total 10944K, used 3761K [0x00000000f5aa0000, 0x00000000f6550000, 0x0000000100000000)
   the space 10944K,  34% used [0x00000000f5aa0000, 0x00000000f5e4c4c0, 0x00000000f5e4c600, 0x00000000f6550000)
 Metaspace       used 11611K, capacity 11894K, committed 12032K, reserved 1060864K
  class space    used 1346K, capacity 1485K, committed 1536K, reserved 1048576K
}
Event: 1.742 GC heap before
{Heap before GC invocations=10 (full 0):
 def new generation   total 4928K, used 4835K [0x00000000f0800000, 0x00000000f0d50000, 0x00000000f5aa0000)
  eden space 4416K, 100% used [0x00000000f0800000, 0x00000000f0c50000, 0x00000000f0c50000)
  from space 512K,  81% used [0x00000000f0c50000, 0x00000000f0cb8cb8, 0x00000000f0cd0000)
  to   space 512K,   0% used [0x00000000f0cd0000, 0x00000000f0cd0000, 0x00000000f0d50000)
 tenured generation   total 10944K, used 3761K [0x00000000f5aa0000, 0x00000000f6550000, 0x0000000100000000)
   the space 10944K,  34% used [0x00000000f5aa0000, 0x00000000f5e4c4c0, 0x00000000f5e4c600, 0x00000000f6550000)
 Metaspace       used 11982K, capacity 12270K, committed 12544K, reserved 1060864K
  class space    used 1395K, capacity 1521K, committed 1536K, reserved 1048576K
Event: 1.743 GC heap after
Heap after GC invocations=11 (full 0):
 def new generation   total 4928K, used 356K [0x00000000f0800000, 0x00000000f0d50000, 0x00000000f5aa0000)
  eden space 4416K,   0% used [0x00000000f0800000, 0x00000000f0800000, 0x00000000f0c50000)
  from space 512K,  69% used [0x00000000f0cd0000, 0x00000000f0d29068, 0x00000000f0d50000)
  to   space 512K,   0% used [0x00000000f0c50000, 0x00000000f0c50000, 0x00000000f0cd0000)
 tenured generation   total 10944K, used 3849K [0x00000000f5aa0000, 0x00000000f6550000, 0x0000000100000000)
   the space 10944K,  35% used [0x00000000f5aa0000, 0x00000000f5e62418, 0x00000000f5e62600, 0x00000000f6550000)
 Metaspace       used 11982K, capacity 12270K, committed 12544K, reserved 1060864K
  class space    used 1395K, capacity 1521K, committed 1536K, reserved 1048576K
}
Event: 1.808 GC heap before
{Heap before GC invocations=11 (full 0):
 def new generation   total 4928K, used 4772K [0x00000000f0800000, 0x00000000f0d50000, 0x00000000f5aa0000)
  eden space 4416K, 100% used [0x00000000f0800000, 0x00000000f0c50000, 0x00000000f0c50000)
  from space 512K,  69% used [0x00000000f0cd0000, 0x00000000f0d29068, 0x00000000f0d50000)
  to   space 512K,   0% used [0x00000000f0c50000, 0x00000000f0c50000, 0x00000000f0cd0000)
 tenured generation   total 10944K, used 3849K [0x00000000f5aa0000, 0x00000000f6550000, 0x0000000100000000)
   the space 10944K,  35% used [0x00000000f5aa0000, 0x00000000f5e62418, 0x00000000f5e62600, 0x00000000f6550000)
 Metaspace       used 12250K, capacity 12508K, committed 12672K, reserved 1060864K
  class space    used 1440K, capacity 1558K, committed 1664K, reserved 1048576K
Event: 1.809 GC heap after
Heap after GC invocations=12 (full 0):
 def new generation   total 4928K, used 363K [0x00000000f0800000, 0x00000000f0d50000, 0x00000000f5aa0000)
  eden space 4416K,   0% used [0x00000000f0800000, 0x00000000f0800000, 0x00000000f0c50000)
  from space 512K,  70% used [0x00000000f0c50000, 0x00000000f0caac60, 0x00000000f0cd0000)
  to   space 512K,   0% used [0x00000000f0cd0000, 0x00000000f0cd0000, 0x00000000f0d50000)
 tenured generation   total 10944K, used 3958K [0x00000000f5aa0000, 0x00000000f6550000, 0x0000000100000000)
   the space 10944K,  36% used [0x00000000f5aa0000, 0x00000000f5e7daf0, 0x00000000f5e7dc00, 0x00000000f6550000)
 Metaspace       used 12250K, capacity 12508K, committed 12672K, reserved 1060864K
  class space    used 1440K, capacity 1558K, committed 1664K, reserved 1048576K
}
Event: 1.894 GC heap before
{Heap before GC invocations=12 (full 0):
 def new generation   total 4928K, used 4779K [0x00000000f0800000, 0x00000000f0d50000, 0x00000000f5aa0000)
  eden space 4416K, 100% used [0x00000000f0800000, 0x00000000f0c50000, 0x00000000f0c50000)
  from space 512K,  70% used [0x00000000f0c50000, 0x00000000f0caac60, 0x00000000f0cd0000)
  to   space 512K,   0% used [0x00000000f0cd0000, 0x00000000f0cd0000, 0x00000000f0d50000)
 tenured generation   total 10944K, used 3958K [0x00000000f5aa0000, 0x00000000f6550000, 0x0000000100000000)
   the space 10944K,  36% used [0x00000000f5aa0000, 0x00000000f5e7daf0, 0x00000000f5e7dc00, 0x00000000f6550000)
 Metaspace       used 13167K, capacity 13438K, committed 13696K, reserved 1060864K
  class space    used 1527K, capacity 1631K, committed 1664K, reserved 1048576K
Event: 1.895 GC heap after
Heap after GC invocations=13 (full 0):
 def new generation   total 4928K, used 407K [0x00000000f0800000, 0x00000000f0d50000, 0x00000000f5aa0000)
  eden space 4416K,   0% used [0x00000000f0800000, 0x00000000f0800000, 0x00000000f0c50000)
  from space 512K,  79% used [0x00000000f0cd0000, 0x00000000f0d35cb0, 0x00000000f0d50000)
  to   space 512K,   0% used [0x00000000f0c50000, 0x00000000f0c50000, 0x00000000f0cd0000)
 tenured generation   total 10944K, used 4038K [0x00000000f5aa0000, 0x00000000f6550000, 0x0000000100000000)
   the space 10944K,  36% used [0x00000000f5aa0000, 0x00000000f5e91960, 0x00000000f5e91a00, 0x00000000f6550000)
 Metaspace       used 13167K, capacity 13438K, committed 13696K, reserved 1060864K
  class space    used 1527K, capacity 1631K, committed 1664K, reserved 1048576K
}
Event: 1.964 GC heap before
{Heap before GC invocations=13 (full 0):
 def new generation   total 4928K, used 4823K [0x00000000f0800000, 0x00000000f0d50000, 0x00000000f5aa0000)
  eden space 4416K, 100% used [0x00000000f0800000, 0x00000000f0c50000, 0x00000000f0c50000)
  from space 512K,  79% used [0x00000000f0cd0000, 0x00000000f0d35cb0, 0x00000000f0d50000)
  to   space 512K,   0% used [0x00000000f0c50000, 0x00000000f0c50000, 0x00000000f0cd0000)
 tenured generation   total 10944K, used 4038K [0x00000000f5aa0000, 0x00000000f6550000, 0x0000000100000000)
   the space 10944K,  36% used [0x00000000f5aa0000, 0x00000000f5e91960, 0x00000000f5e91a00, 0x00000000f6550000)
 Metaspace       used 13538K, capacity 13868K, committed 14080K, reserved 1060864K
  class space    used 1569K, capacity 1666K, committed 1792K, reserved 1048576K
Event: 1.965 GC heap after
Heap after GC invocations=14 (full 0):
 def new generation   total 4928K, used 374K [0x00000000f0800000, 0x00000000f0d50000, 0x00000000f5aa0000)
  eden space 4416K,   0% used [0x00000000f0800000, 0x00000000f0800000, 0x00000000f0c50000)
  from space 512K,  73% used [0x00000000f0c50000, 0x00000000f0cadb20, 0x00000000f0cd0000)
  to   space 512K,   0% used [0x00000000f0cd0000, 0x00000000f0cd0000, 0x00000000f0d50000)
 tenured generation   total 10944K, used 4215K [0x00000000f5aa0000, 0x00000000f6550000, 0x0000000100000000)
   the space 10944K,  38% used [0x00000000f5aa0000, 0x00000000f5ebdf90, 0x00000000f5ebe000, 0x00000000f6550000)
 Metaspace       used 13538K, capacity 13868K, committed 14080K, reserved 1060864K
  class space    used 1569K, capacity 1666K, committed 1792K, reserved 1048576K
}
Event: 2.043 GC heap before
{Heap before GC invocations=14 (full 0):
 def new generation   total 4928K, used 4790K [0x00000000f0800000, 0x00000000f0d50000, 0x00000000f5aa0000)
  eden space 4416K, 100% used [0x00000000f0800000, 0x00000000f0c50000, 0x00000000f0c50000)
  from space 512K,  73% used [0x00000000f0c50000, 0x00000000f0cadb20, 0x00000000f0cd0000)
  to   space 512K,   0% used [0x00000000f0cd0000, 0x00000000f0cd0000, 0x00000000f0d50000)
 tenured generation   total 10944K, used 4215K [0x00000000f5aa0000, 0x00000000f6550000, 0x0000000100000000)
   the space 10944K,  38% used [0x00000000f5aa0000, 0x00000000f5ebdf90, 0x00000000f5ebe000, 0x00000000f6550000)
 Metaspace       used 13881K, capacity 14222K, committed 14336K, reserved 1062912K
  class space    used 1614K, capacity 1763K, committed 1792K, reserved 1048576K
Event: 2.045 GC heap after
Heap after GC invocations=15 (full 0):
 def new generation   total 4928K, used 370K [0x00000000f0800000, 0x00000000f0d50000, 0x00000000f5aa0000)
  eden space 4416K,   0% used [0x00000000f0800000, 0x00000000f0800000, 0x00000000f0c50000)
  from space 512K,  72% used [0x00000000f0cd0000, 0x00000000f0d2c988, 0x00000000f0d50000)
  to   space 512K,   0% used [0x00000000f0c50000, 0x00000000f0c50000, 0x00000000f0cd0000)
 tenured generation   total 10944K, used 4345K [0x00000000f5aa0000, 0x00000000f6550000, 0x0000000100000000)
   the space 10944K,  39% used [0x00000000f5aa0000, 0x00000000f5ede418, 0x00000000f5ede600, 0x00000000f6550000)
 Metaspace       used 13881K, capacity 14222K, committed 14336K, reserved 1062912K
  class space    used 1614K, capacity 1763K, committed 1792K, reserved 1048576K
}
Event: 2.113 GC heap before
{Heap before GC invocations=15 (full 0):
 def new generation   total 4928K, used 4786K [0x00000000f0800000, 0x00000000f0d50000, 0x00000000f5aa0000)
  eden space 4416K, 100% used [0x00000000f0800000, 0x00000000f0c50000, 0x00000000f0c50000)
  from space 512K,  72% used [0x00000000f0cd0000, 0x00000000f0d2c988, 0x00000000f0d50000)
  to   space 512K,   0% used [0x00000000f0c50000, 0x00000000f0c50000, 0x00000000f0cd0000)
 tenured generation   total 10944K, used 4345K [0x00000000f5aa0000, 0x00000000f6550000, 0x0000000100000000)
   the space 10944K,  39% used [0x00000000f5aa0000, 0x00000000f5ede418, 0x00000000f5ede600, 0x00000000f6550000)
 Metaspace       used 14228K, capacity 14574K, committed 14720K, reserved 1062912K
  class space    used 1668K, capacity 1795K, committed 1920K, reserved 1048576K
Event: 2.114 GC heap after
Heap after GC invocations=16 (full 0):
 def new generation   total 4928K, used 402K [0x00000000f0800000, 0x00000000f0d50000, 0x00000000f5aa0000)
  eden space 4416K,   0% used [0x00000000f0800000, 0x00000000f0800000, 0x00000000f0c50000)
  from space 512K,  78% used [0x00000000f0c50000, 0x00000000f0cb4a70, 0x00000000f0cd0000)
  to   space 512K,   0% used [0x00000000f0cd0000, 0x00000000f0cd0000, 0x00000000f0d50000)
 tenured generation   total 10944K, used 4438K [0x00000000f5aa0000, 0x00000000f6550000, 0x0000000100000000)
   the space 10944K,  40% used [0x00000000f5aa0000, 0x00000000f5ef59b8, 0x00000000f5ef5a00, 0x00000000f6550000)
 Metaspace       used 14228K, capacity 14574K, committed 14720K, reserved 1062912K
  class space    used 1668K, capacity 1795K, committed 1920K, reserved 1048576K
}
Event: 2.179 GC heap before
{Heap before GC invocations=16 (full 0):
 def new generation   total 4928K, used 4818K [0x00000000f0800000, 0x00000000f0d50000, 0x00000000f5aa0000)
  eden space 4416K, 100% used [0x00000000f0800000, 0x00000000f0c50000, 0x00000000f0c50000)
  from space 512K,  78% used [0x00000000f0c50000, 0x00000000f0cb4a70, 0x00000000f0cd0000)
  to   space 512K,   0% used [0x00000000f0cd0000, 0x00000000f0cd0000, 0x00000000f0d50000)
 tenured generation   total 10944K, used 4438K [0x00000000f5aa0000, 0x00000000f6550000, 0x0000000100000000)
   the space 10944K,  40% used [0x00000000f5aa0000, 0x00000000f5ef59b8, 0x00000000f5ef5a00, 0x00000000f6550000)
 Metaspace       used 14681K, capacity 15060K, committed 15232K, reserved 1062912K
  class space    used 1741K, capacity 1870K, committed 1920K, reserved 1048576K
Event: 2.181 GC heap after
Heap after GC invocations=17 (full 0):
 def new generation   total 4928K, used 416K [0x00000000f0800000, 0x00000000f0d50000, 0x00000000f5aa0000)
  eden space 4416K,   0% used [0x00000000f0800000, 0x00000000f0800000, 0x00000000f0c50000)
  from space 512K,  81% used [0x00000000f0cd0000, 0x00000000f0d381c8, 0x00000000f0d50000)
  to   space 512K,   0% used [0x00000000f0c50000, 0x00000000f0c50000, 0x00000000f0cd0000)
 tenured generation   total 10944K, used 4527K [0x00000000f5aa0000, 0x00000000f6550000, 0x0000000100000000)
   the space 10944K,  41% used [0x00000000f5aa0000, 0x00000000f5f0be50, 0x00000000f5f0c000, 0x00000000f6550000)
 Metaspace       used 14681K, capacity 15060K, committed 15232K, reserved 1062912K
  class space    used 1741K, capacity 1870K, committed 1920K, reserved 1048576K
}
Event: 2.253 GC heap before
{Heap before GC invocations=17 (full 0):
 def new generation   total 4928K, used 4832K [0x00000000f0800000, 0x00000000f0d50000, 0x00000000f5aa0000)
  eden space 4416K, 100% used [0x00000000f0800000, 0x00000000f0c50000, 0x00000000f0c50000)
  from space 512K,  81% used [0x00000000f0cd0000, 0x00000000f0d381c8, 0x00000000f0d50000)
  to   space 512K,   0% used [0x00000000f0c50000, 0x00000000f0c50000, 0x00000000f0cd0000)
 tenured generation   total 10944K, used 4527K [0x00000000f5aa0000, 0x00000000f6550000, 0x0000000100000000)
   the space 10944K,  41% used [0x00000000f5aa0000, 0x00000000f5f0be50, 0x00000000f5f0c000, 0x00000000f6550000)
 Metaspace       used 15570K, capacity 15900K, committed 16128K, reserved 1062912K
  class space    used 1832K, capacity 1956K, committed 2048K, reserved 1048576K
Event: 2.255 GC heap after
Heap after GC invocations=18 (full 0):
 def new generation   total 4928K, used 480K [0x00000000f0800000, 0x00000000f0d50000, 0x00000000f5aa0000)
  eden space 4416K,   0% used [0x00000000f0800000, 0x00000000f0800000, 0x00000000f0c50000)
  from space 512K,  93% used [0x00000000f0c50000, 0x00000000f0cc81f0, 0x00000000f0cd0000)
  to   space 512K,   0% used [0x00000000f0cd0000, 0x00000000f0cd0000, 0x00000000f0d50000)
 tenured generation   total 10944K, used 4695K [0x00000000f5aa0000, 0x00000000f6550000, 0x0000000100000000)
   the space 10944K,  42% used [0x00000000f5aa0000, 0x00000000f5f35fb8, 0x00000000f5f36000, 0x00000000f6550000)
 Metaspace       used 15570K, capacity 15900K, committed 16128K, reserved 1062912K
  class space    used 1832K, capacity 1956K, committed 2048K, reserved 1048576K
}
Event: 2.334 GC heap before
{Heap before GC invocations=18 (full 0):
 def new generation   total 4928K, used 4896K [0x00000000f0800000, 0x00000000f0d50000, 0x00000000f5aa0000)
  eden space 4416K, 100% used [0x00000000f0800000, 0x00000000f0c50000, 0x00000000f0c50000)
  from space 512K,  93% used [0x00000000f0c50000, 0x00000000f0cc81f0, 0x00000000f0cd0000)
  to   space 512K,   0% used [0x00000000f0cd0000, 0x00000000f0cd0000, 0x00000000f0d50000)
 tenured generation   total 10944K, used 4695K [0x00000000f5aa0000, 0x00000000f6550000, 0x0000000100000000)
   the space 10944K,  42% used [0x00000000f5aa0000, 0x00000000f5f35fb8, 0x00000000f5f36000, 0x00000000f6550000)
 Metaspace       used 15834K, capacity 16284K, committed 16384K, reserved 1062912K
  class space    used 1882K, capacity 2038K, committed 2048K, reserved 1048576K
Event: 2.336 GC heap after
Heap after GC invocations=19 (full 0):
 def new generation   total 4928K, used 233K [0x00000000f0800000, 0x00000000f0d50000, 0x00000000f5aa0000)
  eden space 4416K,   0% used [0x00000000f0800000, 0x00000000f0800000, 0x00000000f0c50000)
  from space 512K,  45% used [0x00000000f0cd0000, 0x00000000f0d0a6d0, 0x00000000f0d50000)
  to   space 512K,   0% used [0x00000000f0c50000, 0x00000000f0c50000, 0x00000000f0cd0000)
 tenured generation   total 10944K, used 4843K [0x00000000f5aa0000, 0x00000000f6550000, 0x0000000100000000)
   the space 10944K,  44% used [0x00000000f5aa0000, 0x00000000f5f5ad80, 0x00000000f5f5ae00, 0x00000000f6550000)
 Metaspace       used 15834K, capacity 16284K, committed 16384K, reserved 1062912K
  class space    used 1882K, capacity 2038K, committed 2048K, reserved 1048576K
}
Event: 2.382 GC heap before
{Heap before GC invocations=19 (full 0):
 def new generation   total 4928K, used 4649K [0x00000000f0800000, 0x00000000f0d50000, 0x00000000f5aa0000)
  eden space 4416K, 100% used [0x00000000f0800000, 0x00000000f0c50000, 0x00000000f0c50000)
  from space 512K,  45% used [0x00000000f0cd0000, 0x00000000f0d0a6d0, 0x00000000f0d50000)
  to   space 512K,   0% used [0x00000000f0c50000, 0x00000000f0c50000, 0x00000000f0cd0000)
 tenured generation   total 10944K, used 4843K [0x00000000f5aa0000, 0x00000000f6550000, 0x0000000100000000)
   the space 10944K,  44% used [0x00000000f5aa0000, 0x00000000f5f5ad80, 0x00000000f5f5ae00, 0x00000000f6550000)
 Metaspace       used 16081K, capacity 16530K, committed 16768K, reserved 1064960K
  class space    used 1925K, capacity 2077K, committed 2176K, reserved 1048576K
Event: 2.384 GC heap after
Heap after GC invocations=20 (full 0):
 def new generation   total 4928K, used 293K [0x00000000f0800000, 0x00000000f0d50000, 0x00000000f5aa0000)
  eden space 4416K,   0% used [0x00000000f0800000, 0x00000000f0800000, 0x00000000f0c50000)
  from space 512K,  57% used [0x00000000f0c50000, 0x00000000f0c99438, 0x00000000f0cd0000)
  to   space 512K,   0% used [0x00000000f0cd0000, 0x00000000f0cd0000, 0x00000000f0d50000)
 tenured generation   total 10944K, used 4843K [0x00000000f5aa0000, 0x00000000f6550000, 0x0000000100000000)
   the space 10944K,  44% used [0x00000000f5aa0000, 0x00000000f5f5ad80, 0x00000000f5f5ae00, 0x00000000f6550000)
 Metaspace       used 16081K, capacity 16530K, committed 16768K, reserved 1064960K
  class space    used 1925K, capacity 2077K, committed 2176K, reserved 1048576K
}
Event: 2.453 GC heap before
{Heap before GC invocations=20 (full 0):
 def new generation   total 4928K, used 4709K [0x00000000f0800000, 0x00000000f0d50000, 0x00000000f5aa0000)
  eden space 4416K, 100% used [0x00000000f0800000, 0x00000000f0c50000, 0x00000000f0c50000)
  from space 512K,  57% used [0x00000000f0c50000, 0x00000000f0c99438, 0x00000000f0cd0000)
  to   space 512K,   0% used [0x00000000f0cd0000, 0x00000000f0cd0000, 0x00000000f0d50000)
 tenured generation   total 10944K, used 4843K [0x00000000f5aa0000, 0x00000000f6550000, 0x0000000100000000)
   the space 10944K,  44% used [0x00000000f5aa0000, 0x00000000f5f5ad80, 0x00000000f5f5ae00, 0x00000000f6550000)
 Metaspace       used 16467K, capacity 16924K, committed 17024K, reserved 1064960K
  class space    used 1981K, capacity 2144K, committed 2176K, reserved 1048576K
Event: 2.455 GC heap after
Heap after GC invocations=21 (full 0):
 def new generation   total 4928K, used 395K [0x00000000f0800000, 0x00000000f0d50000, 0x00000000f5aa0000)
  eden space 4416K,   0% used [0x00000000f0800000, 0x00000000f0800000, 0x00000000f0c50000)
  from space 512K,  77% used [0x00000000f0cd0000, 0x00000000f0d32ca8, 0x00000000f0d50000)
  to   space 512K,   0% used [0x00000000f0c50000, 0x00000000f0c50000, 0x00000000f0cd0000)
 tenured generation   total 10944K, used 4956K [0x00000000f5aa0000, 0x00000000f6550000, 0x0000000100000000)
   the space 10944K,  45% used [0x00000000f5aa0000, 0x00000000f5f77038, 0x00000000f5f77200, 0x00000000f6550000)
 Metaspace       used 16467K, capacity 16924K, committed 17024K, reserved 1064960K
  class space    used 1981K, capacity 2144K, committed 2176K, reserved 1048576K
}
Event: 2.506 GC heap before
{Heap before GC invocations=21 (full 0):
 def new generation   total 4928K, used 4811K [0x00000000f0800000, 0x00000000f0d50000, 0x00000000f5aa0000)
  eden space 4416K, 100% used [0x00000000f0800000, 0x00000000f0c50000, 0x00000000f0c50000)
  from space 512K,  77% used [0x00000000f0cd0000, 0x00000000f0d32ca8, 0x00000000f0d50000)
  to   space 512K,   0% used [0x00000000f0c50000, 0x00000000f0c50000, 0x00000000f0cd0000)
 tenured generation   total 10944K, used 4956K [0x00000000f5aa0000, 0x00000000f6550000, 0x0000000100000000)
   the space 10944K,  45% used [0x00000000f5aa0000, 0x00000000f5f77038, 0x00000000f5f77200, 0x00000000f6550000)
 Metaspace       used 16749K, capacity 17200K, committed 17408K, reserved 1064960K
  class space    used 2039K, capacity 2214K, committed 2304K, reserved 1048576K
Event: 2.508 GC heap after
Heap after GC invocations=22 (full 0):
 def new generation   total 4928K, used 264K [0x00000000f0800000, 0x00000000f0d50000, 0x00000000f5aa0000)
  eden space 4416K,   0% used [0x00000000f0800000, 0x00000000f0800000, 0x00000000f0c50000)
  from space 512K,  51% used [0x00000000f0c50000, 0x00000000f0c92118, 0x00000000f0cd0000)
  to   space 512K,   0% used [0x00000000f0cd0000, 0x00000000f0cd0000, 0x00000000f0d50000)
 tenured generation   total 10944K, used 5143K [0x00000000f5aa0000, 0x00000000f6550000, 0x0000000100000000)
   the space 10944K,  46% used [0x00000000f5aa0000, 0x00000000f5fa5c20, 0x00000000f5fa5e00, 0x00000000f6550000)
 Metaspace       used 16749K, capacity 17200K, committed 17408K, reserved 1064960K
  class space    used 2039K, capacity 2214K, committed 2304K, reserved 1048576K
}
Event: 2.549 GC heap before
{Heap before GC invocations=22 (full 0):
 def new generation   total 4928K, used 4680K [0x00000000f0800000, 0x00000000f0d50000, 0x00000000f5aa0000)
  eden space 4416K, 100% used [0x00000000f0800000, 0x00000000f0c50000, 0x00000000f0c50000)
  from space 512K,  51% used [0x00000000f0c50000, 0x00000000f0c92118, 0x00000000f0cd0000)
  to   space 512K,   0% used [0x00000000f0cd0000, 0x00000000f0cd0000, 0x00000000f0d50000)
 tenured generation   total 10944K, used 5143K [0x00000000f5aa0000, 0x00000000f6550000, 0x0000000100000000)
   the space 10944K,  46% used [0x00000000f5aa0000, 0x00000000f5fa5c20, 0x00000000f5fa5e00, 0x00000000f6550000)
 Metaspace       used 16960K, capacity 17466K, committed 17664K, reserved 1064960K
  class space    used 2080K, capacity 2253K, committed 2304K, reserved 1048576K
Event: 2.551 GC heap after
Heap after GC invocations=23 (full 0):
 def new generation   total 4928K, used 292K [0x00000000f0800000, 0x00000000f0d50000, 0x00000000f5aa0000)
  eden space 4416K,   0% used [0x00000000f0800000, 0x00000000f0800000, 0x00000000f0c50000)
  from space 512K,  57% used [0x00000000f0cd0000, 0x00000000f0d192a0, 0x00000000f0d50000)
  to   space 512K,   0% used [0x00000000f0c50000, 0x00000000f0c50000, 0x00000000f0cd0000)
 tenured generation   total 10944K, used 5221K [0x00000000f5aa0000, 0x00000000f6550000, 0x0000000100000000)
   the space 10944K,  47% used [0x00000000f5aa0000, 0x00000000f5fb94d0, 0x00000000f5fb9600, 0x00000000f6550000)
 Metaspace       used 16960K, capacity 17466K, committed 17664K, reserved 1064960K
  class space    used 2080K, capacity 2253K, committed 2304K, reserved 1048576K
}
Event: 2.617 GC heap before
{Heap before GC invocations=23 (full 0):
 def new generation   total 4928K, used 4708K [0x00000000f0800000, 0x00000000f0d50000, 0x00000000f5aa0000)
  eden space 4416K, 100% used [0x00000000f0800000, 0x00000000f0c50000, 0x00000000f0c50000)
  from space 512K,  57% used [0x00000000f0cd0000, 0x00000000f0d192a0, 0x00000000f0d50000)
  to   space 512K,   0% used [0x00000000f0c50000, 0x00000000f0c50000, 0x00000000f0cd0000)
 tenured generation   total 10944K, used 5221K [0x00000000f5aa0000, 0x00000000f6550000, 0x0000000100000000)
   the space 10944K,  47% used [0x00000000f5aa0000, 0x00000000f5fb94d0, 0x00000000f5fb9600, 0x00000000f6550000)
 Metaspace       used 17290K, capacity 17764K, committed 17920K, reserved 1064960K
  class space    used 2130K, capacity 2286K, committed 2304K, reserved 1048576K
Event: 2.618 GC heap after
Heap after GC invocations=24 (full 0):
 def new generation   total 4928K, used 439K [0x00000000f0800000, 0x00000000f0d50000, 0x00000000f5aa0000)
  eden space 4416K,   0% used [0x00000000f0800000, 0x00000000f0800000, 0x00000000f0c50000)
  from space 512K,  85% used [0x00000000f0c50000, 0x00000000f0cbdfd0, 0x00000000f0cd0000)
  to   space 512K,   0% used [0x00000000f0cd0000, 0x00000000f0cd0000, 0x00000000f0d50000)
 tenured generation   total 10944K, used 5296K [0x00000000f5aa0000, 0x00000000f6550000, 0x0000000100000000)
   the space 10944K,  48% used [0x00000000f5aa0000, 0x00000000f5fcc0c8, 0x00000000f5fcc200, 0x00000000f6550000)
 Metaspace       used 17290K, capacity 17764K, committed 17920K, reserved 1064960K
  class space    used 2130K, capacity 2286K, committed 2304K, reserved 1048576K
}
Event: 2.662 GC heap before
{Heap before GC invocations=24 (full 0):
 def new generation   total 4928K, used 4855K [0x00000000f0800000, 0x00000000f0d50000, 0x00000000f5aa0000)
  eden space 4416K, 100% used [0x00000000f0800000, 0x00000000f0c50000, 0x00000000f0c50000)
  from space 512K,  85% used [0x00000000f0c50000, 0x00000000f0cbdfd0, 0x00000000f0cd0000)
  to   space 512K,   0% used [0x00000000f0cd0000, 0x00000000f0cd0000, 0x00000000f0d50000)
 tenured generation   total 10944K, used 5296K [0x00000000f5aa0000, 0x00000000f6550000, 0x0000000100000000)
   the space 10944K,  48% used [0x00000000f5aa0000, 0x00000000f5fcc0c8, 0x00000000f5fcc200, 0x00000000f6550000)
 Metaspace       used 17594K, capacity 18084K, committed 18304K, reserved 1064960K
  class space    used 2182K, capacity 2350K, committed 2432K, reserved 1048576K
Event: 2.664 GC heap after
Heap after GC invocations=25 (full 0):
 def new generation   total 4928K, used 374K [0x00000000f0800000, 0x00000000f0d50000, 0x00000000f5aa0000)
  eden space 4416K,   0% used [0x00000000f0800000, 0x00000000f0800000, 0x00000000f0c50000)
  from space 512K,  73% used [0x00000000f0cd0000, 0x00000000f0d2db50, 0x00000000f0d50000)
  to   space 512K,   0% used [0x00000000f0c50000, 0x00000000f0c50000, 0x00000000f0cd0000)
 tenured generation   total 10944K, used 5471K [0x00000000f5aa0000, 0x00000000f6550000, 0x0000000100000000)
   the space 10944K,  49% used [0x00000000f5aa0000, 0x00000000f5ff7c08, 0x00000000f5ff7e00, 0x00000000f6550000)
 Metaspace       used 17594K, capacity 18084K, committed 18304K, reserved 1064960K
  class space    used 2182K, capacity 2350K, committed 2432K, reserved 1048576K
}
Event: 2.701 GC heap before
{Heap before GC invocations=25 (full 0):
 def new generation   total 4928K, used 4790K [0x00000000f0800000, 0x00000000f0d50000, 0x00000000f5aa0000)
  eden space 4416K, 100% used [0x00000000f0800000, 0x00000000f0c50000, 0x00000000f0c50000)
  from space 512K,  73% used [0x00000000f0cd0000, 0x00000000f0d2db50, 0x00000000f0d50000)
  to   space 512K,   0% used [0x00000000f0c50000, 0x00000000f0c50000, 0x00000000f0cd0000)
 tenured generation   total 10944K, used 5471K [0x00000000f5aa0000, 0x00000000f6550000, 0x0000000100000000)
   the space 10944K,  49% used [0x00000000f5aa0000, 0x00000000f5ff7c08, 0x00000000f5ff7e00, 0x00000000f6550000)
 Metaspace       used 17769K, capacity 18244K, committed 18304K, reserved 1064960K
  class space    used 2227K, capacity 2382K, committed 2432K, reserved 1048576K
Event: 2.703 GC heap after
Heap after GC invocations=26 (full 0):
 def new generation   total 4928K, used 278K [0x00000000f0800000, 0x00000000f0d50000, 0x00000000f5aa0000)
  eden space 4416K,   0% used [0x00000000f0800000, 0x00000000f0800000, 0x00000000f0c50000)
  from space 512K,  54% used [0x00000000f0c50000, 0x00000000f0c95950, 0x00000000f0cd0000)
  to   space 512K,   0% used [0x00000000f0cd0000, 0x00000000f0cd0000, 0x00000000f0d50000)
 tenured generation   total 10944K, used 5544K [0x00000000f5aa0000, 0x00000000f6550000, 0x0000000100000000)
   the space 10944K,  50% used [0x00000000f5aa0000, 0x00000000f600a338, 0x00000000f600a400, 0x00000000f6550000)
 Metaspace       used 17769K, capacity 18244K, committed 18304K, reserved 1064960K
  class space    used 2227K, capacity 2382K, committed 2432K, reserved 1048576K
}
Event: 2.745 GC heap before
{Heap before GC invocations=26 (full 0):
 def new generation   total 4928K, used 4694K [0x00000000f0800000, 0x00000000f0d50000, 0x00000000f5aa0000)
  eden space 4416K, 100% used [0x00000000f0800000, 0x00000000f0c50000, 0x00000000f0c50000)
  from space 512K,  54% used [0x00000000f0c50000, 0x00000000f0c95950, 0x00000000f0cd0000)
  to   space 512K,   0% used [0x00000000f0cd0000, 0x00000000f0cd0000, 0x00000000f0d50000)
 tenured generation   total 10944K, used 5544K [0x00000000f5aa0000, 0x00000000f6550000, 0x0000000100000000)
   the space 10944K,  50% used [0x00000000f5aa0000, 0x00000000f600a338, 0x00000000f600a400, 0x00000000f6550000)
 Metaspace       used 18017K, capacity 18468K, committed 18560K, reserved 1064960K
  class space    used 2274K, capacity 2414K, committed 2432K, reserved 1048576K
Event: 2.747 GC heap after
Heap after GC invocations=27 (full 0):
 def new generation   total 4928K, used 350K [0x00000000f0800000, 0x00000000f0d50000, 0x00000000f5aa0000)
  eden space 4416K,   0% used [0x00000000f0800000, 0x00000000f0800000, 0x00000000f0c50000)
  from space 512K,  68% used [0x00000000f0cd0000, 0x00000000f0d27a30, 0x00000000f0d50000)
  to   space 512K,   0% used [0x00000000f0c50000, 0x00000000f0c50000, 0x00000000f0cd0000)
 tenured generation   total 10944K, used 5636K [0x00000000f5aa0000, 0x00000000f6550000, 0x0000000100000000)
   the space 10944K,  51% used [0x00000000f5aa0000, 0x00000000f6021300, 0x00000000f6021400, 0x00000000f6550000)
 Metaspace       used 18017K, capacity 18468K, committed 18560K, reserved 1064960K
  class space    used 2274K, capacity 2414K, committed 2432K, reserved 1048576K
}
Event: 2.809 GC heap before
{Heap before GC invocations=27 (full 0):
 def new generation   total 4928K, used 4766K [0x00000000f0800000, 0x00000000f0d50000, 0x00000000f5aa0000)
  eden space 4416K, 100% used [0x00000000f0800000, 0x00000000f0c50000, 0x00000000f0c50000)
  from space 512K,  68% used [0x00000000f0cd0000, 0x00000000f0d27a30, 0x00000000f0d50000)
  to   space 512K,   0% used [0x00000000f0c50000, 0x00000000f0c50000, 0x00000000f0cd0000)
 tenured generation   total 10944K, used 5636K [0x00000000f5aa0000, 0x00000000f6550000, 0x0000000100000000)
   the space 10944K,  51% used [0x00000000f5aa0000, 0x00000000f6021300, 0x00000000f6021400, 0x00000000f6550000)
 Metaspace       used 18428K, capacity 18876K, committed 19200K, reserved 1067008K
  class space    used 2331K, capacity 2482K, committed 2560K, reserved 1048576K
Event: 2.811 GC heap after
Heap after GC invocations=28 (full 0):
 def new generation   total 4928K, used 389K [0x00000000f0800000, 0x00000000f0d50000, 0x00000000f5aa0000)
  eden space 4416K,   0% used [0x00000000f0800000, 0x00000000f0800000, 0x00000000f0c50000)
  from space 512K,  76% used [0x00000000f0c50000, 0x00000000f0cb1518, 0x00000000f0cd0000)
  to   space 512K,   0% used [0x00000000f0cd0000, 0x00000000f0cd0000, 0x00000000f0d50000)
 tenured generation   total 10944K, used 5741K [0x00000000f5aa0000, 0x00000000f6550000, 0x0000000100000000)
   the space 10944K,  52% used [0x00000000f5aa0000, 0x00000000f603b700, 0x00000000f603b800, 0x00000000f6550000)
 Metaspace       used 18428K, capacity 18876K, committed 19200K, reserved 1067008K
  class space    used 2331K, capacity 2482K, committed 2560K, reserved 1048576K
}
Event: 2.868 GC heap before
{Heap before GC invocations=28 (full 0):
 def new generation   total 4928K, used 4805K [0x00000000f0800000, 0x00000000f0d50000, 0x00000000f5aa0000)
  eden space 4416K, 100% used [0x00000000f0800000, 0x00000000f0c50000, 0x00000000f0c50000)
  from space 512K,  76% used [0x00000000f0c50000, 0x00000000f0cb1518, 0x00000000f0cd0000)
  to   space 512K,   0% used [0x00000000f0cd0000, 0x00000000f0cd0000, 0x00000000f0d50000)
 tenured generation   total 10944K, used 5741K [0x00000000f5aa0000, 0x00000000f6550000, 0x0000000100000000)
   the space 10944K,  52% used [0x00000000f5aa0000, 0x00000000f603b700, 0x00000000f603b800, 0x00000000f6550000)
 Metaspace       used 18739K, capacity 19182K, committed 19456K, reserved 1067008K
  class space    used 2372K, capacity 2519K, committed 2560K, reserved 1048576K
Event: 2.870 GC heap after
Heap after GC invocations=29 (full 0):
 def new generation   total 4928K, used 380K [0x00000000f0800000, 0x00000000f0d50000, 0x00000000f5aa0000)
  eden space 4416K,   0% used [0x00000000f0800000, 0x00000000f0800000, 0x00000000f0c50000)
  from space 512K,  74% used [0x00000000f0cd0000, 0x00000000f0d2f3b0, 0x00000000f0d50000)
  to   space 512K,   0% used [0x00000000f0c50000, 0x00000000f0c50000, 0x00000000f0cd0000)
 tenured generation   total 10944K, used 5832K [0x00000000f5aa0000, 0x00000000f6550000, 0x0000000100000000)
   the space 10944K,  53% used [0x00000000f5aa0000, 0x00000000f6052380, 0x00000000f6052400, 0x00000000f6550000)
 Metaspace       used 18739K, capacity 19182K, committed 19456K, reserved 1067008K
  class space    used 2372K, capacity 2519K, committed 2560K, reserved 1048576K
}
Event: 2.915 GC heap before
{Heap before GC invocations=29 (full 0):
 def new generation   total 4928K, used 4795K [0x00000000f0800000, 0x00000000f0d50000, 0x00000000f5aa0000)
  eden space 4416K,  99% used [0x00000000f0800000, 0x00000000f0c4fae0, 0x00000000f0c50000)
  from space 512K,  74% used [0x00000000f0cd0000, 0x00000000f0d2f3b0, 0x00000000f0d50000)
  to   space 512K,   0% used [0x00000000f0c50000, 0x00000000f0c50000, 0x00000000f0cd0000)
 tenured generation   total 10944K, used 5832K [0x00000000f5aa0000, 0x00000000f6550000, 0x0000000100000000)
   the space 10944K,  53% used [0x00000000f5aa0000, 0x00000000f6052380, 0x00000000f6052400, 0x00000000f6550000)
 Metaspace       used 18992K, capacity 19514K, committed 19840K, reserved 1067008K
  class space    used 2409K, capacity 2585K, committed 2688K, reserved 1048576K
Event: 2.917 GC heap after
Heap after GC invocations=30 (full 0):
 def new generation   total 4928K, used 318K [0x00000000f0800000, 0x00000000f0d50000, 0x00000000f5aa0000)
  eden space 4416K,   0% used [0x00000000f0800000, 0x00000000f0800000, 0x00000000f0c50000)
  from space 512K,  62% used [0x00000000f0c50000, 0x00000000f0c9fb30, 0x00000000f0cd0000)
  to   space 512K,   0% used [0x00000000f0cd0000, 0x00000000f0cd0000, 0x00000000f0d50000)
 tenured generation   total 10944K, used 5905K [0x00000000f5aa0000, 0x00000000f6550000, 0x0000000100000000)
   the space 10944K,  53% used [0x00000000f5aa0000, 0x00000000f6064478, 0x00000000f6064600, 0x00000000f6550000)
 Metaspace       used 18992K, capacity 19514K, committed 19840K, reserved 1067008K
  class space    used 2409K, capacity 2585K, committed 2688K, reserved 1048576K
}
Event: 2.979 GC heap before
{Heap before GC invocations=30 (full 0):
 def new generation   total 4928K, used 4734K [0x00000000f0800000, 0x00000000f0d50000, 0x00000000f5aa0000)
  eden space 4416K, 100% used [0x00000000f0800000, 0x00000000f0c50000, 0x00000000f0c50000)
  from space 512K,  62% used [0x00000000f0c50000, 0x00000000f0c9fb30, 0x00000000f0cd0000)
  to   space 512K,   0% used [0x00000000f0cd0000, 0x00000000f0cd0000, 0x00000000f0d50000)
 tenured generation   total 10944K, used 5905K [0x00000000f5aa0000, 0x00000000f6550000, 0x0000000100000000)
   the space 10944K,  53% used [0x00000000f5aa0000, 0x00000000f6064478, 0x00000000f6064600, 0x00000000f6550000)
 Metaspace       used 19372K, capacity 19896K, committed 20096K, reserved 1067008K
  class space    used 2459K, capacity 2624K, committed 2688K, reserved 1048576K
Event: 2.981 GC heap after
Heap after GC invocations=31 (full 0):
 def new generation   total 4928K, used 370K [0x00000000f0800000, 0x00000000f0d50000, 0x00000000f5aa0000)
  eden space 4416K,   0% used [0x00000000f0800000, 0x00000000f0800000, 0x00000000f0c50000)
  from space 512K,  72% used [0x00000000f0cd0000, 0x00000000f0d2cba0, 0x00000000f0d50000)
  to   space 512K,   0% used [0x00000000f0c50000, 0x00000000f0c50000, 0x00000000f0cd0000)
 tenured generation   total 10944K, used 5960K [0x00000000f5aa0000, 0x00000000f6550000, 0x0000000100000000)
   the space 10944K,  54% used [0x00000000f5aa0000, 0x00000000f6072278, 0x00000000f6072400, 0x00000000f6550000)
 Metaspace       used 19372K, capacity 19896K, committed 20096K, reserved 1067008K
  class space    used 2459K, capacity 2624K, committed 2688K, reserved 1048576K
}
Event: 3.045 GC heap before
{Heap before GC invocations=31 (full 0):
 def new generation   total 4928K, used 4786K [0x00000000f0800000, 0x00000000f0d50000, 0x00000000f5aa0000)
  eden space 4416K, 100% used [0x00000000f0800000, 0x00000000f0c50000, 0x00000000f0c50000)
  from space 512K,  72% used [0x00000000f0cd0000, 0x00000000f0d2cba0, 0x00000000f0d50000)
  to   space 512K,   0% used [0x00000000f0c50000, 0x00000000f0c50000, 0x00000000f0cd0000)
 tenured generation   total 10944K, used 5960K [0x00000000f5aa0000, 0x00000000f6550000, 0x0000000100000000)
   the space 10944K,  54% used [0x00000000f5aa0000, 0x00000000f6072278, 0x00000000f6072400, 0x00000000f6550000)
 Metaspace       used 19760K, capacity 20292K, committed 20352K, reserved 1067008K
  class space    used 2507K, capacity 2666K, committed 2688K, reserved 1048576K
Event: 3.047 GC heap after
Heap after GC invocations=32 (full 0):
 def new generation   total 4928K, used 498K [0x00000000f0800000, 0x00000000f0d50000, 0x00000000f5aa0000)
  eden space 4416K,   0% used [0x00000000f0800000, 0x00000000f0800000, 0x00000000f0c50000)
  from space 512K,  97% used [0x00000000f0c50000, 0x00000000f0ccca50, 0x00000000f0cd0000)
  to   space 512K,   0% used [0x00000000f0cd0000, 0x00000000f0cd0000, 0x00000000f0d50000)
 tenured generation   total 10944K, used 6048K [0x00000000f5aa0000, 0x00000000f6550000, 0x0000000100000000)
   the space 10944K,  55% used [0x00000000f5aa0000, 0x00000000f60882d8, 0x00000000f6088400, 0x00000000f6550000)
 Metaspace       used 19760K, capacity 20292K, committed 20352K, reserved 1067008K
  class space    used 2507K, capacity 2666K, committed 2688K, reserved 1048576K
}
Event: 3.111 GC heap before
{Heap before GC invocations=32 (full 0):
 def new generation   total 4928K, used 4914K [0x00000000f0800000, 0x00000000f0d50000, 0x00000000f5aa0000)
  eden space 4416K, 100% used [0x00000000f0800000, 0x00000000f0c50000, 0x00000000f0c50000)
  from space 512K,  97% used [0x00000000f0c50000, 0x00000000f0ccca50, 0x00000000f0cd0000)
  to   space 512K,   0% used [0x00000000f0cd0000, 0x00000000f0cd0000, 0x00000000f0d50000)
 tenured generation   total 10944K, used 6048K [0x00000000f5aa0000, 0x00000000f6550000, 0x0000000100000000)
   the space 10944K,  55% used [0x00000000f5aa0000, 0x00000000f60882d8, 0x00000000f6088400, 0x00000000f6550000)
 Metaspace       used 20344K, capacity 20934K, committed 20992K, reserved 1067008K
  class space    used 2586K, capacity 2777K, committed 2816K, reserved 1048576K
Event: 3.113 GC heap after
Heap after GC invocations=33 (full 0):
 def new generation   total 4928K, used 393K [0x00000000f0800000, 0x00000000f0d50000, 0x00000000f5aa0000)
  eden space 4416K,   0% used [0x00000000f0800000, 0x00000000f0800000, 0x00000000f0c50000)
  from space 512K,  76% used [0x00000000f0cd0000, 0x00000000f0d32488, 0x00000000f0d50000)
  to   space 512K,   0% used [0x00000000f0c50000, 0x00000000f0c50000, 0x00000000f0cd0000)
 tenured generation   total 10944K, used 6147K [0x00000000f5aa0000, 0x00000000f6550000, 0x0000000100000000)
   the space 10944K,  56% used [0x00000000f5aa0000, 0x00000000f60a0c90, 0x00000000f60a0e00, 0x00000000f6550000)
 Metaspace       used 20344K, capacity 20934K, committed 20992K, reserved 1067008K
  class space    used 2586K, capacity 2777K, committed 2816K, reserved 1048576K
}
Event: 3.145 GC heap before
{Heap before GC invocations=33 (full 0):
 def new generation   total 4928K, used 3100K [0x00000000f0800000, 0x00000000f0d50000, 0x00000000f5aa0000)
  eden space 4416K,  61% used [0x00000000f0800000, 0x00000000f0aa4d48, 0x00000000f0c50000)
  from space 512K,  76% used [0x00000000f0cd0000, 0x00000000f0d32488, 0x00000000f0d50000)
  to   space 512K,   0% used [0x00000000f0c50000, 0x00000000f0c50000, 0x00000000f0cd0000)
 tenured generation   total 10944K, used 6147K [0x00000000f5aa0000, 0x00000000f6550000, 0x0000000100000000)
   the space 10944K,  56% used [0x00000000f5aa0000, 0x00000000f60a0c90, 0x00000000f60a0e00, 0x00000000f6550000)
 Metaspace       used 20697K, capacity 21286K, committed 21504K, reserved 1069056K
  class space    used 2623K, capacity 2809K, committed 2816K, reserved 1048576K
Event: 3.147 GC heap after
Heap after GC invocations=34 (full 0):
 def new generation   total 4928K, used 368K [0x00000000f0800000, 0x00000000f0d50000, 0x00000000f5aa0000)
  eden space 4416K,   0% used [0x00000000f0800000, 0x00000000f0800000, 0x00000000f0c50000)
  from space 512K,  71% used [0x00000000f0c50000, 0x00000000f0cac1a0, 0x00000000f0cd0000)
  to   space 512K,   0% used [0x00000000f0cd0000, 0x00000000f0cd0000, 0x00000000f0d50000)
 tenured generation   total 10944K, used 6241K [0x00000000f5aa0000, 0x00000000f6550000, 0x0000000100000000)
   the space 10944K,  57% used [0x00000000f5aa0000, 0x00000000f60b8618, 0x00000000f60b8800, 0x00000000f6550000)
 Metaspace       used 20697K, capacity 21286K, committed 21504K, reserved 1069056K
  class space    used 2623K, capacity 2809K, committed 2816K, reserved 1048576K
}
Event: 3.182 GC heap before
{Heap before GC invocations=34 (full 0):
 def new generation   total 4928K, used 4153K [0x00000000f0800000, 0x00000000f0d50000, 0x00000000f5aa0000)
  eden space 4416K,  85% used [0x00000000f0800000, 0x00000000f0bb24e0, 0x00000000f0c50000)
  from space 512K,  71% used [0x00000000f0c50000, 0x00000000f0cac1a0, 0x00000000f0cd0000)
  to   space 512K,   0% used [0x00000000f0cd0000, 0x00000000f0cd0000, 0x00000000f0d50000)
 tenured generation   total 10944K, used 6241K [0x00000000f5aa0000, 0x00000000f6550000, 0x0000000100000000)
   the space 10944K,  57% used [0x00000000f5aa0000, 0x00000000f60b8618, 0x00000000f60b8800, 0x00000000f6550000)
 Metaspace       used 20999K, capacity 21552K, committed 21628K, reserved 1069056K
  class space    used 2649K, capacity 2812K, committed 2816K, reserved 1048576K
Event: 3.207 GC heap after
Heap after GC invocations=35 (full 1):
 def new generation   total 4992K, used 0K [0x00000000f0800000, 0x00000000f0d60000, 0x00000000f5aa0000)
  eden space 4480K,   0% used [0x00000000f0800000, 0x00000000f0800000, 0x00000000f0c60000)
  from space 512K,   0% used [0x00000000f0c60000, 0x00000000f0c60000, 0x00000000f0ce0000)
  to   space 512K,   0% used [0x00000000f0ce0000, 0x00000000f0ce0000, 0x00000000f0d60000)
 tenured generation   total 10944K, used 6381K [0x00000000f5aa0000, 0x00000000f6550000, 0x0000000100000000)
   the space 10944K,  58% used [0x00000000f5aa0000, 0x00000000f60db728, 0x00000000f60db800, 0x00000000f6550000)
 Metaspace       used 20999K, capacity 21552K, committed 21628K, reserved 1069056K
  class space    used 2649K, capacity 2812K, committed 2816K, reserved 1048576K
}
Event: 3.259 GC heap before
{Heap before GC invocations=35 (full 1):
 def new generation   total 4992K, used 4480K [0x00000000f0800000, 0x00000000f0d60000, 0x00000000f5aa0000)
  eden space 4480K, 100% used [0x00000000f0800000, 0x00000000f0c60000, 0x00000000f0c60000)
  from space 512K,   0% used [0x00000000f0c60000, 0x00000000f0c60000, 0x00000000f0ce0000)
  to   space 512K,   0% used [0x00000000f0ce0000, 0x00000000f0ce0000, 0x00000000f0d60000)
 tenured generation   total 10944K, used 6381K [0x00000000f5aa0000, 0x00000000f6550000, 0x0000000100000000)
   the space 10944K,  58% used [0x00000000f5aa0000, 0x00000000f60db728, 0x00000000f60db800, 0x00000000f6550000)
 Metaspace       used 21462K, capacity 22068K, committed 22268K, reserved 1069056K
  class space    used 2694K, capacity 2878K, committed 2944K, reserved 1048576K
Event: 3.261 GC heap after
Heap after GC invocations=36 (full 1):
 def new generation   total 4992K, used 511K [0x00000000f0800000, 0x00000000f0d60000, 0x00000000f5aa0000)
  eden space 4480K,   0% used [0x00000000f0800000, 0x00000000f0800000, 0x00000000f0c60000)
  from space 512K,  99% used [0x00000000f0ce0000, 0x00000000f0d5fff8, 0x00000000f0d60000)
  to   space 512K,   0% used [0x00000000f0c60000, 0x00000000f0c60000, 0x00000000f0ce0000)
 tenured generation   total 10944K, used 6425K [0x00000000f5aa0000, 0x00000000f6550000, 0x0000000100000000)
   the space 10944K,  58% used [0x00000000f5aa0000, 0x00000000f60e67e8, 0x00000000f60e6800, 0x00000000f6550000)
 Metaspace       used 21462K, capacity 22068K, committed 22268K, reserved 1069056K
  class space    used 2694K, capacity 2878K, committed 2944K, reserved 1048576K
}
Event: 3.319 GC heap before
{Heap before GC invocations=36 (full 1):
 def new generation   total 4992K, used 4991K [0x00000000f0800000, 0x00000000f0d60000, 0x00000000f5aa0000)
  eden space 4480K, 100% used [0x00000000f0800000, 0x00000000f0c60000, 0x00000000f0c60000)
  from space 512K,  99% used [0x00000000f0ce0000, 0x00000000f0d5fff8, 0x00000000f0d60000)
  to   space 512K,   0% used [0x00000000f0c60000, 0x00000000f0c60000, 0x00000000f0ce0000)
 tenured generation   total 10944K, used 6425K [0x00000000f5aa0000, 0x00000000f6550000, 0x0000000100000000)
   the space 10944K,  58% used [0x00000000f5aa0000, 0x00000000f60e67e8, 0x00000000f60e6800, 0x00000000f6550000)
 Metaspace       used 21767K, capacity 22360K, committed 22524K, reserved 1069056K
  class space    used 2729K, capacity 2910K, committed 2944K, reserved 1048576K
Event: 3.321 GC heap after
Heap after GC invocations=37 (full 1):
 def new generation   total 4992K, used 419K [0x00000000f0800000, 0x00000000f0d60000, 0x00000000f5aa0000)
  eden space 4480K,   0% used [0x00000000f0800000, 0x00000000f0800000, 0x00000000f0c60000)
  from space 512K,  81% used [0x00000000f0c60000, 0x00000000f0cc8cf8, 0x00000000f0ce0000)
  to   space 512K,   0% used [0x00000000f0ce0000, 0x00000000f0ce0000, 0x00000000f0d60000)
 tenured generation   total 10944K, used 6501K [0x00000000f5aa0000, 0x00000000f6550000, 0x0000000100000000)
   the space 10944K,  59% used [0x00000000f5aa0000, 0x00000000f60f9578, 0x00000000f60f9600, 0x00000000f6550000)
 Metaspace       used 21767K, capacity 22360K, committed 22524K, reserved 1069056K
  class space    used 2729K, capacity 2910K, committed 2944K, reserved 1048576K
}
Event: 3.390 GC heap before
{Heap before GC invocations=37 (full 1):
 def new generation   total 4992K, used 4899K [0x00000000f0800000, 0x00000000f0d60000, 0x00000000f5aa0000)
  eden space 4480K, 100% used [0x00000000f0800000, 0x00000000f0c60000, 0x00000000f0c60000)
  from space 512K,  81% used [0x00000000f0c60000, 0x00000000f0cc8cf8, 0x00000000f0ce0000)
  to   space 512K,   0% used [0x00000000f0ce0000, 0x00000000f0ce0000, 0x00000000f0d60000)
 tenured generation   total 10944K, used 6501K [0x00000000f5aa0000, 0x00000000f6550000, 0x0000000100000000)
   the space 10944K,  59% used [0x00000000f5aa0000, 0x00000000f60f9578, 0x00000000f60f9600, 0x00000000f6550000)
 Metaspace       used 22248K, capacity 22846K, committed 23036K, reserved 1069056K
  class space    used 2774K, capacity 2943K, committed 2944K, reserved 1048576K
Event: 3.393 GC heap after
Heap after GC invocations=38 (full 1):
 def new generation   total 4992K, used 511K [0x00000000f0800000, 0x00000000f0d60000, 0x00000000f5aa0000)
  eden space 4480K,   0% used [0x00000000f0800000, 0x00000000f0800000, 0x00000000f0c60000)
  from space 512K,  99% used [0x00000000f0ce0000, 0x00000000f0d5fe68, 0x00000000f0d60000)
  to   space 512K,   0% used [0x00000000f0c60000, 0x00000000f0c60000, 0x00000000f0ce0000)
 tenured generation   total 10944K, used 6622K [0x00000000f5aa0000, 0x00000000f6550000, 0x0000000100000000)
   the space 10944K,  60% used [0x00000000f5aa0000, 0x00000000f6117be0, 0x00000000f6117c00, 0x00000000f6550000)
 Metaspace       used 22248K, capacity 22846K, committed 23036K, reserved 1069056K
  class space    used 2774K, capacity 2943K, committed 2944K, reserved 1048576K
}
Event: 3.467 GC heap before
{Heap before GC invocations=38 (full 1):
 def new generation   total 4992K, used 4991K [0x00000000f0800000, 0x00000000f0d60000, 0x00000000f5aa0000)
  eden space 4480K, 100% used [0x00000000f0800000, 0x00000000f0c60000, 0x00000000f0c60000)
  from space 512K,  99% used [0x00000000f0ce0000, 0x00000000f0d5fe68, 0x00000000f0d60000)
  to   space 512K,   0% used [0x00000000f0c60000, 0x00000000f0c60000, 0x00000000f0ce0000)
 tenured generation   total 10944K, used 6622K [0x00000000f5aa0000, 0x00000000f6550000, 0x0000000100000000)
   the space 10944K,  60% used [0x00000000f5aa0000, 0x00000000f6117be0, 0x00000000f6117c00, 0x00000000f6550000)
 Metaspace       used 22621K, capacity 23204K, committed 23420K, reserved 1069056K
  class space    used 2810K, capacity 2976K, committed 3072K, reserved 1048576K
Event: 3.469 GC heap after
Heap after GC invocations=39 (full 1):
 def new generation   total 4992K, used 417K [0x00000000f0800000, 0x00000000f0d60000, 0x00000000f5aa0000)
  eden space 4480K,   0% used [0x00000000f0800000, 0x00000000f0800000, 0x00000000f0c60000)
  from space 512K,  81% used [0x00000000f0c60000, 0x00000000f0cc84d8, 0x00000000f0ce0000)
  to   space 512K,   0% used [0x00000000f0ce0000, 0x00000000f0ce0000, 0x00000000f0d60000)
 tenured generation   total 10944K, used 6761K [0x00000000f5aa0000, 0x00000000f6550000, 0x0000000100000000)
   the space 10944K,  61% used [0x00000000f5aa0000, 0x00000000f613a600, 0x00000000f613a600, 0x00000000f6550000)
 Metaspace       used 22621K, capacity 23204K, committed 23420K, reserved 1069056K
  class space    used 2810K, capacity 2976K, committed 3072K, reserved 1048576K
}
Event: 3.539 GC heap before
{Heap before GC invocations=39 (full 1):
 def new generation   total 4992K, used 4897K [0x00000000f0800000, 0x00000000f0d60000, 0x00000000f5aa0000)
  eden space 4480K, 100% used [0x00000000f0800000, 0x00000000f0c60000, 0x00000000f0c60000)
  from space 512K,  81% used [0x00000000f0c60000, 0x00000000f0cc84d8, 0x00000000f0ce0000)
  to   space 512K,   0% used [0x00000000f0ce0000, 0x00000000f0ce0000, 0x00000000f0d60000)
 tenured generation   total 10944K, used 6761K [0x00000000f5aa0000, 0x00000000f6550000, 0x0000000100000000)
   the space 10944K,  61% used [0x00000000f5aa0000, 0x00000000f613a600, 0x00000000f613a600, 0x00000000f6550000)
 Metaspace       used 22911K, capacity 23492K, committed 23808K, reserved 1071104K
  class space    used 2851K, capacity 3008K, committed 3072K, reserved 1048576K
Event: 3.541 GC heap after
Heap after GC invocations=40 (full 1):
 def new generation   total 4992K, used 412K [0x00000000f0800000, 0x00000000f0d60000, 0x00000000f5aa0000)
  eden space 4480K,   0% used [0x00000000f0800000, 0x00000000f0800000, 0x00000000f0c60000)
  from space 512K,  80% used [0x00000000f0ce0000, 0x00000000f0d471f8, 0x00000000f0d60000)
  to   space 512K,   0% used [0x00000000f0c60000, 0x00000000f0c60000, 0x00000000f0ce0000)
 tenured generation   total 10944K, used 6889K [0x00000000f5aa0000, 0x00000000f6550000, 0x0000000100000000)
   the space 10944K,  62% used [0x00000000f5aa0000, 0x00000000f615a6d0, 0x00000000f615a800, 0x00000000f6550000)
 Metaspace       used 22911K, capacity 23492K, committed 23808K, reserved 1071104K
  class space    used 2851K, capacity 3008K, committed 3072K, reserved 1048576K
}
Event: 3.589 GC heap before
{Heap before GC invocations=40 (full 1):
 def new generation   total 4992K, used 4892K [0x00000000f0800000, 0x00000000f0d60000, 0x00000000f5aa0000)
  eden space 4480K, 100% used [0x00000000f0800000, 0x00000000f0c60000, 0x00000000f0c60000)
  from space 512K,  80% used [0x00000000f0ce0000, 0x00000000f0d471f8, 0x00000000f0d60000)
  to   space 512K,   0% used [0x00000000f0c60000, 0x00000000f0c60000, 0x00000000f0ce0000)
 tenured generation   total 10944K, used 6889K [0x00000000f5aa0000, 0x00000000f6550000, 0x0000000100000000)
   the space 10944K,  62% used [0x00000000f5aa0000, 0x00000000f615a6d0, 0x00000000f615a800, 0x00000000f6550000)
 Metaspace       used 23186K, capacity 23722K, committed 24064K, reserved 1071104K
  class space    used 2877K, capacity 3041K, committed 3072K, reserved 1048576K
Event: 3.592 GC heap after
Heap after GC invocations=41 (full 1):
 def new generation   total 4992K, used 510K [0x00000000f0800000, 0x00000000f0d60000, 0x00000000f5aa0000)
  eden space 4480K,   0% used [0x00000000f0800000, 0x00000000f0800000, 0x00000000f0c60000)
  from space 512K,  99% used [0x00000000f0c60000, 0x00000000f0cdfb50, 0x00000000f0ce0000)
  to   space 512K,   0% used [0x00000000f0ce0000, 0x00000000f0ce0000, 0x00000000f0d60000)
 tenured generation   total 10944K, used 7108K [0x00000000f5aa0000, 0x00000000f6550000, 0x0000000100000000)
   the space 10944K,  64% used [0x00000000f5aa0000, 0x00000000f6191060, 0x00000000f6191200, 0x00000000f6550000)
 Metaspace       used 23186K, capacity 23722K, committed 24064K, reserved 1071104K
  class space    used 2877K, capacity 3041K, committed 3072K, reserved 1048576K
}
Event: 3.647 GC heap before
{Heap before GC invocations=41 (full 1):
 def new generation   total 4992K, used 4990K [0x00000000f0800000, 0x00000000f0d60000, 0x00000000f5aa0000)
  eden space 4480K, 100% used [0x00000000f0800000, 0x00000000f0c60000, 0x00000000f0c60000)
  from space 512K,  99% used [0x00000000f0c60000, 0x00000000f0cdfb50, 0x00000000f0ce0000)
  to   space 512K,   0% used [0x00000000f0ce0000, 0x00000000f0ce0000, 0x00000000f0d60000)
 tenured generation   total 10944K, used 7108K [0x00000000f5aa0000, 0x00000000f6550000, 0x0000000100000000)
   the space 10944K,  64% used [0x00000000f5aa0000, 0x00000000f6191060, 0x00000000f6191200, 0x00000000f6550000)
 Metaspace       used 23461K, capacity 24058K, committed 24448K, reserved 1071104K
  class space    used 2916K, capacity 3081K, committed 3200K, reserved 1048576K
Event: 3.649 GC heap after
Heap after GC invocations=42 (full 1):
 def new generation   total 4992K, used 427K [0x00000000f0800000, 0x00000000f0d60000, 0x00000000f5aa0000)
  eden space 4480K,   0% used [0x00000000f0800000, 0x00000000f0800000, 0x00000000f0c60000)
  from space 512K,  83% used [0x00000000f0ce0000, 0x00000000f0d4acb8, 0x00000000f0d60000)
  to   space 512K,   0% used [0x00000000f0c60000, 0x00000000f0c60000, 0x00000000f0ce0000)
 tenured generation   total 10944K, used 7240K [0x00000000f5aa0000, 0x00000000f6550000, 0x0000000100000000)
   the space 10944K,  66% used [0x00000000f5aa0000, 0x00000000f61b2140, 0x00000000f61b2200, 0x00000000f6550000)
 Metaspace       used 23461K, capacity 24058K, committed 24448K, reserved 1071104K
  class space    used 2916K, capacity 3081K, committed 3200K, reserved 1048576K
}
Event: 3.706 GC heap before
{Heap before GC invocations=42 (full 1):
 def new generation   total 4992K, used 4907K [0x00000000f0800000, 0x00000000f0d60000, 0x00000000f5aa0000)
  eden space 4480K, 100% used [0x00000000f0800000, 0x00000000f0c60000, 0x00000000f0c60000)
  from space 512K,  83% used [0x00000000f0ce0000, 0x00000000f0d4acb8, 0x00000000f0d60000)
  to   space 512K,   0% used [0x00000000f0c60000, 0x00000000f0c60000, 0x00000000f0ce0000)
 tenured generation   total 10944K, used 7240K [0x00000000f5aa0000, 0x00000000f6550000, 0x0000000100000000)
   the space 10944K,  66% used [0x00000000f5aa0000, 0x00000000f61b2140, 0x00000000f61b2200, 0x00000000f6550000)
 Metaspace       used 23801K, capacity 24378K, committed 24704K, reserved 1071104K
  class space    used 2963K, capacity 3119K, committed 3200K, reserved 1048576K
Event: 3.708 GC heap after
Heap after GC invocations=43 (full 1):
 def new generation   total 4992K, used 511K [0x00000000f0800000, 0x00000000f0d60000, 0x00000000f5aa0000)
  eden space 4480K,   0% used [0x00000000f0800000, 0x00000000f0800000, 0x00000000f0c60000)
  from space 512K,  99% used [0x00000000f0c60000, 0x00000000f0cdfff8, 0x00000000f0ce0000)
  to   space 512K,   0% used [0x00000000f0ce0000, 0x00000000f0ce0000, 0x00000000f0d60000)
 tenured generation   total 10944K, used 7547K [0x00000000f5aa0000, 0x00000000f6550000, 0x0000000100000000)
   the space 10944K,  68% used [0x00000000f5aa0000, 0x00000000f61fefd8, 0x00000000f61ff000, 0x00000000f6550000)
 Metaspace       used 23801K, capacity 24378K, committed 24704K, reserved 1071104K
  class space    used 2963K, capacity 3119K, committed 3200K, reserved 1048576K
}
Event: 3.761 GC heap before
{Heap before GC invocations=43 (full 1):
 def new generation   total 4992K, used 4991K [0x00000000f0800000, 0x00000000f0d60000, 0x00000000f5aa0000)
  eden space 4480K, 100% used [0x00000000f0800000, 0x00000000f0c60000, 0x00000000f0c60000)
  from space 512K,  99% used [0x00000000f0c60000, 0x00000000f0cdfff8, 0x00000000f0ce0000)
  to   space 512K,   0% used [0x00000000f0ce0000, 0x00000000f0ce0000, 0x00000000f0d60000)
 tenured generation   total 10944K, used 7547K [0x00000000f5aa0000, 0x00000000f6550000, 0x0000000100000000)
   the space 10944K,  68% used [0x00000000f5aa0000, 0x00000000f61fefd8, 0x00000000f61ff000, 0x00000000f6550000)
 Metaspace       used 24079K, capacity 24768K, committed 24960K, reserved 1071104K
  class space    used 3005K, capacity 3184K, committed 3200K, reserved 1048576K
Event: 3.763 GC heap after
Heap after GC invocations=44 (full 1):
 def new generation   total 4992K, used 379K [0x00000000f0800000, 0x00000000f0d60000, 0x00000000f5aa0000)
  eden space 4480K,   0% used [0x00000000f0800000, 0x00000000f0800000, 0x00000000f0c60000)
  from space 512K,  74% used [0x00000000f0ce0000, 0x00000000f0d3edf8, 0x00000000f0d60000)
  to   space 512K,   0% used [0x00000000f0c60000, 0x00000000f0c60000, 0x00000000f0ce0000)
 tenured generation   total 10944K, used 7858K [0x00000000f5aa0000, 0x00000000f6550000, 0x0000000100000000)
   the space 10944K,  71% used [0x00000000f5aa0000, 0x00000000f624c820, 0x00000000f624ca00, 0x00000000f6550000)
 Metaspace       used 24079K, capacity 24768K, committed 24960K, reserved 1071104K
  class space    used 3005K, capacity 3184K, committed 3200K, reserved 1048576K
}
Event: 3.788 GC heap before
{Heap before GC invocations=44 (full 1):
 def new generation   total 4992K, used 4859K [0x00000000f0800000, 0x00000000f0d60000, 0x00000000f5aa0000)
  eden space 4480K, 100% used [0x00000000f0800000, 0x00000000f0c60000, 0x00000000f0c60000)
  from space 512K,  74% used [0x00000000f0ce0000, 0x00000000f0d3edf8, 0x00000000f0d60000)
  to   space 512K,   0% used [0x00000000f0c60000, 0x00000000f0c60000, 0x00000000f0ce0000)
 tenured generation   total 10944K, used 7858K [0x00000000f5aa0000, 0x00000000f6550000, 0x0000000100000000)
   the space 10944K,  71% used [0x00000000f5aa0000, 0x00000000f624c820, 0x00000000f624ca00, 0x00000000f6550000)
 Metaspace       used 24269K, capacity 24960K, committed 25088K, reserved 1071104K
  class space    used 3035K, capacity 3248K, committed 3328K, reserved 1048576K
Event: 3.790 GC heap after
Heap after GC invocations=45 (full 1):
 def new generation   total 4992K, used 245K [0x00000000f0800000, 0x00000000f0d60000, 0x00000000f5aa0000)
  eden space 4480K,   0% used [0x00000000f0800000, 0x00000000f0800000, 0x00000000f0c60000)
  from space 512K,  47% used [0x00000000f0c60000, 0x00000000f0c9d548, 0x00000000f0ce0000)
  to   space 512K,   0% used [0x00000000f0ce0000, 0x00000000f0ce0000, 0x00000000f0d60000)
 tenured generation   total 10944K, used 7929K [0x00000000f5aa0000, 0x00000000f6550000, 0x0000000100000000)
   the space 10944K,  72% used [0x00000000f5aa0000, 0x00000000f625e7a8, 0x00000000f625e800, 0x00000000f6550000)
 Metaspace       used 24269K, capacity 24960K, committed 25088K, reserved 1071104K
  class space    used 3035K, capacity 3248K, committed 3328K, reserved 1048576K
}
Event: 3.791 GC heap before
{Heap before GC invocations=45 (full 1):
 def new generation   total 4992K, used 4725K [0x00000000f0800000, 0x00000000f0d60000, 0x00000000f5aa0000)
  eden space 4480K, 100% used [0x00000000f0800000, 0x00000000f0c60000, 0x00000000f0c60000)
  from space 512K,  47% used [0x00000000f0c60000, 0x00000000f0c9d548, 0x00000000f0ce0000)
  to   space 512K,   0% used [0x00000000f0ce0000, 0x00000000f0ce0000, 0x00000000f0d60000)
 tenured generation   total 10944K, used 7929K [0x00000000f5aa0000, 0x00000000f6550000, 0x0000000100000000)
   the space 10944K,  72% used [0x00000000f5aa0000, 0x00000000f625e7a8, 0x00000000f625e800, 0x00000000f6550000)
 Metaspace       used 24269K, capacity 24960K, committed 25088K, reserved 1071104K
  class space    used 3035K, capacity 3248K, committed 3328K, reserved 1048576K
Event: 3.791 GC heap after
Heap after GC invocations=46 (full 1):
 def new generation   total 4992K, used 125K [0x00000000f0800000, 0x00000000f0d60000, 0x00000000f5aa0000)
  eden space 4480K,   0% used [0x00000000f0800000, 0x00000000f0800000, 0x00000000f0c60000)
  from space 512K,  24% used [0x00000000f0ce0000, 0x00000000f0cff7b8, 0x00000000f0d60000)
  to   space 512K,   0% used [0x00000000f0c60000, 0x00000000f0c60000, 0x00000000f0ce0000)
 tenured generation   total 10944K, used 7929K [0x00000000f5aa0000, 0x00000000f6550000, 0x0000000100000000)
   the space 10944K,  72% used [0x00000000f5aa0000, 0x00000000f625e7a8, 0x00000000f625e800, 0x00000000f6550000)
 Metaspace       used 24269K, capacity 24960K, committed 25088K, reserved 1071104K
  class space    used 3035K, capacity 3248K, committed 3328K, reserved 1048576K
}
Event: 3.794 GC heap before
{Heap before GC invocations=46 (full 1):
 def new generation   total 4992K, used 4605K [0x00000000f0800000, 0x00000000f0d60000, 0x00000000f5aa0000)
  eden space 4480K, 100% used [0x00000000f0800000, 0x00000000f0c60000, 0x00000000f0c60000)
  from space 512K,  24% used [0x00000000f0ce0000, 0x00000000f0cff7b8, 0x00000000f0d60000)
  to   space 512K,   0% used [0x00000000f0c60000, 0x00000000f0c60000, 0x00000000f0ce0000)
 tenured generation   total 10944K, used 7929K [0x00000000f5aa0000, 0x00000000f6550000, 0x0000000100000000)
   the space 10944K,  72% used [0x00000000f5aa0000, 0x00000000f625e7a8, 0x00000000f625e800, 0x00000000f6550000)
 Metaspace       used 24269K, capacity 24960K, committed 25088K, reserved 1071104K
  class space    used 3035K, capacity 3248K, committed 3328K, reserved 1048576K
Event: 3.795 GC heap after
Heap after GC invocations=47 (full 1):
 def new generation   total 4992K, used 139K [0x00000000f0800000, 0x00000000f0d60000, 0x00000000f5aa0000)
  eden space 4480K,   0% used [0x00000000f0800000, 0x00000000f0800000, 0x00000000f0c60000)
  from space 512K,  27% used [0x00000000f0c60000, 0x00000000f0c82c70, 0x00000000f0ce0000)
  to   space 512K,   0% used [0x00000000f0ce0000, 0x00000000f0ce0000, 0x00000000f0d60000)
 tenured generation   total 10944K, used 7929K [0x00000000f5aa0000, 0x00000000f6550000, 0x0000000100000000)
   the space 10944K,  72% used [0x00000000f5aa0000, 0x00000000f625e7a8, 0x00000000f625e800, 0x00000000f6550000)
 Metaspace       used 24269K, capacity 24960K, committed 25088K, reserved 1071104K
  class space    used 3035K, capacity 3248K, committed 3328K, reserved 1048576K
}
Event: 3.799 GC heap before
{Heap before GC invocations=47 (full 1):
 def new generation   total 4992K, used 4604K [0x00000000f0800000, 0x00000000f0d60000, 0x00000000f5aa0000)
  eden space 4480K,  99% used [0x00000000f0800000, 0x00000000f0c5c6f8, 0x00000000f0c60000)
  from space 512K,  27% used [0x00000000f0c60000, 0x00000000f0c82c70, 0x00000000f0ce0000)
  to   space 512K,   0% used [0x00000000f0ce0000, 0x00000000f0ce0000, 0x00000000f0d60000)
 tenured generation   total 10944K, used 7929K [0x00000000f5aa0000, 0x00000000f6550000, 0x0000000100000000)
   the space 10944K,  72% used [0x00000000f5aa0000, 0x00000000f625e7a8, 0x00000000f625e800, 0x00000000f6550000)
 Metaspace       used 24279K, capacity 24960K, committed 25088K, reserved 1071104K
  class space    used 3036K, capacity 3248K, committed 3328K, reserved 1048576K
Event: 3.800 GC heap after
Heap after GC invocations=48 (full 1):
 def new generation   total 4992K, used 168K [0x00000000f0800000, 0x00000000f0d60000, 0x00000000f5aa0000)
  eden space 4480K,   0% used [0x00000000f0800000, 0x00000000f0800000, 0x00000000f0c60000)
  from space 512K,  32% used [0x00000000f0ce0000, 0x00000000f0d0a1f8, 0x00000000f0d60000)
  to   space 512K,   0% used [0x00000000f0c60000, 0x00000000f0c60000, 0x00000000f0ce0000)
 tenured generation   total 10944K, used 7929K [0x00000000f5aa0000, 0x00000000f6550000, 0x0000000100000000)
   the space 10944K,  72% used [0x00000000f5aa0000, 0x00000000f625e7a8, 0x00000000f625e800, 0x00000000f6550000)
 Metaspace       used 24279K, capacity 24960K, committed 25088K, reserved 1071104K
  class space    used 3036K, capacity 3248K, committed 3328K, reserved 1048576K
}
Event: 3.802 GC heap before
{Heap before GC invocations=48 (full 1):
 def new generation   total 4992K, used 4605K [0x00000000f0800000, 0x00000000f0d60000, 0x00000000f5aa0000)
  eden space 4480K,  99% used [0x00000000f0800000, 0x00000000f0c55568, 0x00000000f0c60000)
  from space 512K,  32% used [0x00000000f0ce0000, 0x00000000f0d0a1f8, 0x00000000f0d60000)
  to   space 512K,   0% used [0x00000000f0c60000, 0x00000000f0c60000, 0x00000000f0ce0000)
 tenured generation   total 10944K, used 7929K [0x00000000f5aa0000, 0x00000000f6550000, 0x0000000100000000)
   the space 10944K,  72% used [0x00000000f5aa0000, 0x00000000f625e7a8, 0x00000000f625e800, 0x00000000f6550000)
 Metaspace       used 24293K, capacity 24962K, committed 25088K, reserved 1071104K
  class space    used 3037K, capacity 3249K, committed 3328K, reserved 1048576K
Event: 3.803 GC heap after
Heap after GC invocations=49 (full 1):
 def new generation   total 4992K, used 174K [0x00000000f0800000, 0x00000000f0d60000, 0x00000000f5aa0000)
  eden space 4480K,   0% used [0x00000000f0800000, 0x00000000f0800000, 0x00000000f0c60000)
  from space 512K,  34% used [0x00000000f0c60000, 0x00000000f0c8b9e0, 0x00000000f0ce0000)
  to   space 512K,   0% used [0x00000000f0ce0000, 0x00000000f0ce0000, 0x00000000f0d60000)
 tenured generation   total 10944K, used 7929K [0x00000000f5aa0000, 0x00000000f6550000, 0x0000000100000000)
   the space 10944K,  72% used [0x00000000f5aa0000, 0x00000000f625e7a8, 0x00000000f625e800, 0x00000000f6550000)
 Metaspace       used 24293K, capacity 24962K, committed 25088K, reserved 1071104K
  class space    used 3037K, capacity 3249K, committed 3328K, reserved 1048576K
}
Event: 3.804 GC heap before
{Heap before GC invocations=49 (full 1):
 def new generation   total 4992K, used 4654K [0x00000000f0800000, 0x00000000f0d60000, 0x00000000f5aa0000)
  eden space 4480K, 100% used [0x00000000f0800000, 0x00000000f0c60000, 0x00000000f0c60000)
  from space 512K,  34% used [0x00000000f0c60000, 0x00000000f0c8b9e0, 0x00000000f0ce0000)
  to   space 512K,   0% used [0x00000000f0ce0000, 0x00000000f0ce0000, 0x00000000f0d60000)
 tenured generation   total 10944K, used 7929K [0x00000000f5aa0000, 0x00000000f6550000, 0x0000000100000000)
   the space 10944K,  72% used [0x00000000f5aa0000, 0x00000000f625e7a8, 0x00000000f625e800, 0x00000000f6550000)
 Metaspace       used 24297K, capacity 24962K, committed 25088K, reserved 1071104K
  class space    used 3037K, capacity 3249K, committed 3328K, reserved 1048576K
Event: 3.804 GC heap after
Heap after GC invocations=50 (full 1):
 def new generation   total 4992K, used 191K [0x00000000f0800000, 0x00000000f0d60000, 0x00000000f5aa0000)
  eden space 4480K,   0% used [0x00000000f0800000, 0x00000000f0800000, 0x00000000f0c60000)
  from space 512K,  37% used [0x00000000f0ce0000, 0x00000000f0d0fdd0, 0x00000000f0d60000)
  to   space 512K,   0% used [0x00000000f0c60000, 0x00000000f0c60000, 0x00000000f0ce0000)
 tenured generation   total 10944K, used 7929K [0x00000000f5aa0000, 0x00000000f6550000, 0x0000000100000000)
   the space 10944K,  72% used [0x00000000f5aa0000, 0x00000000f625e7a8, 0x00000000f625e800, 0x00000000f6550000)
 Metaspace       used 24297K, capacity 24962K, committed 25088K, reserved 1071104K
  class space    used 3037K, capacity 3249K, committed 3328K, reserved 1048576K
}
Event: 3.813 GC heap before
{Heap before GC invocations=50 (full 1):
 def new generation   total 4992K, used 4641K [0x00000000f0800000, 0x00000000f0d60000, 0x00000000f5aa0000)
  eden space 4480K,  99% used [0x00000000f0800000, 0x00000000f0c58920, 0x00000000f0c60000)
  from space 512K,  37% used [0x00000000f0ce0000, 0x00000000f0d0fdd0, 0x00000000f0d60000)
  to   space 512K,   0% used [0x00000000f0c60000, 0x00000000f0c60000, 0x00000000f0ce0000)
 tenured generation   total 10944K, used 7929K [0x00000000f5aa0000, 0x00000000f6550000, 0x0000000100000000)
   the space 10944K,  72% used [0x00000000f5aa0000, 0x00000000f625e7a8, 0x00000000f625e800, 0x00000000f6550000)
 Metaspace       used 24313K, capacity 24962K, committed 25088K, reserved 1071104K
  class space    used 3040K, capacity 3249K, committed 3328K, reserved 1048576K
Event: 3.813 GC heap after
Heap after GC invocations=51 (full 1):
 def new generation   total 4992K, used 205K [0x00000000f0800000, 0x00000000f0d60000, 0x00000000f5aa0000)
  eden space 4480K,   0% used [0x00000000f0800000, 0x00000000f0800000, 0x00000000f0c60000)
  from space 512K,  40% used [0x00000000f0c60000, 0x00000000f0c93778, 0x00000000f0ce0000)
  to   space 512K,   0% used [0x00000000f0ce0000, 0x00000000f0ce0000, 0x00000000f0d60000)
 tenured generation   total 10944K, used 7929K [0x00000000f5aa0000, 0x00000000f6550000, 0x0000000100000000)
   the space 10944K,  72% used [0x00000000f5aa0000, 0x00000000f625e7a8, 0x00000000f625e800, 0x00000000f6550000)
 Metaspace       used 24313K, capacity 24962K, committed 25088K, reserved 1071104K
  class space    used 3040K, capacity 3249K, committed 3328K, reserved 1048576K
}
Event: 3.816 GC heap before
{Heap before GC invocations=51 (full 1):
 def new generation   total 4992K, used 4635K [0x00000000f0800000, 0x00000000f0d60000, 0x00000000f5aa0000)
  eden space 4480K,  98% used [0x00000000f0800000, 0x00000000f0c53598, 0x00000000f0c60000)
  from space 512K,  40% used [0x00000000f0c60000, 0x00000000f0c93778, 0x00000000f0ce0000)
  to   space 512K,   0% used [0x00000000f0ce0000, 0x00000000f0ce0000, 0x00000000f0d60000)
 tenured generation   total 10944K, used 7929K [0x00000000f5aa0000, 0x00000000f6550000, 0x0000000100000000)
   the space 10944K,  72% used [0x00000000f5aa0000, 0x00000000f625e7a8, 0x00000000f625e800, 0x00000000f6550000)
 Metaspace       used 24316K, capacity 24964K, committed 25088K, reserved 1071104K
  class space    used 3041K, capacity 3250K, committed 3328K, reserved 1048576K
Event: 3.817 GC heap after
Heap after GC invocations=52 (full 1):
 def new generation   total 4992K, used 200K [0x00000000f0800000, 0x00000000f0d60000, 0x00000000f5aa0000)
  eden space 4480K,   0% used [0x00000000f0800000, 0x00000000f0800000, 0x00000000f0c60000)
  from space 512K,  39% used [0x00000000f0ce0000, 0x00000000f0d12050, 0x00000000f0d60000)
  to   space 512K,   0% used [0x00000000f0c60000, 0x00000000f0c60000, 0x00000000f0ce0000)
 tenured generation   total 10944K, used 7929K [0x00000000f5aa0000, 0x00000000f6550000, 0x0000000100000000)
   the space 10944K,  72% used [0x00000000f5aa0000, 0x00000000f625e7a8, 0x00000000f625e800, 0x00000000f6550000)
 Metaspace       used 24316K, capacity 24964K, committed 25088K, reserved 1071104K
  class space    used 3041K, capacity 3250K, committed 3328K, reserved 1048576K
}
Event: 3.847 GC heap before
{Heap before GC invocations=52 (full 1):
 def new generation   total 4992K, used 4680K [0x00000000f0800000, 0x00000000f0d60000, 0x00000000f5aa0000)
  eden space 4480K, 100% used [0x00000000f0800000, 0x00000000f0c60000, 0x00000000f0c60000)
  from space 512K,  39% used [0x00000000f0ce0000, 0x00000000f0d12050, 0x00000000f0d60000)
  to   space 512K,   0% used [0x00000000f0c60000, 0x00000000f0c60000, 0x00000000f0ce0000)
 tenured generation   total 10944K, used 7929K [0x00000000f5aa0000, 0x00000000f6550000, 0x0000000100000000)
   the space 10944K,  72% used [0x00000000f5aa0000, 0x00000000f625e7a8, 0x00000000f625e800, 0x00000000f6550000)
 Metaspace       used 24568K, capacity 25246K, committed 25344K, reserved 1071104K
  class space    used 3060K, capacity 3261K, committed 3328K, reserved 1048576K
Event: 3.848 GC heap after
Heap after GC invocations=53 (full 1):
 def new generation   total 4992K, used 507K [0x00000000f0800000, 0x00000000f0d60000, 0x00000000f5aa0000)
  eden space 4480K,   0% used [0x00000000f0800000, 0x00000000f0800000, 0x00000000f0c60000)
  from space 512K,  99% used [0x00000000f0c60000, 0x00000000f0cdef38, 0x00000000f0ce0000)
  to   space 512K,   0% used [0x00000000f0ce0000, 0x00000000f0ce0000, 0x00000000f0d60000)
 tenured generation   total 10944K, used 7929K [0x00000000f5aa0000, 0x00000000f6550000, 0x0000000100000000)
   the space 10944K,  72% used [0x00000000f5aa0000, 0x00000000f625e7a8, 0x00000000f625e800, 0x00000000f6550000)
 Metaspace       used 24568K, capacity 25246K, committed 25344K, reserved 1071104K
  class space    used 3060K, capacity 3261K, committed 3328K, reserved 1048576K
}
Event: 3.908 GC heap before
{Heap before GC invocations=53 (full 1):
 def new generation   total 4992K, used 4987K [0x00000000f0800000, 0x00000000f0d60000, 0x00000000f5aa0000)
  eden space 4480K, 100% used [0x00000000f0800000, 0x00000000f0c60000, 0x00000000f0c60000)
  from space 512K,  99% used [0x00000000f0c60000, 0x00000000f0cdef38, 0x00000000f0ce0000)
  to   space 512K,   0% used [0x00000000f0ce0000, 0x00000000f0ce0000, 0x00000000f0d60000)
 tenured generation   total 10944K, used 7929K [0x00000000f5aa0000, 0x00000000f6550000, 0x0000000100000000)
   the space 10944K,  72% used [0x00000000f5aa0000, 0x00000000f625e7a8, 0x00000000f625e800, 0x00000000f6550000)
 Metaspace       used 24909K, capacity 25622K, committed 25856K, reserved 1071104K
  class space    used 3111K, capacity 3305K, committed 3328K, reserved 1048576K
Event: 3.910 GC heap after
Heap after GC invocations=54 (full 1):
 def new generation   total 4992K, used 354K [0x00000000f0800000, 0x00000000f0d60000, 0x00000000f5aa0000)
  eden space 4480K,   0% used [0x00000000f0800000, 0x00000000f0800000, 0x00000000f0c60000)
  from space 512K,  69% used [0x00000000f0ce0000, 0x00000000f0d38a28, 0x00000000f0d60000)
  to   space 512K,   0% used [0x00000000f0c60000, 0x00000000f0c60000, 0x00000000f0ce0000)
 tenured generation   total 10944K, used 8224K [0x00000000f5aa0000, 0x00000000f6550000, 0x0000000100000000)
   the space 10944K,  75% used [0x00000000f5aa0000, 0x00000000f62a82e0, 0x00000000f62a8400, 0x00000000f6550000)
 Metaspace       used 24909K, capacity 25622K, committed 25856K, reserved 1071104K
  class space    used 3111K, capacity 3305K, committed 3328K, reserved 1048576K
}
Event: 3.983 GC heap before
{Heap before GC invocations=54 (full 1):
 def new generation   total 4992K, used 4834K [0x00000000f0800000, 0x00000000f0d60000, 0x00000000f5aa0000)
  eden space 4480K, 100% used [0x00000000f0800000, 0x00000000f0c60000, 0x00000000f0c60000)
  from space 512K,  69% used [0x00000000f0ce0000, 0x00000000f0d38a28, 0x00000000f0d60000)
  to   space 512K,   0% used [0x00000000f0c60000, 0x00000000f0c60000, 0x00000000f0ce0000)
 tenured generation   total 10944K, used 8224K [0x00000000f5aa0000, 0x00000000f6550000, 0x0000000100000000)
   the space 10944K,  75% used [0x00000000f5aa0000, 0x00000000f62a82e0, 0x00000000f62a8400, 0x00000000f6550000)
 Metaspace       used 25204K, capacity 25906K, committed 26240K, reserved 1073152K
  class space    used 3152K, capacity 3353K, committed 3456K, reserved 1048576K
Event: 3.986 GC heap after
Heap after GC invocations=55 (full 1):
 def new generation   total 4992K, used 370K [0x00000000f0800000, 0x00000000f0d60000, 0x00000000f5aa0000)
  eden space 4480K,   0% used [0x00000000f0800000, 0x00000000f0800000, 0x00000000f0c60000)
  from space 512K,  72% used [0x00000000f0c60000, 0x00000000f0cbcbe8, 0x00000000f0ce0000)
  to   space 512K,   0% used [0x00000000f0ce0000, 0x00000000f0ce0000, 0x00000000f0d60000)
 tenured generation   total 10944K, used 8309K [0x00000000f5aa0000, 0x00000000f6550000, 0x0000000100000000)
   the space 10944K,  75% used [0x00000000f5aa0000, 0x00000000f62bd588, 0x00000000f62bd600, 0x00000000f6550000)
 Metaspace       used 25204K, capacity 25906K, committed 26240K, reserved 1073152K
  class space    used 3152K, capacity 3353K, committed 3456K, reserved 1048576K
}
Event: 4.072 GC heap before
{Heap before GC invocations=55 (full 1):
 def new generation   total 4992K, used 4850K [0x00000000f0800000, 0x00000000f0d60000, 0x00000000f5aa0000)
  eden space 4480K, 100% used [0x00000000f0800000, 0x00000000f0c60000, 0x00000000f0c60000)
  from space 512K,  72% used [0x00000000f0c60000, 0x00000000f0cbcbe8, 0x00000000f0ce0000)
  to   space 512K,   0% used [0x00000000f0ce0000, 0x00000000f0ce0000, 0x00000000f0d60000)
 tenured generation   total 10944K, used 8309K [0x00000000f5aa0000, 0x00000000f6550000, 0x0000000100000000)
   the space 10944K,  75% used [0x00000000f5aa0000, 0x00000000f62bd588, 0x00000000f62bd600, 0x00000000f6550000)
 Metaspace       used 25919K, capacity 26628K, committed 26752K, reserved 1073152K
  class space    used 3223K, capacity 3418K, committed 3456K, reserved 1048576K
Event: 4.075 GC heap after
Heap after GC invocations=56 (full 1):
 def new generation   total 4992K, used 455K [0x00000000f0800000, 0x00000000f0d60000, 0x00000000f5aa0000)
  eden space 4480K,   0% used [0x00000000f0800000, 0x00000000f0800000, 0x00000000f0c60000)
  from space 512K,  88% used [0x00000000f0ce0000, 0x00000000f0d51de0, 0x00000000f0d60000)
  to   space 512K,   0% used [0x00000000f0c60000, 0x00000000f0c60000, 0x00000000f0ce0000)
 tenured generation   total 10944K, used 8449K [0x00000000f5aa0000, 0x00000000f6550000, 0x0000000100000000)
   the space 10944K,  77% used [0x00000000f5aa0000, 0x00000000f62e05c0, 0x00000000f62e0600, 0x00000000f6550000)
 Metaspace       used 25919K, capacity 26628K, committed 26752K, reserved 1073152K
  class space    used 3223K, capacity 3418K, committed 3456K, reserved 1048576K
}
Event: 4.170 GC heap before
{Heap before GC invocations=56 (full 1):
 def new generation   total 4992K, used 4935K [0x00000000f0800000, 0x00000000f0d60000, 0x00000000f5aa0000)
  eden space 4480K, 100% used [0x00000000f0800000, 0x00000000f0c60000, 0x00000000f0c60000)
  from space 512K,  88% used [0x00000000f0ce0000, 0x00000000f0d51de0, 0x00000000f0d60000)
  to   space 512K,   0% used [0x00000000f0c60000, 0x00000000f0c60000, 0x00000000f0ce0000)
 tenured generation   total 10944K, used 8449K [0x00000000f5aa0000, 0x00000000f6550000, 0x0000000100000000)
   the space 10944K,  77% used [0x00000000f5aa0000, 0x00000000f62e05c0, 0x00000000f62e0600, 0x00000000f6550000)
 Metaspace       used 26527K, capacity 27244K, committed 27392K, reserved 1073152K
  class space    used 3303K, capacity 3516K, committed 3584K, reserved 1048576K
Event: 4.173 GC heap after
Heap after GC invocations=57 (full 1):
 def new generation   total 4992K, used 511K [0x00000000f0800000, 0x00000000f0d60000, 0x00000000f5aa0000)
  eden space 4480K,   0% used [0x00000000f0800000, 0x00000000f0800000, 0x00000000f0c60000)
  from space 512K,  99% used [0x00000000f0c60000, 0x00000000f0cdfff8, 0x00000000f0ce0000)
  to   space 512K,   0% used [0x00000000f0ce0000, 0x00000000f0ce0000, 0x00000000f0d60000)
 tenured generation   total 10944K, used 8747K [0x00000000f5aa0000, 0x00000000f6550000, 0x0000000100000000)
   the space 10944K,  79% used [0x00000000f5aa0000, 0x00000000f632ad68, 0x00000000f632ae00, 0x00000000f6550000)
 Metaspace       used 26527K, capacity 27244K, committed 27392K, reserved 1073152K
  class space    used 3303K, capacity 3516K, committed 3584K, reserved 1048576K
}
Event: 4.262 GC heap before
{Heap before GC invocations=57 (full 1):
 def new generation   total 4992K, used 4991K [0x00000000f0800000, 0x00000000f0d60000, 0x00000000f5aa0000)
  eden space 4480K, 100% used [0x00000000f0800000, 0x00000000f0c60000, 0x00000000f0c60000)
  from space 512K,  99% used [0x00000000f0c60000, 0x00000000f0cdfff8, 0x00000000f0ce0000)
  to   space 512K,   0% used [0x00000000f0ce0000, 0x00000000f0ce0000, 0x00000000f0d60000)
 tenured generation   total 10944K, used 8747K [0x00000000f5aa0000, 0x00000000f6550000, 0x0000000100000000)
   the space 10944K,  79% used [0x00000000f5aa0000, 0x00000000f632ad68, 0x00000000f632ae00, 0x00000000f6550000)
 Metaspace       used 26693K, capacity 27444K, committed 27648K, reserved 1073152K
  class space    used 3322K, capacity 3528K, committed 3584K, reserved 1048576K
Event: 4.265 GC heap after
Heap after GC invocations=58 (full 1):
 def new generation   total 4992K, used 412K [0x00000000f0800000, 0x00000000f0d60000, 0x00000000f5aa0000)
  eden space 4480K,   0% used [0x00000000f0800000, 0x00000000f0800000, 0x00000000f0c60000)
  from space 512K,  80% used [0x00000000f0ce0000, 0x00000000f0d47158, 0x00000000f0d60000)
  to   space 512K,   0% used [0x00000000f0c60000, 0x00000000f0c60000, 0x00000000f0ce0000)
 tenured generation   total 10944K, used 9083K [0x00000000f5aa0000, 0x00000000f6550000, 0x0000000100000000)
   the space 10944K,  83% used [0x00000000f5aa0000, 0x00000000f637eff0, 0x00000000f637f000, 0x00000000f6550000)
 Metaspace       used 26693K, capacity 27444K, committed 27648K, reserved 1073152K
  class space    used 3322K, capacity 3528K, committed 3584K, reserved 1048576K
}
Event: 4.358 GC heap before
{Heap before GC invocations=58 (full 1):
 def new generation   total 4992K, used 4892K [0x00000000f0800000, 0x00000000f0d60000, 0x00000000f5aa0000)
  eden space 4480K, 100% used [0x00000000f0800000, 0x00000000f0c60000, 0x00000000f0c60000)
  from space 512K,  80% used [0x00000000f0ce0000, 0x00000000f0d47158, 0x00000000f0d60000)
  to   space 512K,   0% used [0x00000000f0c60000, 0x00000000f0c60000, 0x00000000f0ce0000)
 tenured generation   total 10944K, used 9083K [0x00000000f5aa0000, 0x00000000f6550000, 0x0000000100000000)
   the space 10944K,  83% used [0x00000000f5aa0000, 0x00000000f637eff0, 0x00000000f637f000, 0x00000000f6550000)
 Metaspace       used 26855K, capacity 27590K, committed 27648K, reserved 1073152K
  class space    used 3332K, capacity 3531K, committed 3584K, reserved 1048576K
Event: 4.361 GC heap after
Heap after GC invocations=59 (full 1):
 def new generation   total 4992K, used 455K [0x00000000f0800000, 0x00000000f0d60000, 0x00000000f5aa0000)
  eden space 4480K,   0% used [0x00000000f0800000, 0x00000000f0800000, 0x00000000f0c60000)
  from space 512K,  88% used [0x00000000f0c60000, 0x00000000f0cd1cd0, 0x00000000f0ce0000)
  to   space 512K,   0% used [0x00000000f0ce0000, 0x00000000f0ce0000, 0x00000000f0d60000)
 tenured generation   total 10944K, used 9322K [0x00000000f5aa0000, 0x00000000f6550000, 0x0000000100000000)
   the space 10944K,  85% used [0x00000000f5aa0000, 0x00000000f63baae8, 0x00000000f63bac00, 0x00000000f6550000)
 Metaspace       used 26855K, capacity 27590K, committed 27648K, reserved 1073152K
  class space    used 3332K, capacity 3531K, committed 3584K, reserved 1048576K
}
Event: 4.446 GC heap before
{Heap before GC invocations=59 (full 1):
 def new generation   total 4992K, used 4935K [0x00000000f0800000, 0x00000000f0d60000, 0x00000000f5aa0000)
  eden space 4480K, 100% used [0x00000000f0800000, 0x00000000f0c60000, 0x00000000f0c60000)
  from space 512K,  88% used [0x00000000f0c60000, 0x00000000f0cd1cd0, 0x00000000f0ce0000)
  to   space 512K,   0% used [0x00000000f0ce0000, 0x00000000f0ce0000, 0x00000000f0d60000)
 tenured generation   total 10944K, used 9322K [0x00000000f5aa0000, 0x00000000f6550000, 0x0000000100000000)
   the space 10944K,  85% used [0x00000000f5aa0000, 0x00000000f63baae8, 0x00000000f63bac00, 0x00000000f6550000)
 Metaspace       used 26981K, capacity 27778K, committed 27904K, reserved 1073152K
  class space    used 3343K, capacity 3541K, committed 3584K, reserved 1048576K
Event: 4.449 GC heap after
Heap after GC invocations=60 (full 1):
 def new generation   total 4992K, used 389K [0x00000000f0800000, 0x00000000f0d60000, 0x00000000f5aa0000)
  eden space 4480K,   0% used [0x00000000f0800000, 0x00000000f0800000, 0x00000000f0c60000)
  from space 512K,  76% used [0x00000000f0ce0000, 0x00000000f0d41560, 0x00000000f0d60000)
  to   space 512K,   0% used [0x00000000f0c60000, 0x00000000f0c60000, 0x00000000f0ce0000)
 tenured generation   total 10944K, used 9599K [0x00000000f5aa0000, 0x00000000f6550000, 0x0000000100000000)
   the space 10944K,  87% used [0x00000000f5aa0000, 0x00000000f63ffe80, 0x00000000f6400000, 0x00000000f6550000)
 Metaspace       used 26981K, capacity 27778K, committed 27904K, reserved 1073152K
  class space    used 3343K, capacity 3541K, committed 3584K, reserved 1048576K
}
Event: 4.510 GC heap before
{Heap before GC invocations=60 (full 1):
 def new generation   total 4992K, used 4869K [0x00000000f0800000, 0x00000000f0d60000, 0x00000000f5aa0000)
  eden space 4480K, 100% used [0x00000000f0800000, 0x00000000f0c60000, 0x00000000f0c60000)
  from space 512K,  76% used [0x00000000f0ce0000, 0x00000000f0d41560, 0x00000000f0d60000)
  to   space 512K,   0% used [0x00000000f0c60000, 0x00000000f0c60000, 0x00000000f0ce0000)
 tenured generation   total 10944K, used 9599K [0x00000000f5aa0000, 0x00000000f6550000, 0x0000000100000000)
   the space 10944K,  87% used [0x00000000f5aa0000, 0x00000000f63ffe80, 0x00000000f6400000, 0x00000000f6550000)
 Metaspace       used 27057K, capacity 27880K, committed 27904K, reserved 1073152K
  class space    used 3352K, capacity 3574K, committed 3584K, reserved 1048576K
Event: 4.512 GC heap after
Heap after GC invocations=61 (full 1):
 def new generation   total 4992K, used 410K [0x00000000f0800000, 0x00000000f0d60000, 0x00000000f5aa0000)
  eden space 4480K,   0% used [0x00000000f0800000, 0x00000000f0800000, 0x00000000f0c60000)
  from space 512K,  80% used [0x00000000f0c60000, 0x00000000f0cc6850, 0x00000000f0ce0000)
  to   space 512K,   0% used [0x00000000f0ce0000, 0x00000000f0ce0000, 0x00000000f0d60000)
 tenured generation   total 10944K, used 9844K [0x00000000f5aa0000, 0x00000000f6550000, 0x0000000100000000)
   the space 10944K,  89% used [0x00000000f5aa0000, 0x00000000f643d098, 0x00000000f643d200, 0x00000000f6550000)
 Metaspace       used 27057K, capacity 27880K, committed 27904K, reserved 1073152K
  class space    used 3352K, capacity 3574K, committed 3584K, reserved 1048576K
}
Event: 4.576 GC heap before
{Heap before GC invocations=61 (full 1):
 def new generation   total 4992K, used 4884K [0x00000000f0800000, 0x00000000f0d60000, 0x00000000f5aa0000)
  eden space 4480K,  99% used [0x00000000f0800000, 0x00000000f0c5e8d0, 0x00000000f0c60000)
  from space 512K,  80% used [0x00000000f0c60000, 0x00000000f0cc6850, 0x00000000f0ce0000)
  to   space 512K,   0% used [0x00000000f0ce0000, 0x00000000f0ce0000, 0x00000000f0d60000)
 tenured generation   total 10944K, used 9844K [0x00000000f5aa0000, 0x00000000f6550000, 0x0000000100000000)
   the space 10944K,  89% used [0x00000000f5aa0000, 0x00000000f643d098, 0x00000000f643d200, 0x00000000f6550000)
 Metaspace       used 27271K, capacity 28046K, committed 28288K, reserved 1073152K
  class space    used 3373K, capacity 3607K, committed 3712K, reserved 1048576K
Event: 4.578 GC heap after
Heap after GC invocations=62 (full 1):
 def new generation   total 4992K, used 381K [0x00000000f0800000, 0x00000000f0d60000, 0x00000000f5aa0000)
  eden space 4480K,   0% used [0x00000000f0800000, 0x00000000f0800000, 0x00000000f0c60000)
  from space 512K,  74% used [0x00000000f0ce0000, 0x00000000f0d3f508, 0x00000000f0d60000)
  to   space 512K,   0% used [0x00000000f0c60000, 0x00000000f0c60000, 0x00000000f0ce0000)
 tenured generation   total 10944K, used 10060K [0x00000000f5aa0000, 0x00000000f6550000, 0x0000000100000000)
   the space 10944K,  91% used [0x00000000f5aa0000, 0x00000000f64730c8, 0x00000000f6473200, 0x00000000f6550000)
 Metaspace       used 27271K, capacity 28046K, committed 28288K, reserved 1073152K
  class space    used 3373K, capacity 3607K, committed 3712K, reserved 1048576K
}
Event: 4.674 GC heap before
{Heap before GC invocations=62 (full 1):
 def new generation   total 4992K, used 4861K [0x00000000f0800000, 0x00000000f0d60000, 0x00000000f5aa0000)
  eden space 4480K, 100% used [0x00000000f0800000, 0x00000000f0c60000, 0x00000000f0c60000)
  from space 512K,  74% used [0x00000000f0ce0000, 0x00000000f0d3f508, 0x00000000f0d60000)
  to   space 512K,   0% used [0x00000000f0c60000, 0x00000000f0c60000, 0x00000000f0ce0000)
 tenured generation   total 10944K, used 10060K [0x00000000f5aa0000, 0x00000000f6550000, 0x0000000100000000)
   the space 10944K,  91% used [0x00000000f5aa0000, 0x00000000f64730c8, 0x00000000f6473200, 0x00000000f6550000)
 Metaspace       used 27891K, capacity 28722K, committed 28800K, reserved 1075200K
  class space    used 3451K, capacity 3681K, committed 3712K, reserved 1048576K
Event: 4.676 GC heap after
Heap after GC invocations=63 (full 1):
 def new generation   total 4992K, used 442K [0x00000000f0800000, 0x00000000f0d60000, 0x00000000f5aa0000)
  eden space 4480K,   0% used [0x00000000f0800000, 0x00000000f0800000, 0x00000000f0c60000)
  from space 512K,  86% used [0x00000000f0c60000, 0x00000000f0cce938, 0x00000000f0ce0000)
  to   space 512K,   0% used [0x00000000f0ce0000, 0x00000000f0ce0000, 0x00000000f0d60000)
 tenured generation   total 10944K, used 10283K [0x00000000f5aa0000, 0x00000000f6550000, 0x0000000100000000)
   the space 10944K,  93% used [0x00000000f5aa0000, 0x00000000f64aae98, 0x00000000f64ab000, 0x00000000f6550000)
 Metaspace       used 27891K, capacity 28722K, committed 28800K, reserved 1075200K
  class space    used 3451K, capacity 3681K, committed 3712K, reserved 1048576K
}
Event: 4.790 GC heap before
{Heap before GC invocations=63 (full 1):
 def new generation   total 4992K, used 4922K [0x00000000f0800000, 0x00000000f0d60000, 0x00000000f5aa0000)
  eden space 4480K, 100% used [0x00000000f0800000, 0x00000000f0c60000, 0x00000000f0c60000)
  from space 512K,  86% used [0x00000000f0c60000, 0x00000000f0cce938, 0x00000000f0ce0000)
  to   space 512K,   0% used [0x00000000f0ce0000, 0x00000000f0ce0000, 0x00000000f0d60000)
 tenured generation   total 10944K, used 10283K [0x00000000f5aa0000, 0x00000000f6550000, 0x0000000100000000)
   the space 10944K,  93% used [0x00000000f5aa0000, 0x00000000f64aae98, 0x00000000f64ab000, 0x00000000f6550000)
 Metaspace       used 28298K, capacity 29262K, committed 29440K, reserved 1075200K
  class space    used 3521K, capacity 3779K, committed 3840K, reserved 1048576K
Event: 4.793 GC heap after
Heap after GC invocations=64 (full 1):
 def new generation   total 4992K, used 467K [0x00000000f0800000, 0x00000000f0d60000, 0x00000000f5aa0000)
  eden space 4480K,   0% used [0x00000000f0800000, 0x00000000f0800000, 0x00000000f0c60000)
  from space 512K,  91% used [0x00000000f0ce0000, 0x00000000f0d54c40, 0x00000000f0d60000)
  to   space 512K,   0% used [0x00000000f0c60000, 0x00000000f0c60000, 0x00000000f0ce0000)
 tenured generation   total 10944K, used 10608K [0x00000000f5aa0000, 0x00000000f6550000, 0x0000000100000000)
   the space 10944K,  96% used [0x00000000f5aa0000, 0x00000000f64fc218, 0x00000000f64fc400, 0x00000000f6550000)
 Metaspace       used 28298K, capacity 29262K, committed 29440K, reserved 1075200K
  class space    used 3521K, capacity 3779K, committed 3840K, reserved 1048576K
}
Event: 4.854 GC heap before
{Heap before GC invocations=64 (full 1):
 def new generation   total 4992K, used 4947K [0x00000000f0800000, 0x00000000f0d60000, 0x00000000f5aa0000)
  eden space 4480K, 100% used [0x00000000f0800000, 0x00000000f0c60000, 0x00000000f0c60000)
  from space 512K,  91% used [0x00000000f0ce0000, 0x00000000f0d54c40, 0x00000000f0d60000)
  to   space 512K,   0% used [0x00000000f0c60000, 0x00000000f0c60000, 0x00000000f0ce0000)
 tenured generation   total 10944K, used 10608K [0x00000000f5aa0000, 0x00000000f6550000, 0x0000000100000000)
   the space 10944K,  96% used [0x00000000f5aa0000, 0x00000000f64fc218, 0x00000000f64fc400, 0x00000000f6550000)
 Metaspace       used 28437K, capacity 29374K, committed 29440K, reserved 1075200K
  class space    used 3548K, capacity 3789K, committed 3840K, reserved 1048576K
Event: 4.857 GC heap after
Heap after GC invocations=65 (full 1):
 def new generation   total 4992K, used 346K [0x00000000f0800000, 0x00000000f0d60000, 0x00000000f5aa0000)
  eden space 4480K,   0% used [0x00000000f0800000, 0x00000000f0800000, 0x00000000f0c60000)
  from space 512K,  67% used [0x00000000f0c60000, 0x00000000f0cb6a70, 0x00000000f0ce0000)
  to   space 512K,   0% used [0x00000000f0ce0000, 0x00000000f0ce0000, 0x00000000f0d60000)
 tenured generation   total 10944K, used 10920K [0x00000000f5aa0000, 0x00000000f6550000, 0x0000000100000000)
   the space 10944K,  99% used [0x00000000f5aa0000, 0x00000000f654a300, 0x00000000f654a400, 0x00000000f6550000)
 Metaspace       used 28437K, capacity 29374K, committed 29440K, reserved 1075200K
  class space    used 3548K, capacity 3789K, committed 3840K, reserved 1048576K
}
Event: 4.914 GC heap before
{Heap before GC invocations=65 (full 1):
 def new generation   total 4992K, used 4826K [0x00000000f0800000, 0x00000000f0d60000, 0x00000000f5aa0000)
  eden space 4480K, 100% used [0x00000000f0800000, 0x00000000f0c60000, 0x00000000f0c60000)
  from space 512K,  67% used [0x00000000f0c60000, 0x00000000f0cb6a70, 0x00000000f0ce0000)
  to   space 512K,   0% used [0x00000000f0ce0000, 0x00000000f0ce0000, 0x00000000f0d60000)
 tenured generation   total 10944K, used 10920K [0x00000000f5aa0000, 0x00000000f6550000, 0x0000000100000000)
   the space 10944K,  99% used [0x00000000f5aa0000, 0x00000000f654a300, 0x00000000f654a400, 0x00000000f6550000)
 Metaspace       used 28502K, capacity 29386K, committed 29440K, reserved 1075200K
  class space    used 3558K, capacity 3791K, committed 3840K, reserved 1048576K
Event: 4.956 GC heap after
Heap after GC invocations=66 (full 2):
 def new generation   total 7296K, used 0K [0x00000000f0800000, 0x00000000f0fe0000, 0x00000000f5aa0000)
  eden space 6528K,   0% used [0x00000000f0800000, 0x00000000f0800000, 0x00000000f0e60000)
  from space 768K,   0% used [0x00000000f0e60000, 0x00000000f0e60000, 0x00000000f0f20000)
  to   space 768K,   0% used [0x00000000f0f20000, 0x00000000f0f20000, 0x00000000f0fe0000)
 tenured generation   total 15968K, used 9578K [0x00000000f5aa0000, 0x00000000f6a38000, 0x0000000100000000)
   the space 15968K,  59% used [0x00000000f5aa0000, 0x00000000f63fa9a8, 0x00000000f63faa00, 0x00000000f6a38000)
 Metaspace       used 28502K, capacity 29386K, committed 29440K, reserved 1075200K
  class space    used 3558K, capacity 3791K, committed 3840K, reserved 1048576K
}
Event: 5.082 GC heap before
{Heap before GC invocations=66 (full 2):
 def new generation   total 7296K, used 6528K [0x00000000f0800000, 0x00000000f0fe0000, 0x00000000f5aa0000)
  eden space 6528K, 100% used [0x00000000f0800000, 0x00000000f0e60000, 0x00000000f0e60000)
  from space 768K,   0% used [0x00000000f0e60000, 0x00000000f0e60000, 0x00000000f0f20000)
  to   space 768K,   0% used [0x00000000f0f20000, 0x00000000f0f20000, 0x00000000f0fe0000)
 tenured generation   total 15968K, used 9578K [0x00000000f5aa0000, 0x00000000f6a38000, 0x0000000100000000)
   the space 15968K,  59% used [0x00000000f5aa0000, 0x00000000f63fa9a8, 0x00000000f63faa00, 0x00000000f6a38000)
 Metaspace       used 28942K, capacity 29850K, committed 30080K, reserved 1075200K
  class space    used 3634K, capacity 3875K, committed 3968K, reserved 1048576K
Event: 5.085 GC heap after
Heap after GC invocations=67 (full 2):
 def new generation   total 7296K, used 689K [0x00000000f0800000, 0x00000000f0fe0000, 0x00000000f5aa0000)
  eden space 6528K,   0% used [0x00000000f0800000, 0x00000000f0800000, 0x00000000f0e60000)
  from space 768K,  89% used [0x00000000f0f20000, 0x00000000f0fcc7e0, 0x00000000f0fe0000)
  to   space 768K,   0% used [0x00000000f0e60000, 0x00000000f0e60000, 0x00000000f0f20000)
 tenured generation   total 15968K, used 9578K [0x00000000f5aa0000, 0x00000000f6a38000, 0x0000000100000000)
   the space 15968K,  59% used [0x00000000f5aa0000, 0x00000000f63fa9a8, 0x00000000f63faa00, 0x00000000f6a38000)
 Metaspace       used 28942K, capacity 29850K, committed 30080K, reserved 1075200K
  class space    used 3634K, capacity 3875K, committed 3968K, reserved 1048576K
}
Event: 5.223 GC heap before
{Heap before GC invocations=67 (full 2):
 def new generation   total 7296K, used 7217K [0x00000000f0800000, 0x00000000f0fe0000, 0x00000000f5aa0000)
  eden space 6528K, 100% used [0x00000000f0800000, 0x00000000f0e60000, 0x00000000f0e60000)
  from space 768K,  89% used [0x00000000f0f20000, 0x00000000f0fcc7e0, 0x00000000f0fe0000)
  to   space 768K,   0% used [0x00000000f0e60000, 0x00000000f0e60000, 0x00000000f0f20000)
 tenured generation   total 15968K, used 9578K [0x00000000f5aa0000, 0x00000000f6a38000, 0x0000000100000000)
   the space 15968K,  59% used [0x00000000f5aa0000, 0x00000000f63fa9a8, 0x00000000f63faa00, 0x00000000f6a38000)
 Metaspace       used 29479K, capacity 30448K, committed 30592K, reserved 1075200K
  class space    used 3697K, capacity 3942K, committed 3968K, reserved 1048576K
Event: 5.227 GC heap after
Heap after GC invocations=68 (full 2):
 def new generation   total 7296K, used 767K [0x00000000f0800000, 0x00000000f0fe0000, 0x00000000f5aa0000)
  eden space 6528K,   0% used [0x00000000f0800000, 0x00000000f0800000, 0x00000000f0e60000)
  from space 768K,  99% used [0x00000000f0e60000, 0x00000000f0f1ffa8, 0x00000000f0f20000)
  to   space 768K,   0% used [0x00000000f0f20000, 0x00000000f0f20000, 0x00000000f0fe0000)
 tenured generation   total 15968K, used 9864K [0x00000000f5aa0000, 0x00000000f6a38000, 0x0000000100000000)
   the space 15968K,  61% used [0x00000000f5aa0000, 0x00000000f6442260, 0x00000000f6442400, 0x00000000f6a38000)
 Metaspace       used 29479K, capacity 30448K, committed 30592K, reserved 1075200K
  class space    used 3697K, capacity 3942K, committed 3968K, reserved 1048576K
}
Event: 5.359 GC heap before
{Heap before GC invocations=68 (full 2):
 def new generation   total 7296K, used 7295K [0x00000000f0800000, 0x00000000f0fe0000, 0x00000000f5aa0000)
  eden space 6528K, 100% used [0x00000000f0800000, 0x00000000f0e60000, 0x00000000f0e60000)
  from space 768K,  99% used [0x00000000f0e60000, 0x00000000f0f1ffa8, 0x00000000f0f20000)
  to   space 768K,   0% used [0x00000000f0f20000, 0x00000000f0f20000, 0x00000000f0fe0000)
 tenured generation   total 15968K, used 9864K [0x00000000f5aa0000, 0x00000000f6a38000, 0x0000000100000000)
   the space 15968K,  61% used [0x00000000f5aa0000, 0x00000000f6442260, 0x00000000f6442400, 0x00000000f6a38000)
 Metaspace       used 29867K, capacity 30854K, committed 31232K, reserved 1077248K
  class space    used 3754K, capacity 4013K, committed 4096K, reserved 1048576K
Event: 5.361 GC heap after
Heap after GC invocations=69 (full 2):
 def new generation   total 7296K, used 616K [0x00000000f0800000, 0x00000000f0fe0000, 0x00000000f5aa0000)
  eden space 6528K,   0% used [0x00000000f0800000, 0x00000000f0800000, 0x00000000f0e60000)
  from space 768K,  80% used [0x00000000f0f20000, 0x00000000f0fba348, 0x00000000f0fe0000)
  to   space 768K,   0% used [0x00000000f0e60000, 0x00000000f0e60000, 0x00000000f0f20000)
 tenured generation   total 15968K, used 10110K [0x00000000f5aa0000, 0x00000000f6a38000, 0x0000000100000000)
   the space 15968K,  63% used [0x00000000f5aa0000, 0x00000000f647f968, 0x00000000f647fa00, 0x00000000f6a38000)
 Metaspace       used 29867K, capacity 30854K, committed 31232K, reserved 1077248K
  class space    used 3754K, capacity 4013K, committed 4096K, reserved 1048576K
}
Event: 5.501 GC heap before
{Heap before GC invocations=69 (full 2):
 def new generation   total 7296K, used 7144K [0x00000000f0800000, 0x00000000f0fe0000, 0x00000000f5aa0000)
  eden space 6528K, 100% used [0x00000000f0800000, 0x00000000f0e60000, 0x00000000f0e60000)
  from space 768K,  80% used [0x00000000f0f20000, 0x00000000f0fba348, 0x00000000f0fe0000)
  to   space 768K,   0% used [0x00000000f0e60000, 0x00000000f0e60000, 0x00000000f0f20000)
 tenured generation   total 15968K, used 10110K [0x00000000f5aa0000, 0x00000000f6a38000, 0x0000000100000000)
   the space 15968K,  63% used [0x00000000f5aa0000, 0x00000000f647f968, 0x00000000f647fa00, 0x00000000f6a38000)
 Metaspace       used 30327K, capacity 31446K, committed 31488K, reserved 1077248K
  class space    used 3821K, capacity 4081K, committed 4096K, reserved 1048576K
Event: 5.504 GC heap after
Heap after GC invocations=70 (full 2):
 def new generation   total 7296K, used 485K [0x00000000f0800000, 0x00000000f0fe0000, 0x00000000f5aa0000)
  eden space 6528K,   0% used [0x00000000f0800000, 0x00000000f0800000, 0x00000000f0e60000)
  from space 768K,  63% used [0x00000000f0e60000, 0x00000000f0ed94d0, 0x00000000f0f20000)
  to   space 768K,   0% used [0x00000000f0f20000, 0x00000000f0f20000, 0x00000000f0fe0000)
 tenured generation   total 15968K, used 10308K [0x00000000f5aa0000, 0x00000000f6a38000, 0x0000000100000000)
   the space 15968K,  64% used [0x00000000f5aa0000, 0x00000000f64b1070, 0x00000000f64b1200, 0x00000000f6a38000)
 Metaspace       used 30327K, capacity 31446K, committed 31488K, reserved 1077248K
  class space    used 3821K, capacity 4081K, committed 4096K, reserved 1048576K
}
Event: 5.659 GC heap before
{Heap before GC invocations=70 (full 2):
 def new generation   total 7296K, used 7013K [0x00000000f0800000, 0x00000000f0fe0000, 0x00000000f5aa0000)
  eden space 6528K, 100% used [0x00000000f0800000, 0x00000000f0e60000, 0x00000000f0e60000)
  from space 768K,  63% used [0x00000000f0e60000, 0x00000000f0ed94d0, 0x00000000f0f20000)
  to   space 768K,   0% used [0x00000000f0f20000, 0x00000000f0f20000, 0x00000000f0fe0000)
 tenured generation   total 15968K, used 10308K [0x00000000f5aa0000, 0x00000000f6a38000, 0x0000000100000000)
   the space 15968K,  64% used [0x00000000f5aa0000, 0x00000000f64b1070, 0x00000000f64b1200, 0x00000000f6a38000)
 Metaspace       used 30627K, capacity 31788K, committed 32128K, reserved 1077248K
  class space    used 3872K, capacity 4134K, committed 4224K, reserved 1048576K
Event: 5.662 GC heap after
Heap after GC invocations=71 (full 2):
 def new generation   total 7296K, used 542K [0x00000000f0800000, 0x00000000f0fe0000, 0x00000000f5aa0000)
  eden space 6528K,   0% used [0x00000000f0800000, 0x00000000f0800000, 0x00000000f0e60000)
  from space 768K,  70% used [0x00000000f0f20000, 0x00000000f0fa7ac8, 0x00000000f0fe0000)
  to   space 768K,   0% used [0x00000000f0e60000, 0x00000000f0e60000, 0x00000000f0f20000)
 tenured generation   total 15968K, used 10465K [0x00000000f5aa0000, 0x00000000f6a38000, 0x0000000100000000)
   the space 15968K,  65% used [0x00000000f5aa0000, 0x00000000f64d8580, 0x00000000f64d8600, 0x00000000f6a38000)
 Metaspace       used 30627K, capacity 31788K, committed 32128K, reserved 1077248K
  class space    used 3872K, capacity 4134K, committed 4224K, reserved 1048576K
}
Event: 5.776 GC heap before
{Heap before GC invocations=71 (full 2):
 def new generation   total 7296K, used 7070K [0x00000000f0800000, 0x00000000f0fe0000, 0x00000000f5aa0000)
  eden space 6528K, 100% used [0x00000000f0800000, 0x00000000f0e60000, 0x00000000f0e60000)
  from space 768K,  70% used [0x00000000f0f20000, 0x00000000f0fa7ac8, 0x00000000f0fe0000)
  to   space 768K,   0% used [0x00000000f0e60000, 0x00000000f0e60000, 0x00000000f0f20000)
 tenured generation   total 15968K, used 10465K [0x00000000f5aa0000, 0x00000000f6a38000, 0x0000000100000000)
   the space 15968K,  65% used [0x00000000f5aa0000, 0x00000000f64d8580, 0x00000000f64d8600, 0x00000000f6a38000)
 Metaspace       used 30906K, capacity 32126K, committed 32384K, reserved 1077248K
  class space    used 3918K, capacity 4201K, committed 4224K, reserved 1048576K
Event: 5.779 GC heap after
Heap after GC invocations=72 (full 2):
 def new generation   total 7296K, used 543K [0x00000000f0800000, 0x00000000f0fe0000, 0x00000000f5aa0000)
  eden space 6528K,   0% used [0x00000000f0800000, 0x00000000f0800000, 0x00000000f0e60000)
  from space 768K,  70% used [0x00000000f0e60000, 0x00000000f0ee7f90, 0x00000000f0f20000)
  to   space 768K,   0% used [0x00000000f0f20000, 0x00000000f0f20000, 0x00000000f0fe0000)
 tenured generation   total 15968K, used 10753K [0x00000000f5aa0000, 0x00000000f6a38000, 0x0000000100000000)
   the space 15968K,  67% used [0x00000000f5aa0000, 0x00000000f65204c8, 0x00000000f6520600, 0x00000000f6a38000)
 Metaspace       used 30906K, capacity 32126K, committed 32384K, reserved 1077248K
  class space    used 3918K, capacity 4201K, committed 4224K, reserved 1048576K
}
Event: 5.902 GC heap before
{Heap before GC invocations=72 (full 2):
 def new generation   total 7296K, used 7071K [0x00000000f0800000, 0x00000000f0fe0000, 0x00000000f5aa0000)
  eden space 6528K, 100% used [0x00000000f0800000, 0x00000000f0e60000, 0x00000000f0e60000)
  from space 768K,  70% used [0x00000000f0e60000, 0x00000000f0ee7f90, 0x00000000f0f20000)
  to   space 768K,   0% used [0x00000000f0f20000, 0x00000000f0f20000, 0x00000000f0fe0000)
 tenured generation   total 15968K, used 10753K [0x00000000f5aa0000, 0x00000000f6a38000, 0x0000000100000000)
   the space 15968K,  67% used [0x00000000f5aa0000, 0x00000000f65204c8, 0x00000000f6520600, 0x00000000f6a38000)
 Metaspace       used 31358K, capacity 32510K, committed 32768K, reserved 1077248K
  class space    used 3982K, capacity 4265K, committed 4352K, reserved 1048576K
Event: 5.905 GC heap after
Heap after GC invocations=73 (full 2):
 def new generation   total 7296K, used 577K [0x00000000f0800000, 0x00000000f0fe0000, 0x00000000f5aa0000)
  eden space 6528K,   0% used [0x00000000f0800000, 0x00000000f0800000, 0x00000000f0e60000)
  from space 768K,  75% used [0x00000000f0f20000, 0x00000000f0fb07e8, 0x00000000f0fe0000)
  to   space 768K,   0% used [0x00000000f0e60000, 0x00000000f0e60000, 0x00000000f0f20000)
 tenured generation   total 15968K, used 10968K [0x00000000f5aa0000, 0x00000000f6a38000, 0x0000000100000000)
   the space 15968K,  68% used [0x00000000f5aa0000, 0x00000000f6556210, 0x00000000f6556400, 0x00000000f6a38000)
 Metaspace       used 31358K, capacity 32510K, committed 32768K, reserved 1077248K
  class space    used 3982K, capacity 4265K, committed 4352K, reserved 1048576K
}
Event: 6.082 GC heap before
{Heap before GC invocations=73 (full 2):
 def new generation   total 7296K, used 7105K [0x00000000f0800000, 0x00000000f0fe0000, 0x00000000f5aa0000)
  eden space 6528K, 100% used [0x00000000f0800000, 0x00000000f0e60000, 0x00000000f0e60000)
  from space 768K,  75% used [0x00000000f0f20000, 0x00000000f0fb07e8, 0x00000000f0fe0000)
  to   space 768K,   0% used [0x00000000f0e60000, 0x00000000f0e60000, 0x00000000f0f20000)
 tenured generation   total 15968K, used 10968K [0x00000000f5aa0000, 0x00000000f6a38000, 0x0000000100000000)
   the space 15968K,  68% used [0x00000000f5aa0000, 0x00000000f6556210, 0x00000000f6556400, 0x00000000f6a38000)
 Metaspace       used 31951K, capacity 33150K, committed 33280K, reserved 1079296K
  class space    used 4050K, capacity 4329K, committed 4352K, reserved 1048576K
Event: 6.085 GC heap after
Heap after GC invocations=74 (full 2):
 def new generation   total 7296K, used 600K [0x00000000f0800000, 0x00000000f0fe0000, 0x00000000f5aa0000)
  eden space 6528K,   0% used [0x00000000f0800000, 0x00000000f0800000, 0x00000000f0e60000)
  from space 768K,  78% used [0x00000000f0e60000, 0x00000000f0ef6200, 0x00000000f0f20000)
  to   space 768K,   0% used [0x00000000f0f20000, 0x00000000f0f20000, 0x00000000f0fe0000)
 tenured generation   total 15968K, used 11173K [0x00000000f5aa0000, 0x00000000f6a38000, 0x0000000100000000)
   the space 15968K,  69% used [0x00000000f5aa0000, 0x00000000f65897a8, 0x00000000f6589800, 0x00000000f6a38000)
 Metaspace       used 31951K, capacity 33150K, committed 33280K, reserved 1079296K
  class space    used 4050K, capacity 4329K, committed 4352K, reserved 1048576K
}
Event: 6.270 GC heap before
{Heap before GC invocations=74 (full 2):
 def new generation   total 7296K, used 7128K [0x00000000f0800000, 0x00000000f0fe0000, 0x00000000f5aa0000)
  eden space 6528K, 100% used [0x00000000f0800000, 0x00000000f0e60000, 0x00000000f0e60000)
  from space 768K,  78% used [0x00000000f0e60000, 0x00000000f0ef6200, 0x00000000f0f20000)
  to   space 768K,   0% used [0x00000000f0f20000, 0x00000000f0f20000, 0x00000000f0fe0000)
 tenured generation   total 15968K, used 11173K [0x00000000f5aa0000, 0x00000000f6a38000, 0x0000000100000000)
   the space 15968K,  69% used [0x00000000f5aa0000, 0x00000000f65897a8, 0x00000000f6589800, 0x00000000f6a38000)
 Metaspace       used 32313K, capacity 33486K, committed 33536K, reserved 1079296K
  class space    used 4075K, capacity 4331K, committed 4352K, reserved 1048576K
Event: 6.273 GC heap after
Heap after GC invocations=75 (full 2):
 def new generation   total 7296K, used 321K [0x00000000f0800000, 0x00000000f0fe0000, 0x00000000f5aa0000)
  eden space 6528K,   0% used [0x00000000f0800000, 0x00000000f0800000, 0x00000000f0e60000)
  from space 768K,  41% used [0x00000000f0f20000, 0x00000000f0f705b0, 0x00000000f0fe0000)
  to   space 768K,   0% used [0x00000000f0e60000, 0x00000000f0e60000, 0x00000000f0f20000)
 tenured generation   total 15968K, used 11329K [0x00000000f5aa0000, 0x00000000f6a38000, 0x0000000100000000)
   the space 15968K,  70% used [0x00000000f5aa0000, 0x00000000f65b05b0, 0x00000000f65b0600, 0x00000000f6a38000)
 Metaspace       used 32313K, capacity 33486K, committed 33536K, reserved 1079296K
  class space    used 4075K, capacity 4331K, committed 4352K, reserved 1048576K
}
Event: 6.416 GC heap before
{Heap before GC invocations=75 (full 2):
 def new generation   total 7296K, used 6849K [0x00000000f0800000, 0x00000000f0fe0000, 0x00000000f5aa0000)
  eden space 6528K, 100% used [0x00000000f0800000, 0x00000000f0e60000, 0x00000000f0e60000)
  from space 768K,  41% used [0x00000000f0f20000, 0x00000000f0f705b0, 0x00000000f0fe0000)
  to   space 768K,   0% used [0x00000000f0e60000, 0x00000000f0e60000, 0x00000000f0f20000)
 tenured generation   total 15968K, used 11329K [0x00000000f5aa0000, 0x00000000f6a38000, 0x0000000100000000)
   the space 15968K,  70% used [0x00000000f5aa0000, 0x00000000f65b05b0, 0x00000000f65b0600, 0x00000000f6a38000)
 Metaspace       used 32688K, capacity 33894K, committed 34176K, reserved 1079296K
  class space    used 4112K, capacity 4399K, committed 4480K, reserved 1048576K
Event: 6.419 GC heap after
Heap after GC invocations=76 (full 2):
 def new generation   total 7296K, used 685K [0x00000000f0800000, 0x00000000f0fe0000, 0x00000000f5aa0000)
  eden space 6528K,   0% used [0x00000000f0800000, 0x00000000f0800000, 0x00000000f0e60000)
  from space 768K,  89% used [0x00000000f0e60000, 0x00000000f0f0b5e8, 0x00000000f0f20000)
  to   space 768K,   0% used [0x00000000f0f20000, 0x00000000f0f20000, 0x00000000f0fe0000)
 tenured generation   total 15968K, used 11329K [0x00000000f5aa0000, 0x00000000f6a38000, 0x0000000100000000)
   the space 15968K,  70% used [0x00000000f5aa0000, 0x00000000f65b05b0, 0x00000000f65b0600, 0x00000000f6a38000)
 Metaspace       used 32688K, capacity 33894K, committed 34176K, reserved 1079296K
  class space    used 4112K, capacity 4399K, committed 4480K, reserved 1048576K
}
Event: 6.554 GC heap before
{Heap before GC invocations=76 (full 2):
 def new generation   total 7296K, used 7213K [0x00000000f0800000, 0x00000000f0fe0000, 0x00000000f5aa0000)
  eden space 6528K, 100% used [0x00000000f0800000, 0x00000000f0e60000, 0x00000000f0e60000)
  from space 768K,  89% used [0x00000000f0e60000, 0x00000000f0f0b5e8, 0x00000000f0f20000)
  to   space 768K,   0% used [0x00000000f0f20000, 0x00000000f0f20000, 0x00000000f0fe0000)
 tenured generation   total 15968K, used 11329K [0x00000000f5aa0000, 0x00000000f6a38000, 0x0000000100000000)
   the space 15968K,  70% used [0x00000000f5aa0000, 0x00000000f65b05b0, 0x00000000f65b0600, 0x00000000f6a38000)
 Metaspace       used 32939K, capacity 34180K, committed 34432K, reserved 1079296K
  class space    used 4145K, capacity 4440K, committed 4480K, reserved 1048576K
Event: 6.564 GC heap after
Heap after GC invocations=77 (full 2):
 def new generation   total 7296K, used 768K [0x00000000f0800000, 0x00000000f0fe0000, 0x00000000f5aa0000)
  eden space 6528K,   0% used [0x00000000f0800000, 0x00000000f0800000, 0x00000000f0e60000)
  from space 768K, 100% used [0x00000000f0f20000, 0x00000000f0fe0000, 0x00000000f0fe0000)
  to   space 768K,   0% used [0x00000000f0e60000, 0x00000000f0e60000, 0x00000000f0f20000)
 tenured generation   total 15968K, used 11984K [0x00000000f5aa0000, 0x00000000f6a38000, 0x0000000100000000)
   the space 15968K,  75% used [0x00000000f5aa0000, 0x00000000f6654218, 0x00000000f6654400, 0x00000000f6a38000)
 Metaspace       used 32939K, capacity 34180K, committed 34432K, reserved 1079296K
  class space    used 4145K, capacity 4440K, committed 4480K, reserved 1048576K
}
Event: 6.663 GC heap before
{Heap before GC invocations=77 (full 2):
 def new generation   total 7296K, used 7296K [0x00000000f0800000, 0x00000000f0fe0000, 0x00000000f5aa0000)
  eden space 6528K, 100% used [0x00000000f0800000, 0x00000000f0e60000, 0x00000000f0e60000)
  from space 768K, 100% used [0x00000000f0f20000, 0x00000000f0fe0000, 0x00000000f0fe0000)
  to   space 768K,   0% used [0x00000000f0e60000, 0x00000000f0e60000, 0x00000000f0f20000)
 tenured generation   total 15968K, used 11984K [0x00000000f5aa0000, 0x00000000f6a38000, 0x0000000100000000)
   the space 15968K,  75% used [0x00000000f5aa0000, 0x00000000f6654218, 0x00000000f6654400, 0x00000000f6a38000)
 Metaspace       used 33157K, capacity 34460K, committed 34816K, reserved 1079296K
  class space    used 4179K, capacity 4482K, committed 4608K, reserved 1048576K
Event: 6.667 GC heap after
Heap after GC invocations=78 (full 2):
 def new generation   total 7296K, used 408K [0x00000000f0800000, 0x00000000f0fe0000, 0x00000000f5aa0000)
  eden space 6528K,   0% used [0x00000000f0800000, 0x00000000f0800000, 0x00000000f0e60000)
  from space 768K,  53% used [0x00000000f0e60000, 0x00000000f0ec62e8, 0x00000000f0f20000)
  to   space 768K,   0% used [0x00000000f0f20000, 0x00000000f0f20000, 0x00000000f0fe0000)
 tenured generation   total 15968K, used 12748K [0x00000000f5aa0000, 0x00000000f6a38000, 0x0000000100000000)
   the space 15968K,  79% used [0x00000000f5aa0000, 0x00000000f67131b0, 0x00000000f6713200, 0x00000000f6a38000)
 Metaspace       used 33157K, capacity 34460K, committed 34816K, reserved 1079296K
  class space    used 4179K, capacity 4482K, committed 4608K, reserved 1048576K
}
Event: 6.743 GC heap before
{Heap before GC invocations=78 (full 2):
 def new generation   total 7296K, used 6936K [0x00000000f0800000, 0x00000000f0fe0000, 0x00000000f5aa0000)
  eden space 6528K, 100% used [0x00000000f0800000, 0x00000000f0e60000, 0x00000000f0e60000)
  from space 768K,  53% used [0x00000000f0e60000, 0x00000000f0ec62e8, 0x00000000f0f20000)
  to   space 768K,   0% used [0x00000000f0f20000, 0x00000000f0f20000, 0x00000000f0fe0000)
 tenured generation   total 15968K, used 12748K [0x00000000f5aa0000, 0x00000000f6a38000, 0x0000000100000000)
   the space 15968K,  79% used [0x00000000f5aa0000, 0x00000000f67131b0, 0x00000000f6713200, 0x00000000f6a38000)
 Metaspace       used 33287K, capacity 34566K, committed 34816K, reserved 1079296K
  class space    used 4201K, capacity 4517K, committed 4608K, reserved 1048576K
Event: 6.746 GC heap after
Heap after GC invocations=79 (full 2):
 def new generation   total 7296K, used 213K [0x00000000f0800000, 0x00000000f0fe0000, 0x00000000f5aa0000)
  eden space 6528K,   0% used [0x00000000f0800000, 0x00000000f0800000, 0x00000000f0e60000)
  from space 768K,  27% used [0x00000000f0f20000, 0x00000000f0f55798, 0x00000000f0fe0000)
  to   space 768K,   0% used [0x00000000f0e60000, 0x00000000f0e60000, 0x00000000f0f20000)
 tenured generation   total 15968K, used 13015K [0x00000000f5aa0000, 0x00000000f6a38000, 0x0000000100000000)
   the space 15968K,  81% used [0x00000000f5aa0000, 0x00000000f6755c10, 0x00000000f6755e00, 0x00000000f6a38000)
 Metaspace       used 33287K, capacity 34566K, committed 34816K, reserved 1079296K
  class space    used 4201K, capacity 4517K, committed 4608K, reserved 1048576K
}
Event: 6.846 GC heap before
{Heap before GC invocations=79 (full 2):
 def new generation   total 7296K, used 6741K [0x00000000f0800000, 0x00000000f0fe0000, 0x00000000f5aa0000)
  eden space 6528K, 100% used [0x00000000f0800000, 0x00000000f0e60000, 0x00000000f0e60000)
  from space 768K,  27% used [0x00000000f0f20000, 0x00000000f0f55798, 0x00000000f0fe0000)
  to   space 768K,   0% used [0x00000000f0e60000, 0x00000000f0e60000, 0x00000000f0f20000)
 tenured generation   total 15968K, used 13015K [0x00000000f5aa0000, 0x00000000f6a38000, 0x0000000100000000)
   the space 15968K,  81% used [0x00000000f5aa0000, 0x00000000f6755c10, 0x00000000f6755e00, 0x00000000f6a38000)
 Metaspace       used 33401K, capacity 34718K, committed 34816K, reserved 1079296K
  class space    used 4217K, capacity 4521K, committed 4608K, reserved 1048576K
Event: 6.849 GC heap after
Heap after GC invocations=80 (full 2):
 def new generation   total 7296K, used 405K [0x00000000f0800000, 0x00000000f0fe0000, 0x00000000f5aa0000)
  eden space 6528K,   0% used [0x00000000f0800000, 0x00000000f0800000, 0x00000000f0e60000)
  from space 768K,  52% used [0x00000000f0e60000, 0x00000000f0ec5538, 0x00000000f0f20000)
  to   space 768K,   0% used [0x00000000f0f20000, 0x00000000f0f20000, 0x00000000f0fe0000)
 tenured generation   total 15968K, used 13015K [0x00000000f5aa0000, 0x00000000f6a38000, 0x0000000100000000)
   the space 15968K,  81% used [0x00000000f5aa0000, 0x00000000f6755c10, 0x00000000f6755e00, 0x00000000f6a38000)
 Metaspace       used 33401K, capacity 34718K, committed 34816K, reserved 1079296K
  class space    used 4217K, capacity 4521K, committed 4608K, reserved 1048576K
}
Event: 6.944 GC heap before
{Heap before GC invocations=80 (full 2):
 def new generation   total 7296K, used 6933K [0x00000000f0800000, 0x00000000f0fe0000, 0x00000000f5aa0000)
  eden space 6528K, 100% used [0x00000000f0800000, 0x00000000f0e60000, 0x00000000f0e60000)
  from space 768K,  52% used [0x00000000f0e60000, 0x00000000f0ec5538, 0x00000000f0f20000)
  to   space 768K,   0% used [0x00000000f0f20000, 0x00000000f0f20000, 0x00000000f0fe0000)
 tenured generation   total 15968K, used 13015K [0x00000000f5aa0000, 0x00000000f6a38000, 0x0000000100000000)
   the space 15968K,  81% used [0x00000000f5aa0000, 0x00000000f6755c10, 0x00000000f6755e00, 0x00000000f6a38000)
 Metaspace       used 33516K, capacity 34894K, committed 35072K, reserved 1079296K
  class space    used 4234K, capacity 4555K, committed 4608K, reserved 1048576K
Event: 6.947 GC heap after
Heap after GC invocations=81 (full 2):
 def new generation   total 7296K, used 467K [0x00000000f0800000, 0x00000000f0fe0000, 0x00000000f5aa0000)
  eden space 6528K,   0% used [0x00000000f0800000, 0x00000000f0800000, 0x00000000f0e60000)
  from space 768K,  60% used [0x00000000f0f20000, 0x00000000f0f94c00, 0x00000000f0fe0000)
  to   space 768K,   0% used [0x00000000f0e60000, 0x00000000f0e60000, 0x00000000f0f20000)
 tenured generation   total 15968K, used 13120K [0x00000000f5aa0000, 0x00000000f6a38000, 0x0000000100000000)
   the space 15968K,  82% used [0x00000000f5aa0000, 0x00000000f6770348, 0x00000000f6770400, 0x00000000f6a38000)
 Metaspace       used 33516K, capacity 34894K, committed 35072K, reserved 1079296K
  class space    used 4234K, capacity 4555K, committed 4608K, reserved 1048576K
}
Event: 7.046 GC heap before
{Heap before GC invocations=81 (full 2):
 def new generation   total 7296K, used 6995K [0x00000000f0800000, 0x00000000f0fe0000, 0x00000000f5aa0000)
  eden space 6528K, 100% used [0x00000000f0800000, 0x00000000f0e60000, 0x00000000f0e60000)
  from space 768K,  60% used [0x00000000f0f20000, 0x00000000f0f94c00, 0x00000000f0fe0000)
  to   space 768K,   0% used [0x00000000f0e60000, 0x00000000f0e60000, 0x00000000f0f20000)
 tenured generation   total 15968K, used 13120K [0x00000000f5aa0000, 0x00000000f6a38000, 0x0000000100000000)
   the space 15968K,  82% used [0x00000000f5aa0000, 0x00000000f6770348, 0x00000000f6770400, 0x00000000f6a38000)
 Metaspace       used 33680K, capacity 34958K, committed 35072K, reserved 1079296K
  class space    used 4261K, capacity 4555K, committed 4608K, reserved 1048576K
Event: 7.049 GC heap after
Heap after GC invocations=82 (full 2):
 def new generation   total 7296K, used 574K [0x00000000f0800000, 0x00000000f0fe0000, 0x00000000f5aa0000)
  eden space 6528K,   0% used [0x00000000f0800000, 0x00000000f0800000, 0x00000000f0e60000)
  from space 768K,  74% used [0x00000000f0e60000, 0x00000000f0eef8b8, 0x00000000f0f20000)
  to   space 768K,   0% used [0x00000000f0f20000, 0x00000000f0f20000, 0x00000000f0fe0000)
 tenured generation   total 15968K, used 13349K [0x00000000f5aa0000, 0x00000000f6a38000, 0x0000000100000000)
   the space 15968K,  83% used [0x00000000f5aa0000, 0x00000000f67a9540, 0x00000000f67a9600, 0x00000000f6a38000)
 Metaspace       used 33680K, capacity 34958K, committed 35072K, reserved 1079296K
  class space    used 4261K, capacity 4555K, committed 4608K, reserved 1048576K
}
Event: 7.245 GC heap before
{Heap before GC invocations=82 (full 2):
 def new generation   total 7296K, used 7102K [0x00000000f0800000, 0x00000000f0fe0000, 0x00000000f5aa0000)
  eden space 6528K, 100% used [0x00000000f0800000, 0x00000000f0e60000, 0x00000000f0e60000)
  from space 768K,  74% used [0x00000000f0e60000, 0x00000000f0eef8b8, 0x00000000f0f20000)
  to   space 768K,   0% used [0x00000000f0f20000, 0x00000000f0f20000, 0x00000000f0fe0000)
 tenured generation   total 15968K, used 13349K [0x00000000f5aa0000, 0x00000000f6a38000, 0x0000000100000000)
   the space 15968K,  83% used [0x00000000f5aa0000, 0x00000000f67a9540, 0x00000000f67a9600, 0x00000000f6a38000)
 Metaspace       used 34079K, capacity 35430K, committed 35584K, reserved 1081344K
  class space    used 4300K, capacity 4599K, committed 4608K, reserved 1048576K
Event: 7.249 GC heap after
Heap after GC invocations=83 (full 2):
 def new generation   total 7296K, used 561K [0x00000000f0800000, 0x00000000f0fe0000, 0x00000000f5aa0000)
  eden space 6528K,   0% used [0x00000000f0800000, 0x00000000f0800000, 0x00000000f0e60000)
  from space 768K,  73% used [0x00000000f0f20000, 0x00000000f0fac4c8, 0x00000000f0fe0000)
  to   space 768K,   0% used [0x00000000f0e60000, 0x00000000f0e60000, 0x00000000f0f20000)
 tenured generation   total 15968K, used 13808K [0x00000000f5aa0000, 0x00000000f6a38000, 0x0000000100000000)
   the space 15968K,  86% used [0x00000000f5aa0000, 0x00000000f681c068, 0x00000000f681c200, 0x00000000f6a38000)
 Metaspace       used 34079K, capacity 35430K, committed 35584K, reserved 1081344K
  class space    used 4300K, capacity 4599K, committed 4608K, reserved 1048576K
}
Event: 7.345 GC heap before
{Heap before GC invocations=83 (full 2):
 def new generation   total 7296K, used 7089K [0x00000000f0800000, 0x00000000f0fe0000, 0x00000000f5aa0000)
  eden space 6528K, 100% used [0x00000000f0800000, 0x00000000f0e60000, 0x00000000f0e60000)
  from space 768K,  73% used [0x00000000f0f20000, 0x00000000f0fac4c8, 0x00000000f0fe0000)
  to   space 768K,   0% used [0x00000000f0e60000, 0x00000000f0e60000, 0x00000000f0f20000)
 tenured generation   total 15968K, used 13808K [0x00000000f5aa0000, 0x00000000f6a38000, 0x0000000100000000)
   the space 15968K,  86% used [0x00000000f5aa0000, 0x00000000f681c068, 0x00000000f681c200, 0x00000000f6a38000)
 Metaspace       used 34166K, capacity 35522K, committed 35584K, reserved 1081344K
  class space    used 4313K, capacity 4605K, committed 4608K, reserved 1048576K
Event: 7.348 GC heap after
Heap after GC invocations=84 (full 2):
 def new generation   total 7296K, used 158K [0x00000000f0800000, 0x00000000f0fe0000, 0x00000000f5aa0000)
  eden space 6528K,   0% used [0x00000000f0800000, 0x00000000f0800000, 0x00000000f0e60000)
  from space 768K,  20% used [0x00000000f0e60000, 0x00000000f0e87920, 0x00000000f0f20000)
  to   space 768K,   0% used [0x00000000f0f20000, 0x00000000f0f20000, 0x00000000f0fe0000)
 tenured generation   total 15968K, used 14228K [0x00000000f5aa0000, 0x00000000f6a38000, 0x0000000100000000)
   the space 15968K,  89% used [0x00000000f5aa0000, 0x00000000f6885168, 0x00000000f6885200, 0x00000000f6a38000)
 Metaspace       used 34166K, capacity 35522K, committed 35584K, reserved 1081344K
  class space    used 4313K, capacity 4605K, committed 4608K, reserved 1048576K
}
Event: 7.509 GC heap before
{Heap before GC invocations=84 (full 2):
 def new generation   total 7296K, used 6686K [0x00000000f0800000, 0x00000000f0fe0000, 0x00000000f5aa0000)
  eden space 6528K, 100% used [0x00000000f0800000, 0x00000000f0e60000, 0x00000000f0e60000)
  from space 768K,  20% used [0x00000000f0e60000, 0x00000000f0e87920, 0x00000000f0f20000)
  to   space 768K,   0% used [0x00000000f0f20000, 0x00000000f0f20000, 0x00000000f0fe0000)
 tenured generation   total 15968K, used 14228K [0x00000000f5aa0000, 0x00000000f6a38000, 0x0000000100000000)
   the space 15968K,  89% used [0x00000000f5aa0000, 0x00000000f6885168, 0x00000000f6885200, 0x00000000f6a38000)
 Metaspace       used 35282K, capacity 36682K, committed 36736K, reserved 1081344K
  class space    used 4427K, capacity 4735K, committed 4736K, reserved 1048576K
Event: 7.512 GC heap after
Heap after GC invocations=85 (full 2):
 def new generation   total 7296K, used 768K [0x00000000f0800000, 0x00000000f0fe0000, 0x00000000f5aa0000)
  eden space 6528K,   0% used [0x00000000f0800000, 0x00000000f0800000, 0x00000000f0e60000)
  from space 768K, 100% used [0x00000000f0f20000, 0x00000000f0fe0000, 0x00000000f0fe0000)
  to   space 768K,   0% used [0x00000000f0e60000, 0x00000000f0e60000, 0x00000000f0f20000)
 tenured generation   total 15968K, used 14485K [0x00000000f5aa0000, 0x00000000f6a38000, 0x0000000100000000)
   the space 15968K,  90% used [0x00000000f5aa0000, 0x00000000f68c5600, 0x00000000f68c5600, 0x00000000f6a38000)
 Metaspace       used 35282K, capacity 36682K, committed 36736K, reserved 1081344K
  class space    used 4427K, capacity 4735K, committed 4736K, reserved 1048576K
}
Event: 7.683 GC heap before
{Heap before GC invocations=85 (full 2):
 def new generation   total 7296K, used 7296K [0x00000000f0800000, 0x00000000f0fe0000, 0x00000000f5aa0000)
  eden space 6528K, 100% used [0x00000000f0800000, 0x00000000f0e60000, 0x00000000f0e60000)
  from space 768K, 100% used [0x00000000f0f20000, 0x00000000f0fe0000, 0x00000000f0fe0000)
  to   space 768K,   0% used [0x00000000f0e60000, 0x00000000f0e60000, 0x00000000f0f20000)
 tenured generation   total 15968K, used 14485K [0x00000000f5aa0000, 0x00000000f6a38000, 0x0000000100000000)
   the space 15968K,  90% used [0x00000000f5aa0000, 0x00000000f68c5600, 0x00000000f68c5600, 0x00000000f6a38000)
 Metaspace       used 36624K, capacity 37962K, committed 38144K, reserved 1083392K
  class space    used 4561K, capacity 4863K, committed 4864K, reserved 1048576K
Event: 7.688 GC heap after
Heap after GC invocations=86 (full 2):
 def new generation   total 7296K, used 767K [0x00000000f0800000, 0x00000000f0fe0000, 0x00000000f5aa0000)
  eden space 6528K,   0% used [0x00000000f0800000, 0x00000000f0800000, 0x00000000f0e60000)
  from space 768K,  99% used [0x00000000f0e60000, 0x00000000f0f1fff0, 0x00000000f0f20000)
  to   space 768K,   0% used [0x00000000f0f20000, 0x00000000f0f20000, 0x00000000f0fe0000)
 tenured generation   total 15968K, used 15587K [0x00000000f5aa0000, 0x00000000f6a38000, 0x0000000100000000)
   the space 15968K,  97% used [0x00000000f5aa0000, 0x00000000f69d8fa8, 0x00000000f69d9000, 0x00000000f6a38000)
 Metaspace       used 36624K, capacity 37962K, committed 38144K, reserved 1083392K
  class space    used 4561K, capacity 4863K, committed 4864K, reserved 1048576K
}
Event: 7.850 GC heap before
{Heap before GC invocations=86 (full 2):
 def new generation   total 7296K, used 7295K [0x00000000f0800000, 0x00000000f0fe0000, 0x00000000f5aa0000)
  eden space 6528K, 100% used [0x00000000f0800000, 0x00000000f0e60000, 0x00000000f0e60000)
  from space 768K,  99% used [0x00000000f0e60000, 0x00000000f0f1fff0, 0x00000000f0f20000)
  to   space 768K,   0% used [0x00000000f0f20000, 0x00000000f0f20000, 0x00000000f0fe0000)
 tenured generation   total 15968K, used 15587K [0x00000000f5aa0000, 0x00000000f6a38000, 0x0000000100000000)
   the space 15968K,  97% used [0x00000000f5aa0000, 0x00000000f69d8fa8, 0x00000000f69d9000, 0x00000000f6a38000)
 Metaspace       used 37754K, capacity 39124K, committed 39424K, reserved 1083392K
  class space    used 4686K, capacity 4994K, committed 5120K, reserved 1048576K
Event: 7.923 GC heap after
Heap after GC invocations=87 (full 3):
 def new generation   total 12096K, used 0K [0x00000000f0800000, 0x00000000f1510000, 0x00000000f5aa0000)
  eden space 10816K,   0% used [0x00000000f0800000, 0x00000000f0800000, 0x00000000f1290000)
  from space 1280K,   0% used [0x00000000f1290000, 0x00000000f1290000, 0x00000000f13d0000)
  to   space 1280K,   0% used [0x00000000f13d0000, 0x00000000f13d0000, 0x00000000f1510000)
 tenured generation   total 26672K, used 16001K [0x00000000f5aa0000, 0x00000000f74ac000, 0x0000000100000000)
   the space 26672K,  59% used [0x00000000f5aa0000, 0x00000000f6a40570, 0x00000000f6a40600, 0x00000000f74ac000)
 Metaspace       used 37754K, capacity 39124K, committed 39424K, reserved 1083392K
  class space    used 4686K, capacity 4994K, committed 5120K, reserved 1048576K
}
Event: 8.109 GC heap before
{Heap before GC invocations=87 (full 3):
 def new generation   total 12096K, used 10816K [0x00000000f0800000, 0x00000000f1510000, 0x00000000f5aa0000)
  eden space 10816K, 100% used [0x00000000f0800000, 0x00000000f1290000, 0x00000000f1290000)
  from space 1280K,   0% used [0x00000000f1290000, 0x00000000f1290000, 0x00000000f13d0000)
  to   space 1280K,   0% used [0x00000000f13d0000, 0x00000000f13d0000, 0x00000000f1510000)
 tenured generation   total 26672K, used 16001K [0x00000000f5aa0000, 0x00000000f74ac000, 0x0000000100000000)
   the space 26672K,  59% used [0x00000000f5aa0000, 0x00000000f6a40570, 0x00000000f6a40600, 0x00000000f74ac000)
 Metaspace       used 38434K, capacity 39812K, committed 39936K, reserved 1083392K
  class space    used 4760K, capacity 5066K, committed 5120K, reserved 1048576K
Event: 8.112 GC heap after
Heap after GC invocations=88 (full 3):
 def new generation   total 12096K, used 863K [0x00000000f0800000, 0x00000000f1510000, 0x00000000f5aa0000)
  eden space 10816K,   0% used [0x00000000f0800000, 0x00000000f0800000, 0x00000000f1290000)
  from space 1280K,  67% used [0x00000000f13d0000, 0x00000000f14a7ef0, 0x00000000f1510000)
  to   space 1280K,   0% used [0x00000000f1290000, 0x00000000f1290000, 0x00000000f13d0000)
 tenured generation   total 26672K, used 16001K [0x00000000f5aa0000, 0x00000000f74ac000, 0x0000000100000000)
   the space 26672K,  59% used [0x00000000f5aa0000, 0x00000000f6a40570, 0x00000000f6a40600, 0x00000000f74ac000)
 Metaspace       used 38434K, capacity 39812K, committed 39936K, reserved 1083392K
  class space    used 4760K, capacity 5066K, committed 5120K, reserved 1048576K
}
Event: 8.249 GC heap before
{Heap before GC invocations=88 (full 3):
 def new generation   total 12096K, used 11679K [0x00000000f0800000, 0x00000000f1510000, 0x00000000f5aa0000)
  eden space 10816K, 100% used [0x00000000f0800000, 0x00000000f1290000, 0x00000000f1290000)
  from space 1280K,  67% used [0x00000000f13d0000, 0x00000000f14a7ef0, 0x00000000f1510000)
  to   space 1280K,   0% used [0x00000000f1290000, 0x00000000f1290000, 0x00000000f13d0000)
 tenured generation   total 26672K, used 16001K [0x00000000f5aa0000, 0x00000000f74ac000, 0x0000000100000000)
   the space 26672K,  59% used [0x00000000f5aa0000, 0x00000000f6a40570, 0x00000000f6a40600, 0x00000000f74ac000)
 Metaspace       used 39453K, capacity 40838K, committed 41216K, reserved 1085440K
  class space    used 4954K, capacity 5259K, committed 5376K, reserved 1048576K
Event: 8.253 GC heap after
Heap after GC invocations=89 (full 3):
 def new generation   total 12096K, used 898K [0x00000000f0800000, 0x00000000f1510000, 0x00000000f5aa0000)
  eden space 10816K,   0% used [0x00000000f0800000, 0x00000000f0800000, 0x00000000f1290000)
  from space 1280K,  70% used [0x00000000f1290000, 0x00000000f1370900, 0x00000000f13d0000)
  to   space 1280K,   0% used [0x00000000f13d0000, 0x00000000f13d0000, 0x00000000f1510000)
 tenured generation   total 26672K, used 16416K [0x00000000f5aa0000, 0x00000000f74ac000, 0x0000000100000000)
   the space 26672K,  61% used [0x00000000f5aa0000, 0x00000000f6aa8350, 0x00000000f6aa8400, 0x00000000f74ac000)
 Metaspace       used 39453K, capacity 40838K, committed 41216K, reserved 1085440K
  class space    used 4954K, capacity 5259K, committed 5376K, reserved 1048576K
}
Event: 8.381 GC heap before
{Heap before GC invocations=89 (full 3):
 def new generation   total 12096K, used 11714K [0x00000000f0800000, 0x00000000f1510000, 0x00000000f5aa0000)
  eden space 10816K, 100% used [0x00000000f0800000, 0x00000000f1290000, 0x00000000f1290000)
  from space 1280K,  70% used [0x00000000f1290000, 0x00000000f1370900, 0x00000000f13d0000)
  to   space 1280K,   0% used [0x00000000f13d0000, 0x00000000f13d0000, 0x00000000f1510000)
 tenured generation   total 26672K, used 16416K [0x00000000f5aa0000, 0x00000000f74ac000, 0x0000000100000000)
   the space 26672K,  61% used [0x00000000f5aa0000, 0x00000000f6aa8350, 0x00000000f6aa8400, 0x00000000f74ac000)
 Metaspace       used 40157K, capacity 41544K, committed 41856K, reserved 1085440K
  class space    used 5075K, capacity 5388K, committed 5504K, reserved 1048576K
Event: 8.384 GC heap after
Heap after GC invocations=90 (full 3):
 def new generation   total 12096K, used 711K [0x00000000f0800000, 0x00000000f1510000, 0x00000000f5aa0000)
  eden space 10816K,   0% used [0x00000000f0800000, 0x00000000f0800000, 0x00000000f1290000)
  from space 1280K,  55% used [0x00000000f13d0000, 0x00000000f1481ee8, 0x00000000f1510000)
  to   space 1280K,   0% used [0x00000000f1290000, 0x00000000f1290000, 0x00000000f13d0000)
 tenured generation   total 26672K, used 16556K [0x00000000f5aa0000, 0x00000000f74ac000, 0x0000000100000000)
   the space 26672K,  62% used [0x00000000f5aa0000, 0x00000000f6acb370, 0x00000000f6acb400, 0x00000000f74ac000)
 Metaspace       used 40157K, capacity 41544K, committed 41856K, reserved 1085440K
  class space    used 5075K, capacity 5388K, committed 5504K, reserved 1048576K
}
Event: 8.496 GC heap before
{Heap before GC invocations=90 (full 3):
 def new generation   total 12096K, used 11527K [0x00000000f0800000, 0x00000000f1510000, 0x00000000f5aa0000)
  eden space 10816K, 100% used [0x00000000f0800000, 0x00000000f1290000, 0x00000000f1290000)
  from space 1280K,  55% used [0x00000000f13d0000, 0x00000000f1481ee8, 0x00000000f1510000)
  to   space 1280K,   0% used [0x00000000f1290000, 0x00000000f1290000, 0x00000000f13d0000)
 tenured generation   total 26672K, used 16556K [0x00000000f5aa0000, 0x00000000f74ac000, 0x0000000100000000)
   the space 26672K,  62% used [0x00000000f5aa0000, 0x00000000f6acb370, 0x00000000f6acb400, 0x00000000f74ac000)
 Metaspace       used 40689K, capacity 42120K, committed 42496K, reserved 1085440K
  class space    used 5188K, capacity 5516K, committed 5632K, reserved 1048576K
Event: 8.499 GC heap after
Heap after GC invocations=91 (full 3):
 def new generation   total 12096K, used 662K [0x00000000f0800000, 0x00000000f1510000, 0x00000000f5aa0000)
  eden space 10816K,   0% used [0x00000000f0800000, 0x00000000f0800000, 0x00000000f1290000)
  from space 1280K,  51% used [0x00000000f1290000, 0x00000000f1335868, 0x00000000f13d0000)
  to   space 1280K,   0% used [0x00000000f13d0000, 0x00000000f13d0000, 0x00000000f1510000)
 tenured generation   total 26672K, used 16669K [0x00000000f5aa0000, 0x00000000f74ac000, 0x0000000100000000)
   the space 26672K,  62% used [0x00000000f5aa0000, 0x00000000f6ae76a8, 0x00000000f6ae7800, 0x00000000f74ac000)
 Metaspace       used 40689K, capacity 42120K, committed 42496K, reserved 1085440K
  class space    used 5188K, capacity 5516K, committed 5632K, reserved 1048576K
}
Event: 8.645 GC heap before
{Heap before GC invocations=91 (full 3):
 def new generation   total 12096K, used 11478K [0x00000000f0800000, 0x00000000f1510000, 0x00000000f5aa0000)
  eden space 10816K, 100% used [0x00000000f0800000, 0x00000000f1290000, 0x00000000f1290000)
  from space 1280K,  51% used [0x00000000f1290000, 0x00000000f1335868, 0x00000000f13d0000)
  to   space 1280K,   0% used [0x00000000f13d0000, 0x00000000f13d0000, 0x00000000f1510000)
 tenured generation   total 26672K, used 16669K [0x00000000f5aa0000, 0x00000000f74ac000, 0x0000000100000000)
   the space 26672K,  62% used [0x00000000f5aa0000, 0x00000000f6ae76a8, 0x00000000f6ae7800, 0x00000000f74ac000)
 Metaspace       used 41387K, capacity 42810K, committed 43008K, reserved 1087488K
  class space    used 5302K, capacity 5615K, committed 5632K, reserved 1048576K
Event: 8.649 GC heap after
Heap after GC invocations=92 (full 3):
 def new generation   total 12096K, used 936K [0x00000000f0800000, 0x00000000f1510000, 0x00000000f5aa0000)
  eden space 10816K,   0% used [0x00000000f0800000, 0x00000000f0800000, 0x00000000f1290000)
  from space 1280K,  73% used [0x00000000f13d0000, 0x00000000f14ba100, 0x00000000f1510000)
  to   space 1280K,   0% used [0x00000000f1290000, 0x00000000f1290000, 0x00000000f13d0000)
 tenured generation   total 26672K, used 16766K [0x00000000f5aa0000, 0x00000000f74ac000, 0x0000000100000000)
   the space 26672K,  62% used [0x00000000f5aa0000, 0x00000000f6affa10, 0x00000000f6affc00, 0x00000000f74ac000)
 Metaspace       used 41387K, capacity 42810K, committed 43008K, reserved 1087488K
  class space    used 5302K, capacity 5615K, committed 5632K, reserved 1048576K
}
Event: 8.837 GC heap before
{Heap before GC invocations=92 (full 3):
 def new generation   total 12096K, used 11752K [0x00000000f0800000, 0x00000000f1510000, 0x00000000f5aa0000)
  eden space 10816K, 100% used [0x00000000f0800000, 0x00000000f1290000, 0x00000000f1290000)
  from space 1280K,  73% used [0x00000000f13d0000, 0x00000000f14ba100, 0x00000000f1510000)
  to   space 1280K,   0% used [0x00000000f1290000, 0x00000000f1290000, 0x00000000f13d0000)
 tenured generation   total 26672K, used 16766K [0x00000000f5aa0000, 0x00000000f74ac000, 0x0000000100000000)
   the space 26672K,  62% used [0x00000000f5aa0000, 0x00000000f6affa10, 0x00000000f6affc00, 0x00000000f74ac000)
 Metaspace       used 42535K, capacity 43988K, committed 44288K, reserved 1087488K
  class space    used 5540K, capacity 5880K, committed 5888K, reserved 1048576K
Event: 8.841 GC heap after
Heap after GC invocations=93 (full 3):
 def new generation   total 12096K, used 994K [0x00000000f0800000, 0x00000000f1510000, 0x00000000f5aa0000)
  eden space 10816K,   0% used [0x00000000f0800000, 0x00000000f0800000, 0x00000000f1290000)
  from space 1280K,  77% used [0x00000000f1290000, 0x00000000f1388a20, 0x00000000f13d0000)
  to   space 1280K,   0% used [0x00000000f13d0000, 0x00000000f13d0000, 0x00000000f1510000)
 tenured generation   total 26672K, used 17049K [0x00000000f5aa0000, 0x00000000f74ac000, 0x0000000100000000)
   the space 26672K,  63% used [0x00000000f5aa0000, 0x00000000f6b466c8, 0x00000000f6b46800, 0x00000000f74ac000)
 Metaspace       used 42535K, capacity 43988K, committed 44288K, reserved 1087488K
  class space    used 5540K, capacity 5880K, committed 5888K, reserved 1048576K
}
Event: 9.044 GC heap before
{Heap before GC invocations=93 (full 3):
 def new generation   total 12096K, used 11810K [0x00000000f0800000, 0x00000000f1510000, 0x00000000f5aa0000)
  eden space 10816K, 100% used [0x00000000f0800000, 0x00000000f1290000, 0x00000000f1290000)
  from space 1280K,  77% used [0x00000000f1290000, 0x00000000f1388a20, 0x00000000f13d0000)
  to   space 1280K,   0% used [0x00000000f13d0000, 0x00000000f13d0000, 0x00000000f1510000)
 tenured generation   total 26672K, used 17049K [0x00000000f5aa0000, 0x00000000f74ac000, 0x0000000100000000)
   the space 26672K,  63% used [0x00000000f5aa0000, 0x00000000f6b466c8, 0x00000000f6b46800, 0x00000000f74ac000)
 Metaspace       used 43535K, capacity 44982K, committed 45184K, reserved 1089536K
  class space    used 5666K, capacity 5977K, committed 6016K, reserved 1048576K
Event: 9.048 GC heap after
Heap after GC invocations=94 (full 3):
 def new generation   total 12096K, used 1122K [0x00000000f0800000, 0x00000000f1510000, 0x00000000f5aa0000)
  eden space 10816K,   0% used [0x00000000f0800000, 0x00000000f0800000, 0x00000000f1290000)
  from space 1280K,  87% used [0x00000000f13d0000, 0x00000000f14e8978, 0x00000000f1510000)
  to   space 1280K,   0% used [0x00000000f1290000, 0x00000000f1290000, 0x00000000f13d0000)
 tenured generation   total 26672K, used 17179K [0x00000000f5aa0000, 0x00000000f74ac000, 0x0000000100000000)
   the space 26672K,  64% used [0x00000000f5aa0000, 0x00000000f6b66c88, 0x00000000f6b66e00, 0x00000000f74ac000)
 Metaspace       used 43535K, capacity 44982K, committed 45184K, reserved 1089536K
  class space    used 5666K, capacity 5977K, committed 6016K, reserved 1048576K
}
Event: 9.246 GC heap before
{Heap before GC invocations=94 (full 3):
 def new generation   total 12096K, used 11938K [0x00000000f0800000, 0x00000000f1510000, 0x00000000f5aa0000)
  eden space 10816K, 100% used [0x00000000f0800000, 0x00000000f1290000, 0x00000000f1290000)
  from space 1280K,  87% used [0x00000000f13d0000, 0x00000000f14e8978, 0x00000000f1510000)
  to   space 1280K,   0% used [0x00000000f1290000, 0x00000000f1290000, 0x00000000f13d0000)
 tenured generation   total 26672K, used 17179K [0x00000000f5aa0000, 0x00000000f74ac000, 0x0000000100000000)
   the space 26672K,  64% used [0x00000000f5aa0000, 0x00000000f6b66c88, 0x00000000f6b66e00, 0x00000000f74ac000)
 Metaspace       used 44788K, capacity 46236K, committed 46336K, reserved 1089536K
  class space    used 5809K, capacity 6138K, committed 6144K, reserved 1048576K
Event: 9.250 GC heap after
Heap after GC invocations=95 (full 3):
 def new generation   total 12096K, used 1023K [0x00000000f0800000, 0x00000000f1510000, 0x00000000f5aa0000)
  eden space 10816K,   0% used [0x00000000f0800000, 0x00000000f0800000, 0x00000000f1290000)
  from space 1280K,  79% used [0x00000000f1290000, 0x00000000f138fcd8, 0x00000000f13d0000)
  to   space 1280K,   0% used [0x00000000f13d0000, 0x00000000f13d0000, 0x00000000f1510000)
 tenured generation   total 26672K, used 17512K [0x00000000f5aa0000, 0x00000000f74ac000, 0x0000000100000000)
   the space 26672K,  65% used [0x00000000f5aa0000, 0x00000000f6bba048, 0x00000000f6bba200, 0x00000000f74ac000)
 Metaspace       used 44788K, capacity 46236K, committed 46336K, reserved 1089536K
  class space    used 5809K, capacity 6138K, committed 6144K, reserved 1048576K
}
Event: 9.352 GC heap before
{Heap before GC invocations=95 (full 3):
 def new generation   total 12096K, used 11839K [0x00000000f0800000, 0x00000000f1510000, 0x00000000f5aa0000)
  eden space 10816K, 100% used [0x00000000f0800000, 0x00000000f1290000, 0x00000000f1290000)
  from space 1280K,  79% used [0x00000000f1290000, 0x00000000f138fcd8, 0x00000000f13d0000)
  to   space 1280K,   0% used [0x00000000f13d0000, 0x00000000f13d0000, 0x00000000f1510000)
 tenured generation   total 26672K, used 17512K [0x00000000f5aa0000, 0x00000000f74ac000, 0x0000000100000000)
   the space 26672K,  65% used [0x00000000f5aa0000, 0x00000000f6bba048, 0x00000000f6bba200, 0x00000000f74ac000)
 Metaspace       used 45621K, capacity 47074K, committed 47232K, reserved 1089536K
  class space    used 5938K, capacity 6267K, committed 6272K, reserved 1048576K
Event: 9.355 GC heap after
Heap after GC invocations=96 (full 3):
 def new generation   total 12096K, used 828K [0x00000000f0800000, 0x00000000f1510000, 0x00000000f5aa0000)
  eden space 10816K,   0% used [0x00000000f0800000, 0x00000000f0800000, 0x00000000f1290000)
  from space 1280K,  64% used [0x00000000f13d0000, 0x00000000f149f218, 0x00000000f1510000)
  to   space 1280K,   0% used [0x00000000f1290000, 0x00000000f1290000, 0x00000000f13d0000)
 tenured generation   total 26672K, used 17685K [0x00000000f5aa0000, 0x00000000f74ac000, 0x0000000100000000)
   the space 26672K,  66% used [0x00000000f5aa0000, 0x00000000f6be56f0, 0x00000000f6be5800, 0x00000000f74ac000)
 Metaspace       used 45621K, capacity 47074K, committed 47232K, reserved 1089536K
  class space    used 5938K, capacity 6267K, committed 6272K, reserved 1048576K
}
Event: 9.440 GC heap before
{Heap before GC invocations=96 (full 3):
 def new generation   total 12096K, used 11644K [0x00000000f0800000, 0x00000000f1510000, 0x00000000f5aa0000)
  eden space 10816K, 100% used [0x00000000f0800000, 0x00000000f1290000, 0x00000000f1290000)
  from space 1280K,  64% used [0x00000000f13d0000, 0x00000000f149f218, 0x00000000f1510000)
  to   space 1280K,   0% used [0x00000000f1290000, 0x00000000f1290000, 0x00000000f13d0000)
 tenured generation   total 26672K, used 17685K [0x00000000f5aa0000, 0x00000000f74ac000, 0x0000000100000000)
   the space 26672K,  66% used [0x00000000f5aa0000, 0x00000000f6be56f0, 0x00000000f6be5800, 0x00000000f74ac000)
 Metaspace       used 46380K, capacity 47816K, committed 48128K, reserved 1091584K
  class space    used 6045K, capacity 6364K, committed 6400K, reserved 1048576K
Event: 9.444 GC heap after
Heap after GC invocations=97 (full 3):
 def new generation   total 12096K, used 867K [0x00000000f0800000, 0x00000000f1510000, 0x00000000f5aa0000)
  eden space 10816K,   0% used [0x00000000f0800000, 0x00000000f0800000, 0x00000000f1290000)
  from space 1280K,  67% used [0x00000000f1290000, 0x00000000f1368c10, 0x00000000f13d0000)
  to   space 1280K,   0% used [0x00000000f13d0000, 0x00000000f13d0000, 0x00000000f1510000)
 tenured generation   total 26672K, used 17839K [0x00000000f5aa0000, 0x00000000f74ac000, 0x0000000100000000)
   the space 26672K,  66% used [0x00000000f5aa0000, 0x00000000f6c0bed0, 0x00000000f6c0c000, 0x00000000f74ac000)
 Metaspace       used 46380K, capacity 47816K, committed 48128K, reserved 1091584K
  class space    used 6045K, capacity 6364K, committed 6400K, reserved 1048576K
}
Event: 9.645 GC heap before
{Heap before GC invocations=97 (full 3):
 def new generation   total 12096K, used 11683K [0x00000000f0800000, 0x00000000f1510000, 0x00000000f5aa0000)
  eden space 10816K, 100% used [0x00000000f0800000, 0x00000000f1290000, 0x00000000f1290000)
  from space 1280K,  67% used [0x00000000f1290000, 0x00000000f1368c10, 0x00000000f13d0000)
  to   space 1280K,   0% used [0x00000000f13d0000, 0x00000000f13d0000, 0x00000000f1510000)
 tenured generation   total 26672K, used 17839K [0x00000000f5aa0000, 0x00000000f74ac000, 0x0000000100000000)
   the space 26672K,  66% used [0x00000000f5aa0000, 0x00000000f6c0bed0, 0x00000000f6c0c000, 0x00000000f74ac000)
 Metaspace       used 47123K, capacity 48570K, committed 48768K, reserved 1091584K
  class space    used 6141K, capacity 6441K, committed 6528K, reserved 1048576K
Event: 9.648 GC heap after
Heap after GC invocations=98 (full 3):
 def new generation   total 12096K, used 846K [0x00000000f0800000, 0x00000000f1510000, 0x00000000f5aa0000)
  eden space 10816K,   0% used [0x00000000f0800000, 0x00000000f0800000, 0x00000000f1290000)
  from space 1280K,  66% used [0x00000000f13d0000, 0x00000000f14a39a0, 0x00000000f1510000)
  to   space 1280K,   0% used [0x00000000f1290000, 0x00000000f1290000, 0x00000000f13d0000)
 tenured generation   total 26672K, used 18003K [0x00000000f5aa0000, 0x00000000f74ac000, 0x0000000100000000)
   the space 26672K,  67% used [0x00000000f5aa0000, 0x00000000f6c34c88, 0x00000000f6c34e00, 0x00000000f74ac000)
 Metaspace       used 47123K, capacity 48570K, committed 48768K, reserved 1091584K
  class space    used 6141K, capacity 6441K, committed 6528K, reserved 1048576K
}
Event: 9.822 GC heap before
{Heap before GC invocations=98 (full 3):
 def new generation   total 12096K, used 11662K [0x00000000f0800000, 0x00000000f1510000, 0x00000000f5aa0000)
  eden space 10816K,  99% used [0x00000000f0800000, 0x00000000f128ffd8, 0x00000000f1290000)
  from space 1280K,  66% used [0x00000000f13d0000, 0x00000000f14a39a0, 0x00000000f1510000)
  to   space 1280K,   0% used [0x00000000f1290000, 0x00000000f1290000, 0x00000000f13d0000)
 tenured generation   total 26672K, used 18003K [0x00000000f5aa0000, 0x00000000f74ac000, 0x0000000100000000)
   the space 26672K,  67% used [0x00000000f5aa0000, 0x00000000f6c34c88, 0x00000000f6c34e00, 0x00000000f74ac000)
 Metaspace       used 48210K, capacity 49702K, committed 49920K, reserved 1093632K
  class space    used 6302K, capacity 6603K, committed 6656K, reserved 1048576K
Event: 9.830 GC heap after
Heap after GC invocations=99 (full 3):
 def new generation   total 12096K, used 778K [0x00000000f0800000, 0x00000000f1510000, 0x00000000f5aa0000)
  eden space 10816K,   0% used [0x00000000f0800000, 0x00000000f0800000, 0x00000000f1290000)
  from space 1280K,  60% used [0x00000000f1290000, 0x00000000f1352b40, 0x00000000f13d0000)
  to   space 1280K,   0% used [0x00000000f13d0000, 0x00000000f13d0000, 0x00000000f1510000)
 tenured generation   total 26672K, used 18279K [0x00000000f5aa0000, 0x00000000f74ac000, 0x0000000100000000)
   the space 26672K,  68% used [0x00000000f5aa0000, 0x00000000f6c79fb0, 0x00000000f6c7a000, 0x00000000f74ac000)
 Metaspace       used 48210K, capacity 49702K, committed 49920K, reserved 1093632K
  class space    used 6302K, capacity 6603K, committed 6656K, reserved 1048576K
}
Event: 9.918 GC heap before
{Heap before GC invocations=99 (full 3):
 def new generation   total 12096K, used 11594K [0x00000000f0800000, 0x00000000f1510000, 0x00000000f5aa0000)
  eden space 10816K, 100% used [0x00000000f0800000, 0x00000000f1290000, 0x00000000f1290000)
  from space 1280K,  60% used [0x00000000f1290000, 0x00000000f1352b40, 0x00000000f13d0000)
  to   space 1280K,   0% used [0x00000000f13d0000, 0x00000000f13d0000, 0x00000000f1510000)
 tenured generation   total 26672K, used 18279K [0x00000000f5aa0000, 0x00000000f74ac000, 0x0000000100000000)
   the space 26672K,  68% used [0x00000000f5aa0000, 0x00000000f6c79fb0, 0x00000000f6c7a000, 0x00000000f74ac000)
 Metaspace       used 48816K, capacity 50316K, committed 50560K, reserved 1093632K
  class space    used 6452K, capacity 6764K, committed 6784K, reserved 1048576K
Event: 9.921 GC heap after
Heap after GC invocations=100 (full 3):
 def new generation   total 12096K, used 687K [0x00000000f0800000, 0x00000000f1510000, 0x00000000f5aa0000)
  eden space 10816K,   0% used [0x00000000f0800000, 0x00000000f0800000, 0x00000000f1290000)
  from space 1280K,  53% used [0x00000000f13d0000, 0x00000000f147bef8, 0x00000000f1510000)
  to   space 1280K,   0% used [0x00000000f1290000, 0x00000000f1290000, 0x00000000f13d0000)
 tenured generation   total 26672K, used 18390K [0x00000000f5aa0000, 0x00000000f74ac000, 0x0000000100000000)
   the space 26672K,  68% used [0x00000000f5aa0000, 0x00000000f6c95b58, 0x00000000f6c95c00, 0x00000000f74ac000)
 Metaspace       used 48816K, capacity 50316K, committed 50560K, reserved 1093632K
  class space    used 6452K, capacity 6764K, committed 6784K, reserved 1048576K
}
Event: 10.033 GC heap before
{Heap before GC invocations=100 (full 3):
 def new generation   total 12096K, used 11503K [0x00000000f0800000, 0x00000000f1510000, 0x00000000f5aa0000)
  eden space 10816K, 100% used [0x00000000f0800000, 0x00000000f1290000, 0x00000000f1290000)
  from space 1280K,  53% used [0x00000000f13d0000, 0x00000000f147bef8, 0x00000000f1510000)
  to   space 1280K,   0% used [0x00000000f1290000, 0x00000000f1290000, 0x00000000f13d0000)
 tenured generation   total 26672K, used 18390K [0x00000000f5aa0000, 0x00000000f74ac000, 0x0000000100000000)
   the space 26672K,  68% used [0x00000000f5aa0000, 0x00000000f6c95b58, 0x00000000f6c95c00, 0x00000000f74ac000)
 Metaspace       used 49500K, capacity 51006K, committed 51200K, reserved 1093632K
  class space    used 6557K, capacity 6863K, committed 6912K, reserved 1048576K
Event: 10.036 GC heap after
Heap after GC invocations=101 (full 3):
 def new generation   total 12096K, used 779K [0x00000000f0800000, 0x00000000f1510000, 0x00000000f5aa0000)
  eden space 10816K,   0% used [0x00000000f0800000, 0x00000000f0800000, 0x00000000f1290000)
  from space 1280K,  60% used [0x00000000f1290000, 0x00000000f1352cf8, 0x00000000f13d0000)
  to   space 1280K,   0% used [0x00000000f13d0000, 0x00000000f13d0000, 0x00000000f1510000)
 tenured generation   total 26672K, used 18498K [0x00000000f5aa0000, 0x00000000f74ac000, 0x0000000100000000)
   the space 26672K,  69% used [0x00000000f5aa0000, 0x00000000f6cb0a88, 0x00000000f6cb0c00, 0x00000000f74ac000)
 Metaspace       used 49500K, capacity 51006K, committed 51200K, reserved 1093632K
  class space    used 6557K, capacity 6863K, committed 6912K, reserved 1048576K
}
Event: 10.201 GC heap before
{Heap before GC invocations=101 (full 3):
 def new generation   total 12096K, used 11595K [0x00000000f0800000, 0x00000000f1510000, 0x00000000f5aa0000)
  eden space 10816K, 100% used [0x00000000f0800000, 0x00000000f1290000, 0x00000000f1290000)
  from space 1280K,  60% used [0x00000000f1290000, 0x00000000f1352cf8, 0x00000000f13d0000)
  to   space 1280K,   0% used [0x00000000f13d0000, 0x00000000f13d0000, 0x00000000f1510000)
 tenured generation   total 26672K, used 18498K [0x00000000f5aa0000, 0x00000000f74ac000, 0x0000000100000000)
   the space 26672K,  69% used [0x00000000f5aa0000, 0x00000000f6cb0a88, 0x00000000f6cb0c00, 0x00000000f74ac000)
 Metaspace       used 50339K, capacity 51846K, committed 52096K, reserved 1093632K
  class space    used 6693K, capacity 7031K, committed 7040K, reserved 1048576K
Event: 10.204 GC heap after
Heap after GC invocations=102 (full 3):
 def new generation   total 12096K, used 888K [0x00000000f0800000, 0x00000000f1510000, 0x00000000f5aa0000)
  eden space 10816K,   0% used [0x00000000f0800000, 0x00000000f0800000, 0x00000000f1290000)
  from space 1280K,  69% used [0x00000000f13d0000, 0x00000000f14ae298, 0x00000000f1510000)
  to   space 1280K,   0% used [0x00000000f1290000, 0x00000000f1290000, 0x00000000f13d0000)
 tenured generation   total 26672K, used 18575K [0x00000000f5aa0000, 0x00000000f74ac000, 0x0000000100000000)
   the space 26672K,  69% used [0x00000000f5aa0000, 0x00000000f6cc3c08, 0x00000000f6cc3e00, 0x00000000f74ac000)
 Metaspace       used 50339K, capacity 51846K, committed 52096K, reserved 1093632K
  class space    used 6693K, capacity 7031K, committed 7040K, reserved 1048576K
}
Event: 10.343 GC heap before
{Heap before GC invocations=102 (full 3):
 def new generation   total 12096K, used 11704K [0x00000000f0800000, 0x00000000f1510000, 0x00000000f5aa0000)
  eden space 10816K, 100% used [0x00000000f0800000, 0x00000000f1290000, 0x00000000f1290000)
  from space 1280K,  69% used [0x00000000f13d0000, 0x00000000f14ae298, 0x00000000f1510000)
  to   space 1280K,   0% used [0x00000000f1290000, 0x00000000f1290000, 0x00000000f13d0000)
 tenured generation   total 26672K, used 18575K [0x00000000f5aa0000, 0x00000000f74ac000, 0x0000000100000000)
   the space 26672K,  69% used [0x00000000f5aa0000, 0x00000000f6cc3c08, 0x00000000f6cc3e00, 0x00000000f74ac000)
 Metaspace       used 51056K, capacity 52532K, committed 52736K, reserved 1095680K
  class space    used 6798K, capacity 7130K, committed 7168K, reserved 1048576K
Event: 10.347 GC heap after
Heap after GC invocations=103 (full 3):
 def new generation   total 12096K, used 842K [0x00000000f0800000, 0x00000000f1510000, 0x00000000f5aa0000)
  eden space 10816K,   0% used [0x00000000f0800000, 0x00000000f0800000, 0x00000000f1290000)
  from space 1280K,  65% used [0x00000000f1290000, 0x00000000f1362a80, 0x00000000f13d0000)
  to   space 1280K,   0% used [0x00000000f13d0000, 0x00000000f13d0000, 0x00000000f1510000)
 tenured generation   total 26672K, used 18778K [0x00000000f5aa0000, 0x00000000f74ac000, 0x0000000100000000)
   the space 26672K,  70% used [0x00000000f5aa0000, 0x00000000f6cf69a0, 0x00000000f6cf6a00, 0x00000000f74ac000)
 Metaspace       used 51056K, capacity 52532K, committed 52736K, reserved 1095680K
  class space    used 6798K, capacity 7130K, committed 7168K, reserved 1048576K
}
Event: 10.490 GC heap before
{Heap before GC invocations=103 (full 3):
 def new generation   total 12096K, used 11658K [0x00000000f0800000, 0x00000000f1510000, 0x00000000f5aa0000)
  eden space 10816K, 100% used [0x00000000f0800000, 0x00000000f1290000, 0x00000000f1290000)
  from space 1280K,  65% used [0x00000000f1290000, 0x00000000f1362a80, 0x00000000f13d0000)
  to   space 1280K,   0% used [0x00000000f13d0000, 0x00000000f13d0000, 0x00000000f1510000)
 tenured generation   total 26672K, used 18778K [0x00000000f5aa0000, 0x00000000f74ac000, 0x0000000100000000)
   the space 26672K,  70% used [0x00000000f5aa0000, 0x00000000f6cf69a0, 0x00000000f6cf6a00, 0x00000000f74ac000)
 Metaspace       used 51208K, capacity 52764K, committed 52992K, reserved 1095680K
  class space    used 6816K, capacity 7164K, committed 7168K, reserved 1048576K
Event: 10.495 GC heap after
Heap after GC invocations=104 (full 3):
 def new generation   total 12096K, used 679K [0x00000000f0800000, 0x00000000f1510000, 0x00000000f5aa0000)
  eden space 10816K,   0% used [0x00000000f0800000, 0x00000000f0800000, 0x00000000f1290000)
  from space 1280K,  53% used [0x00000000f13d0000, 0x00000000f1479f30, 0x00000000f1510000)
  to   space 1280K,   0% used [0x00000000f1290000, 0x00000000f1290000, 0x00000000f13d0000)
 tenured generation   total 26672K, used 19018K [0x00000000f5aa0000, 0x00000000f74ac000, 0x0000000100000000)
   the space 26672K,  71% used [0x00000000f5aa0000, 0x00000000f6d32890, 0x00000000f6d32a00, 0x00000000f74ac000)
 Metaspace       used 51208K, capacity 52764K, committed 52992K, reserved 1095680K
  class space    used 6816K, capacity 7164K, committed 7168K, reserved 1048576K
}
Event: 10.707 GC heap before
{Heap before GC invocations=104 (full 3):
 def new generation   total 12096K, used 11492K [0x00000000f0800000, 0x00000000f1510000, 0x00000000f5aa0000)
  eden space 10816K,  99% used [0x00000000f0800000, 0x00000000f128f348, 0x00000000f1290000)
  from space 1280K,  53% used [0x00000000f13d0000, 0x00000000f1479f30, 0x00000000f1510000)
  to   space 1280K,   0% used [0x00000000f1290000, 0x00000000f1290000, 0x00000000f13d0000)
 tenured generation   total 26672K, used 19018K [0x00000000f5aa0000, 0x00000000f74ac000, 0x0000000100000000)
   the space 26672K,  71% used [0x00000000f5aa0000, 0x00000000f6d32890, 0x00000000f6d32a00, 0x00000000f74ac000)
 Metaspace       used 52176K, capacity 53748K, committed 53888K, reserved 1095680K
  class space    used 6928K, capacity 7274K, committed 7296K, reserved 1048576K
Event: 10.713 GC heap after
Heap after GC invocations=105 (full 3):
 def new generation   total 12096K, used 932K [0x00000000f0800000, 0x00000000f1510000, 0x00000000f5aa0000)
  eden space 10816K,   0% used [0x00000000f0800000, 0x00000000f0800000, 0x00000000f1290000)
  from space 1280K,  72% used [0x00000000f1290000, 0x00000000f1379108, 0x00000000f13d0000)
  to   space 1280K,   0% used [0x00000000f13d0000, 0x00000000f13d0000, 0x00000000f1510000)
 tenured generation   total 26672K, used 19587K [0x00000000f5aa0000, 0x00000000f74ac000, 0x0000000100000000)
   the space 26672K,  73% used [0x00000000f5aa0000, 0x00000000f6dc0fe0, 0x00000000f6dc1000, 0x00000000f74ac000)
 Metaspace       used 52176K, capacity 53748K, committed 53888K, reserved 1095680K
  class space    used 6928K, capacity 7274K, committed 7296K, reserved 1048576K
}
Event: 10.955 GC heap before
{Heap before GC invocations=105 (full 3):
 def new generation   total 12096K, used 11748K [0x00000000f0800000, 0x00000000f1510000, 0x00000000f5aa0000)
  eden space 10816K, 100% used [0x00000000f0800000, 0x00000000f1290000, 0x00000000f1290000)
  from space 1280K,  72% used [0x00000000f1290000, 0x00000000f1379108, 0x00000000f13d0000)
  to   space 1280K,   0% used [0x00000000f13d0000, 0x00000000f13d0000, 0x00000000f1510000)
 tenured generation   total 26672K, used 19587K [0x00000000f5aa0000, 0x00000000f74ac000, 0x0000000100000000)
   the space 26672K,  73% used [0x00000000f5aa0000, 0x00000000f6dc0fe0, 0x00000000f6dc1000, 0x00000000f74ac000)
 Metaspace       used 53134K, capacity 55086K, committed 55168K, reserved 1097728K
  class space    used 7080K, capacity 7479K, committed 7552K, reserved 1048576K
Event: 10.960 GC heap after
Heap after GC invocations=106 (full 3):
 def new generation   total 12096K, used 1036K [0x00000000f0800000, 0x00000000f1510000, 0x00000000f5aa0000)
  eden space 10816K,   0% used [0x00000000f0800000, 0x00000000f0800000, 0x00000000f1290000)
  from space 1280K,  80% used [0x00000000f13d0000, 0x00000000f14d30a0, 0x00000000f1510000)
  to   space 1280K,   0% used [0x00000000f1290000, 0x00000000f1290000, 0x00000000f13d0000)
 tenured generation   total 26672K, used 19923K [0x00000000f5aa0000, 0x00000000f74ac000, 0x0000000100000000)
   the space 26672K,  74% used [0x00000000f5aa0000, 0x00000000f6e14f90, 0x00000000f6e15000, 0x00000000f74ac000)
 Metaspace       used 53134K, capacity 55086K, committed 55168K, reserved 1097728K
  class space    used 7080K, capacity 7479K, committed 7552K, reserved 1048576K
}
Event: 11.220 GC heap before
{Heap before GC invocations=106 (full 3):
 def new generation   total 12096K, used 11852K [0x00000000f0800000, 0x00000000f1510000, 0x00000000f5aa0000)
  eden space 10816K, 100% used [0x00000000f0800000, 0x00000000f1290000, 0x00000000f1290000)
  from space 1280K,  80% used [0x00000000f13d0000, 0x00000000f14d30a0, 0x00000000f1510000)
  to   space 1280K,   0% used [0x00000000f1290000, 0x00000000f1290000, 0x00000000f13d0000)
 tenured generation   total 26672K, used 19923K [0x00000000f5aa0000, 0x00000000f74ac000, 0x0000000100000000)
   the space 26672K,  74% used [0x00000000f5aa0000, 0x00000000f6e14f90, 0x00000000f6e15000, 0x00000000f74ac000)
 Metaspace       used 54390K, capacity 56402K, committed 56576K, reserved 1097728K
  class space    used 7253K, capacity 7657K, committed 7680K, reserved 1048576K
Event: 11.226 GC heap after
Heap after GC invocations=107 (full 3):
 def new generation   total 12096K, used 1176K [0x00000000f0800000, 0x00000000f1510000, 0x00000000f5aa0000)
  eden space 10816K,   0% used [0x00000000f0800000, 0x00000000f0800000, 0x00000000f1290000)
  from space 1280K,  91% used [0x00000000f1290000, 0x00000000f13b6258, 0x00000000f13d0000)
  to   space 1280K,   0% used [0x00000000f13d0000, 0x00000000f13d0000, 0x00000000f1510000)
 tenured generation   total 26672K, used 20340K [0x00000000f5aa0000, 0x00000000f74ac000, 0x0000000100000000)
   the space 26672K,  76% used [0x00000000f5aa0000, 0x00000000f6e7d3e0, 0x00000000f6e7d400, 0x00000000f74ac000)
 Metaspace       used 54390K, capacity 56402K, committed 56576K, reserved 1097728K
  class space    used 7253K, capacity 7657K, committed 7680K, reserved 1048576K
}
Event: 11.370 GC heap before
{Heap before GC invocations=107 (full 3):
 def new generation   total 12096K, used 11992K [0x00000000f0800000, 0x00000000f1510000, 0x00000000f5aa0000)
  eden space 10816K, 100% used [0x00000000f0800000, 0x00000000f1290000, 0x00000000f1290000)
  from space 1280K,  91% used [0x00000000f1290000, 0x00000000f13b6258, 0x00000000f13d0000)
  to   space 1280K,   0% used [0x00000000f13d0000, 0x00000000f13d0000, 0x00000000f1510000)
 tenured generation   total 26672K, used 20340K [0x00000000f5aa0000, 0x00000000f74ac000, 0x0000000100000000)
   the space 26672K,  76% used [0x00000000f5aa0000, 0x00000000f6e7d3e0, 0x00000000f6e7d400, 0x00000000f74ac000)
 Metaspace       used 54544K, capacity 56568K, committed 56704K, reserved 1097728K
  class space    used 7275K, capacity 7690K, committed 7808K, reserved 1048576K
Event: 11.375 GC heap after
Heap after GC invocations=108 (full 3):
 def new generation   total 12096K, used 467K [0x00000000f0800000, 0x00000000f1510000, 0x00000000f5aa0000)
  eden space 10816K,   0% used [0x00000000f0800000, 0x00000000f0800000, 0x00000000f1290000)
  from space 1280K,  36% used [0x00000000f13d0000, 0x00000000f1444e58, 0x00000000f1510000)
  to   space 1280K,   0% used [0x00000000f1290000, 0x00000000f1290000, 0x00000000f13d0000)
 tenured generation   total 26672K, used 20801K [0x00000000f5aa0000, 0x00000000f74ac000, 0x0000000100000000)
   the space 26672K,  77% used [0x00000000f5aa0000, 0x00000000f6ef0650, 0x00000000f6ef0800, 0x00000000f74ac000)
 Metaspace       used 54544K, capacity 56568K, committed 56704K, reserved 1097728K
  class space    used 7275K, capacity 7690K, committed 7808K, reserved 1048576K
}
Event: 11.515 GC heap before
{Heap before GC invocations=108 (full 3):
 def new generation   total 12096K, used 11283K [0x00000000f0800000, 0x00000000f1510000, 0x00000000f5aa0000)
  eden space 10816K, 100% used [0x00000000f0800000, 0x00000000f1290000, 0x00000000f1290000)
  from space 1280K,  36% used [0x00000000f13d0000, 0x00000000f1444e58, 0x00000000f1510000)
  to   space 1280K,   0% used [0x00000000f1290000, 0x00000000f1290000, 0x00000000f13d0000)
 tenured generation   total 26672K, used 20801K [0x00000000f5aa0000, 0x00000000f74ac000, 0x0000000100000000)
   the space 26672K,  77% used [0x00000000f5aa0000, 0x00000000f6ef0650, 0x00000000f6ef0800, 0x00000000f74ac000)
 Metaspace       used 54763K, capacity 56900K, committed 57216K, reserved 1099776K
  class space    used 7307K, capacity 7720K, committed 7808K, reserved 1048576K
Event: 11.519 GC heap after
Heap after GC invocations=109 (full 3):
 def new generation   total 12096K, used 721K [0x00000000f0800000, 0x00000000f1510000, 0x00000000f5aa0000)
  eden space 10816K,   0% used [0x00000000f0800000, 0x00000000f0800000, 0x00000000f1290000)
  from space 1280K,  56% used [0x00000000f1290000, 0x00000000f13445a0, 0x00000000f13d0000)
  to   space 1280K,   0% used [0x00000000f13d0000, 0x00000000f13d0000, 0x00000000f1510000)
 tenured generation   total 26672K, used 20801K [0x00000000f5aa0000, 0x00000000f74ac000, 0x0000000100000000)
   the space 26672K,  77% used [0x00000000f5aa0000, 0x00000000f6ef0650, 0x00000000f6ef0800, 0x00000000f74ac000)
 Metaspace       used 54763K, capacity 56900K, committed 57216K, reserved 1099776K
  class space    used 7307K, capacity 7720K, committed 7808K, reserved 1048576K
}
Event: 11.642 GC heap before
{Heap before GC invocations=109 (full 3):
 def new generation   total 12096K, used 11537K [0x00000000f0800000, 0x00000000f1510000, 0x00000000f5aa0000)
  eden space 10816K, 100% used [0x00000000f0800000, 0x00000000f1290000, 0x00000000f1290000)
  from space 1280K,  56% used [0x00000000f1290000, 0x00000000f13445a0, 0x00000000f13d0000)
  to   space 1280K,   0% used [0x00000000f13d0000, 0x00000000f13d0000, 0x00000000f1510000)
 tenured generation   total 26672K, used 20801K [0x00000000f5aa0000, 0x00000000f74ac000, 0x0000000100000000)
   the space 26672K,  77% used [0x00000000f5aa0000, 0x00000000f6ef0650, 0x00000000f6ef0800, 0x00000000f74ac000)
 Metaspace       used 54881K, capacity 57056K, committed 57216K, reserved 1099776K
  class space    used 7321K, capacity 7762K, committed 7808K, reserved 1048576K
Event: 11.647 GC heap after
Heap after GC invocations=110 (full 3):
 def new generation   total 12096K, used 599K [0x00000000f0800000, 0x00000000f1510000, 0x00000000f5aa0000)
  eden space 10816K,   0% used [0x00000000f0800000, 0x00000000f0800000, 0x00000000f1290000)
  from space 1280K,  46% used [0x00000000f13d0000, 0x00000000f1465e18, 0x00000000f1510000)
  to   space 1280K,   0% used [0x00000000f1290000, 0x00000000f1290000, 0x00000000f13d0000)
 tenured generation   total 26672K, used 21134K [0x00000000f5aa0000, 0x00000000f74ac000, 0x0000000100000000)
   the space 26672K,  79% used [0x00000000f5aa0000, 0x00000000f6f43b48, 0x00000000f6f43c00, 0x00000000f74ac000)
 Metaspace       used 54881K, capacity 57056K, committed 57216K, reserved 1099776K
  class space    used 7321K, capacity 7762K, committed 7808K, reserved 1048576K
}
Event: 11.834 GC heap before
{Heap before GC invocations=110 (full 3):
 def new generation   total 12096K, used 11415K [0x00000000f0800000, 0x00000000f1510000, 0x00000000f5aa0000)
  eden space 10816K, 100% used [0x00000000f0800000, 0x00000000f1290000, 0x00000000f1290000)
  from space 1280K,  46% used [0x00000000f13d0000, 0x00000000f1465e18, 0x00000000f1510000)
  to   space 1280K,   0% used [0x00000000f1290000, 0x00000000f1290000, 0x00000000f13d0000)
 tenured generation   total 26672K, used 21134K [0x00000000f5aa0000, 0x00000000f74ac000, 0x0000000100000000)
   the space 26672K,  79% used [0x00000000f5aa0000, 0x00000000f6f43b48, 0x00000000f6f43c00, 0x00000000f74ac000)
 Metaspace       used 55984K, capacity 58148K, committed 58368K, reserved 1099776K
  class space    used 7445K, capacity 7864K, committed 7936K, reserved 1048576K
Event: 11.840 GC heap after
Heap after GC invocations=111 (full 3):
 def new generation   total 12096K, used 1279K [0x00000000f0800000, 0x00000000f1510000, 0x00000000f5aa0000)
  eden space 10816K,   0% used [0x00000000f0800000, 0x00000000f0800000, 0x00000000f1290000)
  from space 1280K,  99% used [0x00000000f1290000, 0x00000000f13cfff8, 0x00000000f13d0000)
  to   space 1280K,   0% used [0x00000000f13d0000, 0x00000000f13d0000, 0x00000000f1510000)
 tenured generation   total 26672K, used 21436K [0x00000000f5aa0000, 0x00000000f74ac000, 0x0000000100000000)
   the space 26672K,  80% used [0x00000000f5aa0000, 0x00000000f6f8f038, 0x00000000f6f8f200, 0x00000000f74ac000)
 Metaspace       used 55984K, capacity 58148K, committed 58368K, reserved 1099776K
  class space    used 7445K, capacity 7864K, committed 7936K, reserved 1048576K
}
Event: 12.026 GC heap before
{Heap before GC invocations=111 (full 3):
 def new generation   total 12096K, used 12095K [0x00000000f0800000, 0x00000000f1510000, 0x00000000f5aa0000)
  eden space 10816K, 100% used [0x00000000f0800000, 0x00000000f1290000, 0x00000000f1290000)
  from space 1280K,  99% used [0x00000000f1290000, 0x00000000f13cfff8, 0x00000000f13d0000)
  to   space 1280K,   0% used [0x00000000f13d0000, 0x00000000f13d0000, 0x00000000f1510000)
 tenured generation   total 26672K, used 21436K [0x00000000f5aa0000, 0x00000000f74ac000, 0x0000000100000000)
   the space 26672K,  80% used [0x00000000f5aa0000, 0x00000000f6f8f038, 0x00000000f6f8f200, 0x00000000f74ac000)
 Metaspace       used 56521K, capacity 58672K, committed 58880K, reserved 1099776K
  class space    used 7513K, capacity 7930K, committed 7936K, reserved 1048576K
Event: 12.032 GC heap after
Heap after GC invocations=112 (full 3):
 def new generation   total 12096K, used 751K [0x00000000f0800000, 0x00000000f1510000, 0x00000000f5aa0000)
  eden space 10816K,   0% used [0x00000000f0800000, 0x00000000f0800000, 0x00000000f1290000)
  from space 1280K,  58% used [0x00000000f13d0000, 0x00000000f148be68, 0x00000000f1510000)
  to   space 1280K,   0% used [0x00000000f1290000, 0x00000000f1290000, 0x00000000f13d0000)
 tenured generation   total 26672K, used 22381K [0x00000000f5aa0000, 0x00000000f74ac000, 0x0000000100000000)
   the space 26672K,  83% used [0x00000000f5aa0000, 0x00000000f707b550, 0x00000000f707b600, 0x00000000f74ac000)
 Metaspace       used 56521K, capacity 58672K, committed 58880K, reserved 1099776K
  class space    used 7513K, capacity 7930K, committed 7936K, reserved 1048576K
}
Event: 12.194 GC heap before
{Heap before GC invocations=112 (full 3):
 def new generation   total 12096K, used 11567K [0x00000000f0800000, 0x00000000f1510000, 0x00000000f5aa0000)
  eden space 10816K, 100% used [0x00000000f0800000, 0x00000000f1290000, 0x00000000f1290000)
  from space 1280K,  58% used [0x00000000f13d0000, 0x00000000f148be68, 0x00000000f1510000)
  to   space 1280K,   0% used [0x00000000f1290000, 0x00000000f1290000, 0x00000000f13d0000)
 tenured generation   total 26672K, used 22381K [0x00000000f5aa0000, 0x00000000f74ac000, 0x0000000100000000)
   the space 26672K,  83% used [0x00000000f5aa0000, 0x00000000f707b550, 0x00000000f707b600, 0x00000000f74ac000)
 Metaspace       used 56984K, capacity 59192K, committed 59264K, reserved 1099776K
  class space    used 7570K, capacity 7996K, committed 8064K, reserved 1048576K
Event: 12.198 GC heap after
Heap after GC invocations=113 (full 3):
 def new generation   total 12096K, used 713K [0x00000000f0800000, 0x00000000f1510000, 0x00000000f5aa0000)
  eden space 10816K,   0% used [0x00000000f0800000, 0x00000000f0800000, 0x00000000f1290000)
  from space 1280K,  55% used [0x00000000f1290000, 0x00000000f1342460, 0x00000000f13d0000)
  to   space 1280K,   0% used [0x00000000f13d0000, 0x00000000f13d0000, 0x00000000f1510000)
 tenured generation   total 26672K, used 22731K [0x00000000f5aa0000, 0x00000000f74ac000, 0x0000000100000000)
   the space 26672K,  85% used [0x00000000f5aa0000, 0x00000000f70d2d10, 0x00000000f70d2e00, 0x00000000f74ac000)
 Metaspace       used 56984K, capacity 59192K, committed 59264K, reserved 1099776K
  class space    used 7570K, capacity 7996K, committed 8064K, reserved 1048576K
}
Event: 12.361 GC heap before
{Heap before GC invocations=113 (full 3):
 def new generation   total 12096K, used 11529K [0x00000000f0800000, 0x00000000f1510000, 0x00000000f5aa0000)
  eden space 10816K, 100% used [0x00000000f0800000, 0x00000000f1290000, 0x00000000f1290000)
  from space 1280K,  55% used [0x00000000f1290000, 0x00000000f1342460, 0x00000000f13d0000)
  to   space 1280K,   0% used [0x00000000f13d0000, 0x00000000f13d0000, 0x00000000f1510000)
 tenured generation   total 26672K, used 22731K [0x00000000f5aa0000, 0x00000000f74ac000, 0x0000000100000000)
   the space 26672K,  85% used [0x00000000f5aa0000, 0x00000000f70d2d10, 0x00000000f70d2e00, 0x00000000f74ac000)
 Metaspace       used 57685K, capacity 59934K, committed 60160K, reserved 1101824K
  class space    used 7679K, capacity 8095K, committed 8192K, reserved 1048576K
Event: 12.365 GC heap after
Heap after GC invocations=114 (full 3):
 def new generation   total 12096K, used 1023K [0x00000000f0800000, 0x00000000f1510000, 0x00000000f5aa0000)
  eden space 10816K,   0% used [0x00000000f0800000, 0x00000000f0800000, 0x00000000f1290000)
  from space 1280K,  79% used [0x00000000f13d0000, 0x00000000f14cfc10, 0x00000000f1510000)
  to   space 1280K,   0% used [0x00000000f1290000, 0x00000000f1290000, 0x00000000f13d0000)
 tenured generation   total 26672K, used 22988K [0x00000000f5aa0000, 0x00000000f74ac000, 0x0000000100000000)
   the space 26672K,  86% used [0x00000000f5aa0000, 0x00000000f7113290, 0x00000000f7113400, 0x00000000f74ac000)
 Metaspace       used 57685K, capacity 59934K, committed 60160K, reserved 1101824K
  class space    used 7679K, capacity 8095K, committed 8192K, reserved 1048576K
}
Event: 12.495 GC heap before
{Heap before GC invocations=114 (full 3):
 def new generation   total 12096K, used 11839K [0x00000000f0800000, 0x00000000f1510000, 0x00000000f5aa0000)
  eden space 10816K, 100% used [0x00000000f0800000, 0x00000000f1290000, 0x00000000f1290000)
  from space 1280K,  79% used [0x00000000f13d0000, 0x00000000f14cfc10, 0x00000000f1510000)
  to   space 1280K,   0% used [0x00000000f1290000, 0x00000000f1290000, 0x00000000f13d0000)
 tenured generation   total 26672K, used 22988K [0x00000000f5aa0000, 0x00000000f74ac000, 0x0000000100000000)
   the space 26672K,  86% used [0x00000000f5aa0000, 0x00000000f7113290, 0x00000000f7113400, 0x00000000f74ac000)
 Metaspace       used 57944K, capacity 60208K, committed 60416K, reserved 1101824K
  class space    used 7726K, capacity 8164K, committed 8192K, reserved 1048576K
Event: 12.499 GC heap after
Heap after GC invocations=115 (full 3):
 def new generation   total 12096K, used 538K [0x00000000f0800000, 0x00000000f1510000, 0x00000000f5aa0000)
  eden space 10816K,   0% used [0x00000000f0800000, 0x00000000f0800000, 0x00000000f1290000)
  from space 1280K,  42% used [0x00000000f1290000, 0x00000000f1316878, 0x00000000f13d0000)
  to   space 1280K,   0% used [0x00000000f13d0000, 0x00000000f13d0000, 0x00000000f1510000)
 tenured generation   total 26672K, used 23189K [0x00000000f5aa0000, 0x00000000f74ac000, 0x0000000100000000)
   the space 26672K,  86% used [0x00000000f5aa0000, 0x00000000f7145490, 0x00000000f7145600, 0x00000000f74ac000)
 Metaspace       used 57944K, capacity 60208K, committed 60416K, reserved 1101824K
  class space    used 7726K, capacity 8164K, committed 8192K, reserved 1048576K
}
Event: 12.575 GC heap before
{Heap before GC invocations=115 (full 3):
 def new generation   total 12096K, used 11354K [0x00000000f0800000, 0x00000000f1510000, 0x00000000f5aa0000)
  eden space 10816K, 100% used [0x00000000f0800000, 0x00000000f1290000, 0x00000000f1290000)
  from space 1280K,  42% used [0x00000000f1290000, 0x00000000f1316878, 0x00000000f13d0000)
  to   space 1280K,   0% used [0x00000000f13d0000, 0x00000000f13d0000, 0x00000000f1510000)
 tenured generation   total 26672K, used 23189K [0x00000000f5aa0000, 0x00000000f74ac000, 0x0000000100000000)
   the space 26672K,  86% used [0x00000000f5aa0000, 0x00000000f7145490, 0x00000000f7145600, 0x00000000f74ac000)
 Metaspace       used 57973K, capacity 60208K, committed 60416K, reserved 1101824K
  class space    used 7728K, capacity 8164K, committed 8192K, reserved 1048576K
Event: 12.579 GC heap after
Heap after GC invocations=116 (full 3):
 def new generation   total 12096K, used 531K [0x00000000f0800000, 0x00000000f1510000, 0x00000000f5aa0000)
  eden space 10816K,   0% used [0x00000000f0800000, 0x00000000f0800000, 0x00000000f1290000)
  from space 1280K,  41% used [0x00000000f13d0000, 0x00000000f1454e40, 0x00000000f1510000)
  to   space 1280K,   0% used [0x00000000f1290000, 0x00000000f1290000, 0x00000000f13d0000)
 tenured generation   total 26672K, used 23189K [0x00000000f5aa0000, 0x00000000f74ac000, 0x0000000100000000)
   the space 26672K,  86% used [0x00000000f5aa0000, 0x00000000f7145490, 0x00000000f7145600, 0x00000000f74ac000)
 Metaspace       used 57973K, capacity 60208K, committed 60416K, reserved 1101824K
  class space    used 7728K, capacity 8164K, committed 8192K, reserved 1048576K
}
Event: 12.670 GC heap before
{Heap before GC invocations=116 (full 3):
 def new generation   total 12096K, used 11347K [0x00000000f0800000, 0x00000000f1510000, 0x00000000f5aa0000)
  eden space 10816K, 100% used [0x00000000f0800000, 0x00000000f1290000, 0x00000000f1290000)
  from space 1280K,  41% used [0x00000000f13d0000, 0x00000000f1454e40, 0x00000000f1510000)
  to   space 1280K,   0% used [0x00000000f1290000, 0x00000000f1290000, 0x00000000f13d0000)
 tenured generation   total 26672K, used 23189K [0x00000000f5aa0000, 0x00000000f74ac000, 0x0000000100000000)
   the space 26672K,  86% used [0x00000000f5aa0000, 0x00000000f7145490, 0x00000000f7145600, 0x00000000f74ac000)
 Metaspace       used 58093K, capacity 60330K, committed 60544K, reserved 1101824K
  class space    used 7753K, capacity 8201K, committed 8320K, reserved 1048576K
Event: 12.674 GC heap after
Heap after GC invocations=117 (full 3):
 def new generation   total 12096K, used 916K [0x00000000f0800000, 0x00000000f1510000, 0x00000000f5aa0000)
  eden space 10816K,   0% used [0x00000000f0800000, 0x00000000f0800000, 0x00000000f1290000)
  from space 1280K,  71% used [0x00000000f1290000, 0x00000000f13751f8, 0x00000000f13d0000)
  to   space 1280K,   0% used [0x00000000f13d0000, 0x00000000f13d0000, 0x00000000f1510000)
 tenured generation   total 26672K, used 23189K [0x00000000f5aa0000, 0x00000000f74ac000, 0x0000000100000000)
   the space 26672K,  86% used [0x00000000f5aa0000, 0x00000000f7145490, 0x00000000f7145600, 0x00000000f74ac000)
 Metaspace       used 58093K, capacity 60330K, committed 60544K, reserved 1101824K
  class space    used 7753K, capacity 8201K, committed 8320K, reserved 1048576K
}
Event: 12.799 GC heap before
{Heap before GC invocations=117 (full 3):
 def new generation   total 12096K, used 11732K [0x00000000f0800000, 0x00000000f1510000, 0x00000000f5aa0000)
  eden space 10816K, 100% used [0x00000000f0800000, 0x00000000f1290000, 0x00000000f1290000)
  from space 1280K,  71% used [0x00000000f1290000, 0x00000000f13751f8, 0x00000000f13d0000)
  to   space 1280K,   0% used [0x00000000f13d0000, 0x00000000f13d0000, 0x00000000f1510000)
 tenured generation   total 26672K, used 23189K [0x00000000f5aa0000, 0x00000000f74ac000, 0x0000000100000000)
   the space 26672K,  86% used [0x00000000f5aa0000, 0x00000000f7145490, 0x00000000f7145600, 0x00000000f74ac000)
 Metaspace       used 58318K, capacity 60522K, committed 60800K, reserved 1101824K
  class space    used 7777K, capacity 8201K, committed 8320K, reserved 1048576K
Event: 12.804 GC heap after
Heap after GC invocations=118 (full 3):
 def new generation   total 12096K, used 788K [0x00000000f0800000, 0x00000000f1510000, 0x00000000f5aa0000)
  eden space 10816K,   0% used [0x00000000f0800000, 0x00000000f0800000, 0x00000000f1290000)
  from space 1280K,  61% used [0x00000000f13d0000, 0x00000000f1495228, 0x00000000f1510000)
  to   space 1280K,   0% used [0x00000000f1290000, 0x00000000f1290000, 0x00000000f13d0000)
 tenured generation   total 26672K, used 23704K [0x00000000f5aa0000, 0x00000000f74ac000, 0x0000000100000000)
   the space 26672K,  88% used [0x00000000f5aa0000, 0x00000000f71c60c8, 0x00000000f71c6200, 0x00000000f74ac000)
 Metaspace       used 58318K, capacity 60522K, committed 60800K, reserved 1101824K
  class space    used 7777K, capacity 8201K, committed 8320K, reserved 1048576K
}
Event: 12.942 GC heap before
{Heap before GC invocations=118 (full 3):
 def new generation   total 12096K, used 11604K [0x00000000f0800000, 0x00000000f1510000, 0x00000000f5aa0000)
  eden space 10816K, 100% used [0x00000000f0800000, 0x00000000f1290000, 0x00000000f1290000)
  from space 1280K,  61% used [0x00000000f13d0000, 0x00000000f1495228, 0x00000000f1510000)
  to   space 1280K,   0% used [0x00000000f1290000, 0x00000000f1290000, 0x00000000f13d0000)
 tenured generation   total 26672K, used 23704K [0x00000000f5aa0000, 0x00000000f74ac000, 0x0000000100000000)
   the space 26672K,  88% used [0x00000000f5aa0000, 0x00000000f71c60c8, 0x00000000f71c6200, 0x00000000f74ac000)
 Metaspace       used 58657K, capacity 60874K, committed 61056K, reserved 1101824K
  class space    used 7812K, capacity 8233K, committed 8320K, reserved 1048576K
Event: 12.947 GC heap after
Heap after GC invocations=119 (full 3):
 def new generation   total 12096K, used 915K [0x00000000f0800000, 0x00000000f1510000, 0x00000000f5aa0000)
  eden space 10816K,   0% used [0x00000000f0800000, 0x00000000f0800000, 0x00000000f1290000)
  from space 1280K,  71% used [0x00000000f1290000, 0x00000000f1374cf0, 0x00000000f13d0000)
  to   space 1280K,   0% used [0x00000000f13d0000, 0x00000000f13d0000, 0x00000000f1510000)
 tenured generation   total 26672K, used 23992K [0x00000000f5aa0000, 0x00000000f74ac000, 0x0000000100000000)
   the space 26672K,  89% used [0x00000000f5aa0000, 0x00000000f720e180, 0x00000000f720e200, 0x00000000f74ac000)
 Metaspace       used 58657K, capacity 60874K, committed 61056K, reserved 1101824K
  class space    used 7812K, capacity 8233K, committed 8320K, reserved 1048576K
}
Event: 13.111 GC heap before
{Heap before GC invocations=119 (full 3):
 def new generation   total 12096K, used 11731K [0x00000000f0800000, 0x00000000f1510000, 0x00000000f5aa0000)
  eden space 10816K, 100% used [0x00000000f0800000, 0x00000000f1290000, 0x00000000f1290000)
  from space 1280K,  71% used [0x00000000f1290000, 0x00000000f1374cf0, 0x00000000f13d0000)
  to   space 1280K,   0% used [0x00000000f13d0000, 0x00000000f13d0000, 0x00000000f1510000)
 tenured generation   total 26672K, used 23992K [0x00000000f5aa0000, 0x00000000f74ac000, 0x0000000100000000)
   the space 26672K,  89% used [0x00000000f5aa0000, 0x00000000f720e180, 0x00000000f720e200, 0x00000000f74ac000)
 Metaspace       used 59009K, capacity 61474K, committed 61696K, reserved 1101824K
  class space    used 7886K, capacity 8347K, committed 8448K, reserved 1048576K
Event: 13.116 GC heap after
Heap after GC invocations=120 (full 3):
 def new generation   total 12096K, used 952K [0x00000000f0800000, 0x00000000f1510000, 0x00000000f5aa0000)
  eden space 10816K,   0% used [0x00000000f0800000, 0x00000000f0800000, 0x00000000f1290000)
  from space 1280K,  74% used [0x00000000f13d0000, 0x00000000f14be010, 0x00000000f1510000)
  to   space 1280K,   0% used [0x00000000f1290000, 0x00000000f1290000, 0x00000000f13d0000)
 tenured generation   total 26672K, used 24339K [0x00000000f5aa0000, 0x00000000f74ac000, 0x0000000100000000)
   the space 26672K,  91% used [0x00000000f5aa0000, 0x00000000f7264f28, 0x00000000f7265000, 0x00000000f74ac000)
 Metaspace       used 59009K, capacity 61474K, committed 61696K, reserved 1101824K
  class space    used 7886K, capacity 8347K, committed 8448K, reserved 1048576K
}
Event: 13.230 GC heap before
{Heap before GC invocations=120 (full 3):
 def new generation   total 12096K, used 11768K [0x00000000f0800000, 0x00000000f1510000, 0x00000000f5aa0000)
  eden space 10816K, 100% used [0x00000000f0800000, 0x00000000f1290000, 0x00000000f1290000)
  from space 1280K,  74% used [0x00000000f13d0000, 0x00000000f14be010, 0x00000000f1510000)
  to   space 1280K,   0% used [0x00000000f1290000, 0x00000000f1290000, 0x00000000f13d0000)
 tenured generation   total 26672K, used 24339K [0x00000000f5aa0000, 0x00000000f74ac000, 0x0000000100000000)
   the space 26672K,  91% used [0x00000000f5aa0000, 0x00000000f7264f28, 0x00000000f7265000, 0x00000000f74ac000)
 Metaspace       used 59098K, capacity 61646K, committed 61952K, reserved 1103872K
  class space    used 7896K, capacity 8381K, committed 8448K, reserved 1048576K
Event: 13.239 GC heap after
Heap after GC invocations=121 (full 3):
 def new generation   total 12096K, used 739K [0x00000000f0800000, 0x00000000f1510000, 0x00000000f5aa0000)
  eden space 10816K,   0% used [0x00000000f0800000, 0x00000000f0800000, 0x00000000f1290000)
  from space 1280K,  57% used [0x00000000f1290000, 0x00000000f1348f38, 0x00000000f13d0000)
  to   space 1280K,   0% used [0x00000000f13d0000, 0x00000000f13d0000, 0x00000000f1510000)
 tenured generation   total 26672K, used 24762K [0x00000000f5aa0000, 0x00000000f74ac000, 0x0000000100000000)
   the space 26672K,  92% used [0x00000000f5aa0000, 0x00000000f72cea10, 0x00000000f72cec00, 0x00000000f74ac000)
 Metaspace       used 59098K, capacity 61646K, committed 61952K, reserved 1103872K
  class space    used 7896K, capacity 8381K, committed 8448K, reserved 1048576K
}
Event: 13.385 GC heap before
{Heap before GC invocations=121 (full 3):
 def new generation   total 12096K, used 11555K [0x00000000f0800000, 0x00000000f1510000, 0x00000000f5aa0000)
  eden space 10816K, 100% used [0x00000000f0800000, 0x00000000f1290000, 0x00000000f1290000)
  from space 1280K,  57% used [0x00000000f1290000, 0x00000000f1348f38, 0x00000000f13d0000)
  to   space 1280K,   0% used [0x00000000f13d0000, 0x00000000f13d0000, 0x00000000f1510000)
 tenured generation   total 26672K, used 24762K [0x00000000f5aa0000, 0x00000000f74ac000, 0x0000000100000000)
   the space 26672K,  92% used [0x00000000f5aa0000, 0x00000000f72cea10, 0x00000000f72cec00, 0x00000000f74ac000)
 Metaspace       used 59180K, capacity 61782K, committed 61952K, reserved 1103872K
  class space    used 7906K, capacity 8383K, committed 8448K, reserved 1048576K
Event: 13.416 GC heap after
Heap after GC invocations=122 (full 3):
 def new generation   total 12096K, used 735K [0x00000000f0800000, 0x00000000f1510000, 0x00000000f5aa0000)
  eden space 10816K,   0% used [0x00000000f0800000, 0x00000000f0800000, 0x00000000f1290000)
  from space 1280K,  57% used [0x00000000f13d0000, 0x00000000f1487ff0, 0x00000000f1510000)
  to   space 1280K,   0% used [0x00000000f1290000, 0x00000000f1290000, 0x00000000f13d0000)
 tenured generation   total 26672K, used 25170K [0x00000000f5aa0000, 0x00000000f74ac000, 0x0000000100000000)
   the space 26672K,  94% used [0x00000000f5aa0000, 0x00000000f7334940, 0x00000000f7334a00, 0x00000000f74ac000)
 Metaspace       used 59180K, capacity 61782K, committed 61952K, reserved 1103872K
  class space    used 7906K, capacity 8383K, committed 8448K, reserved 1048576K
}
Event: 13.605 GC heap before
{Heap before GC invocations=122 (full 3):
 def new generation   total 12096K, used 11551K [0x00000000f0800000, 0x00000000f1510000, 0x00000000f5aa0000)
  eden space 10816K, 100% used [0x00000000f0800000, 0x00000000f1290000, 0x00000000f1290000)
  from space 1280K,  57% used [0x00000000f13d0000, 0x00000000f1487ff0, 0x00000000f1510000)
  to   space 1280K,   0% used [0x00000000f1290000, 0x00000000f1290000, 0x00000000f13d0000)
 tenured generation   total 26672K, used 25170K [0x00000000f5aa0000, 0x00000000f74ac000, 0x0000000100000000)
   the space 26672K,  94% used [0x00000000f5aa0000, 0x00000000f7334940, 0x00000000f7334a00, 0x00000000f74ac000)
 Metaspace       used 59439K, capacity 62034K, committed 62208K, reserved 1103872K
  class space    used 7935K, capacity 8421K, committed 8448K, reserved 1048576K
Event: 13.637 GC heap after
Heap after GC invocations=123 (full 3):
 def new generation   total 12096K, used 952K [0x00000000f0800000, 0x00000000f1510000, 0x00000000f5aa0000)
  eden space 10816K,   0% used [0x00000000f0800000, 0x00000000f0800000, 0x00000000f1290000)
  from space 1280K,  74% used [0x00000000f1290000, 0x00000000f137e3d8, 0x00000000f13d0000)
  to   space 1280K,   0% used [0x00000000f13d0000, 0x00000000f13d0000, 0x00000000f1510000)
 tenured generation   total 26672K, used 25480K [0x00000000f5aa0000, 0x00000000f74ac000, 0x0000000100000000)
   the space 26672K,  95% used [0x00000000f5aa0000, 0x00000000f7382178, 0x00000000f7382200, 0x00000000f74ac000)
 Metaspace       used 59439K, capacity 62034K, committed 62208K, reserved 1103872K
  class space    used 7935K, capacity 8421K, committed 8448K, reserved 1048576K
}
Event: 13.802 GC heap before
{Heap before GC invocations=123 (full 3):
 def new generation   total 12096K, used 11768K [0x00000000f0800000, 0x00000000f1510000, 0x00000000f5aa0000)
  eden space 10816K, 100% used [0x00000000f0800000, 0x00000000f1290000, 0x00000000f1290000)
  from space 1280K,  74% used [0x00000000f1290000, 0x00000000f137e3d8, 0x00000000f13d0000)
  to   space 1280K,   0% used [0x00000000f13d0000, 0x00000000f13d0000, 0x00000000f1510000)
 tenured generation   total 26672K, used 25480K [0x00000000f5aa0000, 0x00000000f74ac000, 0x0000000100000000)
   the space 26672K,  95% used [0x00000000f5aa0000, 0x00000000f7382178, 0x00000000f7382200, 0x00000000f74ac000)
 Metaspace       used 59535K, capacity 62118K, committed 62208K, reserved 1103872K
  class space    used 7951K, capacity 8425K, committed 8448K, reserved 1048576K
Event: 13.813 GC heap after
Heap after GC invocations=124 (full 3):
 def new generation   total 12096K, used 769K [0x00000000f0800000, 0x00000000f1510000, 0x00000000f5aa0000)
  eden space 10816K,   0% used [0x00000000f0800000, 0x00000000f0800000, 0x00000000f1290000)
  from space 1280K,  60% used [0x00000000f13d0000, 0x00000000f1490618, 0x00000000f1510000)
  to   space 1280K,   0% used [0x00000000f1290000, 0x00000000f1290000, 0x00000000f13d0000)
 tenured generation   total 26672K, used 25858K [0x00000000f5aa0000, 0x00000000f74ac000, 0x0000000100000000)
   the space 26672K,  96% used [0x00000000f5aa0000, 0x00000000f73e0b18, 0x00000000f73e0c00, 0x00000000f74ac000)
 Metaspace       used 59535K, capacity 62118K, committed 62208K, reserved 1103872K
  class space    used 7951K, capacity 8425K, committed 8448K, reserved 1048576K
}
Event: 14.026 GC heap before
{Heap before GC invocations=124 (full 3):
 def new generation   total 12096K, used 11585K [0x00000000f0800000, 0x00000000f1510000, 0x00000000f5aa0000)
  eden space 10816K, 100% used [0x00000000f0800000, 0x00000000f1290000, 0x00000000f1290000)
  from space 1280K,  60% used [0x00000000f13d0000, 0x00000000f1490618, 0x00000000f1510000)
  to   space 1280K,   0% used [0x00000000f1290000, 0x00000000f1290000, 0x00000000f13d0000)
 tenured generation   total 26672K, used 25858K [0x00000000f5aa0000, 0x00000000f74ac000, 0x0000000100000000)
   the space 26672K,  96% used [0x00000000f5aa0000, 0x00000000f73e0b18, 0x00000000f73e0c00, 0x00000000f74ac000)
 Metaspace       used 59761K, capacity 62284K, committed 62592K, reserved 1103872K
  class space    used 7979K, capacity 8458K, committed 8576K, reserved 1048576K
Event: 14.039 GC heap after
Heap after GC invocations=125 (full 3):
 def new generation   total 12096K, used 1237K [0x00000000f0800000, 0x00000000f1510000, 0x00000000f5aa0000)
  eden space 10816K,   0% used [0x00000000f0800000, 0x00000000f0800000, 0x00000000f1290000)
  from space 1280K,  96% used [0x00000000f1290000, 0x00000000f13c5618, 0x00000000f13d0000)
  to   space 1280K,   0% used [0x00000000f13d0000, 0x00000000f13d0000, 0x00000000f1510000)
 tenured generation   total 26672K, used 26246K [0x00000000f5aa0000, 0x00000000f74ac000, 0x0000000100000000)
   the space 26672K,  98% used [0x00000000f5aa0000, 0x00000000f74419a8, 0x00000000f7441a00, 0x00000000f74ac000)
 Metaspace       used 59761K, capacity 62284K, committed 62592K, reserved 1103872K
  class space    used 7979K, capacity 8458K, committed 8576K, reserved 1048576K
}
Event: 14.191 GC heap before
{Heap before GC invocations=125 (full 3):
 def new generation   total 12096K, used 12053K [0x00000000f0800000, 0x00000000f1510000, 0x00000000f5aa0000)
  eden space 10816K, 100% used [0x00000000f0800000, 0x00000000f1290000, 0x00000000f1290000)
  from space 1280K,  96% used [0x00000000f1290000, 0x00000000f13c5618, 0x00000000f13d0000)
  to   space 1280K,   0% used [0x00000000f13d0000, 0x00000000f13d0000, 0x00000000f1510000)
 tenured generation   total 26672K, used 26246K [0x00000000f5aa0000, 0x00000000f74ac000, 0x0000000100000000)
   the space 26672K,  98% used [0x00000000f5aa0000, 0x00000000f74419a8, 0x00000000f7441a00, 0x00000000f74ac000)
 Metaspace       used 60175K, capacity 62748K, committed 62848K, reserved 1103872K
  class space    used 8053K, capacity 8524K, committed 8576K, reserved 1048576K

