# JRE version: OpenJDK Runtime Environment (8.0_242-b08) (build 1.8.0_242-b08)
# Java VM: OpenJDK 64-Bit Server VM (25.242-b08 mixed mode linux-amd64 compressed oops)
Heap:
 def new generation   total 7808K, used 0K [0x00000000f0800000, 0x00000000f1070000, 0x00000000f5aa0000)
  eden space 6976K,   0% used [0x00000000f0800000, 0x00000000f0800000, 0x00000000f0ed0000)
  from space 832K,   0% used [0x00000000f0ed0000, 0x00000000f0ed0000, 0x00000000f0fa0000)
  to   space 832K,   0% used [0x00000000f0fa0000, 0x00000000f0fa0000, 0x00000000f1070000)
 tenured generation   total 17348K, used 16202K [0x00000000f5aa0000, 0x00000000f6b91000, 0x0000000100000000)
   the space 17348K,  93% used [0x00000000f5aa0000, 0x00000000f6a729e8, 0x00000000f6a72a00, 0x00000000f6b91000)
 Metaspace       used 39194K, capacity 40586K, committed 40832K, reserved 1085440K
  class space    used 4892K, capacity 5195K, committed 5248K, reserved 1048576K
GC Heap History (175 events):
Event: 0.419 GC heap before
{Heap before GC invocations=0 (full 0):
 def new generation   total 4928K, used 4416K [0x00000000f0800000, 0x00000000f0d50000, 0x00000000f5aa0000)
  eden space 4416K, 100% used [0x00000000f0800000, 0x00000000f0c50000, 0x00000000f0c50000)
  from space 512K,   0% used [0x00000000f0c50000, 0x00000000f0c50000, 0x00000000f0cd0000)
  to   space 512K,   0% used [0x00000000f0cd0000, 0x00000000f0cd0000, 0x00000000f0d50000)
 tenured generation   total 10944K, used 0K [0x00000000f5aa0000, 0x00000000f6550000, 0x0000000100000000)
   the space 10944K,   0% used [0x00000000f5aa0000, 0x00000000f5aa0000, 0x00000000f5aa0200, 0x00000000f6550000)
 Metaspace       used 4563K, capacity 5054K, committed 5248K, reserved 1056768K
  class space    used 481K, capacity 537K, committed 640K, reserved 1048576K
Event: 0.421 GC heap after
Heap after GC invocations=1 (full 0):
 def new generation   total 4928K, used 512K [0x00000000f0800000, 0x00000000f0d50000, 0x00000000f5aa0000)
  eden space 4416K,   0% used [0x00000000f0800000, 0x00000000f0800000, 0x00000000f0c50000)
  from space 512K, 100% used [0x00000000f0cd0000, 0x00000000f0d50000, 0x00000000f0d50000)
  to   space 512K,   0% used [0x00000000f0c50000, 0x00000000f0c50000, 0x00000000f0cd0000)
 tenured generation   total 10944K, used 582K [0x00000000f5aa0000, 0x00000000f6550000, 0x0000000100000000)
   the space 10944K,   5% used [0x00000000f5aa0000, 0x00000000f5b31bf0, 0x00000000f5b31c00, 0x00000000f6550000)
 Metaspace       used 4563K, capacity 5054K, committed 5248K, reserved 1056768K
  class space    used 481K, capacity 537K, committed 640K, reserved 1048576K
}
Event: 0.746 GC heap before
{Heap before GC invocations=1 (full 0):
 def new generation   total 4928K, used 4928K [0x00000000f0800000, 0x00000000f0d50000, 0x00000000f5aa0000)
  eden space 4416K, 100% used [0x00000000f0800000, 0x00000000f0c50000, 0x00000000f0c50000)
  from space 512K, 100% used [0x00000000f0cd0000, 0x00000000f0d50000, 0x00000000f0d50000)
  to   space 512K,   0% used [0x00000000f0c50000, 0x00000000f0c50000, 0x00000000f0cd0000)
 tenured generation   total 10944K, used 582K [0x00000000f5aa0000, 0x00000000f6550000, 0x0000000100000000)
   the space 10944K,   5% used [0x00000000f5aa0000, 0x00000000f5b31bf0, 0x00000000f5b31c00, 0x00000000f6550000)
 Metaspace       used 6869K, capacity 7100K, committed 7296K, reserved 1056768K
  class space    used 755K, capacity 846K, committed 896K, reserved 1048576K
Event: 0.750 GC heap after
Heap after GC invocations=2 (full 0):
 def new generation   total 4928K, used 512K [0x00000000f0800000, 0x00000000f0d50000, 0x00000000f5aa0000)
  eden space 4416K,   0% used [0x00000000f0800000, 0x00000000f0800000, 0x00000000f0c50000)
  from space 512K, 100% used [0x00000000f0c50000, 0x00000000f0cd0000, 0x00000000f0cd0000)
  to   space 512K,   0% used [0x00000000f0cd0000, 0x00000000f0cd0000, 0x00000000f0d50000)
 tenured generation   total 10944K, used 1436K [0x00000000f5aa0000, 0x00000000f6550000, 0x0000000100000000)
   the space 10944K,  13% used [0x00000000f5aa0000, 0x00000000f5c070e0, 0x00000000f5c07200, 0x00000000f6550000)
 Metaspace       used 6869K, capacity 7100K, committed 7296K, reserved 1056768K
  class space    used 755K, capacity 846K, committed 896K, reserved 1048576K
}
Event: 0.964 GC heap before
{Heap before GC invocations=2 (full 0):
 def new generation   total 4928K, used 4928K [0x00000000f0800000, 0x00000000f0d50000, 0x00000000f5aa0000)
  eden space 4416K, 100% used [0x00000000f0800000, 0x00000000f0c50000, 0x00000000f0c50000)
  from space 512K, 100% used [0x00000000f0c50000, 0x00000000f0cd0000, 0x00000000f0cd0000)
  to   space 512K,   0% used [0x00000000f0cd0000, 0x00000000f0cd0000, 0x00000000f0d50000)
 tenured generation   total 10944K, used 1436K [0x00000000f5aa0000, 0x00000000f6550000, 0x0000000100000000)
   the space 10944K,  13% used [0x00000000f5aa0000, 0x00000000f5c070e0, 0x00000000f5c07200, 0x00000000f6550000)
 Metaspace       used 7599K, capacity 7774K, committed 7936K, reserved 1056768K
  class space    used 858K, capacity 943K, committed 1024K, reserved 1048576K
Event: 0.966 GC heap after
Heap after GC invocations=3 (full 0):
 def new generation   total 4928K, used 511K [0x00000000f0800000, 0x00000000f0d50000, 0x00000000f5aa0000)
  eden space 4416K,   0% used [0x00000000f0800000, 0x00000000f0800000, 0x00000000f0c50000)
  from space 512K,  99% used [0x00000000f0cd0000, 0x00000000f0d4fff8, 0x00000000f0d50000)
  to   space 512K,   0% used [0x00000000f0c50000, 0x00000000f0c50000, 0x00000000f0cd0000)
 tenured generation   total 10944K, used 2231K [0x00000000f5aa0000, 0x00000000f6550000, 0x0000000100000000)
   the space 10944K,  20% used [0x00000000f5aa0000, 0x00000000f5ccdec0, 0x00000000f5cce000, 0x00000000f6550000)
 Metaspace       used 7599K, capacity 7774K, committed 7936K, reserved 1056768K
  class space    used 858K, capacity 943K, committed 1024K, reserved 1048576K
}
Event: 1.124 GC heap before
{Heap before GC invocations=3 (full 0):
 def new generation   total 4928K, used 4927K [0x00000000f0800000, 0x00000000f0d50000, 0x00000000f5aa0000)
  eden space 4416K, 100% used [0x00000000f0800000, 0x00000000f0c50000, 0x00000000f0c50000)
  from space 512K,  99% used [0x00000000f0cd0000, 0x00000000f0d4fff8, 0x00000000f0d50000)
  to   space 512K,   0% used [0x00000000f0c50000, 0x00000000f0c50000, 0x00000000f0cd0000)
 tenured generation   total 10944K, used 2231K [0x00000000f5aa0000, 0x00000000f6550000, 0x0000000100000000)
   the space 10944K,  20% used [0x00000000f5aa0000, 0x00000000f5ccdec0, 0x00000000f5cce000, 0x00000000f6550000)
 Metaspace       used 8441K, capacity 8702K, committed 8832K, reserved 1056768K
  class space    used 974K, capacity 1103K, committed 1152K, reserved 1048576K
Event: 1.126 GC heap after
Heap after GC invocations=4 (full 0):
 def new generation   total 4928K, used 511K [0x00000000f0800000, 0x00000000f0d50000, 0x00000000f5aa0000)
  eden space 4416K,   0% used [0x00000000f0800000, 0x00000000f0800000, 0x00000000f0c50000)
  from space 512K,  99% used [0x00000000f0c50000, 0x00000000f0ccfff0, 0x00000000f0cd0000)
  to   space 512K,   0% used [0x00000000f0cd0000, 0x00000000f0cd0000, 0x00000000f0d50000)
 tenured generation   total 10944K, used 2591K [0x00000000f5aa0000, 0x00000000f6550000, 0x0000000100000000)
   the space 10944K,  23% used [0x00000000f5aa0000, 0x00000000f5d27e18, 0x00000000f5d28000, 0x00000000f6550000)
 Metaspace       used 8441K, capacity 8702K, committed 8832K, reserved 1056768K
  class space    used 974K, capacity 1103K, committed 1152K, reserved 1048576K
}
Event: 1.198 GC heap before
{Heap before GC invocations=4 (full 0):
 def new generation   total 4928K, used 4927K [0x00000000f0800000, 0x00000000f0d50000, 0x00000000f5aa0000)
  eden space 4416K, 100% used [0x00000000f0800000, 0x00000000f0c50000, 0x00000000f0c50000)
  from space 512K,  99% used [0x00000000f0c50000, 0x00000000f0ccfff0, 0x00000000f0cd0000)
  to   space 512K,   0% used [0x00000000f0cd0000, 0x00000000f0cd0000, 0x00000000f0d50000)
 tenured generation   total 10944K, used 2591K [0x00000000f5aa0000, 0x00000000f6550000, 0x0000000100000000)
   the space 10944K,  23% used [0x00000000f5aa0000, 0x00000000f5d27e18, 0x00000000f5d28000, 0x00000000f6550000)
 Metaspace       used 8786K, capacity 9054K, committed 9088K, reserved 1056768K
  class space    used 1013K, capacity 1135K, committed 1152K, reserved 1048576K
Event: 1.199 GC heap after
Heap after GC invocations=5 (full 0):
 def new generation   total 4928K, used 348K [0x00000000f0800000, 0x00000000f0d50000, 0x00000000f5aa0000)
  eden space 4416K,   0% used [0x00000000f0800000, 0x00000000f0800000, 0x00000000f0c50000)
  from space 512K,  68% used [0x00000000f0cd0000, 0x00000000f0d27390, 0x00000000f0d50000)
  to   space 512K,   0% used [0x00000000f0c50000, 0x00000000f0c50000, 0x00000000f0cd0000)
 tenured generation   total 10944K, used 2783K [0x00000000f5aa0000, 0x00000000f6550000, 0x0000000100000000)
   the space 10944K,  25% used [0x00000000f5aa0000, 0x00000000f5d57f58, 0x00000000f5d58000, 0x00000000f6550000)
 Metaspace       used 8786K, capacity 9054K, committed 9088K, reserved 1056768K
  class space    used 1013K, capacity 1135K, committed 1152K, reserved 1048576K
}
Event: 1.323 GC heap before
{Heap before GC invocations=5 (full 0):
 def new generation   total 4928K, used 4764K [0x00000000f0800000, 0x00000000f0d50000, 0x00000000f5aa0000)
  eden space 4416K, 100% used [0x00000000f0800000, 0x00000000f0c50000, 0x00000000f0c50000)
  from space 512K,  68% used [0x00000000f0cd0000, 0x00000000f0d27390, 0x00000000f0d50000)
  to   space 512K,   0% used [0x00000000f0c50000, 0x00000000f0c50000, 0x00000000f0cd0000)
 tenured generation   total 10944K, used 2783K [0x00000000f5aa0000, 0x00000000f6550000, 0x0000000100000000)
   the space 10944K,  25% used [0x00000000f5aa0000, 0x00000000f5d57f58, 0x00000000f5d58000, 0x00000000f6550000)
 Metaspace       used 9866K, capacity 10120K, committed 10240K, reserved 1058816K
  class space    used 1131K, capacity 1236K, committed 1280K, reserved 1048576K
Event: 1.325 GC heap after
Heap after GC invocations=6 (full 0):
 def new generation   total 4928K, used 512K [0x00000000f0800000, 0x00000000f0d50000, 0x00000000f5aa0000)
  eden space 4416K,   0% used [0x00000000f0800000, 0x00000000f0800000, 0x00000000f0c50000)
  from space 512K, 100% used [0x00000000f0c50000, 0x00000000f0cd0000, 0x00000000f0cd0000)
  to   space 512K,   0% used [0x00000000f0cd0000, 0x00000000f0cd0000, 0x00000000f0d50000)
 tenured generation   total 10944K, used 2997K [0x00000000f5aa0000, 0x00000000f6550000, 0x0000000100000000)
   the space 10944K,  27% used [0x00000000f5aa0000, 0x00000000f5d8d708, 0x00000000f5d8d800, 0x00000000f6550000)
 Metaspace       used 9866K, capacity 10120K, committed 10240K, reserved 1058816K
  class space    used 1131K, capacity 1236K, committed 1280K, reserved 1048576K
}
Event: 1.420 GC heap before
{Heap before GC invocations=6 (full 0):
 def new generation   total 4928K, used 4928K [0x00000000f0800000, 0x00000000f0d50000, 0x00000000f5aa0000)
  eden space 4416K, 100% used [0x00000000f0800000, 0x00000000f0c50000, 0x00000000f0c50000)
  from space 512K, 100% used [0x00000000f0c50000, 0x00000000f0cd0000, 0x00000000f0cd0000)
  to   space 512K,   0% used [0x00000000f0cd0000, 0x00000000f0cd0000, 0x00000000f0d50000)
 tenured generation   total 10944K, used 2997K [0x00000000f5aa0000, 0x00000000f6550000, 0x0000000100000000)
   the space 10944K,  27% used [0x00000000f5aa0000, 0x00000000f5d8d708, 0x00000000f5d8d800, 0x00000000f6550000)
 Metaspace       used 10363K, capacity 10568K, committed 10880K, reserved 1058816K
  class space    used 1192K, capacity 1300K, committed 1408K, reserved 1048576K
Event: 1.421 GC heap after
Heap after GC invocations=7 (full 0):
 def new generation   total 4928K, used 422K [0x00000000f0800000, 0x00000000f0d50000, 0x00000000f5aa0000)
  eden space 4416K,   0% used [0x00000000f0800000, 0x00000000f0800000, 0x00000000f0c50000)
  from space 512K,  82% used [0x00000000f0cd0000, 0x00000000f0d399c0, 0x00000000f0d50000)
  to   space 512K,   0% used [0x00000000f0c50000, 0x00000000f0c50000, 0x00000000f0cd0000)
 tenured generation   total 10944K, used 3345K [0x00000000f5aa0000, 0x00000000f6550000, 0x0000000100000000)
   the space 10944K,  30% used [0x00000000f5aa0000, 0x00000000f5de4740, 0x00000000f5de4800, 0x00000000f6550000)
 Metaspace       used 10363K, capacity 10568K, committed 10880K, reserved 1058816K
  class space    used 1192K, capacity 1300K, committed 1408K, reserved 1048576K
}
Event: 1.488 GC heap before
{Heap before GC invocations=7 (full 0):
 def new generation   total 4928K, used 4838K [0x00000000f0800000, 0x00000000f0d50000, 0x00000000f5aa0000)
  eden space 4416K, 100% used [0x00000000f0800000, 0x00000000f0c50000, 0x00000000f0c50000)
  from space 512K,  82% used [0x00000000f0cd0000, 0x00000000f0d399c0, 0x00000000f0d50000)
  to   space 512K,   0% used [0x00000000f0c50000, 0x00000000f0c50000, 0x00000000f0cd0000)
 tenured generation   total 10944K, used 3345K [0x00000000f5aa0000, 0x00000000f6550000, 0x0000000100000000)
   the space 10944K,  30% used [0x00000000f5aa0000, 0x00000000f5de4740, 0x00000000f5de4800, 0x00000000f6550000)
 Metaspace       used 10780K, capacity 11010K, committed 11136K, reserved 1058816K
  class space    used 1237K, capacity 1341K, committed 1408K, reserved 1048576K
Event: 1.489 GC heap after
Heap after GC invocations=8 (full 0):
 def new generation   total 4928K, used 419K [0x00000000f0800000, 0x00000000f0d50000, 0x00000000f5aa0000)
  eden space 4416K,   0% used [0x00000000f0800000, 0x00000000f0800000, 0x00000000f0c50000)
  from space 512K,  81% used [0x00000000f0c50000, 0x00000000f0cb8e78, 0x00000000f0cd0000)
  to   space 512K,   0% used [0x00000000f0cd0000, 0x00000000f0cd0000, 0x00000000f0d50000)
 tenured generation   total 10944K, used 3489K [0x00000000f5aa0000, 0x00000000f6550000, 0x0000000100000000)
   the space 10944K,  31% used [0x00000000f5aa0000, 0x00000000f5e086d0, 0x00000000f5e08800, 0x00000000f6550000)
 Metaspace       used 10780K, capacity 11010K, committed 11136K, reserved 1058816K
  class space    used 1237K, capacity 1341K, committed 1408K, reserved 1048576K
}
Event: 1.586 GC heap before
{Heap before GC invocations=8 (full 0):
 def new generation   total 4928K, used 4835K [0x00000000f0800000, 0x00000000f0d50000, 0x00000000f5aa0000)
  eden space 4416K, 100% used [0x00000000f0800000, 0x00000000f0c50000, 0x00000000f0c50000)
  from space 512K,  81% used [0x00000000f0c50000, 0x00000000f0cb8e78, 0x00000000f0cd0000)
  to   space 512K,   0% used [0x00000000f0cd0000, 0x00000000f0cd0000, 0x00000000f0d50000)
 tenured generation   total 10944K, used 3489K [0x00000000f5aa0000, 0x00000000f6550000, 0x0000000100000000)
   the space 10944K,  31% used [0x00000000f5aa0000, 0x00000000f5e086d0, 0x00000000f5e08800, 0x00000000f6550000)
 Metaspace       used 11091K, capacity 11328K, committed 11392K, reserved 1058816K
  class space    used 1283K, capacity 1380K, committed 1408K, reserved 1048576K
Event: 1.588 GC heap after
Heap after GC invocations=9 (full 0):
 def new generation   total 4928K, used 428K [0x00000000f0800000, 0x00000000f0d50000, 0x00000000f5aa0000)
  eden space 4416K,   0% used [0x00000000f0800000, 0x00000000f0800000, 0x00000000f0c50000)
  from space 512K,  83% used [0x00000000f0cd0000, 0x00000000f0d3b3c0, 0x00000000f0d50000)
  to   space 512K,   0% used [0x00000000f0c50000, 0x00000000f0c50000, 0x00000000f0cd0000)
 tenured generation   total 10944K, used 3598K [0x00000000f5aa0000, 0x00000000f6550000, 0x0000000100000000)
   the space 10944K,  32% used [0x00000000f5aa0000, 0x00000000f5e23848, 0x00000000f5e23a00, 0x00000000f6550000)
 Metaspace       used 11091K, capacity 11328K, committed 11392K, reserved 1058816K
  class space    used 1283K, capacity 1380K, committed 1408K, reserved 1048576K
}
Event: 1.665 GC heap before
{Heap before GC invocations=9 (full 0):
 def new generation   total 4928K, used 4844K [0x00000000f0800000, 0x00000000f0d50000, 0x00000000f5aa0000)
  eden space 4416K, 100% used [0x00000000f0800000, 0x00000000f0c50000, 0x00000000f0c50000)
  from space 512K,  83% used [0x00000000f0cd0000, 0x00000000f0d3b3c0, 0x00000000f0d50000)
  to   space 512K,   0% used [0x00000000f0c50000, 0x00000000f0c50000, 0x00000000f0cd0000)
 tenured generation   total 10944K, used 3598K [0x00000000f5aa0000, 0x00000000f6550000, 0x0000000100000000)
   the space 10944K,  32% used [0x00000000f5aa0000, 0x00000000f5e23848, 0x00000000f5e23a00, 0x00000000f6550000)
 Metaspace       used 11629K, capacity 11898K, committed 12032K, reserved 1060864K
  class space    used 1346K, capacity 1485K, committed 1536K, reserved 1048576K
Event: 1.667 GC heap after
Heap after GC invocations=10 (full 0):
 def new generation   total 4928K, used 418K [0x00000000f0800000, 0x00000000f0d50000, 0x00000000f5aa0000)
  eden space 4416K,   0% used [0x00000000f0800000, 0x00000000f0800000, 0x00000000f0c50000)
  from space 512K,  81% used [0x00000000f0c50000, 0x00000000f0cb8818, 0x00000000f0cd0000)
  to   space 512K,   0% used [0x00000000f0cd0000, 0x00000000f0cd0000, 0x00000000f0d50000)
 tenured generation   total 10944K, used 3757K [0x00000000f5aa0000, 0x00000000f6550000, 0x0000000100000000)
   the space 10944K,  34% used [0x00000000f5aa0000, 0x00000000f5e4b578, 0x00000000f5e4b600, 0x00000000f6550000)
 Metaspace       used 11629K, capacity 11898K, committed 12032K, reserved 1060864K
  class space    used 1346K, capacity 1485K, committed 1536K, reserved 1048576K
}
Event: 1.768 GC heap before
{Heap before GC invocations=10 (full 0):
 def new generation   total 4928K, used 4834K [0x00000000f0800000, 0x00000000f0d50000, 0x00000000f5aa0000)
  eden space 4416K, 100% used [0x00000000f0800000, 0x00000000f0c50000, 0x00000000f0c50000)
  from space 512K,  81% used [0x00000000f0c50000, 0x00000000f0cb8818, 0x00000000f0cd0000)
  to   space 512K,   0% used [0x00000000f0cd0000, 0x00000000f0cd0000, 0x00000000f0d50000)
 tenured generation   total 10944K, used 3757K [0x00000000f5aa0000, 0x00000000f6550000, 0x0000000100000000)
   the space 10944K,  34% used [0x00000000f5aa0000, 0x00000000f5e4b578, 0x00000000f5e4b600, 0x00000000f6550000)
 Metaspace       used 11987K, capacity 12274K, committed 12544K, reserved 1060864K
  class space    used 1394K, capacity 1521K, committed 1536K, reserved 1048576K
Event: 1.769 GC heap after
Heap after GC invocations=11 (full 0):
 def new generation   total 4928K, used 358K [0x00000000f0800000, 0x00000000f0d50000, 0x00000000f5aa0000)
  eden space 4416K,   0% used [0x00000000f0800000, 0x00000000f0800000, 0x00000000f0c50000)
  from space 512K,  69% used [0x00000000f0cd0000, 0x00000000f0d29868, 0x00000000f0d50000)
  to   space 512K,   0% used [0x00000000f0c50000, 0x00000000f0c50000, 0x00000000f0cd0000)
 tenured generation   total 10944K, used 3845K [0x00000000f5aa0000, 0x00000000f6550000, 0x0000000100000000)
   the space 10944K,  35% used [0x00000000f5aa0000, 0x00000000f5e614e8, 0x00000000f5e61600, 0x00000000f6550000)
 Metaspace       used 11987K, capacity 12274K, committed 12544K, reserved 1060864K
  class space    used 1394K, capacity 1521K, committed 1536K, reserved 1048576K
}
Event: 1.830 GC heap before
{Heap before GC invocations=11 (full 0):
 def new generation   total 4928K, used 4774K [0x00000000f0800000, 0x00000000f0d50000, 0x00000000f5aa0000)
  eden space 4416K, 100% used [0x00000000f0800000, 0x00000000f0c50000, 0x00000000f0c50000)
  from space 512K,  69% used [0x00000000f0cd0000, 0x00000000f0d29868, 0x00000000f0d50000)
  to   space 512K,   0% used [0x00000000f0c50000, 0x00000000f0c50000, 0x00000000f0cd0000)
 tenured generation   total 10944K, used 3845K [0x00000000f5aa0000, 0x00000000f6550000, 0x0000000100000000)
   the space 10944K,  35% used [0x00000000f5aa0000, 0x00000000f5e614e8, 0x00000000f5e61600, 0x00000000f6550000)
 Metaspace       used 12259K, capacity 12576K, committed 12928K, reserved 1060864K
  class space    used 1440K, capacity 1558K, committed 1664K, reserved 1048576K
Event: 1.831 GC heap after
Heap after GC invocations=12 (full 0):
 def new generation   total 4928K, used 364K [0x00000000f0800000, 0x00000000f0d50000, 0x00000000f5aa0000)
  eden space 4416K,   0% used [0x00000000f0800000, 0x00000000f0800000, 0x00000000f0c50000)
  from space 512K,  71% used [0x00000000f0c50000, 0x00000000f0cab178, 0x00000000f0cd0000)
  to   space 512K,   0% used [0x00000000f0cd0000, 0x00000000f0cd0000, 0x00000000f0d50000)
 tenured generation   total 10944K, used 3956K [0x00000000f5aa0000, 0x00000000f6550000, 0x0000000100000000)
   the space 10944K,  36% used [0x00000000f5aa0000, 0x00000000f5e7d378, 0x00000000f5e7d400, 0x00000000f6550000)
 Metaspace       used 12259K, capacity 12576K, committed 12928K, reserved 1060864K
  class space    used 1440K, capacity 1558K, committed 1664K, reserved 1048576K
}
Event: 1.913 GC heap before
{Heap before GC invocations=12 (full 0):
 def new generation   total 4928K, used 4780K [0x00000000f0800000, 0x00000000f0d50000, 0x00000000f5aa0000)
  eden space 4416K, 100% used [0x00000000f0800000, 0x00000000f0c50000, 0x00000000f0c50000)
  from space 512K,  71% used [0x00000000f0c50000, 0x00000000f0cab178, 0x00000000f0cd0000)
  to   space 512K,   0% used [0x00000000f0cd0000, 0x00000000f0cd0000, 0x00000000f0d50000)
 tenured generation   total 10944K, used 3956K [0x00000000f5aa0000, 0x00000000f6550000, 0x0000000100000000)
   the space 10944K,  36% used [0x00000000f5aa0000, 0x00000000f5e7d378, 0x00000000f5e7d400, 0x00000000f6550000)
 Metaspace       used 13180K, capacity 13442K, committed 13696K, reserved 1060864K
  class space    used 1528K, capacity 1631K, committed 1664K, reserved 1048576K
Event: 1.914 GC heap after
Heap after GC invocations=13 (full 0):
 def new generation   total 4928K, used 408K [0x00000000f0800000, 0x00000000f0d50000, 0x00000000f5aa0000)
  eden space 4416K,   0% used [0x00000000f0800000, 0x00000000f0800000, 0x00000000f0c50000)
  from space 512K,  79% used [0x00000000f0cd0000, 0x00000000f0d361c0, 0x00000000f0d50000)
  to   space 512K,   0% used [0x00000000f0c50000, 0x00000000f0c50000, 0x00000000f0cd0000)
 tenured generation   total 10944K, used 4036K [0x00000000f5aa0000, 0x00000000f6550000, 0x0000000100000000)
   the space 10944K,  36% used [0x00000000f5aa0000, 0x00000000f5e913e8, 0x00000000f5e91400, 0x00000000f6550000)
 Metaspace       used 13180K, capacity 13442K, committed 13696K, reserved 1060864K
  class space    used 1528K, capacity 1631K, committed 1664K, reserved 1048576K
}
Event: 1.990 GC heap before
{Heap before GC invocations=13 (full 0):
 def new generation   total 4928K, used 4824K [0x00000000f0800000, 0x00000000f0d50000, 0x00000000f5aa0000)
  eden space 4416K, 100% used [0x00000000f0800000, 0x00000000f0c50000, 0x00000000f0c50000)
  from space 512K,  79% used [0x00000000f0cd0000, 0x00000000f0d361c0, 0x00000000f0d50000)
  to   space 512K,   0% used [0x00000000f0c50000, 0x00000000f0c50000, 0x00000000f0cd0000)
 tenured generation   total 10944K, used 4036K [0x00000000f5aa0000, 0x00000000f6550000, 0x0000000100000000)
   the space 10944K,  36% used [0x00000000f5aa0000, 0x00000000f5e913e8, 0x00000000f5e91400, 0x00000000f6550000)
 Metaspace       used 13552K, capacity 13872K, committed 14080K, reserved 1060864K
  class space    used 1570K, capacity 1666K, committed 1792K, reserved 1048576K
Event: 1.991 GC heap after
Heap after GC invocations=14 (full 0):
 def new generation   total 4928K, used 360K [0x00000000f0800000, 0x00000000f0d50000, 0x00000000f5aa0000)
  eden space 4416K,   0% used [0x00000000f0800000, 0x00000000f0800000, 0x00000000f0c50000)
  from space 512K,  70% used [0x00000000f0c50000, 0x00000000f0caa088, 0x00000000f0cd0000)
  to   space 512K,   0% used [0x00000000f0cd0000, 0x00000000f0cd0000, 0x00000000f0d50000)
 tenured generation   total 10944K, used 4216K [0x00000000f5aa0000, 0x00000000f6550000, 0x0000000100000000)
   the space 10944K,  38% used [0x00000000f5aa0000, 0x00000000f5ebe270, 0x00000000f5ebe400, 0x00000000f6550000)
 Metaspace       used 13552K, capacity 13872K, committed 14080K, reserved 1060864K
  class space    used 1570K, capacity 1666K, committed 1792K, reserved 1048576K
}
Event: 2.071 GC heap before
{Heap before GC invocations=14 (full 0):
 def new generation   total 4928K, used 4776K [0x00000000f0800000, 0x00000000f0d50000, 0x00000000f5aa0000)
  eden space 4416K, 100% used [0x00000000f0800000, 0x00000000f0c50000, 0x00000000f0c50000)
  from space 512K,  70% used [0x00000000f0c50000, 0x00000000f0caa088, 0x00000000f0cd0000)
  to   space 512K,   0% used [0x00000000f0cd0000, 0x00000000f0cd0000, 0x00000000f0d50000)
 tenured generation   total 10944K, used 4216K [0x00000000f5aa0000, 0x00000000f6550000, 0x0000000100000000)
   the space 10944K,  38% used [0x00000000f5aa0000, 0x00000000f5ebe270, 0x00000000f5ebe400, 0x00000000f6550000)
 Metaspace       used 13894K, capacity 14226K, committed 14336K, reserved 1062912K
  class space    used 1614K, capacity 1763K, committed 1792K, reserved 1048576K
Event: 2.073 GC heap after
Heap after GC invocations=15 (full 0):
 def new generation   total 4928K, used 370K [0x00000000f0800000, 0x00000000f0d50000, 0x00000000f5aa0000)
  eden space 4416K,   0% used [0x00000000f0800000, 0x00000000f0800000, 0x00000000f0c50000)
  from space 512K,  72% used [0x00000000f0cd0000, 0x00000000f0d2cb28, 0x00000000f0d50000)
  to   space 512K,   0% used [0x00000000f0c50000, 0x00000000f0c50000, 0x00000000f0cd0000)
 tenured generation   total 10944K, used 4343K [0x00000000f5aa0000, 0x00000000f6550000, 0x0000000100000000)
   the space 10944K,  39% used [0x00000000f5aa0000, 0x00000000f5eddee0, 0x00000000f5ede000, 0x00000000f6550000)
 Metaspace       used 13894K, capacity 14226K, committed 14336K, reserved 1062912K
  class space    used 1614K, capacity 1763K, committed 1792K, reserved 1048576K
}
Event: 2.146 GC heap before
{Heap before GC invocations=15 (full 0):
 def new generation   total 4928K, used 4786K [0x00000000f0800000, 0x00000000f0d50000, 0x00000000f5aa0000)
  eden space 4416K, 100% used [0x00000000f0800000, 0x00000000f0c50000, 0x00000000f0c50000)
  from space 512K,  72% used [0x00000000f0cd0000, 0x00000000f0d2cb28, 0x00000000f0d50000)
  to   space 512K,   0% used [0x00000000f0c50000, 0x00000000f0c50000, 0x00000000f0cd0000)
 tenured generation   total 10944K, used 4343K [0x00000000f5aa0000, 0x00000000f6550000, 0x0000000100000000)
   the space 10944K,  39% used [0x00000000f5aa0000, 0x00000000f5eddee0, 0x00000000f5ede000, 0x00000000f6550000)
 Metaspace       used 14234K, capacity 14578K, committed 14720K, reserved 1062912K
  class space    used 1668K, capacity 1795K, committed 1920K, reserved 1048576K
Event: 2.148 GC heap after
Heap after GC invocations=16 (full 0):
 def new generation   total 4928K, used 409K [0x00000000f0800000, 0x00000000f0d50000, 0x00000000f5aa0000)
  eden space 4416K,   0% used [0x00000000f0800000, 0x00000000f0800000, 0x00000000f0c50000)
  from space 512K,  80% used [0x00000000f0c50000, 0x00000000f0cb67a0, 0x00000000f0cd0000)
  to   space 512K,   0% used [0x00000000f0cd0000, 0x00000000f0cd0000, 0x00000000f0d50000)
 tenured generation   total 10944K, used 4437K [0x00000000f5aa0000, 0x00000000f6550000, 0x0000000100000000)
   the space 10944K,  40% used [0x00000000f5aa0000, 0x00000000f5ef5530, 0x00000000f5ef5600, 0x00000000f6550000)
 Metaspace       used 14234K, capacity 14578K, committed 14720K, reserved 1062912K
  class space    used 1668K, capacity 1795K, committed 1920K, reserved 1048576K
}
Event: 2.218 GC heap before
{Heap before GC invocations=16 (full 0):
 def new generation   total 4928K, used 4811K [0x00000000f0800000, 0x00000000f0d50000, 0x00000000f5aa0000)
  eden space 4416K,  99% used [0x00000000f0800000, 0x00000000f0c4c690, 0x00000000f0c50000)
  from space 512K,  80% used [0x00000000f0c50000, 0x00000000f0cb67a0, 0x00000000f0cd0000)
  to   space 512K,   0% used [0x00000000f0cd0000, 0x00000000f0cd0000, 0x00000000f0d50000)
 tenured generation   total 10944K, used 4437K [0x00000000f5aa0000, 0x00000000f6550000, 0x0000000100000000)
   the space 10944K,  40% used [0x00000000f5aa0000, 0x00000000f5ef5530, 0x00000000f5ef5600, 0x00000000f6550000)
 Metaspace       used 14739K, capacity 15110K, committed 15232K, reserved 1062912K
  class space    used 1747K, capacity 1905K, committed 1920K, reserved 1048576K
Event: 2.220 GC heap after
Heap after GC invocations=17 (full 0):
 def new generation   total 4928K, used 416K [0x00000000f0800000, 0x00000000f0d50000, 0x00000000f5aa0000)
  eden space 4416K,   0% used [0x00000000f0800000, 0x00000000f0800000, 0x00000000f0c50000)
  from space 512K,  81% used [0x00000000f0cd0000, 0x00000000f0d38228, 0x00000000f0d50000)
  to   space 512K,   0% used [0x00000000f0c50000, 0x00000000f0c50000, 0x00000000f0cd0000)
 tenured generation   total 10944K, used 4533K [0x00000000f5aa0000, 0x00000000f6550000, 0x0000000100000000)
   the space 10944K,  41% used [0x00000000f5aa0000, 0x00000000f5f0d4e8, 0x00000000f5f0d600, 0x00000000f6550000)
 Metaspace       used 14739K, capacity 15110K, committed 15232K, reserved 1062912K
  class space    used 1747K, capacity 1905K, committed 1920K, reserved 1048576K
}
Event: 2.311 GC heap before
{Heap before GC invocations=17 (full 0):
 def new generation   total 4928K, used 4832K [0x00000000f0800000, 0x00000000f0d50000, 0x00000000f5aa0000)
  eden space 4416K, 100% used [0x00000000f0800000, 0x00000000f0c50000, 0x00000000f0c50000)
  from space 512K,  81% used [0x00000000f0cd0000, 0x00000000f0d38228, 0x00000000f0d50000)
  to   space 512K,   0% used [0x00000000f0c50000, 0x00000000f0c50000, 0x00000000f0cd0000)
 tenured generation   total 10944K, used 4533K [0x00000000f5aa0000, 0x00000000f6550000, 0x0000000100000000)
   the space 10944K,  41% used [0x00000000f5aa0000, 0x00000000f5f0d4e8, 0x00000000f5f0d600, 0x00000000f6550000)
 Metaspace       used 15604K, capacity 16004K, committed 16128K, reserved 1062912K
  class space    used 1836K, capacity 1968K, committed 2048K, reserved 1048576K
Event: 2.314 GC heap after
Heap after GC invocations=18 (full 0):
 def new generation   total 4928K, used 479K [0x00000000f0800000, 0x00000000f0d50000, 0x00000000f5aa0000)
  eden space 4416K,   0% used [0x00000000f0800000, 0x00000000f0800000, 0x00000000f0c50000)
  from space 512K,  93% used [0x00000000f0c50000, 0x00000000f0cc7d28, 0x00000000f0cd0000)
  to   space 512K,   0% used [0x00000000f0cd0000, 0x00000000f0cd0000, 0x00000000f0d50000)
 tenured generation   total 10944K, used 4701K [0x00000000f5aa0000, 0x00000000f6550000, 0x0000000100000000)
   the space 10944K,  42% used [0x00000000f5aa0000, 0x00000000f5f37578, 0x00000000f5f37600, 0x00000000f6550000)
 Metaspace       used 15604K, capacity 16004K, committed 16128K, reserved 1062912K
  class space    used 1836K, capacity 1968K, committed 2048K, reserved 1048576K
}
Event: 2.374 GC heap before
{Heap before GC invocations=18 (full 0):
 def new generation   total 4928K, used 4895K [0x00000000f0800000, 0x00000000f0d50000, 0x00000000f5aa0000)
  eden space 4416K, 100% used [0x00000000f0800000, 0x00000000f0c50000, 0x00000000f0c50000)
  from space 512K,  93% used [0x00000000f0c50000, 0x00000000f0cc7d28, 0x00000000f0cd0000)
  to   space 512K,   0% used [0x00000000f0cd0000, 0x00000000f0cd0000, 0x00000000f0d50000)
 tenured generation   total 10944K, used 4701K [0x00000000f5aa0000, 0x00000000f6550000, 0x0000000100000000)
   the space 10944K,  42% used [0x00000000f5aa0000, 0x00000000f5f37578, 0x00000000f5f37600, 0x00000000f6550000)
 Metaspace       used 15806K, capacity 16292K, committed 16384K, reserved 1062912K
  class space    used 1867K, capacity 2038K, committed 2048K, reserved 1048576K
Event: 2.376 GC heap after
Heap after GC invocations=19 (full 0):
 def new generation   total 4928K, used 177K [0x00000000f0800000, 0x00000000f0d50000, 0x00000000f5aa0000)
  eden space 4416K,   0% used [0x00000000f0800000, 0x00000000f0800000, 0x00000000f0c50000)
  from space 512K,  34% used [0x00000000f0cd0000, 0x00000000f0cfc480, 0x00000000f0d50000)
  to   space 512K,   0% used [0x00000000f0c50000, 0x00000000f0c50000, 0x00000000f0cd0000)
 tenured generation   total 10944K, used 4916K [0x00000000f5aa0000, 0x00000000f6550000, 0x0000000100000000)
   the space 10944K,  44% used [0x00000000f5aa0000, 0x00000000f5f6d1b8, 0x00000000f5f6d200, 0x00000000f6550000)
 Metaspace       used 15806K, capacity 16292K, committed 16384K, reserved 1062912K
  class space    used 1867K, capacity 2038K, committed 2048K, reserved 1048576K
}
Event: 2.436 GC heap before
{Heap before GC invocations=19 (full 0):
 def new generation   total 4928K, used 4593K [0x00000000f0800000, 0x00000000f0d50000, 0x00000000f5aa0000)
  eden space 4416K, 100% used [0x00000000f0800000, 0x00000000f0c50000, 0x00000000f0c50000)
  from space 512K,  34% used [0x00000000f0cd0000, 0x00000000f0cfc480, 0x00000000f0d50000)
  to   space 512K,   0% used [0x00000000f0c50000, 0x00000000f0c50000, 0x00000000f0cd0000)
 tenured generation   total 10944K, used 4916K [0x00000000f5aa0000, 0x00000000f6550000, 0x0000000100000000)
   the space 10944K,  44% used [0x00000000f5aa0000, 0x00000000f5f6d1b8, 0x00000000f5f6d200, 0x00000000f6550000)
 Metaspace       used 16137K, capacity 16542K, committed 16768K, reserved 1064960K
  class space    used 1929K, capacity 2079K, committed 2176K, reserved 1048576K
Event: 2.437 GC heap after
Heap after GC invocations=20 (full 0):
 def new generation   total 4928K, used 336K [0x00000000f0800000, 0x00000000f0d50000, 0x00000000f5aa0000)
  eden space 4416K,   0% used [0x00000000f0800000, 0x00000000f0800000, 0x00000000f0c50000)
  from space 512K,  65% used [0x00000000f0c50000, 0x00000000f0ca4320, 0x00000000f0cd0000)
  to   space 512K,   0% used [0x00000000f0cd0000, 0x00000000f0cd0000, 0x00000000f0d50000)
 tenured generation   total 10944K, used 4916K [0x00000000f5aa0000, 0x00000000f6550000, 0x0000000100000000)
   the space 10944K,  44% used [0x00000000f5aa0000, 0x00000000f5f6d1b8, 0x00000000f5f6d200, 0x00000000f6550000)
 Metaspace       used 16137K, capacity 16542K, committed 16768K, reserved 1064960K
  class space    used 1929K, capacity 2079K, committed 2176K, reserved 1048576K
}
Event: 2.493 GC heap before
{Heap before GC invocations=20 (full 0):
 def new generation   total 4928K, used 4752K [0x00000000f0800000, 0x00000000f0d50000, 0x00000000f5aa0000)
  eden space 4416K, 100% used [0x00000000f0800000, 0x00000000f0c50000, 0x00000000f0c50000)
  from space 512K,  65% used [0x00000000f0c50000, 0x00000000f0ca4320, 0x00000000f0cd0000)
  to   space 512K,   0% used [0x00000000f0cd0000, 0x00000000f0cd0000, 0x00000000f0d50000)
 tenured generation   total 10944K, used 4916K [0x00000000f5aa0000, 0x00000000f6550000, 0x0000000100000000)
   the space 10944K,  44% used [0x00000000f5aa0000, 0x00000000f5f6d1b8, 0x00000000f5f6d200, 0x00000000f6550000)
 Metaspace       used 16447K, capacity 16900K, committed 17024K, reserved 1064960K
  class space    used 1972K, capacity 2112K, committed 2176K, reserved 1048576K
Event: 2.495 GC heap after
Heap after GC invocations=21 (full 0):
 def new generation   total 4928K, used 376K [0x00000000f0800000, 0x00000000f0d50000, 0x00000000f5aa0000)
  eden space 4416K,   0% used [0x00000000f0800000, 0x00000000f0800000, 0x00000000f0c50000)
  from space 512K,  73% used [0x00000000f0cd0000, 0x00000000f0d2e0c0, 0x00000000f0d50000)
  to   space 512K,   0% used [0x00000000f0c50000, 0x00000000f0c50000, 0x00000000f0cd0000)
 tenured generation   total 10944K, used 5002K [0x00000000f5aa0000, 0x00000000f6550000, 0x0000000100000000)
   the space 10944K,  45% used [0x00000000f5aa0000, 0x00000000f5f82b90, 0x00000000f5f82c00, 0x00000000f6550000)
 Metaspace       used 16447K, capacity 16900K, committed 17024K, reserved 1064960K
  class space    used 1972K, capacity 2112K, committed 2176K, reserved 1048576K
}
Event: 2.544 GC heap before
{Heap before GC invocations=21 (full 0):
 def new generation   total 4928K, used 4792K [0x00000000f0800000, 0x00000000f0d50000, 0x00000000f5aa0000)
  eden space 4416K, 100% used [0x00000000f0800000, 0x00000000f0c50000, 0x00000000f0c50000)
  from space 512K,  73% used [0x00000000f0cd0000, 0x00000000f0d2e0c0, 0x00000000f0d50000)
  to   space 512K,   0% used [0x00000000f0c50000, 0x00000000f0c50000, 0x00000000f0cd0000)
 tenured generation   total 10944K, used 5002K [0x00000000f5aa0000, 0x00000000f6550000, 0x0000000100000000)
   the space 10944K,  45% used [0x00000000f5aa0000, 0x00000000f5f82b90, 0x00000000f5f82c00, 0x00000000f6550000)
 Metaspace       used 16738K, capacity 17194K, committed 17408K, reserved 1064960K
  class space    used 2035K, capacity 2209K, committed 2304K, reserved 1048576K
Event: 2.545 GC heap after
Heap after GC invocations=22 (full 0):
 def new generation   total 4928K, used 257K [0x00000000f0800000, 0x00000000f0d50000, 0x00000000f5aa0000)
  eden space 4416K,   0% used [0x00000000f0800000, 0x00000000f0800000, 0x00000000f0c50000)
  from space 512K,  50% used [0x00000000f0c50000, 0x00000000f0c905b0, 0x00000000f0cd0000)
  to   space 512K,   0% used [0x00000000f0cd0000, 0x00000000f0cd0000, 0x00000000f0d50000)
 tenured generation   total 10944K, used 5170K [0x00000000f5aa0000, 0x00000000f6550000, 0x0000000100000000)
   the space 10944K,  47% used [0x00000000f5aa0000, 0x00000000f5fac8e8, 0x00000000f5faca00, 0x00000000f6550000)
 Metaspace       used 16738K, capacity 17194K, committed 17408K, reserved 1064960K
  class space    used 2035K, capacity 2209K, committed 2304K, reserved 1048576K
}
Event: 2.609 GC heap before
{Heap before GC invocations=22 (full 0):
 def new generation   total 4928K, used 4673K [0x00000000f0800000, 0x00000000f0d50000, 0x00000000f5aa0000)
  eden space 4416K, 100% used [0x00000000f0800000, 0x00000000f0c50000, 0x00000000f0c50000)
  from space 512K,  50% used [0x00000000f0c50000, 0x00000000f0c905b0, 0x00000000f0cd0000)
  to   space 512K,   0% used [0x00000000f0cd0000, 0x00000000f0cd0000, 0x00000000f0d50000)
 tenured generation   total 10944K, used 5170K [0x00000000f5aa0000, 0x00000000f6550000, 0x0000000100000000)
   the space 10944K,  47% used [0x00000000f5aa0000, 0x00000000f5fac8e8, 0x00000000f5faca00, 0x00000000f6550000)
 Metaspace       used 16987K, capacity 17470K, committed 17664K, reserved 1064960K
  class space    used 2080K, capacity 2253K, committed 2304K, reserved 1048576K
Event: 2.611 GC heap after
Heap after GC invocations=23 (full 0):
 def new generation   total 4928K, used 346K [0x00000000f0800000, 0x00000000f0d50000, 0x00000000f5aa0000)
  eden space 4416K,   0% used [0x00000000f0800000, 0x00000000f0800000, 0x00000000f0c50000)
  from space 512K,  67% used [0x00000000f0cd0000, 0x00000000f0d26898, 0x00000000f0d50000)
  to   space 512K,   0% used [0x00000000f0c50000, 0x00000000f0c50000, 0x00000000f0cd0000)
 tenured generation   total 10944K, used 5240K [0x00000000f5aa0000, 0x00000000f6550000, 0x0000000100000000)
   the space 10944K,  47% used [0x00000000f5aa0000, 0x00000000f5fbe018, 0x00000000f5fbe200, 0x00000000f6550000)
 Metaspace       used 16987K, capacity 17470K, committed 17664K, reserved 1064960K
  class space    used 2080K, capacity 2253K, committed 2304K, reserved 1048576K
}
Event: 2.664 GC heap before
{Heap before GC invocations=23 (full 0):
 def new generation   total 4928K, used 4762K [0x00000000f0800000, 0x00000000f0d50000, 0x00000000f5aa0000)
  eden space 4416K, 100% used [0x00000000f0800000, 0x00000000f0c50000, 0x00000000f0c50000)
  from space 512K,  67% used [0x00000000f0cd0000, 0x00000000f0d26898, 0x00000000f0d50000)
  to   space 512K,   0% used [0x00000000f0c50000, 0x00000000f0c50000, 0x00000000f0cd0000)
 tenured generation   total 10944K, used 5240K [0x00000000f5aa0000, 0x00000000f6550000, 0x0000000100000000)
   the space 10944K,  47% used [0x00000000f5aa0000, 0x00000000f5fbe018, 0x00000000f5fbe200, 0x00000000f6550000)
 Metaspace       used 17415K, capacity 17892K, committed 17920K, reserved 1064960K
  class space    used 2135K, capacity 2286K, committed 2304K, reserved 1048576K
Event: 2.666 GC heap after
Heap after GC invocations=24 (full 0):
 def new generation   total 4928K, used 439K [0x00000000f0800000, 0x00000000f0d50000, 0x00000000f5aa0000)
  eden space 4416K,   0% used [0x00000000f0800000, 0x00000000f0800000, 0x00000000f0c50000)
  from space 512K,  85% used [0x00000000f0c50000, 0x00000000f0cbdd70, 0x00000000f0cd0000)
  to   space 512K,   0% used [0x00000000f0cd0000, 0x00000000f0cd0000, 0x00000000f0d50000)
 tenured generation   total 10944K, used 5372K [0x00000000f5aa0000, 0x00000000f6550000, 0x0000000100000000)
   the space 10944K,  49% used [0x00000000f5aa0000, 0x00000000f5fdf3a0, 0x00000000f5fdf400, 0x00000000f6550000)
 Metaspace       used 17415K, capacity 17892K, committed 17920K, reserved 1064960K
  class space    used 2135K, capacity 2286K, committed 2304K, reserved 1048576K
}
Event: 2.714 GC heap before
{Heap before GC invocations=24 (full 0):
 def new generation   total 4928K, used 4855K [0x00000000f0800000, 0x00000000f0d50000, 0x00000000f5aa0000)
  eden space 4416K, 100% used [0x00000000f0800000, 0x00000000f0c50000, 0x00000000f0c50000)
  from space 512K,  85% used [0x00000000f0c50000, 0x00000000f0cbdd70, 0x00000000f0cd0000)
  to   space 512K,   0% used [0x00000000f0cd0000, 0x00000000f0cd0000, 0x00000000f0d50000)
 tenured generation   total 10944K, used 5372K [0x00000000f5aa0000, 0x00000000f6550000, 0x0000000100000000)
   the space 10944K,  49% used [0x00000000f5aa0000, 0x00000000f5fdf3a0, 0x00000000f5fdf400, 0x00000000f6550000)
 Metaspace       used 17623K, capacity 18084K, committed 18304K, reserved 1064960K
  class space    used 2182K, capacity 2350K, committed 2432K, reserved 1048576K
Event: 2.716 GC heap after
Heap after GC invocations=25 (full 0):
 def new generation   total 4928K, used 265K [0x00000000f0800000, 0x00000000f0d50000, 0x00000000f5aa0000)
  eden space 4416K,   0% used [0x00000000f0800000, 0x00000000f0800000, 0x00000000f0c50000)
  from space 512K,  51% used [0x00000000f0cd0000, 0x00000000f0d126e0, 0x00000000f0d50000)
  to   space 512K,   0% used [0x00000000f0c50000, 0x00000000f0c50000, 0x00000000f0cd0000)
 tenured generation   total 10944K, used 5486K [0x00000000f5aa0000, 0x00000000f6550000, 0x0000000100000000)
   the space 10944K,  50% used [0x00000000f5aa0000, 0x00000000f5ffb8c8, 0x00000000f5ffba00, 0x00000000f6550000)
 Metaspace       used 17623K, capacity 18084K, committed 18304K, reserved 1064960K
  class space    used 2182K, capacity 2350K, committed 2432K, reserved 1048576K
}
Event: 2.750 GC heap before
{Heap before GC invocations=25 (full 0):
 def new generation   total 4928K, used 4681K [0x00000000f0800000, 0x00000000f0d50000, 0x00000000f5aa0000)
  eden space 4416K, 100% used [0x00000000f0800000, 0x00000000f0c50000, 0x00000000f0c50000)
  from space 512K,  51% used [0x00000000f0cd0000, 0x00000000f0d126e0, 0x00000000f0d50000)
  to   space 512K,   0% used [0x00000000f0c50000, 0x00000000f0c50000, 0x00000000f0cd0000)
 tenured generation   total 10944K, used 5486K [0x00000000f5aa0000, 0x00000000f6550000, 0x0000000100000000)
   the space 10944K,  50% used [0x00000000f5aa0000, 0x00000000f5ffb8c8, 0x00000000f5ffba00, 0x00000000f6550000)
 Metaspace       used 17806K, capacity 18244K, committed 18304K, reserved 1064960K
  class space    used 2228K, capacity 2382K, committed 2432K, reserved 1048576K
Event: 2.752 GC heap after
Heap after GC invocations=26 (full 0):
 def new generation   total 4928K, used 298K [0x00000000f0800000, 0x00000000f0d50000, 0x00000000f5aa0000)
  eden space 4416K,   0% used [0x00000000f0800000, 0x00000000f0800000, 0x00000000f0c50000)
  from space 512K,  58% used [0x00000000f0c50000, 0x00000000f0c9aaf0, 0x00000000f0cd0000)
  to   space 512K,   0% used [0x00000000f0cd0000, 0x00000000f0cd0000, 0x00000000f0d50000)
 tenured generation   total 10944K, used 5571K [0x00000000f5aa0000, 0x00000000f6550000, 0x0000000100000000)
   the space 10944K,  50% used [0x00000000f5aa0000, 0x00000000f6010e00, 0x00000000f6010e00, 0x00000000f6550000)
 Metaspace       used 17806K, capacity 18244K, committed 18304K, reserved 1064960K
  class space    used 2228K, capacity 2382K, committed 2432K, reserved 1048576K
}
Event: 2.803 GC heap before
{Heap before GC invocations=26 (full 0):
 def new generation   total 4928K, used 4714K [0x00000000f0800000, 0x00000000f0d50000, 0x00000000f5aa0000)
  eden space 4416K, 100% used [0x00000000f0800000, 0x00000000f0c50000, 0x00000000f0c50000)
  from space 512K,  58% used [0x00000000f0c50000, 0x00000000f0c9aaf0, 0x00000000f0cd0000)
  to   space 512K,   0% used [0x00000000f0cd0000, 0x00000000f0cd0000, 0x00000000f0d50000)
 tenured generation   total 10944K, used 5571K [0x00000000f5aa0000, 0x00000000f6550000, 0x0000000100000000)
   the space 10944K,  50% used [0x00000000f5aa0000, 0x00000000f6010e00, 0x00000000f6010e00, 0x00000000f6550000)
 Metaspace       used 18093K, capacity 18544K, committed 18560K, reserved 1064960K
  class space    used 2282K, capacity 2416K, committed 2432K, reserved 1048576K
Event: 2.805 GC heap after
Heap after GC invocations=27 (full 0):
 def new generation   total 4928K, used 333K [0x00000000f0800000, 0x00000000f0d50000, 0x00000000f5aa0000)
  eden space 4416K,   0% used [0x00000000f0800000, 0x00000000f0800000, 0x00000000f0c50000)
  from space 512K,  65% used [0x00000000f0cd0000, 0x00000000f0d23570, 0x00000000f0d50000)
  to   space 512K,   0% used [0x00000000f0c50000, 0x00000000f0c50000, 0x00000000f0cd0000)
 tenured generation   total 10944K, used 5663K [0x00000000f5aa0000, 0x00000000f6550000, 0x0000000100000000)
   the space 10944K,  51% used [0x00000000f5aa0000, 0x00000000f6027c38, 0x00000000f6027e00, 0x00000000f6550000)
 Metaspace       used 18093K, capacity 18544K, committed 18560K, reserved 1064960K
  class space    used 2282K, capacity 2416K, committed 2432K, reserved 1048576K
}
Event: 2.866 GC heap before
{Heap before GC invocations=27 (full 0):
 def new generation   total 4928K, used 4749K [0x00000000f0800000, 0x00000000f0d50000, 0x00000000f5aa0000)
  eden space 4416K, 100% used [0x00000000f0800000, 0x00000000f0c50000, 0x00000000f0c50000)
  from space 512K,  65% used [0x00000000f0cd0000, 0x00000000f0d23570, 0x00000000f0d50000)
  to   space 512K,   0% used [0x00000000f0c50000, 0x00000000f0c50000, 0x00000000f0cd0000)
 tenured generation   total 10944K, used 5663K [0x00000000f5aa0000, 0x00000000f6550000, 0x0000000100000000)
   the space 10944K,  51% used [0x00000000f5aa0000, 0x00000000f6027c38, 0x00000000f6027e00, 0x00000000f6550000)
 Metaspace       used 18473K, capacity 19022K, committed 19200K, reserved 1067008K
  class space    used 2336K, capacity 2487K, committed 2560K, reserved 1048576K
Event: 2.869 GC heap after
Heap after GC invocations=28 (full 0):
 def new generation   total 4928K, used 425K [0x00000000f0800000, 0x00000000f0d50000, 0x00000000f5aa0000)
  eden space 4416K,   0% used [0x00000000f0800000, 0x00000000f0800000, 0x00000000f0c50000)
  from space 512K,  83% used [0x00000000f0c50000, 0x00000000f0cba538, 0x00000000f0cd0000)
  to   space 512K,   0% used [0x00000000f0cd0000, 0x00000000f0cd0000, 0x00000000f0d50000)
 tenured generation   total 10944K, used 5780K [0x00000000f5aa0000, 0x00000000f6550000, 0x0000000100000000)
   the space 10944K,  52% used [0x00000000f5aa0000, 0x00000000f6045058, 0x00000000f6045200, 0x00000000f6550000)
 Metaspace       used 18473K, capacity 19022K, committed 19200K, reserved 1067008K
  class space    used 2336K, capacity 2487K, committed 2560K, reserved 1048576K
}
Event: 2.917 GC heap before
{Heap before GC invocations=28 (full 0):
 def new generation   total 4928K, used 4841K [0x00000000f0800000, 0x00000000f0d50000, 0x00000000f5aa0000)
  eden space 4416K, 100% used [0x00000000f0800000, 0x00000000f0c50000, 0x00000000f0c50000)
  from space 512K,  83% used [0x00000000f0c50000, 0x00000000f0cba538, 0x00000000f0cd0000)
  to   space 512K,   0% used [0x00000000f0cd0000, 0x00000000f0cd0000, 0x00000000f0d50000)
 tenured generation   total 10944K, used 5780K [0x00000000f5aa0000, 0x00000000f6550000, 0x0000000100000000)
   the space 10944K,  52% used [0x00000000f5aa0000, 0x00000000f6045058, 0x00000000f6045200, 0x00000000f6550000)
 Metaspace       used 18777K, capacity 19350K, committed 19456K, reserved 1067008K
  class space    used 2373K, capacity 2551K, committed 2560K, reserved 1048576K
Event: 2.919 GC heap after
Heap after GC invocations=29 (full 0):
 def new generation   total 4928K, used 412K [0x00000000f0800000, 0x00000000f0d50000, 0x00000000f5aa0000)
  eden space 4416K,   0% used [0x00000000f0800000, 0x00000000f0800000, 0x00000000f0c50000)
  from space 512K,  80% used [0x00000000f0cd0000, 0x00000000f0d37298, 0x00000000f0d50000)
  to   space 512K,   0% used [0x00000000f0c50000, 0x00000000f0c50000, 0x00000000f0cd0000)
 tenured generation   total 10944K, used 5882K [0x00000000f5aa0000, 0x00000000f6550000, 0x0000000100000000)
   the space 10944K,  53% used [0x00000000f5aa0000, 0x00000000f605e8d8, 0x00000000f605ea00, 0x00000000f6550000)
 Metaspace       used 18777K, capacity 19350K, committed 19456K, reserved 1067008K
  class space    used 2373K, capacity 2551K, committed 2560K, reserved 1048576K
}
Event: 2.976 GC heap before
{Heap before GC invocations=29 (full 0):
 def new generation   total 4928K, used 4828K [0x00000000f0800000, 0x00000000f0d50000, 0x00000000f5aa0000)
  eden space 4416K, 100% used [0x00000000f0800000, 0x00000000f0c50000, 0x00000000f0c50000)
  from space 512K,  80% used [0x00000000f0cd0000, 0x00000000f0d37298, 0x00000000f0d50000)
  to   space 512K,   0% used [0x00000000f0c50000, 0x00000000f0c50000, 0x00000000f0cd0000)
 tenured generation   total 10944K, used 5882K [0x00000000f5aa0000, 0x00000000f6550000, 0x0000000100000000)
   the space 10944K,  53% used [0x00000000f5aa0000, 0x00000000f605e8d8, 0x00000000f605ea00, 0x00000000f6550000)
 Metaspace       used 19116K, capacity 19646K, committed 19840K, reserved 1067008K
  class space    used 2422K, capacity 2585K, committed 2688K, reserved 1048576K
Event: 2.978 GC heap after
Heap after GC invocations=30 (full 0):
 def new generation   total 4928K, used 338K [0x00000000f0800000, 0x00000000f0d50000, 0x00000000f5aa0000)
  eden space 4416K,   0% used [0x00000000f0800000, 0x00000000f0800000, 0x00000000f0c50000)
  from space 512K,  66% used [0x00000000f0c50000, 0x00000000f0ca4b10, 0x00000000f0cd0000)
  to   space 512K,   0% used [0x00000000f0cd0000, 0x00000000f0cd0000, 0x00000000f0d50000)
 tenured generation   total 10944K, used 5931K [0x00000000f5aa0000, 0x00000000f6550000, 0x0000000100000000)
   the space 10944K,  54% used [0x00000000f5aa0000, 0x00000000f606acf0, 0x00000000f606ae00, 0x00000000f6550000)
 Metaspace       used 19116K, capacity 19646K, committed 19840K, reserved 1067008K
  class space    used 2422K, capacity 2585K, committed 2688K, reserved 1048576K
}
Event: 3.036 GC heap before
{Heap before GC invocations=30 (full 0):
 def new generation   total 4928K, used 4754K [0x00000000f0800000, 0x00000000f0d50000, 0x00000000f5aa0000)
  eden space 4416K, 100% used [0x00000000f0800000, 0x00000000f0c50000, 0x00000000f0c50000)
  from space 512K,  66% used [0x00000000f0c50000, 0x00000000f0ca4b10, 0x00000000f0cd0000)
  to   space 512K,   0% used [0x00000000f0cd0000, 0x00000000f0cd0000, 0x00000000f0d50000)
 tenured generation   total 10944K, used 5931K [0x00000000f5aa0000, 0x00000000f6550000, 0x0000000100000000)
   the space 10944K,  54% used [0x00000000f5aa0000, 0x00000000f606acf0, 0x00000000f606ae00, 0x00000000f6550000)
 Metaspace       used 19427K, capacity 19986K, committed 20096K, reserved 1067008K
  class space    used 2467K, capacity 2655K, committed 2688K, reserved 1048576K
Event: 3.038 GC heap after
Heap after GC invocations=31 (full 0):
 def new generation   total 4928K, used 379K [0x00000000f0800000, 0x00000000f0d50000, 0x00000000f5aa0000)
  eden space 4416K,   0% used [0x00000000f0800000, 0x00000000f0800000, 0x00000000f0c50000)
  from space 512K,  74% used [0x00000000f0cd0000, 0x00000000f0d2ed30, 0x00000000f0d50000)
  to   space 512K,   0% used [0x00000000f0c50000, 0x00000000f0c50000, 0x00000000f0cd0000)
 tenured generation   total 10944K, used 6021K [0x00000000f5aa0000, 0x00000000f6550000, 0x0000000100000000)
   the space 10944K,  55% used [0x00000000f5aa0000, 0x00000000f6081628, 0x00000000f6081800, 0x00000000f6550000)
 Metaspace       used 19427K, capacity 19986K, committed 20096K, reserved 1067008K
  class space    used 2467K, capacity 2655K, committed 2688K, reserved 1048576K
}
Event: 3.100 GC heap before
{Heap before GC invocations=31 (full 0):
 def new generation   total 4928K, used 4746K [0x00000000f0800000, 0x00000000f0d50000, 0x00000000f5aa0000)
  eden space 4416K,  98% used [0x00000000f0800000, 0x00000000f0c43e78, 0x00000000f0c50000)
  from space 512K,  74% used [0x00000000f0cd0000, 0x00000000f0d2ed30, 0x00000000f0d50000)
  to   space 512K,   0% used [0x00000000f0c50000, 0x00000000f0c50000, 0x00000000f0cd0000)
 tenured generation   total 10944K, used 6021K [0x00000000f5aa0000, 0x00000000f6550000, 0x0000000100000000)
   the space 10944K,  55% used [0x00000000f5aa0000, 0x00000000f6081628, 0x00000000f6081800, 0x00000000f6550000)
 Metaspace       used 19842K, capacity 20398K, committed 20736K, reserved 1067008K
  class space    used 2525K, capacity 2699K, committed 2816K, reserved 1048576K
Event: 3.103 GC heap after
Heap after GC invocations=32 (full 0):
 def new generation   total 4928K, used 484K [0x00000000f0800000, 0x00000000f0d50000, 0x00000000f5aa0000)
  eden space 4416K,   0% used [0x00000000f0800000, 0x00000000f0800000, 0x00000000f0c50000)
  from space 512K,  94% used [0x00000000f0c50000, 0x00000000f0cc9218, 0x00000000f0cd0000)
  to   space 512K,   0% used [0x00000000f0cd0000, 0x00000000f0cd0000, 0x00000000f0d50000)
 tenured generation   total 10944K, used 6086K [0x00000000f5aa0000, 0x00000000f6550000, 0x0000000100000000)
   the space 10944K,  55% used [0x00000000f5aa0000, 0x00000000f6091820, 0x00000000f6091a00, 0x00000000f6550000)
 Metaspace       used 19842K, capacity 20398K, committed 20736K, reserved 1067008K
  class space    used 2525K, capacity 2699K, committed 2816K, reserved 1048576K
}
Event: 3.186 GC heap before
{Heap before GC invocations=32 (full 0):
 def new generation   total 4928K, used 4900K [0x00000000f0800000, 0x00000000f0d50000, 0x00000000f5aa0000)
  eden space 4416K, 100% used [0x00000000f0800000, 0x00000000f0c50000, 0x00000000f0c50000)
  from space 512K,  94% used [0x00000000f0c50000, 0x00000000f0cc9218, 0x00000000f0cd0000)
  to   space 512K,   0% used [0x00000000f0cd0000, 0x00000000f0cd0000, 0x00000000f0d50000)
 tenured generation   total 10944K, used 6086K [0x00000000f5aa0000, 0x00000000f6550000, 0x0000000100000000)
   the space 10944K,  55% used [0x00000000f5aa0000, 0x00000000f6091820, 0x00000000f6091a00, 0x00000000f6550000)
 Metaspace       used 20561K, capacity 21138K, committed 21248K, reserved 1067008K
  class space    used 2615K, capacity 2779K, committed 2816K, reserved 1048576K
Event: 3.189 GC heap after
Heap after GC invocations=33 (full 0):
 def new generation   total 4928K, used 445K [0x00000000f0800000, 0x00000000f0d50000, 0x00000000f5aa0000)
  eden space 4416K,   0% used [0x00000000f0800000, 0x00000000f0800000, 0x00000000f0c50000)
  from space 512K,  87% used [0x00000000f0cd0000, 0x00000000f0d3f610, 0x00000000f0d50000)
  to   space 512K,   0% used [0x00000000f0c50000, 0x00000000f0c50000, 0x00000000f0cd0000)
 tenured generation   total 10944K, used 6205K [0x00000000f5aa0000, 0x00000000f6550000, 0x0000000100000000)
   the space 10944K,  56% used [0x00000000f5aa0000, 0x00000000f60af7d8, 0x00000000f60af800, 0x00000000f6550000)
 Metaspace       used 20561K, capacity 21138K, committed 21248K, reserved 1067008K
  class space    used 2615K, capacity 2779K, committed 2816K, reserved 1048576K
}
Event: 3.200 GC heap before
{Heap before GC invocations=33 (full 0):
 def new generation   total 4928K, used 1847K [0x00000000f0800000, 0x00000000f0d50000, 0x00000000f5aa0000)
  eden space 4416K,  31% used [0x00000000f0800000, 0x00000000f095e710, 0x00000000f0c50000)
  from space 512K,  87% used [0x00000000f0cd0000, 0x00000000f0d3f610, 0x00000000f0d50000)
  to   space 512K,   0% used [0x00000000f0c50000, 0x00000000f0c50000, 0x00000000f0cd0000)
 tenured generation   total 10944K, used 6205K [0x00000000f5aa0000, 0x00000000f6550000, 0x0000000100000000)
   the space 10944K,  56% used [0x00000000f5aa0000, 0x00000000f60af7d8, 0x00000000f60af800, 0x00000000f6550000)
 Metaspace       used 20664K, capacity 21204K, committed 21248K, reserved 1067008K
  class space    used 2626K, capacity 2780K, committed 2816K, reserved 1048576K
Event: 3.225 GC heap after
Heap after GC invocations=34 (full 1):
 def new generation   total 4992K, used 0K [0x00000000f0800000, 0x00000000f0d60000, 0x00000000f5aa0000)
  eden space 4480K,   0% used [0x00000000f0800000, 0x00000000f0800000, 0x00000000f0c60000)
  from space 512K,   0% used [0x00000000f0c60000, 0x00000000f0c60000, 0x00000000f0ce0000)
  to   space 512K,   0% used [0x00000000f0ce0000, 0x00000000f0ce0000, 0x00000000f0d60000)
 tenured generation   total 10944K, used 5724K [0x00000000f5aa0000, 0x00000000f6550000, 0x0000000100000000)
   the space 10944K,  52% used [0x00000000f5aa0000, 0x00000000f6037030, 0x00000000f6037200, 0x00000000f6550000)
 Metaspace       used 20664K, capacity 21204K, committed 21248K, reserved 1067008K
  class space    used 2626K, capacity 2780K, committed 2816K, reserved 1048576K
}
Event: 3.273 GC heap before
{Heap before GC invocations=34 (full 1):
 def new generation   total 4992K, used 4480K [0x00000000f0800000, 0x00000000f0d60000, 0x00000000f5aa0000)
  eden space 4480K, 100% used [0x00000000f0800000, 0x00000000f0c60000, 0x00000000f0c60000)
  from space 512K,   0% used [0x00000000f0c60000, 0x00000000f0c60000, 0x00000000f0ce0000)
  to   space 512K,   0% used [0x00000000f0ce0000, 0x00000000f0ce0000, 0x00000000f0d60000)
 tenured generation   total 10944K, used 5724K [0x00000000f5aa0000, 0x00000000f6550000, 0x0000000100000000)
   the space 10944K,  52% used [0x00000000f5aa0000, 0x00000000f6037030, 0x00000000f6037200, 0x00000000f6550000)
 Metaspace       used 21048K, capacity 21652K, committed 21888K, reserved 1069056K
  class space    used 2662K, capacity 2844K, committed 2944K, reserved 1048576K
Event: 3.275 GC heap after
Heap after GC invocations=35 (full 1):
 def new generation   total 4992K, used 511K [0x00000000f0800000, 0x00000000f0d60000, 0x00000000f5aa0000)
  eden space 4480K,   0% used [0x00000000f0800000, 0x00000000f0800000, 0x00000000f0c60000)
  from space 512K,  99% used [0x00000000f0ce0000, 0x00000000f0d5fff8, 0x00000000f0d60000)
  to   space 512K,   0% used [0x00000000f0c60000, 0x00000000f0c60000, 0x00000000f0ce0000)
 tenured generation   total 10944K, used 5725K [0x00000000f5aa0000, 0x00000000f6550000, 0x0000000100000000)
   the space 10944K,  52% used [0x00000000f5aa0000, 0x00000000f6037788, 0x00000000f6037800, 0x00000000f6550000)
 Metaspace       used 21048K, capacity 21652K, committed 21888K, reserved 1069056K
  class space    used 2662K, capacity 2844K, committed 2944K, reserved 1048576K
}
Event: 3.327 GC heap before
{Heap before GC invocations=35 (full 1):
 def new generation   total 4992K, used 4991K [0x00000000f0800000, 0x00000000f0d60000, 0x00000000f5aa0000)
  eden space 4480K, 100% used [0x00000000f0800000, 0x00000000f0c60000, 0x00000000f0c60000)
  from space 512K,  99% used [0x00000000f0ce0000, 0x00000000f0d5fff8, 0x00000000f0d60000)
  to   space 512K,   0% used [0x00000000f0c60000, 0x00000000f0c60000, 0x00000000f0ce0000)
 tenured generation   total 10944K, used 5725K [0x00000000f5aa0000, 0x00000000f6550000, 0x0000000100000000)
   the space 10944K,  52% used [0x00000000f5aa0000, 0x00000000f6037788, 0x00000000f6037800, 0x00000000f6550000)
 Metaspace       used 21507K, capacity 22076K, committed 22400K, reserved 1069056K
  class space    used 2699K, capacity 2878K, committed 2944K, reserved 1048576K
Event: 3.329 GC heap after
Heap after GC invocations=36 (full 1):
 def new generation   total 4992K, used 511K [0x00000000f0800000, 0x00000000f0d60000, 0x00000000f5aa0000)
  eden space 4480K,   0% used [0x00000000f0800000, 0x00000000f0800000, 0x00000000f0c60000)
  from space 512K,  99% used [0x00000000f0c60000, 0x00000000f0cdfe48, 0x00000000f0ce0000)
  to   space 512K,   0% used [0x00000000f0ce0000, 0x00000000f0ce0000, 0x00000000f0d60000)
 tenured generation   total 10944K, used 5850K [0x00000000f5aa0000, 0x00000000f6550000, 0x0000000100000000)
   the space 10944K,  53% used [0x00000000f5aa0000, 0x00000000f6056a50, 0x00000000f6056c00, 0x00000000f6550000)
 Metaspace       used 21507K, capacity 22076K, committed 22400K, reserved 1069056K
  class space    used 2699K, capacity 2878K, committed 2944K, reserved 1048576K
}
Event: 3.392 GC heap before
{Heap before GC invocations=36 (full 1):
 def new generation   total 4992K, used 4991K [0x00000000f0800000, 0x00000000f0d60000, 0x00000000f5aa0000)
  eden space 4480K, 100% used [0x00000000f0800000, 0x00000000f0c60000, 0x00000000f0c60000)
  from space 512K,  99% used [0x00000000f0c60000, 0x00000000f0cdfe48, 0x00000000f0ce0000)
  to   space 512K,   0% used [0x00000000f0ce0000, 0x00000000f0ce0000, 0x00000000f0d60000)
 tenured generation   total 10944K, used 5850K [0x00000000f5aa0000, 0x00000000f6550000, 0x0000000100000000)
   the space 10944K,  53% used [0x00000000f5aa0000, 0x00000000f6056a50, 0x00000000f6056c00, 0x00000000f6550000)
 Metaspace       used 21866K, capacity 22434K, committed 22656K, reserved 1069056K
  class space    used 2746K, capacity 2911K, committed 2944K, reserved 1048576K
Event: 3.394 GC heap after
Heap after GC invocations=37 (full 1):
 def new generation   total 4992K, used 467K [0x00000000f0800000, 0x00000000f0d60000, 0x00000000f5aa0000)
  eden space 4480K,   0% used [0x00000000f0800000, 0x00000000f0800000, 0x00000000f0c60000)
  from space 512K,  91% used [0x00000000f0ce0000, 0x00000000f0d54cc8, 0x00000000f0d60000)
  to   space 512K,   0% used [0x00000000f0c60000, 0x00000000f0c60000, 0x00000000f0ce0000)
 tenured generation   total 10944K, used 5914K [0x00000000f5aa0000, 0x00000000f6550000, 0x0000000100000000)
   the space 10944K,  54% used [0x00000000f5aa0000, 0x00000000f6066860, 0x00000000f6066a00, 0x00000000f6550000)
 Metaspace       used 21866K, capacity 22434K, committed 22656K, reserved 1069056K
  class space    used 2746K, capacity 2911K, committed 2944K, reserved 1048576K
}
Event: 3.459 GC heap before
{Heap before GC invocations=37 (full 1):
 def new generation   total 4992K, used 4947K [0x00000000f0800000, 0x00000000f0d60000, 0x00000000f5aa0000)
  eden space 4480K, 100% used [0x00000000f0800000, 0x00000000f0c60000, 0x00000000f0c60000)
  from space 512K,  91% used [0x00000000f0ce0000, 0x00000000f0d54cc8, 0x00000000f0d60000)
  to   space 512K,   0% used [0x00000000f0c60000, 0x00000000f0c60000, 0x00000000f0ce0000)
 tenured generation   total 10944K, used 5914K [0x00000000f5aa0000, 0x00000000f6550000, 0x0000000100000000)
   the space 10944K,  54% used [0x00000000f5aa0000, 0x00000000f6066860, 0x00000000f6066a00, 0x00000000f6550000)
 Metaspace       used 22383K, capacity 22978K, committed 23168K, reserved 1069056K
  class space    used 2785K, capacity 2943K, committed 2944K, reserved 1048576K
Event: 3.461 GC heap after
Heap after GC invocations=38 (full 1):
 def new generation   total 4992K, used 511K [0x00000000f0800000, 0x00000000f0d60000, 0x00000000f5aa0000)
  eden space 4480K,   0% used [0x00000000f0800000, 0x00000000f0800000, 0x00000000f0c60000)
  from space 512K,  99% used [0x00000000f0c60000, 0x00000000f0cdffa8, 0x00000000f0ce0000)
  to   space 512K,   0% used [0x00000000f0ce0000, 0x00000000f0ce0000, 0x00000000f0d60000)
 tenured generation   total 10944K, used 6126K [0x00000000f5aa0000, 0x00000000f6550000, 0x0000000100000000)
   the space 10944K,  55% used [0x00000000f5aa0000, 0x00000000f609b958, 0x00000000f609ba00, 0x00000000f6550000)
 Metaspace       used 22383K, capacity 22978K, committed 23168K, reserved 1069056K
  class space    used 2785K, capacity 2943K, committed 2944K, reserved 1048576K
}
Event: 3.544 GC heap before
{Heap before GC invocations=38 (full 1):
 def new generation   total 4992K, used 4991K [0x00000000f0800000, 0x00000000f0d60000, 0x00000000f5aa0000)
  eden space 4480K, 100% used [0x00000000f0800000, 0x00000000f0c60000, 0x00000000f0c60000)
  from space 512K,  99% used [0x00000000f0c60000, 0x00000000f0cdffa8, 0x00000000f0ce0000)
  to   space 512K,   0% used [0x00000000f0ce0000, 0x00000000f0ce0000, 0x00000000f0d60000)
 tenured generation   total 10944K, used 6126K [0x00000000f5aa0000, 0x00000000f6550000, 0x0000000100000000)
   the space 10944K,  55% used [0x00000000f5aa0000, 0x00000000f609b958, 0x00000000f609ba00, 0x00000000f6550000)
 Metaspace       used 22743K, capacity 23304K, committed 23552K, reserved 1069056K
  class space    used 2832K, capacity 3008K, committed 3072K, reserved 1048576K
Event: 3.546 GC heap after
Heap after GC invocations=39 (full 1):
 def new generation   total 4992K, used 373K [0x00000000f0800000, 0x00000000f0d60000, 0x00000000f5aa0000)
  eden space 4480K,   0% used [0x00000000f0800000, 0x00000000f0800000, 0x00000000f0c60000)
  from space 512K,  73% used [0x00000000f0ce0000, 0x00000000f0d3d7c8, 0x00000000f0d60000)
  to   space 512K,   0% used [0x00000000f0c60000, 0x00000000f0c60000, 0x00000000f0ce0000)
 tenured generation   total 10944K, used 6250K [0x00000000f5aa0000, 0x00000000f6550000, 0x0000000100000000)
   the space 10944K,  57% used [0x00000000f5aa0000, 0x00000000f60ba9b8, 0x00000000f60baa00, 0x00000000f6550000)
 Metaspace       used 22743K, capacity 23304K, committed 23552K, reserved 1069056K
  class space    used 2832K, capacity 3008K, committed 3072K, reserved 1048576K
}
Event: 3.604 GC heap before
{Heap before GC invocations=39 (full 1):
 def new generation   total 4992K, used 4853K [0x00000000f0800000, 0x00000000f0d60000, 0x00000000f5aa0000)
  eden space 4480K, 100% used [0x00000000f0800000, 0x00000000f0c60000, 0x00000000f0c60000)
  from space 512K,  73% used [0x00000000f0ce0000, 0x00000000f0d3d7c8, 0x00000000f0d60000)
  to   space 512K,   0% used [0x00000000f0c60000, 0x00000000f0c60000, 0x00000000f0ce0000)
 tenured generation   total 10944K, used 6250K [0x00000000f5aa0000, 0x00000000f6550000, 0x0000000100000000)
   the space 10944K,  57% used [0x00000000f5aa0000, 0x00000000f60ba9b8, 0x00000000f60baa00, 0x00000000f6550000)
 Metaspace       used 22959K, capacity 23538K, committed 23808K, reserved 1071104K
  class space    used 2864K, capacity 3041K, committed 3072K, reserved 1048576K
Event: 3.606 GC heap after
Heap after GC invocations=40 (full 1):
 def new generation   total 4992K, used 408K [0x00000000f0800000, 0x00000000f0d60000, 0x00000000f5aa0000)
  eden space 4480K,   0% used [0x00000000f0800000, 0x00000000f0800000, 0x00000000f0c60000)
  from space 512K,  79% used [0x00000000f0c60000, 0x00000000f0cc62c8, 0x00000000f0ce0000)
  to   space 512K,   0% used [0x00000000f0ce0000, 0x00000000f0ce0000, 0x00000000f0d60000)
 tenured generation   total 10944K, used 6409K [0x00000000f5aa0000, 0x00000000f6550000, 0x0000000100000000)
   the space 10944K,  58% used [0x00000000f5aa0000, 0x00000000f60e25a8, 0x00000000f60e2600, 0x00000000f6550000)
 Metaspace       used 22959K, capacity 23538K, committed 23808K, reserved 1071104K
  class space    used 2864K, capacity 3041K, committed 3072K, reserved 1048576K
}
Event: 3.655 GC heap before
{Heap before GC invocations=40 (full 1):
 def new generation   total 4992K, used 4888K [0x00000000f0800000, 0x00000000f0d60000, 0x00000000f5aa0000)
  eden space 4480K, 100% used [0x00000000f0800000, 0x00000000f0c60000, 0x00000000f0c60000)
  from space 512K,  79% used [0x00000000f0c60000, 0x00000000f0cc62c8, 0x00000000f0ce0000)
  to   space 512K,   0% used [0x00000000f0ce0000, 0x00000000f0ce0000, 0x00000000f0d60000)
 tenured generation   total 10944K, used 6409K [0x00000000f5aa0000, 0x00000000f6550000, 0x0000000100000000)
   the space 10944K,  58% used [0x00000000f5aa0000, 0x00000000f60e25a8, 0x00000000f60e2600, 0x00000000f6550000)
 Metaspace       used 23297K, capacity 23890K, committed 24192K, reserved 1071104K
  class space    used 2897K, capacity 3073K, committed 3200K, reserved 1048576K
Event: 3.657 GC heap after
Heap after GC invocations=41 (full 1):
 def new generation   total 4992K, used 491K [0x00000000f0800000, 0x00000000f0d60000, 0x00000000f5aa0000)
  eden space 4480K,   0% used [0x00000000f0800000, 0x00000000f0800000, 0x00000000f0c60000)
  from space 512K,  96% used [0x00000000f0ce0000, 0x00000000f0d5af10, 0x00000000f0d60000)
  to   space 512K,   0% used [0x00000000f0c60000, 0x00000000f0c60000, 0x00000000f0ce0000)
 tenured generation   total 10944K, used 6604K [0x00000000f5aa0000, 0x00000000f6550000, 0x0000000100000000)
   the space 10944K,  60% used [0x00000000f5aa0000, 0x00000000f61131e0, 0x00000000f6113200, 0x00000000f6550000)
 Metaspace       used 23297K, capacity 23890K, committed 24192K, reserved 1071104K
  class space    used 2897K, capacity 3073K, committed 3200K, reserved 1048576K
}
Event: 3.715 GC heap before
{Heap before GC invocations=41 (full 1):
 def new generation   total 4992K, used 4970K [0x00000000f0800000, 0x00000000f0d60000, 0x00000000f5aa0000)
  eden space 4480K,  99% used [0x00000000f0800000, 0x00000000f0c5f970, 0x00000000f0c60000)
  from space 512K,  96% used [0x00000000f0ce0000, 0x00000000f0d5af10, 0x00000000f0d60000)
  to   space 512K,   0% used [0x00000000f0c60000, 0x00000000f0c60000, 0x00000000f0ce0000)
 tenured generation   total 10944K, used 6604K [0x00000000f5aa0000, 0x00000000f6550000, 0x0000000100000000)
   the space 10944K,  60% used [0x00000000f5aa0000, 0x00000000f61131e0, 0x00000000f6113200, 0x00000000f6550000)
 Metaspace       used 23620K, capacity 24250K, committed 24448K, reserved 1071104K
  class space    used 2940K, capacity 3117K, committed 3200K, reserved 1048576K
Event: 3.717 GC heap after
Heap after GC invocations=42 (full 1):
 def new generation   total 4992K, used 502K [0x00000000f0800000, 0x00000000f0d60000, 0x00000000f5aa0000)
  eden space 4480K,   0% used [0x00000000f0800000, 0x00000000f0800000, 0x00000000f0c60000)
  from space 512K,  98% used [0x00000000f0c60000, 0x00000000f0cddb18, 0x00000000f0ce0000)
  to   space 512K,   0% used [0x00000000f0ce0000, 0x00000000f0ce0000, 0x00000000f0d60000)
 tenured generation   total 10944K, used 6753K [0x00000000f5aa0000, 0x00000000f6550000, 0x0000000100000000)
   the space 10944K,  61% used [0x00000000f5aa0000, 0x00000000f6138640, 0x00000000f6138800, 0x00000000f6550000)
 Metaspace       used 23620K, capacity 24250K, committed 24448K, reserved 1071104K
  class space    used 2940K, capacity 3117K, committed 3200K, reserved 1048576K
}
Event: 3.782 GC heap before
{Heap before GC invocations=42 (full 1):
 def new generation   total 4992K, used 4982K [0x00000000f0800000, 0x00000000f0d60000, 0x00000000f5aa0000)
  eden space 4480K, 100% used [0x00000000f0800000, 0x00000000f0c60000, 0x00000000f0c60000)
  from space 512K,  98% used [0x00000000f0c60000, 0x00000000f0cddb18, 0x00000000f0ce0000)
  to   space 512K,   0% used [0x00000000f0ce0000, 0x00000000f0ce0000, 0x00000000f0d60000)
 tenured generation   total 10944K, used 6753K [0x00000000f5aa0000, 0x00000000f6550000, 0x0000000100000000)
   the space 10944K,  61% used [0x00000000f5aa0000, 0x00000000f6138640, 0x00000000f6138800, 0x00000000f6550000)
 Metaspace       used 23975K, capacity 24648K, committed 24704K, reserved 1071104K
  class space    used 2988K, capacity 3184K, committed 3200K, reserved 1048576K
Event: 3.784 GC heap after
Heap after GC invocations=43 (full 1):
 def new generation   total 4992K, used 511K [0x00000000f0800000, 0x00000000f0d60000, 0x00000000f5aa0000)
  eden space 4480K,   0% used [0x00000000f0800000, 0x00000000f0800000, 0x00000000f0c60000)
  from space 512K,  99% used [0x00000000f0ce0000, 0x00000000f0d5fff8, 0x00000000f0d60000)
  to   space 512K,   0% used [0x00000000f0c60000, 0x00000000f0c60000, 0x00000000f0ce0000)
 tenured generation   total 10944K, used 7077K [0x00000000f5aa0000, 0x00000000f6550000, 0x0000000100000000)
   the space 10944K,  64% used [0x00000000f5aa0000, 0x00000000f61894e0, 0x00000000f6189600, 0x00000000f6550000)
 Metaspace       used 23975K, capacity 24648K, committed 24704K, reserved 1071104K
  class space    used 2988K, capacity 3184K, committed 3200K, reserved 1048576K
}
Event: 3.816 GC heap before
{Heap before GC invocations=43 (full 1):
 def new generation   total 4992K, used 4991K [0x00000000f0800000, 0x00000000f0d60000, 0x00000000f5aa0000)
  eden space 4480K, 100% used [0x00000000f0800000, 0x00000000f0c60000, 0x00000000f0c60000)
  from space 512K,  99% used [0x00000000f0ce0000, 0x00000000f0d5fff8, 0x00000000f0d60000)
  to   space 512K,   0% used [0x00000000f0c60000, 0x00000000f0c60000, 0x00000000f0ce0000)
 tenured generation   total 10944K, used 7077K [0x00000000f5aa0000, 0x00000000f6550000, 0x0000000100000000)
   the space 10944K,  64% used [0x00000000f5aa0000, 0x00000000f61894e0, 0x00000000f6189600, 0x00000000f6550000)
 Metaspace       used 24200K, capacity 24872K, committed 25088K, reserved 1071104K
  class space    used 3031K, capacity 3216K, committed 3328K, reserved 1048576K
Event: 3.818 GC heap after
Heap after GC invocations=44 (full 1):
 def new generation   total 4992K, used 293K [0x00000000f0800000, 0x00000000f0d60000, 0x00000000f5aa0000)
  eden space 4480K,   0% used [0x00000000f0800000, 0x00000000f0800000, 0x00000000f0c60000)
  from space 512K,  57% used [0x00000000f0c60000, 0x00000000f0ca97c0, 0x00000000f0ce0000)
  to   space 512K,   0% used [0x00000000f0ce0000, 0x00000000f0ce0000, 0x00000000f0d60000)
 tenured generation   total 10944K, used 7341K [0x00000000f5aa0000, 0x00000000f6550000, 0x0000000100000000)
   the space 10944K,  67% used [0x00000000f5aa0000, 0x00000000f61cb520, 0x00000000f61cb600, 0x00000000f6550000)
 Metaspace       used 24200K, capacity 24872K, committed 25088K, reserved 1071104K
  class space    used 3031K, capacity 3216K, committed 3328K, reserved 1048576K
}
Event: 3.839 GC heap before
{Heap before GC invocations=44 (full 1):
 def new generation   total 4992K, used 4766K [0x00000000f0800000, 0x00000000f0d60000, 0x00000000f5aa0000)
  eden space 4480K,  99% used [0x00000000f0800000, 0x00000000f0c5e348, 0x00000000f0c60000)
  from space 512K,  57% used [0x00000000f0c60000, 0x00000000f0ca97c0, 0x00000000f0ce0000)
  to   space 512K,   0% used [0x00000000f0ce0000, 0x00000000f0ce0000, 0x00000000f0d60000)
 tenured generation   total 10944K, used 7341K [0x00000000f5aa0000, 0x00000000f6550000, 0x0000000100000000)
   the space 10944K,  67% used [0x00000000f5aa0000, 0x00000000f61cb520, 0x00000000f61cb600, 0x00000000f6550000)
 Metaspace       used 24341K, capacity 25034K, committed 25344K, reserved 1071104K
  class space    used 3047K, capacity 3249K, committed 3328K, reserved 1048576K
Event: 3.841 GC heap after
Heap after GC invocations=45 (full 1):
 def new generation   total 4992K, used 192K [0x00000000f0800000, 0x00000000f0d60000, 0x00000000f5aa0000)
  eden space 4480K,   0% used [0x00000000f0800000, 0x00000000f0800000, 0x00000000f0c60000)
  from space 512K,  37% used [0x00000000f0ce0000, 0x00000000f0d10008, 0x00000000f0d60000)
  to   space 512K,   0% used [0x00000000f0c60000, 0x00000000f0c60000, 0x00000000f0ce0000)
 tenured generation   total 10944K, used 7377K [0x00000000f5aa0000, 0x00000000f6550000, 0x0000000100000000)
   the space 10944K,  67% used [0x00000000f5aa0000, 0x00000000f61d45b8, 0x00000000f61d4600, 0x00000000f6550000)
 Metaspace       used 24341K, capacity 25034K, committed 25344K, reserved 1071104K
  class space    used 3047K, capacity 3249K, committed 3328K, reserved 1048576K
}
Event: 3.841 GC heap before
{Heap before GC invocations=45 (full 1):
 def new generation   total 4992K, used 4658K [0x00000000f0800000, 0x00000000f0d60000, 0x00000000f5aa0000)
  eden space 4480K,  99% used [0x00000000f0800000, 0x00000000f0c5cba8, 0x00000000f0c60000)
  from space 512K,  37% used [0x00000000f0ce0000, 0x00000000f0d10008, 0x00000000f0d60000)
  to   space 512K,   0% used [0x00000000f0c60000, 0x00000000f0c60000, 0x00000000f0ce0000)
 tenured generation   total 10944K, used 7377K [0x00000000f5aa0000, 0x00000000f6550000, 0x0000000100000000)
   the space 10944K,  67% used [0x00000000f5aa0000, 0x00000000f61d45b8, 0x00000000f61d4600, 0x00000000f6550000)
 Metaspace       used 24341K, capacity 25034K, committed 25344K, reserved 1071104K
  class space    used 3047K, capacity 3249K, committed 3328K, reserved 1048576K
Event: 3.842 GC heap after
Heap after GC invocations=46 (full 1):
 def new generation   total 4992K, used 128K [0x00000000f0800000, 0x00000000f0d60000, 0x00000000f5aa0000)
  eden space 4480K,   0% used [0x00000000f0800000, 0x00000000f0800000, 0x00000000f0c60000)
  from space 512K,  25% used [0x00000000f0c60000, 0x00000000f0c803d8, 0x00000000f0ce0000)
  to   space 512K,   0% used [0x00000000f0ce0000, 0x00000000f0ce0000, 0x00000000f0d60000)
 tenured generation   total 10944K, used 7377K [0x00000000f5aa0000, 0x00000000f6550000, 0x0000000100000000)
   the space 10944K,  67% used [0x00000000f5aa0000, 0x00000000f61d45b8, 0x00000000f61d4600, 0x00000000f6550000)
 Metaspace       used 24341K, capacity 25034K, committed 25344K, reserved 1071104K
  class space    used 3047K, capacity 3249K, committed 3328K, reserved 1048576K
}
Event: 3.843 GC heap before
{Heap before GC invocations=46 (full 1):
 def new generation   total 4992K, used 4604K [0x00000000f0800000, 0x00000000f0d60000, 0x00000000f5aa0000)
  eden space 4480K,  99% used [0x00000000f0800000, 0x00000000f0c5ee00, 0x00000000f0c60000)
  from space 512K,  25% used [0x00000000f0c60000, 0x00000000f0c803d8, 0x00000000f0ce0000)
  to   space 512K,   0% used [0x00000000f0ce0000, 0x00000000f0ce0000, 0x00000000f0d60000)
 tenured generation   total 10944K, used 7377K [0x00000000f5aa0000, 0x00000000f6550000, 0x0000000100000000)
   the space 10944K,  67% used [0x00000000f5aa0000, 0x00000000f61d45b8, 0x00000000f61d4600, 0x00000000f6550000)
 Metaspace       used 24341K, capacity 25034K, committed 25344K, reserved 1071104K
  class space    used 3047K, capacity 3249K, committed 3328K, reserved 1048576K
Event: 3.843 GC heap after
Heap after GC invocations=47 (full 1):
 def new generation   total 4992K, used 139K [0x00000000f0800000, 0x00000000f0d60000, 0x00000000f5aa0000)
  eden space 4480K,   0% used [0x00000000f0800000, 0x00000000f0800000, 0x00000000f0c60000)
  from space 512K,  27% used [0x00000000f0ce0000, 0x00000000f0d02d58, 0x00000000f0d60000)
  to   space 512K,   0% used [0x00000000f0c60000, 0x00000000f0c60000, 0x00000000f0ce0000)
 tenured generation   total 10944K, used 7377K [0x00000000f5aa0000, 0x00000000f6550000, 0x0000000100000000)
   the space 10944K,  67% used [0x00000000f5aa0000, 0x00000000f61d45b8, 0x00000000f61d4600, 0x00000000f6550000)
 Metaspace       used 24341K, capacity 25034K, committed 25344K, reserved 1071104K
  class space    used 3047K, capacity 3249K, committed 3328K, reserved 1048576K
}
Event: 3.845 GC heap before
{Heap before GC invocations=47 (full 1):
 def new generation   total 4992K, used 4619K [0x00000000f0800000, 0x00000000f0d60000, 0x00000000f5aa0000)
  eden space 4480K, 100% used [0x00000000f0800000, 0x00000000f0c60000, 0x00000000f0c60000)
  from space 512K,  27% used [0x00000000f0ce0000, 0x00000000f0d02d58, 0x00000000f0d60000)
  to   space 512K,   0% used [0x00000000f0c60000, 0x00000000f0c60000, 0x00000000f0ce0000)
 tenured generation   total 10944K, used 7377K [0x00000000f5aa0000, 0x00000000f6550000, 0x0000000100000000)
   the space 10944K,  67% used [0x00000000f5aa0000, 0x00000000f61d45b8, 0x00000000f61d4600, 0x00000000f6550000)
 Metaspace       used 24343K, capacity 25034K, committed 25344K, reserved 1071104K
  class space    used 3047K, capacity 3249K, committed 3328K, reserved 1048576K
Event: 3.846 GC heap after
Heap after GC invocations=48 (full 1):
 def new generation   total 4992K, used 149K [0x00000000f0800000, 0x00000000f0d60000, 0x00000000f5aa0000)
  eden space 4480K,   0% used [0x00000000f0800000, 0x00000000f0800000, 0x00000000f0c60000)
  from space 512K,  29% used [0x00000000f0c60000, 0x00000000f0c85670, 0x00000000f0ce0000)
  to   space 512K,   0% used [0x00000000f0ce0000, 0x00000000f0ce0000, 0x00000000f0d60000)
 tenured generation   total 10944K, used 7377K [0x00000000f5aa0000, 0x00000000f6550000, 0x0000000100000000)
   the space 10944K,  67% used [0x00000000f5aa0000, 0x00000000f61d45b8, 0x00000000f61d4600, 0x00000000f6550000)
 Metaspace       used 24343K, capacity 25034K, committed 25344K, reserved 1071104K
  class space    used 3047K, capacity 3249K, committed 3328K, reserved 1048576K
}
Event: 3.849 GC heap before
{Heap before GC invocations=48 (full 1):
 def new generation   total 4992K, used 4629K [0x00000000f0800000, 0x00000000f0d60000, 0x00000000f5aa0000)
  eden space 4480K, 100% used [0x00000000f0800000, 0x00000000f0c60000, 0x00000000f0c60000)
  from space 512K,  29% used [0x00000000f0c60000, 0x00000000f0c85670, 0x00000000f0ce0000)
  to   space 512K,   0% used [0x00000000f0ce0000, 0x00000000f0ce0000, 0x00000000f0d60000)
 tenured generation   total 10944K, used 7377K [0x00000000f5aa0000, 0x00000000f6550000, 0x0000000100000000)
   the space 10944K,  67% used [0x00000000f5aa0000, 0x00000000f61d45b8, 0x00000000f61d4600, 0x00000000f6550000)
 Metaspace       used 24350K, capacity 25036K, committed 25344K, reserved 1071104K
  class space    used 3049K, capacity 3250K, committed 3328K, reserved 1048576K
Event: 3.850 GC heap after
Heap after GC invocations=49 (full 1):
 def new generation   total 4992K, used 211K [0x00000000f0800000, 0x00000000f0d60000, 0x00000000f5aa0000)
  eden space 4480K,   0% used [0x00000000f0800000, 0x00000000f0800000, 0x00000000f0c60000)
  from space 512K,  41% used [0x00000000f0ce0000, 0x00000000f0d14c28, 0x00000000f0d60000)
  to   space 512K,   0% used [0x00000000f0c60000, 0x00000000f0c60000, 0x00000000f0ce0000)
 tenured generation   total 10944K, used 7377K [0x00000000f5aa0000, 0x00000000f6550000, 0x0000000100000000)
   the space 10944K,  67% used [0x00000000f5aa0000, 0x00000000f61d45b8, 0x00000000f61d4600, 0x00000000f6550000)
 Metaspace       used 24350K, capacity 25036K, committed 25344K, reserved 1071104K
  class space    used 3049K, capacity 3250K, committed 3328K, reserved 1048576K
}
Event: 3.856 GC heap before
{Heap before GC invocations=49 (full 1):
 def new generation   total 4992K, used 4691K [0x00000000f0800000, 0x00000000f0d60000, 0x00000000f5aa0000)
  eden space 4480K, 100% used [0x00000000f0800000, 0x00000000f0c60000, 0x00000000f0c60000)
  from space 512K,  41% used [0x00000000f0ce0000, 0x00000000f0d14c28, 0x00000000f0d60000)
  to   space 512K,   0% used [0x00000000f0c60000, 0x00000000f0c60000, 0x00000000f0ce0000)
 tenured generation   total 10944K, used 7377K [0x00000000f5aa0000, 0x00000000f6550000, 0x0000000100000000)
   the space 10944K,  67% used [0x00000000f5aa0000, 0x00000000f61d45b8, 0x00000000f61d4600, 0x00000000f6550000)
 Metaspace       used 24362K, capacity 25036K, committed 25344K, reserved 1071104K
  class space    used 3049K, capacity 3250K, committed 3328K, reserved 1048576K
Event: 3.857 GC heap after
Heap after GC invocations=50 (full 1):
 def new generation   total 4992K, used 268K [0x00000000f0800000, 0x00000000f0d60000, 0x00000000f5aa0000)
  eden space 4480K,   0% used [0x00000000f0800000, 0x00000000f0800000, 0x00000000f0c60000)
  from space 512K,  52% used [0x00000000f0c60000, 0x00000000f0ca30f8, 0x00000000f0ce0000)
  to   space 512K,   0% used [0x00000000f0ce0000, 0x00000000f0ce0000, 0x00000000f0d60000)
 tenured generation   total 10944K, used 7377K [0x00000000f5aa0000, 0x00000000f6550000, 0x0000000100000000)
   the space 10944K,  67% used [0x00000000f5aa0000, 0x00000000f61d45b8, 0x00000000f61d4600, 0x00000000f6550000)
 Metaspace       used 24362K, capacity 25036K, committed 25344K, reserved 1071104K
  class space    used 3049K, capacity 3250K, committed 3328K, reserved 1048576K
}
Event: 3.860 GC heap before
{Heap before GC invocations=50 (full 1):
 def new generation   total 4992K, used 4748K [0x00000000f0800000, 0x00000000f0d60000, 0x00000000f5aa0000)
  eden space 4480K, 100% used [0x00000000f0800000, 0x00000000f0c60000, 0x00000000f0c60000)
  from space 512K,  52% used [0x00000000f0c60000, 0x00000000f0ca30f8, 0x00000000f0ce0000)
  to   space 512K,   0% used [0x00000000f0ce0000, 0x00000000f0ce0000, 0x00000000f0d60000)
 tenured generation   total 10944K, used 7377K [0x00000000f5aa0000, 0x00000000f6550000, 0x0000000100000000)
   the space 10944K,  67% used [0x00000000f5aa0000, 0x00000000f61d45b8, 0x00000000f61d4600, 0x00000000f6550000)
 Metaspace       used 24373K, capacity 25048K, committed 25344K, reserved 1071104K
  class space    used 3052K, capacity 3254K, committed 3328K, reserved 1048576K
Event: 3.860 GC heap after
Heap after GC invocations=51 (full 1):
 def new generation   total 4992K, used 156K [0x00000000f0800000, 0x00000000f0d60000, 0x00000000f5aa0000)
  eden space 4480K,   0% used [0x00000000f0800000, 0x00000000f0800000, 0x00000000f0c60000)
  from space 512K,  30% used [0x00000000f0ce0000, 0x00000000f0d07188, 0x00000000f0d60000)
  to   space 512K,   0% used [0x00000000f0c60000, 0x00000000f0c60000, 0x00000000f0ce0000)
 tenured generation   total 10944K, used 7447K [0x00000000f5aa0000, 0x00000000f6550000, 0x0000000100000000)
   the space 10944K,  68% used [0x00000000f5aa0000, 0x00000000f61e5d68, 0x00000000f61e5e00, 0x00000000f6550000)
 Metaspace       used 24373K, capacity 25048K, committed 25344K, reserved 1071104K
  class space    used 3052K, capacity 3254K, committed 3328K, reserved 1048576K
}
Event: 3.861 GC heap before
{Heap before GC invocations=51 (full 1):
 def new generation   total 4992K, used 4634K [0x00000000f0800000, 0x00000000f0d60000, 0x00000000f5aa0000)
  eden space 4480K,  99% used [0x00000000f0800000, 0x00000000f0c5f7d8, 0x00000000f0c60000)
  from space 512K,  30% used [0x00000000f0ce0000, 0x00000000f0d07188, 0x00000000f0d60000)
  to   space 512K,   0% used [0x00000000f0c60000, 0x00000000f0c60000, 0x00000000f0ce0000)
 tenured generation   total 10944K, used 7447K [0x00000000f5aa0000, 0x00000000f6550000, 0x0000000100000000)
   the space 10944K,  68% used [0x00000000f5aa0000, 0x00000000f61e5d68, 0x00000000f61e5e00, 0x00000000f6550000)
 Metaspace       used 24373K, capacity 25048K, committed 25344K, reserved 1071104K
  class space    used 3052K, capacity 3254K, committed 3328K, reserved 1048576K
Event: 3.862 GC heap after
Heap after GC invocations=52 (full 1):
 def new generation   total 4992K, used 181K [0x00000000f0800000, 0x00000000f0d60000, 0x00000000f5aa0000)
  eden space 4480K,   0% used [0x00000000f0800000, 0x00000000f0800000, 0x00000000f0c60000)
  from space 512K,  35% used [0x00000000f0c60000, 0x00000000f0c8d4d0, 0x00000000f0ce0000)
  to   space 512K,   0% used [0x00000000f0ce0000, 0x00000000f0ce0000, 0x00000000f0d60000)
 tenured generation   total 10944K, used 7447K [0x00000000f5aa0000, 0x00000000f6550000, 0x0000000100000000)
   the space 10944K,  68% used [0x00000000f5aa0000, 0x00000000f61e5d68, 0x00000000f61e5e00, 0x00000000f6550000)
 Metaspace       used 24373K, capacity 25048K, committed 25344K, reserved 1071104K
  class space    used 3052K, capacity 3254K, committed 3328K, reserved 1048576K
}
Event: 3.914 GC heap before
{Heap before GC invocations=52 (full 1):
 def new generation   total 4992K, used 4661K [0x00000000f0800000, 0x00000000f0d60000, 0x00000000f5aa0000)
  eden space 4480K, 100% used [0x00000000f0800000, 0x00000000f0c60000, 0x00000000f0c60000)
  from space 512K,  35% used [0x00000000f0c60000, 0x00000000f0c8d4d0, 0x00000000f0ce0000)
  to   space 512K,   0% used [0x00000000f0ce0000, 0x00000000f0ce0000, 0x00000000f0d60000)
 tenured generation   total 10944K, used 7447K [0x00000000f5aa0000, 0x00000000f6550000, 0x0000000100000000)
   the space 10944K,  68% used [0x00000000f5aa0000, 0x00000000f61e5d68, 0x00000000f61e5e00, 0x00000000f6550000)
 Metaspace       used 24841K, capacity 25566K, committed 25600K, reserved 1071104K
  class space    used 3105K, capacity 3305K, committed 3328K, reserved 1048576K
Event: 3.916 GC heap after
Heap after GC invocations=53 (full 1):
 def new generation   total 4992K, used 511K [0x00000000f0800000, 0x00000000f0d60000, 0x00000000f5aa0000)
  eden space 4480K,   0% used [0x00000000f0800000, 0x00000000f0800000, 0x00000000f0c60000)
  from space 512K,  99% used [0x00000000f0ce0000, 0x00000000f0d5fff0, 0x00000000f0d60000)
  to   space 512K,   0% used [0x00000000f0c60000, 0x00000000f0c60000, 0x00000000f0ce0000)
 tenured generation   total 10944K, used 7478K [0x00000000f5aa0000, 0x00000000f6550000, 0x0000000100000000)
   the space 10944K,  68% used [0x00000000f5aa0000, 0x00000000f61eda48, 0x00000000f61edc00, 0x00000000f6550000)
 Metaspace       used 24841K, capacity 25566K, committed 25600K, reserved 1071104K
  class space    used 3105K, capacity 3305K, committed 3328K, reserved 1048576K
}
Event: 3.976 GC heap before
{Heap before GC invocations=53 (full 1):
 def new generation   total 4992K, used 4991K [0x00000000f0800000, 0x00000000f0d60000, 0x00000000f5aa0000)
  eden space 4480K, 100% used [0x00000000f0800000, 0x00000000f0c60000, 0x00000000f0c60000)
  from space 512K,  99% used [0x00000000f0ce0000, 0x00000000f0d5fff0, 0x00000000f0d60000)
  to   space 512K,   0% used [0x00000000f0c60000, 0x00000000f0c60000, 0x00000000f0ce0000)
 tenured generation   total 10944K, used 7478K [0x00000000f5aa0000, 0x00000000f6550000, 0x0000000100000000)
   the space 10944K,  68% used [0x00000000f5aa0000, 0x00000000f61eda48, 0x00000000f61edc00, 0x00000000f6550000)
 Metaspace       used 25169K, capacity 25830K, committed 25984K, reserved 1071104K
  class space    used 3152K, capacity 3349K, committed 3456K, reserved 1048576K
Event: 3.979 GC heap after
Heap after GC invocations=54 (full 1):
 def new generation   total 4992K, used 401K [0x00000000f0800000, 0x00000000f0d60000, 0x00000000f5aa0000)
  eden space 4480K,   0% used [0x00000000f0800000, 0x00000000f0800000, 0x00000000f0c60000)
  from space 512K,  78% used [0x00000000f0c60000, 0x00000000f0cc4738, 0x00000000f0ce0000)
  to   space 512K,   0% used [0x00000000f0ce0000, 0x00000000f0ce0000, 0x00000000f0d60000)
 tenured generation   total 10944K, used 7730K [0x00000000f5aa0000, 0x00000000f6550000, 0x0000000100000000)
   the space 10944K,  70% used [0x00000000f5aa0000, 0x00000000f622c9a0, 0x00000000f622ca00, 0x00000000f6550000)
 Metaspace       used 25169K, capacity 25830K, committed 25984K, reserved 1071104K
  class space    used 3152K, capacity 3349K, committed 3456K, reserved 1048576K
}
Event: 4.087 GC heap before
{Heap before GC invocations=54 (full 1):
 def new generation   total 4992K, used 4881K [0x00000000f0800000, 0x00000000f0d60000, 0x00000000f5aa0000)
  eden space 4480K, 100% used [0x00000000f0800000, 0x00000000f0c60000, 0x00000000f0c60000)
  from space 512K,  78% used [0x00000000f0c60000, 0x00000000f0cc4738, 0x00000000f0ce0000)
  to   space 512K,   0% used [0x00000000f0ce0000, 0x00000000f0ce0000, 0x00000000f0d60000)
 tenured generation   total 10944K, used 7730K [0x00000000f5aa0000, 0x00000000f6550000, 0x0000000100000000)
   the space 10944K,  70% used [0x00000000f5aa0000, 0x00000000f622c9a0, 0x00000000f622ca00, 0x00000000f6550000)
 Metaspace       used 25896K, capacity 26586K, committed 26752K, reserved 1073152K
  class space    used 3228K, capacity 3449K, committed 3456K, reserved 1048576K
Event: 4.090 GC heap after
Heap after GC invocations=55 (full 1):
 def new generation   total 4992K, used 476K [0x00000000f0800000, 0x00000000f0d60000, 0x00000000f5aa0000)
  eden space 4480K,   0% used [0x00000000f0800000, 0x00000000f0800000, 0x00000000f0c60000)
  from space 512K,  92% used [0x00000000f0ce0000, 0x00000000f0d570a0, 0x00000000f0d60000)
  to   space 512K,   0% used [0x00000000f0c60000, 0x00000000f0c60000, 0x00000000f0ce0000)
 tenured generation   total 10944K, used 7843K [0x00000000f5aa0000, 0x00000000f6550000, 0x0000000100000000)
   the space 10944K,  71% used [0x00000000f5aa0000, 0x00000000f6248f40, 0x00000000f6249000, 0x00000000f6550000)
 Metaspace       used 25896K, capacity 26586K, committed 26752K, reserved 1073152K
  class space    used 3228K, capacity 3449K, committed 3456K, reserved 1048576K
}
Event: 4.185 GC heap before
{Heap before GC invocations=55 (full 1):
 def new generation   total 4992K, used 4956K [0x00000000f0800000, 0x00000000f0d60000, 0x00000000f5aa0000)
  eden space 4480K, 100% used [0x00000000f0800000, 0x00000000f0c60000, 0x00000000f0c60000)
  from space 512K,  92% used [0x00000000f0ce0000, 0x00000000f0d570a0, 0x00000000f0d60000)
  to   space 512K,   0% used [0x00000000f0c60000, 0x00000000f0c60000, 0x00000000f0ce0000)
 tenured generation   total 10944K, used 7843K [0x00000000f5aa0000, 0x00000000f6550000, 0x0000000100000000)
   the space 10944K,  71% used [0x00000000f5aa0000, 0x00000000f6248f40, 0x00000000f6249000, 0x00000000f6550000)
 Metaspace       used 26504K, capacity 27182K, committed 27392K, reserved 1073152K
  class space    used 3302K, capacity 3515K, committed 3584K, reserved 1048576K
Event: 4.189 GC heap after
Heap after GC invocations=56 (full 1):
 def new generation   total 4992K, used 511K [0x00000000f0800000, 0x00000000f0d60000, 0x00000000f5aa0000)
  eden space 4480K,   0% used [0x00000000f0800000, 0x00000000f0800000, 0x00000000f0c60000)
  from space 512K,  99% used [0x00000000f0c60000, 0x00000000f0cdff58, 0x00000000f0ce0000)
  to   space 512K,   0% used [0x00000000f0ce0000, 0x00000000f0ce0000, 0x00000000f0d60000)
 tenured generation   total 10944K, used 8157K [0x00000000f5aa0000, 0x00000000f6550000, 0x0000000100000000)
   the space 10944K,  74% used [0x00000000f5aa0000, 0x00000000f6297708, 0x00000000f6297800, 0x00000000f6550000)
 Metaspace       used 26504K, capacity 27182K, committed 27392K, reserved 1073152K
  class space    used 3302K, capacity 3515K, committed 3584K, reserved 1048576K
}
Event: 4.275 GC heap before
{Heap before GC invocations=56 (full 1):
 def new generation   total 4992K, used 4991K [0x00000000f0800000, 0x00000000f0d60000, 0x00000000f5aa0000)
  eden space 4480K, 100% used [0x00000000f0800000, 0x00000000f0c60000, 0x00000000f0c60000)
  from space 512K,  99% used [0x00000000f0c60000, 0x00000000f0cdff58, 0x00000000f0ce0000)
  to   space 512K,   0% used [0x00000000f0ce0000, 0x00000000f0ce0000, 0x00000000f0d60000)
 tenured generation   total 10944K, used 8157K [0x00000000f5aa0000, 0x00000000f6550000, 0x0000000100000000)
   the space 10944K,  74% used [0x00000000f5aa0000, 0x00000000f6297708, 0x00000000f6297800, 0x00000000f6550000)
 Metaspace       used 26700K, capacity 27448K, committed 27648K, reserved 1073152K
  class space    used 3328K, capacity 3528K, committed 3584K, reserved 1048576K
Event: 4.278 GC heap after
Heap after GC invocations=57 (full 1):
 def new generation   total 4992K, used 419K [0x00000000f0800000, 0x00000000f0d60000, 0x00000000f5aa0000)
  eden space 4480K,   0% used [0x00000000f0800000, 0x00000000f0800000, 0x00000000f0c60000)
  from space 512K,  81% used [0x00000000f0ce0000, 0x00000000f0d48e08, 0x00000000f0d60000)
  to   space 512K,   0% used [0x00000000f0c60000, 0x00000000f0c60000, 0x00000000f0ce0000)
 tenured generation   total 10944K, used 8481K [0x00000000f5aa0000, 0x00000000f6550000, 0x0000000100000000)
   the space 10944K,  77% used [0x00000000f5aa0000, 0x00000000f62e8500, 0x00000000f62e8600, 0x00000000f6550000)
 Metaspace       used 26700K, capacity 27448K, committed 27648K, reserved 1073152K
  class space    used 3328K, capacity 3528K, committed 3584K, reserved 1048576K
}
Event: 4.378 GC heap before
{Heap before GC invocations=57 (full 1):
 def new generation   total 4992K, used 4899K [0x00000000f0800000, 0x00000000f0d60000, 0x00000000f5aa0000)
  eden space 4480K, 100% used [0x00000000f0800000, 0x00000000f0c60000, 0x00000000f0c60000)
  from space 512K,  81% used [0x00000000f0ce0000, 0x00000000f0d48e08, 0x00000000f0d60000)
  to   space 512K,   0% used [0x00000000f0c60000, 0x00000000f0c60000, 0x00000000f0ce0000)
 tenured generation   total 10944K, used 8481K [0x00000000f5aa0000, 0x00000000f6550000, 0x0000000100000000)
   the space 10944K,  77% used [0x00000000f5aa0000, 0x00000000f62e8500, 0x00000000f62e8600, 0x00000000f6550000)
 Metaspace       used 26855K, capacity 27594K, committed 27648K, reserved 1073152K
  class space    used 3335K, capacity 3531K, committed 3584K, reserved 1048576K
Event: 4.382 GC heap after
Heap after GC invocations=58 (full 1):
 def new generation   total 4992K, used 479K [0x00000000f0800000, 0x00000000f0d60000, 0x00000000f5aa0000)
  eden space 4480K,   0% used [0x00000000f0800000, 0x00000000f0800000, 0x00000000f0c60000)
  from space 512K,  93% used [0x00000000f0c60000, 0x00000000f0cd7c88, 0x00000000f0ce0000)
  to   space 512K,   0% used [0x00000000f0ce0000, 0x00000000f0ce0000, 0x00000000f0d60000)
 tenured generation   total 10944K, used 8728K [0x00000000f5aa0000, 0x00000000f6550000, 0x0000000100000000)
   the space 10944K,  79% used [0x00000000f5aa0000, 0x00000000f6326398, 0x00000000f6326400, 0x00000000f6550000)
 Metaspace       used 26855K, capacity 27594K, committed 27648K, reserved 1073152K
  class space    used 3335K, capacity 3531K, committed 3584K, reserved 1048576K
}
Event: 4.459 GC heap before
{Heap before GC invocations=58 (full 1):
 def new generation   total 4992K, used 4959K [0x00000000f0800000, 0x00000000f0d60000, 0x00000000f5aa0000)
  eden space 4480K, 100% used [0x00000000f0800000, 0x00000000f0c60000, 0x00000000f0c60000)
  from space 512K,  93% used [0x00000000f0c60000, 0x00000000f0cd7c88, 0x00000000f0ce0000)
  to   space 512K,   0% used [0x00000000f0ce0000, 0x00000000f0ce0000, 0x00000000f0d60000)
 tenured generation   total 10944K, used 8728K [0x00000000f5aa0000, 0x00000000f6550000, 0x0000000100000000)
   the space 10944K,  79% used [0x00000000f5aa0000, 0x00000000f6326398, 0x00000000f6326400, 0x00000000f6550000)
 Metaspace       used 27004K, capacity 27814K, committed 27904K, reserved 1073152K
  class space    used 3350K, capacity 3573K, committed 3584K, reserved 1048576K
Event: 4.462 GC heap after
Heap after GC invocations=59 (full 1):
 def new generation   total 4992K, used 365K [0x00000000f0800000, 0x00000000f0d60000, 0x00000000f5aa0000)
  eden space 4480K,   0% used [0x00000000f0800000, 0x00000000f0800000, 0x00000000f0c60000)
  from space 512K,  71% used [0x00000000f0ce0000, 0x00000000f0d3b590, 0x00000000f0d60000)
  to   space 512K,   0% used [0x00000000f0c60000, 0x00000000f0c60000, 0x00000000f0ce0000)
 tenured generation   total 10944K, used 9037K [0x00000000f5aa0000, 0x00000000f6550000, 0x0000000100000000)
   the space 10944K,  82% used [0x00000000f5aa0000, 0x00000000f6373648, 0x00000000f6373800, 0x00000000f6550000)
 Metaspace       used 27004K, capacity 27814K, committed 27904K, reserved 1073152K
  class space    used 3350K, capacity 3573K, committed 3584K, reserved 1048576K
}
Event: 4.526 GC heap before
{Heap before GC invocations=59 (full 1):
 def new generation   total 4992K, used 4845K [0x00000000f0800000, 0x00000000f0d60000, 0x00000000f5aa0000)
  eden space 4480K, 100% used [0x00000000f0800000, 0x00000000f0c60000, 0x00000000f0c60000)
  from space 512K,  71% used [0x00000000f0ce0000, 0x00000000f0d3b590, 0x00000000f0d60000)
  to   space 512K,   0% used [0x00000000f0c60000, 0x00000000f0c60000, 0x00000000f0ce0000)
 tenured generation   total 10944K, used 9037K [0x00000000f5aa0000, 0x00000000f6550000, 0x0000000100000000)
   the space 10944K,  82% used [0x00000000f5aa0000, 0x00000000f6373648, 0x00000000f6373800, 0x00000000f6550000)
 Metaspace       used 27069K, capacity 27890K, committed 27904K, reserved 1073152K
  class space    used 3358K, capacity 3575K, committed 3584K, reserved 1048576K
Event: 4.528 GC heap after
Heap after GC invocations=60 (full 1):
 def new generation   total 4992K, used 442K [0x00000000f0800000, 0x00000000f0d60000, 0x00000000f5aa0000)
  eden space 4480K,   0% used [0x00000000f0800000, 0x00000000f0800000, 0x00000000f0c60000)
  from space 512K,  86% used [0x00000000f0c60000, 0x00000000f0ccea38, 0x00000000f0ce0000)
  to   space 512K,   0% used [0x00000000f0ce0000, 0x00000000f0ce0000, 0x00000000f0d60000)
 tenured generation   total 10944K, used 9250K [0x00000000f5aa0000, 0x00000000f6550000, 0x0000000100000000)
   the space 10944K,  84% used [0x00000000f5aa0000, 0x00000000f63a8830, 0x00000000f63a8a00, 0x00000000f6550000)
 Metaspace       used 27069K, capacity 27890K, committed 27904K, reserved 1073152K
  class space    used 3358K, capacity 3575K, committed 3584K, reserved 1048576K
}
Event: 4.602 GC heap before
{Heap before GC invocations=60 (full 1):
 def new generation   total 4992K, used 4922K [0x00000000f0800000, 0x00000000f0d60000, 0x00000000f5aa0000)
  eden space 4480K, 100% used [0x00000000f0800000, 0x00000000f0c60000, 0x00000000f0c60000)
  from space 512K,  86% used [0x00000000f0c60000, 0x00000000f0ccea38, 0x00000000f0ce0000)
  to   space 512K,   0% used [0x00000000f0ce0000, 0x00000000f0ce0000, 0x00000000f0d60000)
 tenured generation   total 10944K, used 9250K [0x00000000f5aa0000, 0x00000000f6550000, 0x0000000100000000)
   the space 10944K,  84% used [0x00000000f5aa0000, 0x00000000f63a8830, 0x00000000f63a8a00, 0x00000000f6550000)
 Metaspace       used 27411K, capacity 28242K, committed 28544K, reserved 1075200K
  class space    used 3389K, capacity 3607K, committed 3712K, reserved 1048576K
Event: 4.605 GC heap after
Heap after GC invocations=61 (full 1):
 def new generation   total 4992K, used 369K [0x00000000f0800000, 0x00000000f0d60000, 0x00000000f5aa0000)
  eden space 4480K,   0% used [0x00000000f0800000, 0x00000000f0800000, 0x00000000f0c60000)
  from space 512K,  72% used [0x00000000f0ce0000, 0x00000000f0d3c518, 0x00000000f0d60000)
  to   space 512K,   0% used [0x00000000f0c60000, 0x00000000f0c60000, 0x00000000f0ce0000)
 tenured generation   total 10944K, used 9486K [0x00000000f5aa0000, 0x00000000f6550000, 0x0000000100000000)
   the space 10944K,  86% used [0x00000000f5aa0000, 0x00000000f63e39b0, 0x00000000f63e3a00, 0x00000000f6550000)
 Metaspace       used 27411K, capacity 28242K, committed 28544K, reserved 1075200K
  class space    used 3389K, capacity 3607K, committed 3712K, reserved 1048576K
}
Event: 4.696 GC heap before
{Heap before GC invocations=61 (full 1):
 def new generation   total 4992K, used 4849K [0x00000000f0800000, 0x00000000f0d60000, 0x00000000f5aa0000)
  eden space 4480K, 100% used [0x00000000f0800000, 0x00000000f0c60000, 0x00000000f0c60000)
  from space 512K,  72% used [0x00000000f0ce0000, 0x00000000f0d3c518, 0x00000000f0d60000)
  to   space 512K,   0% used [0x00000000f0c60000, 0x00000000f0c60000, 0x00000000f0ce0000)
 tenured generation   total 10944K, used 9486K [0x00000000f5aa0000, 0x00000000f6550000, 0x0000000100000000)
   the space 10944K,  86% used [0x00000000f5aa0000, 0x00000000f63e39b0, 0x00000000f63e3a00, 0x00000000f6550000)
 Metaspace       used 27926K, capacity 28726K, committed 28800K, reserved 1075200K
  class space    used 3461K, capacity 3681K, committed 3712K, reserved 1048576K
Event: 4.698 GC heap after
Heap after GC invocations=62 (full 1):
 def new generation   total 4992K, used 438K [0x00000000f0800000, 0x00000000f0d60000, 0x00000000f5aa0000)
  eden space 4480K,   0% used [0x00000000f0800000, 0x00000000f0800000, 0x00000000f0c60000)
  from space 512K,  85% used [0x00000000f0c60000, 0x00000000f0ccdba0, 0x00000000f0ce0000)
  to   space 512K,   0% used [0x00000000f0ce0000, 0x00000000f0ce0000, 0x00000000f0d60000)
 tenured generation   total 10944K, used 9698K [0x00000000f5aa0000, 0x00000000f6550000, 0x0000000100000000)
   the space 10944K,  88% used [0x00000000f5aa0000, 0x00000000f64188b8, 0x00000000f6418a00, 0x00000000f6550000)
 Metaspace       used 27926K, capacity 28726K, committed 28800K, reserved 1075200K
  class space    used 3461K, capacity 3681K, committed 3712K, reserved 1048576K
}
Event: 4.811 GC heap before
{Heap before GC invocations=62 (full 1):
 def new generation   total 4992K, used 4918K [0x00000000f0800000, 0x00000000f0d60000, 0x00000000f5aa0000)
  eden space 4480K, 100% used [0x00000000f0800000, 0x00000000f0c60000, 0x00000000f0c60000)
  from space 512K,  85% used [0x00000000f0c60000, 0x00000000f0ccdba0, 0x00000000f0ce0000)
  to   space 512K,   0% used [0x00000000f0ce0000, 0x00000000f0ce0000, 0x00000000f0d60000)
 tenured generation   total 10944K, used 9698K [0x00000000f5aa0000, 0x00000000f6550000, 0x0000000100000000)
   the space 10944K,  88% used [0x00000000f5aa0000, 0x00000000f64188b8, 0x00000000f6418a00, 0x00000000f6550000)
 Metaspace       used 28318K, capacity 29266K, committed 29440K, reserved 1075200K
  class space    used 3527K, capacity 3779K, committed 3840K, reserved 1048576K
Event: 4.815 GC heap after
Heap after GC invocations=63 (full 1):
 def new generation   total 4992K, used 463K [0x00000000f0800000, 0x00000000f0d60000, 0x00000000f5aa0000)
  eden space 4480K,   0% used [0x00000000f0800000, 0x00000000f0800000, 0x00000000f0c60000)
  from space 512K,  90% used [0x00000000f0ce0000, 0x00000000f0d53d38, 0x00000000f0d60000)
  to   space 512K,   0% used [0x00000000f0c60000, 0x00000000f0c60000, 0x00000000f0ce0000)
 tenured generation   total 10944K, used 10016K [0x00000000f5aa0000, 0x00000000f6550000, 0x0000000100000000)
   the space 10944K,  91% used [0x00000000f5aa0000, 0x00000000f6468240, 0x00000000f6468400, 0x00000000f6550000)
 Metaspace       used 28318K, capacity 29266K, committed 29440K, reserved 1075200K
  class space    used 3527K, capacity 3779K, committed 3840K, reserved 1048576K
}
Event: 4.887 GC heap before
{Heap before GC invocations=63 (full 1):
 def new generation   total 4992K, used 4943K [0x00000000f0800000, 0x00000000f0d60000, 0x00000000f5aa0000)
  eden space 4480K, 100% used [0x00000000f0800000, 0x00000000f0c60000, 0x00000000f0c60000)
  from space 512K,  90% used [0x00000000f0ce0000, 0x00000000f0d53d38, 0x00000000f0d60000)
  to   space 512K,   0% used [0x00000000f0c60000, 0x00000000f0c60000, 0x00000000f0ce0000)
 tenured generation   total 10944K, used 10016K [0x00000000f5aa0000, 0x00000000f6550000, 0x0000000100000000)
   the space 10944K,  91% used [0x00000000f5aa0000, 0x00000000f6468240, 0x00000000f6468400, 0x00000000f6550000)
 Metaspace       used 28473K, capacity 29378K, committed 29440K, reserved 1075200K
  class space    used 3553K, capacity 3789K, committed 3840K, reserved 1048576K
Event: 4.890 GC heap after
Heap after GC invocations=64 (full 1):
 def new generation   total 4992K, used 335K [0x00000000f0800000, 0x00000000f0d60000, 0x00000000f5aa0000)
  eden space 4480K,   0% used [0x00000000f0800000, 0x00000000f0800000, 0x00000000f0c60000)
  from space 512K,  65% used [0x00000000f0c60000, 0x00000000f0cb3d00, 0x00000000f0ce0000)
  to   space 512K,   0% used [0x00000000f0ce0000, 0x00000000f0ce0000, 0x00000000f0d60000)
 tenured generation   total 10944K, used 10329K [0x00000000f5aa0000, 0x00000000f6550000, 0x0000000100000000)
   the space 10944K,  94% used [0x00000000f5aa0000, 0x00000000f64b6668, 0x00000000f64b6800, 0x00000000f6550000)
 Metaspace       used 28473K, capacity 29378K, committed 29440K, reserved 1075200K
  class space    used 3553K, capacity 3789K, committed 3840K, reserved 1048576K
}
Event: 4.943 GC heap before
{Heap before GC invocations=64 (full 1):
 def new generation   total 4992K, used 4815K [0x00000000f0800000, 0x00000000f0d60000, 0x00000000f5aa0000)
  eden space 4480K, 100% used [0x00000000f0800000, 0x00000000f0c60000, 0x00000000f0c60000)
  from space 512K,  65% used [0x00000000f0c60000, 0x00000000f0cb3d00, 0x00000000f0ce0000)
  to   space 512K,   0% used [0x00000000f0ce0000, 0x00000000f0ce0000, 0x00000000f0d60000)
 tenured generation   total 10944K, used 10329K [0x00000000f5aa0000, 0x00000000f6550000, 0x0000000100000000)
   the space 10944K,  94% used [0x00000000f5aa0000, 0x00000000f64b6668, 0x00000000f64b6800, 0x00000000f6550000)
 Metaspace       used 28523K, capacity 29442K, committed 29696K, reserved 1075200K
  class space    used 3559K, capacity 3789K, committed 3840K, reserved 1048576K
Event: 4.946 GC heap after
Heap after GC invocations=65 (full 1):
 def new generation   total 4992K, used 332K [0x00000000f0800000, 0x00000000f0d60000, 0x00000000f5aa0000)
  eden space 4480K,   0% used [0x00000000f0800000, 0x00000000f0800000, 0x00000000f0c60000)
  from space 512K,  64% used [0x00000000f0ce0000, 0x00000000f0d33010, 0x00000000f0d60000)
  to   space 512K,   0% used [0x00000000f0c60000, 0x00000000f0c60000, 0x00000000f0ce0000)
 tenured generation   total 10944K, used 10513K [0x00000000f5aa0000, 0x00000000f6550000, 0x0000000100000000)
   the space 10944K,  96% used [0x00000000f5aa0000, 0x00000000f64e4798, 0x00000000f64e4800, 0x00000000f6550000)
 Metaspace       used 28523K, capacity 29442K, committed 29696K, reserved 1075200K
  class space    used 3559K, capacity 3789K, committed 3840K, reserved 1048576K
}
Event: 5.038 GC heap before
{Heap before GC invocations=65 (full 1):
 def new generation   total 4992K, used 4812K [0x00000000f0800000, 0x00000000f0d60000, 0x00000000f5aa0000)
  eden space 4480K, 100% used [0x00000000f0800000, 0x00000000f0c60000, 0x00000000f0c60000)
  from space 512K,  64% used [0x00000000f0ce0000, 0x00000000f0d33010, 0x00000000f0d60000)
  to   space 512K,   0% used [0x00000000f0c60000, 0x00000000f0c60000, 0x00000000f0ce0000)
 tenured generation   total 10944K, used 10513K [0x00000000f5aa0000, 0x00000000f6550000, 0x0000000100000000)
   the space 10944K,  96% used [0x00000000f5aa0000, 0x00000000f64e4798, 0x00000000f64e4800, 0x00000000f6550000)
 Metaspace       used 28820K, capacity 29818K, committed 30080K, reserved 1075200K
  class space    used 3608K, capacity 3865K, committed 3968K, reserved 1048576K
Event: 5.041 GC heap after
Heap after GC invocations=66 (full 1):
 def new generation   total 4992K, used 494K [0x00000000f0800000, 0x00000000f0d60000, 0x00000000f5aa0000)
  eden space 4480K,   0% used [0x00000000f0800000, 0x00000000f0800000, 0x00000000f0c60000)
  from space 512K,  96% used [0x00000000f0c60000, 0x00000000f0cdb920, 0x00000000f0ce0000)
  to   space 512K,   0% used [0x00000000f0ce0000, 0x00000000f0ce0000, 0x00000000f0d60000)
 tenured generation   total 10944K, used 10727K [0x00000000f5aa0000, 0x00000000f6550000, 0x0000000100000000)
   the space 10944K,  98% used [0x00000000f5aa0000, 0x00000000f6519d50, 0x00000000f6519e00, 0x00000000f6550000)
 Metaspace       used 28820K, capacity 29818K, committed 30080K, reserved 1075200K
  class space    used 3608K, capacity 3865K, committed 3968K, reserved 1048576K
}
Event: 5.151 GC heap before
{Heap before GC invocations=66 (full 1):
 def new generation   total 4992K, used 4974K [0x00000000f0800000, 0x00000000f0d60000, 0x00000000f5aa0000)
  eden space 4480K, 100% used [0x00000000f0800000, 0x00000000f0c60000, 0x00000000f0c60000)
  from space 512K,  96% used [0x00000000f0c60000, 0x00000000f0cdb920, 0x00000000f0ce0000)
  to   space 512K,   0% used [0x00000000f0ce0000, 0x00000000f0ce0000, 0x00000000f0d60000)
 tenured generation   total 10944K, used 10727K [0x00000000f5aa0000, 0x00000000f6550000, 0x0000000100000000)
   the space 10944K,  98% used [0x00000000f5aa0000, 0x00000000f6519d50, 0x00000000f6519e00, 0x00000000f6550000)
 Metaspace       used 29112K, capacity 30082K, committed 30336K, reserved 1075200K
  class space    used 3650K, capacity 3907K, committed 3968K, reserved 1048576K
Event: 5.154 GC heap after
Heap after GC invocations=67 (full 1):
 def new generation   total 4992K, used 405K [0x00000000f0800000, 0x00000000f0d60000, 0x00000000f5aa0000)
  eden space 4480K,   0% used [0x00000000f0800000, 0x00000000f0800000, 0x00000000f0c60000)
  from space 512K,  79% used [0x00000000f0ce0000, 0x00000000f0d454a0, 0x00000000f0d60000)
  to   space 512K,   0% used [0x00000000f0c60000, 0x00000000f0c60000, 0x00000000f0ce0000)
 tenured generation   total 10944K, used 10916K [0x00000000f5aa0000, 0x00000000f6550000, 0x0000000100000000)
   the space 10944K,  99% used [0x00000000f5aa0000, 0x00000000f65490e8, 0x00000000f6549200, 0x00000000f6550000)
 Metaspace       used 29112K, capacity 30082K, committed 30336K, reserved 1075200K
  class space    used 3650K, capacity 3907K, committed 3968K, reserved 1048576K
}
Event: 5.252 GC heap before
{Heap before GC invocations=67 (full 1):
 def new generation   total 4992K, used 4885K [0x00000000f0800000, 0x00000000f0d60000, 0x00000000f5aa0000)
  eden space 4480K, 100% used [0x00000000f0800000, 0x00000000f0c60000, 0x00000000f0c60000)
  from space 512K,  79% used [0x00000000f0ce0000, 0x00000000f0d454a0, 0x00000000f0d60000)
  to   space 512K,   0% used [0x00000000f0c60000, 0x00000000f0c60000, 0x00000000f0ce0000)
 tenured generation   total 10944K, used 10916K [0x00000000f5aa0000, 0x00000000f6550000, 0x0000000100000000)
   the space 10944K,  99% used [0x00000000f5aa0000, 0x00000000f65490e8, 0x00000000f6549200, 0x00000000f6550000)
 Metaspace       used 29536K, capacity 30510K, committed 30592K, reserved 1075200K
  class space    used 3697K, capacity 3941K, committed 3968K, reserved 1048576K
Event: 5.337 GC heap after
Heap after GC invocations=68 (full 2):
 def new generation   total 7808K, used 0K [0x00000000f0800000, 0x00000000f1070000, 0x00000000f5aa0000)
  eden space 6976K,   0% used [0x00000000f0800000, 0x00000000f0800000, 0x00000000f0ed0000)
  from space 832K,   0% used [0x00000000f0ed0000, 0x00000000f0ed0000, 0x00000000f0fa0000)
  to   space 832K,   0% used [0x00000000f0fa0000, 0x00000000f0fa0000, 0x00000000f1070000)
 tenured generation   total 17156K, used 10292K [0x00000000f5aa0000, 0x00000000f6b61000, 0x0000000100000000)
   the space 17156K,  59% used [0x00000000f5aa0000, 0x00000000f64ad1c8, 0x00000000f64ad200, 0x00000000f6b61000)
 Metaspace       used 29536K, capacity 30510K, committed 30592K, reserved 1075200K
  class space    used 3697K, capacity 3941K, committed 3968K, reserved 1048576K
}
Event: 5.497 GC heap before
{Heap before GC invocations=68 (full 2):
 def new generation   total 7808K, used 6976K [0x00000000f0800000, 0x00000000f1070000, 0x00000000f5aa0000)
  eden space 6976K, 100% used [0x00000000f0800000, 0x00000000f0ed0000, 0x00000000f0ed0000)
  from space 832K,   0% used [0x00000000f0ed0000, 0x00000000f0ed0000, 0x00000000f0fa0000)
  to   space 832K,   0% used [0x00000000f0fa0000, 0x00000000f0fa0000, 0x00000000f1070000)
 tenured generation   total 17156K, used 10292K [0x00000000f5aa0000, 0x00000000f6b61000, 0x0000000100000000)
   the space 17156K,  59% used [0x00000000f5aa0000, 0x00000000f64ad1c8, 0x00000000f64ad200, 0x00000000f6b61000)
 Metaspace       used 29936K, capacity 30922K, committed 31232K, reserved 1077248K
  class space    used 3760K, capacity 4013K, committed 4096K, reserved 1048576K
Event: 5.500 GC heap after
Heap after GC invocations=69 (full 2):
 def new generation   total 7808K, used 643K [0x00000000f0800000, 0x00000000f1070000, 0x00000000f5aa0000)
  eden space 6976K,   0% used [0x00000000f0800000, 0x00000000f0800000, 0x00000000f0ed0000)
  from space 832K,  77% used [0x00000000f0fa0000, 0x00000000f1040f70, 0x00000000f1070000)
  to   space 832K,   0% used [0x00000000f0ed0000, 0x00000000f0ed0000, 0x00000000f0fa0000)
 tenured generation   total 17156K, used 10292K [0x00000000f5aa0000, 0x00000000f6b61000, 0x0000000100000000)
   the space 17156K,  59% used [0x00000000f5aa0000, 0x00000000f64ad1c8, 0x00000000f64ad200, 0x00000000f6b61000)
 Metaspace       used 29936K, capacity 30922K, committed 31232K, reserved 1077248K
  class space    used 3760K, capacity 4013K, committed 4096K, reserved 1048576K
}
Event: 5.659 GC heap before
{Heap before GC invocations=69 (full 2):
 def new generation   total 7808K, used 7619K [0x00000000f0800000, 0x00000000f1070000, 0x00000000f5aa0000)
  eden space 6976K, 100% used [0x00000000f0800000, 0x00000000f0ed0000, 0x00000000f0ed0000)
  from space 832K,  77% used [0x00000000f0fa0000, 0x00000000f1040f70, 0x00000000f1070000)
  to   space 832K,   0% used [0x00000000f0ed0000, 0x00000000f0ed0000, 0x00000000f0fa0000)
 tenured generation   total 17156K, used 10292K [0x00000000f5aa0000, 0x00000000f6b61000, 0x0000000100000000)
   the space 17156K,  59% used [0x00000000f5aa0000, 0x00000000f64ad1c8, 0x00000000f64ad200, 0x00000000f6b61000)
 Metaspace       used 30406K, capacity 31536K, committed 31744K, reserved 1077248K
  class space    used 3828K, capacity 4086K, committed 4096K, reserved 1048576K
Event: 5.662 GC heap after
Heap after GC invocations=70 (full 2):
 def new generation   total 7808K, used 496K [0x00000000f0800000, 0x00000000f1070000, 0x00000000f5aa0000)
  eden space 6976K,   0% used [0x00000000f0800000, 0x00000000f0800000, 0x00000000f0ed0000)
  from space 832K,  59% used [0x00000000f0ed0000, 0x00000000f0f4c2c8, 0x00000000f0fa0000)
  to   space 832K,   0% used [0x00000000f0fa0000, 0x00000000f0fa0000, 0x00000000f1070000)
 tenured generation   total 17156K, used 10498K [0x00000000f5aa0000, 0x00000000f6b61000, 0x0000000100000000)
   the space 17156K,  61% used [0x00000000f5aa0000, 0x00000000f64e0988, 0x00000000f64e0a00, 0x00000000f6b61000)
 Metaspace       used 30406K, capacity 31536K, committed 31744K, reserved 1077248K
  class space    used 3828K, capacity 4086K, committed 4096K, reserved 1048576K
}
Event: 5.827 GC heap before
{Heap before GC invocations=70 (full 2):
 def new generation   total 7808K, used 7472K [0x00000000f0800000, 0x00000000f1070000, 0x00000000f5aa0000)
  eden space 6976K, 100% used [0x00000000f0800000, 0x00000000f0ed0000, 0x00000000f0ed0000)
  from space 832K,  59% used [0x00000000f0ed0000, 0x00000000f0f4c2c8, 0x00000000f0fa0000)
  to   space 832K,   0% used [0x00000000f0fa0000, 0x00000000f0fa0000, 0x00000000f1070000)
 tenured generation   total 17156K, used 10498K [0x00000000f5aa0000, 0x00000000f6b61000, 0x0000000100000000)
   the space 17156K,  61% used [0x00000000f5aa0000, 0x00000000f64e0988, 0x00000000f64e0a00, 0x00000000f6b61000)
 Metaspace       used 30714K, capacity 31902K, committed 32128K, reserved 1077248K
  class space    used 3884K, capacity 4169K, committed 4224K, reserved 1048576K
Event: 5.830 GC heap after
Heap after GC invocations=71 (full 2):
 def new generation   total 7808K, used 599K [0x00000000f0800000, 0x00000000f1070000, 0x00000000f5aa0000)
  eden space 6976K,   0% used [0x00000000f0800000, 0x00000000f0800000, 0x00000000f0ed0000)
  from space 832K,  72% used [0x00000000f0fa0000, 0x00000000f1035d18, 0x00000000f1070000)
  to   space 832K,   0% used [0x00000000f0ed0000, 0x00000000f0ed0000, 0x00000000f0fa0000)
 tenured generation   total 17156K, used 10665K [0x00000000f5aa0000, 0x00000000f6b61000, 0x0000000100000000)
   the space 17156K,  62% used [0x00000000f5aa0000, 0x00000000f650a7e8, 0x00000000f650a800, 0x00000000f6b61000)
 Metaspace       used 30714K, capacity 31902K, committed 32128K, reserved 1077248K
  class space    used 3884K, capacity 4169K, committed 4224K, reserved 1048576K
}
Event: 5.957 GC heap before
{Heap before GC invocations=71 (full 2):
 def new generation   total 7808K, used 7575K [0x00000000f0800000, 0x00000000f1070000, 0x00000000f5aa0000)
  eden space 6976K, 100% used [0x00000000f0800000, 0x00000000f0ed0000, 0x00000000f0ed0000)
  from space 832K,  72% used [0x00000000f0fa0000, 0x00000000f1035d18, 0x00000000f1070000)
  to   space 832K,   0% used [0x00000000f0ed0000, 0x00000000f0ed0000, 0x00000000f0fa0000)
 tenured generation   total 17156K, used 10665K [0x00000000f5aa0000, 0x00000000f6b61000, 0x0000000100000000)
   the space 17156K,  62% used [0x00000000f5aa0000, 0x00000000f650a7e8, 0x00000000f650a800, 0x00000000f6b61000)
 Metaspace       used 31052K, capacity 32190K, committed 32384K, reserved 1077248K
  class space    used 3933K, capacity 4201K, committed 4224K, reserved 1048576K
Event: 5.960 GC heap after
Heap after GC invocations=72 (full 2):
 def new generation   total 7808K, used 622K [0x00000000f0800000, 0x00000000f1070000, 0x00000000f5aa0000)
  eden space 6976K,   0% used [0x00000000f0800000, 0x00000000f0800000, 0x00000000f0ed0000)
  from space 832K,  74% used [0x00000000f0ed0000, 0x00000000f0f6ba00, 0x00000000f0fa0000)
  to   space 832K,   0% used [0x00000000f0fa0000, 0x00000000f0fa0000, 0x00000000f1070000)
 tenured generation   total 17156K, used 10983K [0x00000000f5aa0000, 0x00000000f6b61000, 0x0000000100000000)
   the space 17156K,  64% used [0x00000000f5aa0000, 0x00000000f6559f90, 0x00000000f655a000, 0x00000000f6b61000)
 Metaspace       used 31052K, capacity 32190K, committed 32384K, reserved 1077248K
  class space    used 3933K, capacity 4201K, committed 4224K, reserved 1048576K
}
Event: 6.081 GC heap before
{Heap before GC invocations=72 (full 2):
 def new generation   total 7808K, used 7598K [0x00000000f0800000, 0x00000000f1070000, 0x00000000f5aa0000)
  eden space 6976K, 100% used [0x00000000f0800000, 0x00000000f0ed0000, 0x00000000f0ed0000)
  from space 832K,  74% used [0x00000000f0ed0000, 0x00000000f0f6ba00, 0x00000000f0fa0000)
  to   space 832K,   0% used [0x00000000f0fa0000, 0x00000000f0fa0000, 0x00000000f1070000)
 tenured generation   total 17156K, used 10983K [0x00000000f5aa0000, 0x00000000f6b61000, 0x0000000100000000)
   the space 17156K,  64% used [0x00000000f5aa0000, 0x00000000f6559f90, 0x00000000f655a000, 0x00000000f6b61000)
 Metaspace       used 31599K, capacity 32766K, committed 33024K, reserved 1077248K
  class space    used 4010K, capacity 4265K, committed 4352K, reserved 1048576K
Event: 6.084 GC heap after
Heap after GC invocations=73 (full 2):
 def new generation   total 7808K, used 637K [0x00000000f0800000, 0x00000000f1070000, 0x00000000f5aa0000)
  eden space 6976K,   0% used [0x00000000f0800000, 0x00000000f0800000, 0x00000000f0ed0000)
  from space 832K,  76% used [0x00000000f0fa0000, 0x00000000f103f5a0, 0x00000000f1070000)
  to   space 832K,   0% used [0x00000000f0ed0000, 0x00000000f0ed0000, 0x00000000f0fa0000)
 tenured generation   total 17156K, used 11228K [0x00000000f5aa0000, 0x00000000f6b61000, 0x0000000100000000)
   the space 17156K,  65% used [0x00000000f5aa0000, 0x00000000f6597010, 0x00000000f6597200, 0x00000000f6b61000)
 Metaspace       used 31599K, capacity 32766K, committed 33024K, reserved 1077248K
  class space    used 4010K, capacity 4265K, committed 4352K, reserved 1048576K
}
Event: 6.273 GC heap before
{Heap before GC invocations=73 (full 2):
 def new generation   total 7808K, used 7613K [0x00000000f0800000, 0x00000000f1070000, 0x00000000f5aa0000)
  eden space 6976K, 100% used [0x00000000f0800000, 0x00000000f0ed0000, 0x00000000f0ed0000)
  from space 832K,  76% used [0x00000000f0fa0000, 0x00000000f103f5a0, 0x00000000f1070000)
  to   space 832K,   0% used [0x00000000f0ed0000, 0x00000000f0ed0000, 0x00000000f0fa0000)
 tenured generation   total 17156K, used 11228K [0x00000000f5aa0000, 0x00000000f6b61000, 0x0000000100000000)
   the space 17156K,  65% used [0x00000000f5aa0000, 0x00000000f6597010, 0x00000000f6597200, 0x00000000f6b61000)
 Metaspace       used 32140K, capacity 33322K, committed 33664K, reserved 1079296K
  class space    used 4063K, capacity 4363K, committed 4480K, reserved 1048576K
Event: 6.276 GC heap after
Heap after GC invocations=74 (full 2):
 def new generation   total 7808K, used 569K [0x00000000f0800000, 0x00000000f1070000, 0x00000000f5aa0000)
  eden space 6976K,   0% used [0x00000000f0800000, 0x00000000f0800000, 0x00000000f0ed0000)
  from space 832K,  68% used [0x00000000f0ed0000, 0x00000000f0f5e408, 0x00000000f0fa0000)
  to   space 832K,   0% used [0x00000000f0fa0000, 0x00000000f0fa0000, 0x00000000f1070000)
 tenured generation   total 17156K, used 11397K [0x00000000f5aa0000, 0x00000000f6b61000, 0x0000000100000000)
   the space 17156K,  66% used [0x00000000f5aa0000, 0x00000000f65c1410, 0x00000000f65c1600, 0x00000000f6b61000)
 Metaspace       used 32140K, capacity 33322K, committed 33664K, reserved 1079296K
  class space    used 4063K, capacity 4363K, committed 4480K, reserved 1048576K
}
Event: 6.440 GC heap before
{Heap before GC invocations=74 (full 2):
 def new generation   total 7808K, used 7545K [0x00000000f0800000, 0x00000000f1070000, 0x00000000f5aa0000)
  eden space 6976K, 100% used [0x00000000f0800000, 0x00000000f0ed0000, 0x00000000f0ed0000)
  from space 832K,  68% used [0x00000000f0ed0000, 0x00000000f0f5e408, 0x00000000f0fa0000)
  to   space 832K,   0% used [0x00000000f0fa0000, 0x00000000f0fa0000, 0x00000000f1070000)
 tenured generation   total 17156K, used 11397K [0x00000000f5aa0000, 0x00000000f6b61000, 0x0000000100000000)
   the space 17156K,  66% used [0x00000000f5aa0000, 0x00000000f65c1410, 0x00000000f65c1600, 0x00000000f6b61000)
 Metaspace       used 32486K, capacity 33674K, committed 33920K, reserved 1079296K
  class space    used 4092K, capacity 4395K, committed 4480K, reserved 1048576K
Event: 6.443 GC heap after
Heap after GC invocations=75 (full 2):
 def new generation   total 7808K, used 336K [0x00000000f0800000, 0x00000000f1070000, 0x00000000f5aa0000)
  eden space 6976K,   0% used [0x00000000f0800000, 0x00000000f0800000, 0x00000000f0ed0000)
  from space 832K,  40% used [0x00000000f0fa0000, 0x00000000f0ff4028, 0x00000000f1070000)
  to   space 832K,   0% used [0x00000000f0ed0000, 0x00000000f0ed0000, 0x00000000f0fa0000)
 tenured generation   total 17156K, used 11652K [0x00000000f5aa0000, 0x00000000f6b61000, 0x0000000100000000)
   the space 17156K,  67% used [0x00000000f5aa0000, 0x00000000f66013d0, 0x00000000f6601400, 0x00000000f6b61000)
 Metaspace       used 32486K, capacity 33674K, committed 33920K, reserved 1079296K
  class space    used 4092K, capacity 4395K, committed 4480K, reserved 1048576K
}
Event: 6.585 GC heap before
{Heap before GC invocations=75 (full 2):
 def new generation   total 7808K, used 7312K [0x00000000f0800000, 0x00000000f1070000, 0x00000000f5aa0000)
  eden space 6976K, 100% used [0x00000000f0800000, 0x00000000f0ed0000, 0x00000000f0ed0000)
  from space 832K,  40% used [0x00000000f0fa0000, 0x00000000f0ff4028, 0x00000000f1070000)
  to   space 832K,   0% used [0x00000000f0ed0000, 0x00000000f0ed0000, 0x00000000f0fa0000)
 tenured generation   total 17156K, used 11652K [0x00000000f5aa0000, 0x00000000f6b61000, 0x0000000100000000)
   the space 17156K,  67% used [0x00000000f5aa0000, 0x00000000f66013d0, 0x00000000f6601400, 0x00000000f6b61000)
 Metaspace       used 32810K, capacity 34020K, committed 34176K, reserved 1079296K
  class space    used 4129K, capacity 4436K, committed 4480K, reserved 1048576K
Event: 6.588 GC heap after
Heap after GC invocations=76 (full 2):
 def new generation   total 7808K, used 831K [0x00000000f0800000, 0x00000000f1070000, 0x00000000f5aa0000)
  eden space 6976K,   0% used [0x00000000f0800000, 0x00000000f0800000, 0x00000000f0ed0000)
  from space 832K,  99% used [0x00000000f0ed0000, 0x00000000f0f9fff8, 0x00000000f0fa0000)
  to   space 832K,   0% used [0x00000000f0fa0000, 0x00000000f0fa0000, 0x00000000f1070000)
 tenured generation   total 17156K, used 11700K [0x00000000f5aa0000, 0x00000000f6b61000, 0x0000000100000000)
   the space 17156K,  68% used [0x00000000f5aa0000, 0x00000000f660d008, 0x00000000f660d200, 0x00000000f6b61000)
 Metaspace       used 32810K, capacity 34020K, committed 34176K, reserved 1079296K
  class space    used 4129K, capacity 4436K, committed 4480K, reserved 1048576K
}
Event: 6.728 GC heap before
{Heap before GC invocations=76 (full 2):
 def new generation   total 7808K, used 7807K [0x00000000f0800000, 0x00000000f1070000, 0x00000000f5aa0000)
  eden space 6976K, 100% used [0x00000000f0800000, 0x00000000f0ed0000, 0x00000000f0ed0000)
  from space 832K,  99% used [0x00000000f0ed0000, 0x00000000f0f9fff8, 0x00000000f0fa0000)
  to   space 832K,   0% used [0x00000000f0fa0000, 0x00000000f0fa0000, 0x00000000f1070000)
 tenured generation   total 17156K, used 11700K [0x00000000f5aa0000, 0x00000000f6b61000, 0x0000000100000000)
   the space 17156K,  68% used [0x00000000f5aa0000, 0x00000000f660d008, 0x00000000f660d200, 0x00000000f6b61000)
 Metaspace       used 33091K, capacity 34380K, committed 34432K, reserved 1079296K
  class space    used 4168K, capacity 4480K, committed 4480K, reserved 1048576K
Event: 6.733 GC heap after
Heap after GC invocations=77 (full 2):
 def new generation   total 7808K, used 786K [0x00000000f0800000, 0x00000000f1070000, 0x00000000f5aa0000)
  eden space 6976K,   0% used [0x00000000f0800000, 0x00000000f0800000, 0x00000000f0ed0000)
  from space 832K,  94% used [0x00000000f0fa0000, 0x00000000f1064b90, 0x00000000f1070000)
  to   space 832K,   0% used [0x00000000f0ed0000, 0x00000000f0ed0000, 0x00000000f0fa0000)
 tenured generation   total 17156K, used 12441K [0x00000000f5aa0000, 0x00000000f6b61000, 0x0000000100000000)
   the space 17156K,  72% used [0x00000000f5aa0000, 0x00000000f66c65c0, 0x00000000f66c6600, 0x00000000f6b61000)
 Metaspace       used 33091K, capacity 34380K, committed 34432K, reserved 1079296K
  class space    used 4168K, capacity 4480K, committed 4480K, reserved 1048576K
}
Event: 6.843 GC heap before
{Heap before GC invocations=77 (full 2):
 def new generation   total 7808K, used 7762K [0x00000000f0800000, 0x00000000f1070000, 0x00000000f5aa0000)
  eden space 6976K, 100% used [0x00000000f0800000, 0x00000000f0ed0000, 0x00000000f0ed0000)
  from space 832K,  94% used [0x00000000f0fa0000, 0x00000000f1064b90, 0x00000000f1070000)
  to   space 832K,   0% used [0x00000000f0ed0000, 0x00000000f0ed0000, 0x00000000f0fa0000)
 tenured generation   total 17156K, used 12441K [0x00000000f5aa0000, 0x00000000f6b61000, 0x0000000100000000)
   the space 17156K,  72% used [0x00000000f5aa0000, 0x00000000f66c65c0, 0x00000000f66c6600, 0x00000000f6b61000)
 Metaspace       used 33297K, capacity 34566K, committed 34816K, reserved 1079296K
  class space    used 4203K, capacity 4517K, committed 4608K, reserved 1048576K
Event: 6.847 GC heap after
Heap after GC invocations=78 (full 2):
 def new generation   total 7808K, used 331K [0x00000000f0800000, 0x00000000f1070000, 0x00000000f5aa0000)
  eden space 6976K,   0% used [0x00000000f0800000, 0x00000000f0800000, 0x00000000f0ed0000)
  from space 832K,  39% used [0x00000000f0ed0000, 0x00000000f0f22d08, 0x00000000f0fa0000)
  to   space 832K,   0% used [0x00000000f0fa0000, 0x00000000f0fa0000, 0x00000000f1070000)
 tenured generation   total 17156K, used 13042K [0x00000000f5aa0000, 0x00000000f6b61000, 0x0000000100000000)
   the space 17156K,  76% used [0x00000000f5aa0000, 0x00000000f675cad8, 0x00000000f675cc00, 0x00000000f6b61000)
 Metaspace       used 33297K, capacity 34566K, committed 34816K, reserved 1079296K
  class space    used 4203K, capacity 4517K, committed 4608K, reserved 1048576K
}
Event: 6.925 GC heap before
{Heap before GC invocations=78 (full 2):
 def new generation   total 7808K, used 7307K [0x00000000f0800000, 0x00000000f1070000, 0x00000000f5aa0000)
  eden space 6976K, 100% used [0x00000000f0800000, 0x00000000f0ed0000, 0x00000000f0ed0000)
  from space 832K,  39% used [0x00000000f0ed0000, 0x00000000f0f22d08, 0x00000000f0fa0000)
  to   space 832K,   0% used [0x00000000f0fa0000, 0x00000000f0fa0000, 0x00000000f1070000)
 tenured generation   total 17156K, used 13042K [0x00000000f5aa0000, 0x00000000f6b61000, 0x0000000100000000)
   the space 17156K,  76% used [0x00000000f5aa0000, 0x00000000f675cad8, 0x00000000f675cc00, 0x00000000f6b61000)
 Metaspace       used 33399K, capacity 34636K, committed 34816K, reserved 1079296K
  class space    used 4217K, capacity 4518K, committed 4608K, reserved 1048576K
Event: 6.927 GC heap after
Heap after GC invocations=79 (full 2):
 def new generation   total 7808K, used 365K [0x00000000f0800000, 0x00000000f1070000, 0x00000000f5aa0000)
  eden space 6976K,   0% used [0x00000000f0800000, 0x00000000f0800000, 0x00000000f0ed0000)
  from space 832K,  43% used [0x00000000f0fa0000, 0x00000000f0ffb600, 0x00000000f1070000)
  to   space 832K,   0% used [0x00000000f0ed0000, 0x00000000f0ed0000, 0x00000000f0fa0000)
 tenured generation   total 17156K, used 13042K [0x00000000f5aa0000, 0x00000000f6b61000, 0x0000000100000000)
   the space 17156K,  76% used [0x00000000f5aa0000, 0x00000000f675cad8, 0x00000000f675cc00, 0x00000000f6b61000)
 Metaspace       used 33399K, capacity 34636K, committed 34816K, reserved 1079296K
  class space    used 4217K, capacity 4518K, committed 4608K, reserved 1048576K
}
Event: 7.035 GC heap before
{Heap before GC invocations=79 (full 2):
 def new generation   total 7808K, used 7341K [0x00000000f0800000, 0x00000000f1070000, 0x00000000f5aa0000)
  eden space 6976K, 100% used [0x00000000f0800000, 0x00000000f0ed0000, 0x00000000f0ed0000)
  from space 832K,  43% used [0x00000000f0fa0000, 0x00000000f0ffb600, 0x00000000f1070000)
  to   space 832K,   0% used [0x00000000f0ed0000, 0x00000000f0ed0000, 0x00000000f0fa0000)
 tenured generation   total 17156K, used 13042K [0x00000000f5aa0000, 0x00000000f6b61000, 0x0000000100000000)
   the space 17156K,  76% used [0x00000000f5aa0000, 0x00000000f675cad8, 0x00000000f675cc00, 0x00000000f6b61000)
 Metaspace       used 33528K, capacity 34886K, committed 35072K, reserved 1079296K
  class space    used 4237K, capacity 4555K, committed 4608K, reserved 1048576K
Event: 7.039 GC heap after
Heap after GC invocations=80 (full 2):
 def new generation   total 7808K, used 634K [0x00000000f0800000, 0x00000000f1070000, 0x00000000f5aa0000)
  eden space 6976K,   0% used [0x00000000f0800000, 0x00000000f0800000, 0x00000000f0ed0000)
  from space 832K,  76% used [0x00000000f0ed0000, 0x00000000f0f6ea30, 0x00000000f0fa0000)
  to   space 832K,   0% used [0x00000000f0fa0000, 0x00000000f0fa0000, 0x00000000f1070000)
 tenured generation   total 17156K, used 13042K [0x00000000f5aa0000, 0x00000000f6b61000, 0x0000000100000000)
   the space 17156K,  76% used [0x00000000f5aa0000, 0x00000000f675cad8, 0x00000000f675cc00, 0x00000000f6b61000)
 Metaspace       used 33528K, capacity 34886K, committed 35072K, reserved 1079296K
  class space    used 4237K, capacity 4555K, committed 4608K, reserved 1048576K
}
Event: 7.140 GC heap before
{Heap before GC invocations=80 (full 2):
 def new generation   total 7808K, used 7610K [0x00000000f0800000, 0x00000000f1070000, 0x00000000f5aa0000)
  eden space 6976K, 100% used [0x00000000f0800000, 0x00000000f0ed0000, 0x00000000f0ed0000)
  from space 832K,  76% used [0x00000000f0ed0000, 0x00000000f0f6ea30, 0x00000000f0fa0000)
  to   space 832K,   0% used [0x00000000f0fa0000, 0x00000000f0fa0000, 0x00000000f1070000)
 tenured generation   total 17156K, used 13042K [0x00000000f5aa0000, 0x00000000f6b61000, 0x0000000100000000)
   the space 17156K,  76% used [0x00000000f5aa0000, 0x00000000f675cad8, 0x00000000f675cc00, 0x00000000f6b61000)
 Metaspace       used 33685K, capacity 34958K, committed 35072K, reserved 1079296K
  class space    used 4261K, capacity 4555K, committed 4608K, reserved 1048576K
Event: 7.144 GC heap after
Heap after GC invocations=81 (full 2):
 def new generation   total 7808K, used 612K [0x00000000f0800000, 0x00000000f1070000, 0x00000000f5aa0000)
  eden space 6976K,   0% used [0x00000000f0800000, 0x00000000f0800000, 0x00000000f0ed0000)
  from space 832K,  73% used [0x00000000f0fa0000, 0x00000000f1039020, 0x00000000f1070000)
  to   space 832K,   0% used [0x00000000f0ed0000, 0x00000000f0ed0000, 0x00000000f0fa0000)
 tenured generation   total 17156K, used 13340K [0x00000000f5aa0000, 0x00000000f6b61000, 0x0000000100000000)
   the space 17156K,  77% used [0x00000000f5aa0000, 0x00000000f67a7298, 0x00000000f67a7400, 0x00000000f6b61000)
 Metaspace       used 33685K, capacity 34958K, committed 35072K, reserved 1079296K
  class space    used 4261K, capacity 4555K, committed 4608K, reserved 1048576K
}
Event: 7.313 GC heap before
{Heap before GC invocations=81 (full 2):
 def new generation   total 7808K, used 7588K [0x00000000f0800000, 0x00000000f1070000, 0x00000000f5aa0000)
  eden space 6976K, 100% used [0x00000000f0800000, 0x00000000f0ed0000, 0x00000000f0ed0000)
  from space 832K,  73% used [0x00000000f0fa0000, 0x00000000f1039020, 0x00000000f1070000)
  to   space 832K,   0% used [0x00000000f0ed0000, 0x00000000f0ed0000, 0x00000000f0fa0000)
 tenured generation   total 17156K, used 13340K [0x00000000f5aa0000, 0x00000000f6b61000, 0x0000000100000000)
   the space 17156K,  77% used [0x00000000f5aa0000, 0x00000000f67a7298, 0x00000000f67a7400, 0x00000000f6b61000)
 Metaspace       used 33982K, capacity 35306K, committed 35328K, reserved 1079296K
  class space    used 4299K, capacity 4599K, committed 4608K, reserved 1048576K
Event: 7.321 GC heap after
Heap after GC invocations=82 (full 2):
 def new generation   total 7808K, used 831K [0x00000000f0800000, 0x00000000f1070000, 0x00000000f5aa0000)
  eden space 6976K,   0% used [0x00000000f0800000, 0x00000000f0800000, 0x00000000f0ed0000)
  from space 832K,  99% used [0x00000000f0ed0000, 0x00000000f0f9fff8, 0x00000000f0fa0000)
  to   space 832K,   0% used [0x00000000f0fa0000, 0x00000000f0fa0000, 0x00000000f1070000)
 tenured generation   total 17156K, used 13633K [0x00000000f5aa0000, 0x00000000f6b61000, 0x0000000100000000)
   the space 17156K,  79% used [0x00000000f5aa0000, 0x00000000f67f0708, 0x00000000f67f0800, 0x00000000f6b61000)
 Metaspace       used 33982K, capacity 35306K, committed 35328K, reserved 1079296K
  class space    used 4299K, capacity 4599K, committed 4608K, reserved 1048576K
}
Event: 7.460 GC heap before
{Heap before GC invocations=82 (full 2):
 def new generation   total 7808K, used 7807K [0x00000000f0800000, 0x00000000f1070000, 0x00000000f5aa0000)
  eden space 6976K, 100% used [0x00000000f0800000, 0x00000000f0ed0000, 0x00000000f0ed0000)
  from space 832K,  99% used [0x00000000f0ed0000, 0x00000000f0f9fff8, 0x00000000f0fa0000)
  to   space 832K,   0% used [0x00000000f0fa0000, 0x00000000f0fa0000, 0x00000000f1070000)
 tenured generation   total 17156K, used 13633K [0x00000000f5aa0000, 0x00000000f6b61000, 0x0000000100000000)
   the space 17156K,  79% used [0x00000000f5aa0000, 0x00000000f67f0708, 0x00000000f67f0800, 0x00000000f6b61000)
 Metaspace       used 34191K, capacity 35526K, committed 35584K, reserved 1081344K
  class space    used 4316K, capacity 4605K, committed 4608K, reserved 1048576K
Event: 7.464 GC heap after
Heap after GC invocations=83 (full 2):
 def new generation   total 7808K, used 220K [0x00000000f0800000, 0x00000000f1070000, 0x00000000f5aa0000)
  eden space 6976K,   0% used [0x00000000f0800000, 0x00000000f0800000, 0x00000000f0ed0000)
  from space 832K,  26% used [0x00000000f0fa0000, 0x00000000f0fd7320, 0x00000000f1070000)
  to   space 832K,   0% used [0x00000000f0ed0000, 0x00000000f0ed0000, 0x00000000f0fa0000)
 tenured generation   total 17156K, used 14327K [0x00000000f5aa0000, 0x00000000f6b61000, 0x0000000100000000)
   the space 17156K,  83% used [0x00000000f5aa0000, 0x00000000f689dd78, 0x00000000f689de00, 0x00000000f6b61000)
 Metaspace       used 34191K, capacity 35526K, committed 35584K, reserved 1081344K
  class space    used 4316K, capacity 4605K, committed 4608K, reserved 1048576K
}
Event: 7.617 GC heap before
{Heap before GC invocations=83 (full 2):
 def new generation   total 7808K, used 7196K [0x00000000f0800000, 0x00000000f1070000, 0x00000000f5aa0000)
  eden space 6976K, 100% used [0x00000000f0800000, 0x00000000f0ed0000, 0x00000000f0ed0000)
  from space 832K,  26% used [0x00000000f0fa0000, 0x00000000f0fd7320, 0x00000000f1070000)
  to   space 832K,   0% used [0x00000000f0ed0000, 0x00000000f0ed0000, 0x00000000f0fa0000)
 tenured generation   total 17156K, used 14327K [0x00000000f5aa0000, 0x00000000f6b61000, 0x0000000100000000)
   the space 17156K,  83% used [0x00000000f5aa0000, 0x00000000f689dd78, 0x00000000f689de00, 0x00000000f6b61000)
 Metaspace       used 35380K, capacity 36750K, committed 36992K, reserved 1081344K
  class space    used 4434K, capacity 4735K, committed 4736K, reserved 1048576K
Event: 7.621 GC heap after
Heap after GC invocations=84 (full 2):
 def new generation   total 7808K, used 831K [0x00000000f0800000, 0x00000000f1070000, 0x00000000f5aa0000)
  eden space 6976K,   0% used [0x00000000f0800000, 0x00000000f0800000, 0x00000000f0ed0000)
  from space 832K,  99% used [0x00000000f0ed0000, 0x00000000f0f9fff8, 0x00000000f0fa0000)
  to   space 832K,   0% used [0x00000000f0fa0000, 0x00000000f0fa0000, 0x00000000f1070000)
 tenured generation   total 17156K, used 14624K [0x00000000f5aa0000, 0x00000000f6b61000, 0x0000000100000000)
   the space 17156K,  85% used [0x00000000f5aa0000, 0x00000000f68e80a8, 0x00000000f68e8200, 0x00000000f6b61000)
 Metaspace       used 35380K, capacity 36750K, committed 36992K, reserved 1081344K
  class space    used 4434K, capacity 4735K, committed 4736K, reserved 1048576K
}
Event: 7.807 GC heap before
{Heap before GC invocations=84 (full 2):
 def new generation   total 7808K, used 7807K [0x00000000f0800000, 0x00000000f1070000, 0x00000000f5aa0000)
  eden space 6976K, 100% used [0x00000000f0800000, 0x00000000f0ed0000, 0x00000000f0ed0000)
  from space 832K,  99% used [0x00000000f0ed0000, 0x00000000f0f9fff8, 0x00000000f0fa0000)
  to   space 832K,   0% used [0x00000000f0fa0000, 0x00000000f0fa0000, 0x00000000f1070000)
 tenured generation   total 17156K, used 14624K [0x00000000f5aa0000, 0x00000000f6b61000, 0x0000000100000000)
   the space 17156K,  85% used [0x00000000f5aa0000, 0x00000000f68e80a8, 0x00000000f68e8200, 0x00000000f6b61000)
 Metaspace       used 36799K, capacity 38158K, committed 38400K, reserved 1083392K
  class space    used 4581K, capacity 4863K, committed 4864K, reserved 1048576K
Event: 7.811 GC heap after
Heap after GC invocations=85 (full 2):
 def new generation   total 7808K, used 831K [0x00000000f0800000, 0x00000000f1070000, 0x00000000f5aa0000)
  eden space 6976K,   0% used [0x00000000f0800000, 0x00000000f0800000, 0x00000000f0ed0000)
  from space 832K,  99% used [0x00000000f0fa0000, 0x00000000f106fff8, 0x00000000f1070000)
  to   space 832K,   0% used [0x00000000f0ed0000, 0x00000000f0ed0000, 0x00000000f0fa0000)
 tenured generation   total 17156K, used 15792K [0x00000000f5aa0000, 0x00000000f6b61000, 0x0000000100000000)
   the space 17156K,  92% used [0x00000000f5aa0000, 0x00000000f6a0c2e0, 0x00000000f6a0c400, 0x00000000f6b61000)
 Metaspace       used 36799K, capacity 38158K, committed 38400K, reserved 1083392K
  class space    used 4581K, capacity 4863K, committed 4864K, reserved 1048576K
}
Event: 8.092 GC heap before
{Heap before GC invocations=85 (full 2):
 def new generation   total 7808K, used 7807K [0x00000000f0800000, 0x00000000f1070000, 0x00000000f5aa0000)
  eden space 6976K, 100% used [0x00000000f0800000, 0x00000000f0ed0000, 0x00000000f0ed0000)
  from space 832K,  99% used [0x00000000f0fa0000, 0x00000000f106fff8, 0x00000000f1070000)
  to   space 832K,   0% used [0x00000000f0ed0000, 0x00000000f0ed0000, 0x00000000f0fa0000)
 tenured generation   total 17156K, used 15792K [0x00000000f5aa0000, 0x00000000f6b61000, 0x0000000100000000)
   the space 17156K,  92% used [0x00000000f5aa0000, 0x00000000f6a0c2e0, 0x00000000f6a0c400, 0x00000000f6b61000)
 Metaspace       used 37829K, capacity 39216K, committed 39424K, reserved 1083392K
  class space    used 4695K, capacity 4998K, committed 5120K, reserved 1048576K
Event: 8.098 GC heap after
Heap after GC invocations=86 (full 2):
 def new generation   total 7808K, used 831K [0x00000000f0800000, 0x00000000f1070000, 0x00000000f5aa0000)
  eden space 6976K,   0% used [0x00000000f0800000, 0x00000000f0800000, 0x00000000f0ed0000)
  from space 832K,  99% used [0x00000000f0ed0000, 0x00000000f0f9fff8, 0x00000000f0fa0000)
  to   space 832K,   0% used [0x00000000f0fa0000, 0x00000000f0fa0000, 0x00000000f1070000)
 tenured generation   total 17156K, used 16590K [0x00000000f5aa0000, 0x00000000f6b61000, 0x0000000100000000)
   the space 17156K,  96% used [0x00000000f5aa0000, 0x00000000f6ad3b90, 0x00000000f6ad3c00, 0x00000000f6b61000)
 Metaspace       used 37829K, capacity 39216K, committed 39424K, reserved 1083392K
  class space    used 4695K, capacity 4998K, committed 5120K, reserved 1048576K
}
Event: 8.296 GC heap before
{Heap before GC invocations=86 (full 2):
 def new generation   total 7808K, used 7807K [0x00000000f0800000, 0x00000000f1070000, 0x00000000f5aa0000)
  eden space 6976K, 100% used [0x00000000f0800000, 0x00000000f0ed0000, 0x00000000f0ed0000)
  from space 832K,  99% used [0x00000000f0ed0000, 0x00000000f0f9fff8, 0x00000000f0fa0000)
  to   space 832K,   0% used [0x00000000f0fa0000, 0x00000000f0fa0000, 0x00000000f1070000)
 tenured generation   total 17156K, used 16590K [0x00000000f5aa0000, 0x00000000f6b61000, 0x0000000100000000)
   the space 17156K,  96% used [0x00000000f5aa0000, 0x00000000f6ad3b90, 0x00000000f6ad3c00, 0x00000000f6b61000)
 Metaspace       used 38122K, capacity 39528K, committed 39680K, reserved 1083392K
  class space    used 4734K, capacity 5034K, committed 5120K, reserved 1048576K
Event: 8.301 GC heap after
Heap after GC invocations=87 (full 2):
 def new generation   total 7808K, used 477K [0x00000000f0800000, 0x00000000f1070000, 0x00000000f5aa0000)
  eden space 6976K,   0% used [0x00000000f0800000, 0x00000000f0800000, 0x00000000f0ed0000)
  from space 832K,  57% used [0x00000000f0fa0000, 0x00000000f1017440, 0x00000000f1070000)
  to   space 832K,   0% used [0x00000000f0ed0000, 0x00000000f0ed0000, 0x00000000f0fa0000)
 tenured generation   total 17156K, used 16918K [0x00000000f5aa0000, 0x00000000f6b61000, 0x0000000100000000)
   the space 17156K,  98% used [0x00000000f5aa0000, 0x00000000f6b25bd0, 0x00000000f6b25c00, 0x00000000f6b61000)
 Metaspace       used 38122K, capacity 39528K, committed 39680K, reserved 1083392K
  class space    used 4734K, capacity 5034K, committed 5120K, reserved 1048576K
}
Event: 8.399 GC heap before
{Heap before GC invocations=87 (full 2):
 def new generation   total 7808K, used 7453K [0x00000000f0800000, 0x00000000f1070000, 0x00000000f5aa0000)
  eden space 6976K, 100% used [0x00000000f0800000, 0x00000000f0ed0000, 0x00000000f0ed0000)
  from space 832K,  57% used [0x00000000f0fa0000, 0x00000000f1017440, 0x00000000f1070000)
  to   space 832K,   0% used [0x00000000f0ed0000, 0x00000000f0ed0000, 0x00000000f0fa0000)
 tenured generation   total 17156K, used 16918K [0x00000000f5aa0000, 0x00000000f6b61000, 0x0000000100000000)
   the space 17156K,  98% used [0x00000000f5aa0000, 0x00000000f6b25bd0, 0x00000000f6b25c00, 0x00000000f6b61000)
 Metaspace       used 39194K, capacity 40586K, committed 40832K, reserved 1085440K
  class space    used 4892K, capacity 5195K, committed 5248K, reserved 1048576K

