# JRE version: OpenJDK Runtime Environment (8.0_242-b08) (build 1.8.0_242-b08)
# Java VM: OpenJDK 64-Bit Server VM (25.242-b08 mixed mode linux-amd64 compressed oops)
Heap:
 def new generation   total 12096K, used 6741K [0x00000000f0800000, 0x00000000f1520000, 0x00000000f5aa0000)
  eden space 10752K,  54% used [0x00000000f0800000, 0x00000000f0db3350, 0x00000000f1280000)
  from space 1344K,  67% used [0x00000000f13d0000, 0x00000000f14b2238, 0x00000000f1520000)
  to   space 1344K,   0% used [0x00000000f1280000, 0x00000000f1280000, 0x00000000f13d0000)
 tenured generation   total 26716K, used 16221K [0x00000000f5aa0000, 0x00000000f74b7000, 0x0000000100000000)
   the space 26716K,  60% used [0x00000000f5aa0000, 0x00000000f6a77478, 0x00000000f6a77600, 0x00000000f74b7000)
 Metaspace       used 42232K, capacity 43592K, committed 43776K, reserved 1087488K
  class space    used 5503K, capacity 5814K, committed 5888K, reserved 1048576K
GC Heap History (184 events):
Event: 0.481 GC heap before
{Heap before GC invocations=0 (full 0):
 def new generation   total 4928K, used 4416K [0x00000000f0800000, 0x00000000f0d50000, 0x00000000f5aa0000)
  eden space 4416K, 100% used [0x00000000f0800000, 0x00000000f0c50000, 0x00000000f0c50000)
  from space 512K,   0% used [0x00000000f0c50000, 0x00000000f0c50000, 0x00000000f0cd0000)
  to   space 512K,   0% used [0x00000000f0cd0000, 0x00000000f0cd0000, 0x00000000f0d50000)
 tenured generation   total 10944K, used 0K [0x00000000f5aa0000, 0x00000000f6550000, 0x0000000100000000)
   the space 10944K,   0% used [0x00000000f5aa0000, 0x00000000f5aa0000, 0x00000000f5aa0200, 0x00000000f6550000)
 Metaspace       used 4553K, capacity 5054K, committed 5248K, reserved 1056768K
  class space    used 481K, capacity 537K, committed 640K, reserved 1048576K
Event: 0.484 GC heap after
Heap after GC invocations=1 (full 0):
 def new generation   total 4928K, used 512K [0x00000000f0800000, 0x00000000f0d50000, 0x00000000f5aa0000)
  eden space 4416K,   0% used [0x00000000f0800000, 0x00000000f0800000, 0x00000000f0c50000)
  from space 512K, 100% used [0x00000000f0cd0000, 0x00000000f0d50000, 0x00000000f0d50000)
  to   space 512K,   0% used [0x00000000f0c50000, 0x00000000f0c50000, 0x00000000f0cd0000)
 tenured generation   total 10944K, used 582K [0x00000000f5aa0000, 0x00000000f6550000, 0x0000000100000000)
   the space 10944K,   5% used [0x00000000f5aa0000, 0x00000000f5b31be8, 0x00000000f5b31c00, 0x00000000f6550000)
 Metaspace       used 4553K, capacity 5054K, committed 5248K, reserved 1056768K
  class space    used 481K, capacity 537K, committed 640K, reserved 1048576K
}
Event: 0.728 GC heap before
{Heap before GC invocations=1 (full 0):
 def new generation   total 4928K, used 4928K [0x00000000f0800000, 0x00000000f0d50000, 0x00000000f5aa0000)
  eden space 4416K, 100% used [0x00000000f0800000, 0x00000000f0c50000, 0x00000000f0c50000)
  from space 512K, 100% used [0x00000000f0cd0000, 0x00000000f0d50000, 0x00000000f0d50000)
  to   space 512K,   0% used [0x00000000f0c50000, 0x00000000f0c50000, 0x00000000f0cd0000)
 tenured generation   total 10944K, used 582K [0x00000000f5aa0000, 0x00000000f6550000, 0x0000000100000000)
   the space 10944K,   5% used [0x00000000f5aa0000, 0x00000000f5b31be8, 0x00000000f5b31c00, 0x00000000f6550000)
 Metaspace       used 6852K, capacity 7028K, committed 7296K, reserved 1056768K
  class space    used 755K, capacity 846K, committed 896K, reserved 1048576K
Event: 0.732 GC heap after
Heap after GC invocations=2 (full 0):
 def new generation   total 4928K, used 511K [0x00000000f0800000, 0x00000000f0d50000, 0x00000000f5aa0000)
  eden space 4416K,   0% used [0x00000000f0800000, 0x00000000f0800000, 0x00000000f0c50000)
  from space 512K,  99% used [0x00000000f0c50000, 0x00000000f0ccfff8, 0x00000000f0cd0000)
  to   space 512K,   0% used [0x00000000f0cd0000, 0x00000000f0cd0000, 0x00000000f0d50000)
 tenured generation   total 10944K, used 1436K [0x00000000f5aa0000, 0x00000000f6550000, 0x0000000100000000)
   the space 10944K,  13% used [0x00000000f5aa0000, 0x00000000f5c07018, 0x00000000f5c07200, 0x00000000f6550000)
 Metaspace       used 6852K, capacity 7028K, committed 7296K, reserved 1056768K
  class space    used 755K, capacity 846K, committed 896K, reserved 1048576K
}
Event: 0.856 GC heap before
{Heap before GC invocations=2 (full 0):
 def new generation   total 4928K, used 4927K [0x00000000f0800000, 0x00000000f0d50000, 0x00000000f5aa0000)
  eden space 4416K,  99% used [0x00000000f0800000, 0x00000000f0c4fda8, 0x00000000f0c50000)
  from space 512K,  99% used [0x00000000f0c50000, 0x00000000f0ccfff8, 0x00000000f0cd0000)
  to   space 512K,   0% used [0x00000000f0cd0000, 0x00000000f0cd0000, 0x00000000f0d50000)
 tenured generation   total 10944K, used 1436K [0x00000000f5aa0000, 0x00000000f6550000, 0x0000000100000000)
   the space 10944K,  13% used [0x00000000f5aa0000, 0x00000000f5c07018, 0x00000000f5c07200, 0x00000000f6550000)
 Metaspace       used 7576K, capacity 7766K, committed 7936K, reserved 1056768K
  class space    used 858K, capacity 943K, committed 1024K, reserved 1048576K
Event: 0.859 GC heap after
Heap after GC invocations=3 (full 0):
 def new generation   total 4928K, used 511K [0x00000000f0800000, 0x00000000f0d50000, 0x00000000f5aa0000)
  eden space 4416K,   0% used [0x00000000f0800000, 0x00000000f0800000, 0x00000000f0c50000)
  from space 512K,  99% used [0x00000000f0cd0000, 0x00000000f0d4fff0, 0x00000000f0d50000)
  to   space 512K,   0% used [0x00000000f0c50000, 0x00000000f0c50000, 0x00000000f0cd0000)
 tenured generation   total 10944K, used 2232K [0x00000000f5aa0000, 0x00000000f6550000, 0x0000000100000000)
   the space 10944K,  20% used [0x00000000f5aa0000, 0x00000000f5cce150, 0x00000000f5cce200, 0x00000000f6550000)
 Metaspace       used 7576K, capacity 7766K, committed 7936K, reserved 1056768K
  class space    used 858K, capacity 943K, committed 1024K, reserved 1048576K
}
Event: 1.016 GC heap before
{Heap before GC invocations=3 (full 0):
 def new generation   total 4928K, used 4927K [0x00000000f0800000, 0x00000000f0d50000, 0x00000000f5aa0000)
  eden space 4416K, 100% used [0x00000000f0800000, 0x00000000f0c50000, 0x00000000f0c50000)
  from space 512K,  99% used [0x00000000f0cd0000, 0x00000000f0d4fff0, 0x00000000f0d50000)
  to   space 512K,   0% used [0x00000000f0c50000, 0x00000000f0c50000, 0x00000000f0cd0000)
 tenured generation   total 10944K, used 2232K [0x00000000f5aa0000, 0x00000000f6550000, 0x0000000100000000)
   the space 10944K,  20% used [0x00000000f5aa0000, 0x00000000f5cce150, 0x00000000f5cce200, 0x00000000f6550000)
 Metaspace       used 8420K, capacity 8694K, committed 8832K, reserved 1056768K
  class space    used 974K, capacity 1103K, committed 1152K, reserved 1048576K
Event: 1.019 GC heap after
Heap after GC invocations=4 (full 0):
 def new generation   total 4928K, used 511K [0x00000000f0800000, 0x00000000f0d50000, 0x00000000f5aa0000)
  eden space 4416K,   0% used [0x00000000f0800000, 0x00000000f0800000, 0x00000000f0c50000)
  from space 512K,  99% used [0x00000000f0c50000, 0x00000000f0ccfff8, 0x00000000f0cd0000)
  to   space 512K,   0% used [0x00000000f0cd0000, 0x00000000f0cd0000, 0x00000000f0d50000)
 tenured generation   total 10944K, used 2591K [0x00000000f5aa0000, 0x00000000f6550000, 0x0000000100000000)
   the space 10944K,  23% used [0x00000000f5aa0000, 0x00000000f5d27ee0, 0x00000000f5d28000, 0x00000000f6550000)
 Metaspace       used 8420K, capacity 8694K, committed 8832K, reserved 1056768K
  class space    used 974K, capacity 1103K, committed 1152K, reserved 1048576K
}
Event: 1.097 GC heap before
{Heap before GC invocations=4 (full 0):
 def new generation   total 4928K, used 4927K [0x00000000f0800000, 0x00000000f0d50000, 0x00000000f5aa0000)
  eden space 4416K, 100% used [0x00000000f0800000, 0x00000000f0c50000, 0x00000000f0c50000)
  from space 512K,  99% used [0x00000000f0c50000, 0x00000000f0ccfff8, 0x00000000f0cd0000)
  to   space 512K,   0% used [0x00000000f0cd0000, 0x00000000f0cd0000, 0x00000000f0d50000)
 tenured generation   total 10944K, used 2591K [0x00000000f5aa0000, 0x00000000f6550000, 0x0000000100000000)
   the space 10944K,  23% used [0x00000000f5aa0000, 0x00000000f5d27ee0, 0x00000000f5d28000, 0x00000000f6550000)
 Metaspace       used 8770K, capacity 9046K, committed 9088K, reserved 1056768K
  class space    used 1013K, capacity 1135K, committed 1152K, reserved 1048576K
Event: 1.098 GC heap after
Heap after GC invocations=5 (full 0):
 def new generation   total 4928K, used 349K [0x00000000f0800000, 0x00000000f0d50000, 0x00000000f5aa0000)
  eden space 4416K,   0% used [0x00000000f0800000, 0x00000000f0800000, 0x00000000f0c50000)
  from space 512K,  68% used [0x00000000f0cd0000, 0x00000000f0d277a0, 0x00000000f0d50000)
  to   space 512K,   0% used [0x00000000f0c50000, 0x00000000f0c50000, 0x00000000f0cd0000)
 tenured generation   total 10944K, used 2784K [0x00000000f5aa0000, 0x00000000f6550000, 0x0000000100000000)
   the space 10944K,  25% used [0x00000000f5aa0000, 0x00000000f5d58220, 0x00000000f5d58400, 0x00000000f6550000)
 Metaspace       used 8770K, capacity 9046K, committed 9088K, reserved 1056768K
  class space    used 1013K, capacity 1135K, committed 1152K, reserved 1048576K
}
Event: 1.198 GC heap before
{Heap before GC invocations=5 (full 0):
 def new generation   total 4928K, used 4765K [0x00000000f0800000, 0x00000000f0d50000, 0x00000000f5aa0000)
  eden space 4416K, 100% used [0x00000000f0800000, 0x00000000f0c50000, 0x00000000f0c50000)
  from space 512K,  68% used [0x00000000f0cd0000, 0x00000000f0d277a0, 0x00000000f0d50000)
  to   space 512K,   0% used [0x00000000f0c50000, 0x00000000f0c50000, 0x00000000f0cd0000)
 tenured generation   total 10944K, used 2784K [0x00000000f5aa0000, 0x00000000f6550000, 0x0000000100000000)
   the space 10944K,  25% used [0x00000000f5aa0000, 0x00000000f5d58220, 0x00000000f5d58400, 0x00000000f6550000)
 Metaspace       used 9846K, capacity 10112K, committed 10240K, reserved 1058816K
  class space    used 1131K, capacity 1236K, committed 1280K, reserved 1048576K
Event: 1.200 GC heap after
Heap after GC invocations=6 (full 0):
 def new generation   total 4928K, used 511K [0x00000000f0800000, 0x00000000f0d50000, 0x00000000f5aa0000)
  eden space 4416K,   0% used [0x00000000f0800000, 0x00000000f0800000, 0x00000000f0c50000)
  from space 512K,  99% used [0x00000000f0c50000, 0x00000000f0ccfff8, 0x00000000f0cd0000)
  to   space 512K,   0% used [0x00000000f0cd0000, 0x00000000f0cd0000, 0x00000000f0d50000)
 tenured generation   total 10944K, used 2999K [0x00000000f5aa0000, 0x00000000f6550000, 0x0000000100000000)
   the space 10944K,  27% used [0x00000000f5aa0000, 0x00000000f5d8de00, 0x00000000f5d8de00, 0x00000000f6550000)
 Metaspace       used 9846K, capacity 10112K, committed 10240K, reserved 1058816K
  class space    used 1131K, capacity 1236K, committed 1280K, reserved 1048576K
}
Event: 1.292 GC heap before
{Heap before GC invocations=6 (full 0):
 def new generation   total 4928K, used 4927K [0x00000000f0800000, 0x00000000f0d50000, 0x00000000f5aa0000)
  eden space 4416K, 100% used [0x00000000f0800000, 0x00000000f0c50000, 0x00000000f0c50000)
  from space 512K,  99% used [0x00000000f0c50000, 0x00000000f0ccfff8, 0x00000000f0cd0000)
  to   space 512K,   0% used [0x00000000f0cd0000, 0x00000000f0cd0000, 0x00000000f0d50000)
 tenured generation   total 10944K, used 2999K [0x00000000f5aa0000, 0x00000000f6550000, 0x0000000100000000)
   the space 10944K,  27% used [0x00000000f5aa0000, 0x00000000f5d8de00, 0x00000000f5d8de00, 0x00000000f6550000)
 Metaspace       used 10344K, capacity 10560K, committed 10880K, reserved 1058816K
  class space    used 1192K, capacity 1300K, committed 1408K, reserved 1048576K
Event: 1.294 GC heap after
Heap after GC invocations=7 (full 0):
 def new generation   total 4928K, used 431K [0x00000000f0800000, 0x00000000f0d50000, 0x00000000f5aa0000)
  eden space 4416K,   0% used [0x00000000f0800000, 0x00000000f0800000, 0x00000000f0c50000)
  from space 512K,  84% used [0x00000000f0cd0000, 0x00000000f0d3bc40, 0x00000000f0d50000)
  to   space 512K,   0% used [0x00000000f0c50000, 0x00000000f0c50000, 0x00000000f0cd0000)
 tenured generation   total 10944K, used 3347K [0x00000000f5aa0000, 0x00000000f6550000, 0x0000000100000000)
   the space 10944K,  30% used [0x00000000f5aa0000, 0x00000000f5de4d60, 0x00000000f5de4e00, 0x00000000f6550000)
 Metaspace       used 10344K, capacity 10560K, committed 10880K, reserved 1058816K
  class space    used 1192K, capacity 1300K, committed 1408K, reserved 1048576K
}
Event: 1.361 GC heap before
{Heap before GC invocations=7 (full 0):
 def new generation   total 4928K, used 4847K [0x00000000f0800000, 0x00000000f0d50000, 0x00000000f5aa0000)
  eden space 4416K, 100% used [0x00000000f0800000, 0x00000000f0c50000, 0x00000000f0c50000)
  from space 512K,  84% used [0x00000000f0cd0000, 0x00000000f0d3bc40, 0x00000000f0d50000)
  to   space 512K,   0% used [0x00000000f0c50000, 0x00000000f0c50000, 0x00000000f0cd0000)
 tenured generation   total 10944K, used 3347K [0x00000000f5aa0000, 0x00000000f6550000, 0x0000000100000000)
   the space 10944K,  30% used [0x00000000f5aa0000, 0x00000000f5de4d60, 0x00000000f5de4e00, 0x00000000f6550000)
 Metaspace       used 10770K, capacity 11002K, committed 11136K, reserved 1058816K
  class space    used 1237K, capacity 1341K, committed 1408K, reserved 1048576K
Event: 1.362 GC heap after
Heap after GC invocations=8 (full 0):
 def new generation   total 4928K, used 410K [0x00000000f0800000, 0x00000000f0d50000, 0x00000000f5aa0000)
  eden space 4416K,   0% used [0x00000000f0800000, 0x00000000f0800000, 0x00000000f0c50000)
  from space 512K,  80% used [0x00000000f0c50000, 0x00000000f0cb6ac0, 0x00000000f0cd0000)
  to   space 512K,   0% used [0x00000000f0cd0000, 0x00000000f0cd0000, 0x00000000f0d50000)
 tenured generation   total 10944K, used 3498K [0x00000000f5aa0000, 0x00000000f6550000, 0x0000000100000000)
   the space 10944K,  31% used [0x00000000f5aa0000, 0x00000000f5e0ab38, 0x00000000f5e0ac00, 0x00000000f6550000)
 Metaspace       used 10770K, capacity 11002K, committed 11136K, reserved 1058816K
  class space    used 1237K, capacity 1341K, committed 1408K, reserved 1048576K
}
Event: 1.464 GC heap before
{Heap before GC invocations=8 (full 0):
 def new generation   total 4928K, used 4826K [0x00000000f0800000, 0x00000000f0d50000, 0x00000000f5aa0000)
  eden space 4416K, 100% used [0x00000000f0800000, 0x00000000f0c50000, 0x00000000f0c50000)
  from space 512K,  80% used [0x00000000f0c50000, 0x00000000f0cb6ac0, 0x00000000f0cd0000)
  to   space 512K,   0% used [0x00000000f0cd0000, 0x00000000f0cd0000, 0x00000000f0d50000)
 tenured generation   total 10944K, used 3498K [0x00000000f5aa0000, 0x00000000f6550000, 0x0000000100000000)
   the space 10944K,  31% used [0x00000000f5aa0000, 0x00000000f5e0ab38, 0x00000000f5e0ac00, 0x00000000f6550000)
 Metaspace       used 11084K, capacity 11320K, committed 11392K, reserved 1058816K
  class space    used 1284K, capacity 1380K, committed 1408K, reserved 1048576K
Event: 1.466 GC heap after
Heap after GC invocations=9 (full 0):
 def new generation   total 4928K, used 421K [0x00000000f0800000, 0x00000000f0d50000, 0x00000000f5aa0000)
  eden space 4416K,   0% used [0x00000000f0800000, 0x00000000f0800000, 0x00000000f0c50000)
  from space 512K,  82% used [0x00000000f0cd0000, 0x00000000f0d39690, 0x00000000f0d50000)
  to   space 512K,   0% used [0x00000000f0c50000, 0x00000000f0c50000, 0x00000000f0cd0000)
 tenured generation   total 10944K, used 3598K [0x00000000f5aa0000, 0x00000000f6550000, 0x0000000100000000)
   the space 10944K,  32% used [0x00000000f5aa0000, 0x00000000f5e23a00, 0x00000000f5e23a00, 0x00000000f6550000)
 Metaspace       used 11084K, capacity 11320K, committed 11392K, reserved 1058816K
  class space    used 1284K, capacity 1380K, committed 1408K, reserved 1048576K
}
Event: 1.544 GC heap before
{Heap before GC invocations=9 (full 0):
 def new generation   total 4928K, used 4837K [0x00000000f0800000, 0x00000000f0d50000, 0x00000000f5aa0000)
  eden space 4416K, 100% used [0x00000000f0800000, 0x00000000f0c50000, 0x00000000f0c50000)
  from space 512K,  82% used [0x00000000f0cd0000, 0x00000000f0d39690, 0x00000000f0d50000)
  to   space 512K,   0% used [0x00000000f0c50000, 0x00000000f0c50000, 0x00000000f0cd0000)
 tenured generation   total 10944K, used 3598K [0x00000000f5aa0000, 0x00000000f6550000, 0x0000000100000000)
   the space 10944K,  32% used [0x00000000f5aa0000, 0x00000000f5e23a00, 0x00000000f5e23a00, 0x00000000f6550000)
 Metaspace       used 11619K, capacity 11890K, committed 12032K, reserved 1060864K
  class space    used 1346K, capacity 1485K, committed 1536K, reserved 1048576K
Event: 1.546 GC heap after
Heap after GC invocations=10 (full 0):
 def new generation   total 4928K, used 417K [0x00000000f0800000, 0x00000000f0d50000, 0x00000000f5aa0000)
  eden space 4416K,   0% used [0x00000000f0800000, 0x00000000f0800000, 0x00000000f0c50000)
  from space 512K,  81% used [0x00000000f0c50000, 0x00000000f0cb8618, 0x00000000f0cd0000)
  to   space 512K,   0% used [0x00000000f0cd0000, 0x00000000f0cd0000, 0x00000000f0d50000)
 tenured generation   total 10944K, used 3758K [0x00000000f5aa0000, 0x00000000f6550000, 0x0000000100000000)
   the space 10944K,  34% used [0x00000000f5aa0000, 0x00000000f5e4ba00, 0x00000000f5e4ba00, 0x00000000f6550000)
 Metaspace       used 11619K, capacity 11890K, committed 12032K, reserved 1060864K
  class space    used 1346K, capacity 1485K, committed 1536K, reserved 1048576K
}
Event: 1.639 GC heap before
{Heap before GC invocations=10 (full 0):
 def new generation   total 4928K, used 4833K [0x00000000f0800000, 0x00000000f0d50000, 0x00000000f5aa0000)
  eden space 4416K, 100% used [0x00000000f0800000, 0x00000000f0c50000, 0x00000000f0c50000)
  from space 512K,  81% used [0x00000000f0c50000, 0x00000000f0cb8618, 0x00000000f0cd0000)
  to   space 512K,   0% used [0x00000000f0cd0000, 0x00000000f0cd0000, 0x00000000f0d50000)
 tenured generation   total 10944K, used 3758K [0x00000000f5aa0000, 0x00000000f6550000, 0x0000000100000000)
   the space 10944K,  34% used [0x00000000f5aa0000, 0x00000000f5e4ba00, 0x00000000f5e4ba00, 0x00000000f6550000)
 Metaspace       used 11999K, capacity 12266K, committed 12544K, reserved 1060864K
  class space    used 1396K, capacity 1521K, committed 1536K, reserved 1048576K
Event: 1.641 GC heap after
Heap after GC invocations=11 (full 0):
 def new generation   total 4928K, used 357K [0x00000000f0800000, 0x00000000f0d50000, 0x00000000f5aa0000)
  eden space 4416K,   0% used [0x00000000f0800000, 0x00000000f0800000, 0x00000000f0c50000)
  from space 512K,  69% used [0x00000000f0cd0000, 0x00000000f0d29588, 0x00000000f0d50000)
  to   space 512K,   0% used [0x00000000f0c50000, 0x00000000f0c50000, 0x00000000f0cd0000)
 tenured generation   total 10944K, used 3845K [0x00000000f5aa0000, 0x00000000f6550000, 0x0000000100000000)
   the space 10944K,  35% used [0x00000000f5aa0000, 0x00000000f5e61468, 0x00000000f5e61600, 0x00000000f6550000)
 Metaspace       used 11999K, capacity 12266K, committed 12544K, reserved 1060864K
  class space    used 1396K, capacity 1521K, committed 1536K, reserved 1048576K
}
Event: 1.700 GC heap before
{Heap before GC invocations=11 (full 0):
 def new generation   total 4928K, used 4773K [0x00000000f0800000, 0x00000000f0d50000, 0x00000000f5aa0000)
  eden space 4416K, 100% used [0x00000000f0800000, 0x00000000f0c50000, 0x00000000f0c50000)
  from space 512K,  69% used [0x00000000f0cd0000, 0x00000000f0d29588, 0x00000000f0d50000)
  to   space 512K,   0% used [0x00000000f0c50000, 0x00000000f0c50000, 0x00000000f0cd0000)
 tenured generation   total 10944K, used 3845K [0x00000000f5aa0000, 0x00000000f6550000, 0x0000000100000000)
   the space 10944K,  35% used [0x00000000f5aa0000, 0x00000000f5e61468, 0x00000000f5e61600, 0x00000000f6550000)
 Metaspace       used 12265K, capacity 12504K, committed 12672K, reserved 1060864K
  class space    used 1441K, capacity 1558K, committed 1664K, reserved 1048576K
Event: 1.702 GC heap after
Heap after GC invocations=12 (full 0):
 def new generation   total 4928K, used 365K [0x00000000f0800000, 0x00000000f0d50000, 0x00000000f5aa0000)
  eden space 4416K,   0% used [0x00000000f0800000, 0x00000000f0800000, 0x00000000f0c50000)
  from space 512K,  71% used [0x00000000f0c50000, 0x00000000f0cab5b8, 0x00000000f0cd0000)
  to   space 512K,   0% used [0x00000000f0cd0000, 0x00000000f0cd0000, 0x00000000f0d50000)
 tenured generation   total 10944K, used 3955K [0x00000000f5aa0000, 0x00000000f6550000, 0x0000000100000000)
   the space 10944K,  36% used [0x00000000f5aa0000, 0x00000000f5e7cc28, 0x00000000f5e7ce00, 0x00000000f6550000)
 Metaspace       used 12265K, capacity 12504K, committed 12672K, reserved 1060864K
  class space    used 1441K, capacity 1558K, committed 1664K, reserved 1048576K
}
Event: 1.786 GC heap before
{Heap before GC invocations=12 (full 0):
 def new generation   total 4928K, used 4781K [0x00000000f0800000, 0x00000000f0d50000, 0x00000000f5aa0000)
  eden space 4416K, 100% used [0x00000000f0800000, 0x00000000f0c50000, 0x00000000f0c50000)
  from space 512K,  71% used [0x00000000f0c50000, 0x00000000f0cab5b8, 0x00000000f0cd0000)
  to   space 512K,   0% used [0x00000000f0cd0000, 0x00000000f0cd0000, 0x00000000f0d50000)
 tenured generation   total 10944K, used 3955K [0x00000000f5aa0000, 0x00000000f6550000, 0x0000000100000000)
   the space 10944K,  36% used [0x00000000f5aa0000, 0x00000000f5e7cc28, 0x00000000f5e7ce00, 0x00000000f6550000)
 Metaspace       used 13180K, capacity 13434K, committed 13696K, reserved 1060864K
  class space    used 1528K, capacity 1631K, committed 1664K, reserved 1048576K
Event: 1.787 GC heap after
Heap after GC invocations=13 (full 0):
 def new generation   total 4928K, used 408K [0x00000000f0800000, 0x00000000f0d50000, 0x00000000f5aa0000)
  eden space 4416K,   0% used [0x00000000f0800000, 0x00000000f0800000, 0x00000000f0c50000)
  from space 512K,  79% used [0x00000000f0cd0000, 0x00000000f0d361b8, 0x00000000f0d50000)
  to   space 512K,   0% used [0x00000000f0c50000, 0x00000000f0c50000, 0x00000000f0cd0000)
 tenured generation   total 10944K, used 4035K [0x00000000f5aa0000, 0x00000000f6550000, 0x0000000100000000)
   the space 10944K,  36% used [0x00000000f5aa0000, 0x00000000f5e90d68, 0x00000000f5e90e00, 0x00000000f6550000)
 Metaspace       used 13180K, capacity 13434K, committed 13696K, reserved 1060864K
  class space    used 1528K, capacity 1631K, committed 1664K, reserved 1048576K
}
Event: 1.861 GC heap before
{Heap before GC invocations=13 (full 0):
 def new generation   total 4928K, used 4824K [0x00000000f0800000, 0x00000000f0d50000, 0x00000000f5aa0000)
  eden space 4416K, 100% used [0x00000000f0800000, 0x00000000f0c50000, 0x00000000f0c50000)
  from space 512K,  79% used [0x00000000f0cd0000, 0x00000000f0d361b8, 0x00000000f0d50000)
  to   space 512K,   0% used [0x00000000f0c50000, 0x00000000f0c50000, 0x00000000f0cd0000)
 tenured generation   total 10944K, used 4035K [0x00000000f5aa0000, 0x00000000f6550000, 0x0000000100000000)
   the space 10944K,  36% used [0x00000000f5aa0000, 0x00000000f5e90d68, 0x00000000f5e90e00, 0x00000000f6550000)
 Metaspace       used 13550K, capacity 13864K, committed 14080K, reserved 1060864K
  class space    used 1571K, capacity 1666K, committed 1792K, reserved 1048576K
Event: 1.863 GC heap after
Heap after GC invocations=14 (full 0):
 def new generation   total 4928K, used 360K [0x00000000f0800000, 0x00000000f0d50000, 0x00000000f5aa0000)
  eden space 4416K,   0% used [0x00000000f0800000, 0x00000000f0800000, 0x00000000f0c50000)
  from space 512K,  70% used [0x00000000f0c50000, 0x00000000f0caa0f8, 0x00000000f0cd0000)
  to   space 512K,   0% used [0x00000000f0cd0000, 0x00000000f0cd0000, 0x00000000f0d50000)
 tenured generation   total 10944K, used 4220K [0x00000000f5aa0000, 0x00000000f6550000, 0x0000000100000000)
   the space 10944K,  38% used [0x00000000f5aa0000, 0x00000000f5ebf018, 0x00000000f5ebf200, 0x00000000f6550000)
 Metaspace       used 13550K, capacity 13864K, committed 14080K, reserved 1060864K
  class space    used 1571K, capacity 1666K, committed 1792K, reserved 1048576K
}
Event: 1.940 GC heap before
{Heap before GC invocations=14 (full 0):
 def new generation   total 4928K, used 4776K [0x00000000f0800000, 0x00000000f0d50000, 0x00000000f5aa0000)
  eden space 4416K, 100% used [0x00000000f0800000, 0x00000000f0c50000, 0x00000000f0c50000)
  from space 512K,  70% used [0x00000000f0c50000, 0x00000000f0caa0f8, 0x00000000f0cd0000)
  to   space 512K,   0% used [0x00000000f0cd0000, 0x00000000f0cd0000, 0x00000000f0d50000)
 tenured generation   total 10944K, used 4220K [0x00000000f5aa0000, 0x00000000f6550000, 0x0000000100000000)
   the space 10944K,  38% used [0x00000000f5aa0000, 0x00000000f5ebf018, 0x00000000f5ebf200, 0x00000000f6550000)
 Metaspace       used 13895K, capacity 14218K, committed 14336K, reserved 1062912K
  class space    used 1616K, capacity 1763K, committed 1792K, reserved 1048576K
Event: 1.942 GC heap after
Heap after GC invocations=15 (full 0):
 def new generation   total 4928K, used 371K [0x00000000f0800000, 0x00000000f0d50000, 0x00000000f5aa0000)
  eden space 4416K,   0% used [0x00000000f0800000, 0x00000000f0800000, 0x00000000f0c50000)
  from space 512K,  72% used [0x00000000f0cd0000, 0x00000000f0d2cef0, 0x00000000f0d50000)
  to   space 512K,   0% used [0x00000000f0c50000, 0x00000000f0c50000, 0x00000000f0cd0000)
 tenured generation   total 10944K, used 4347K [0x00000000f5aa0000, 0x00000000f6550000, 0x0000000100000000)
   the space 10944K,  39% used [0x00000000f5aa0000, 0x00000000f5edec88, 0x00000000f5edee00, 0x00000000f6550000)
 Metaspace       used 13895K, capacity 14218K, committed 14336K, reserved 1062912K
  class space    used 1616K, capacity 1763K, committed 1792K, reserved 1048576K
}
Event: 2.010 GC heap before
{Heap before GC invocations=15 (full 0):
 def new generation   total 4928K, used 4787K [0x00000000f0800000, 0x00000000f0d50000, 0x00000000f5aa0000)
  eden space 4416K, 100% used [0x00000000f0800000, 0x00000000f0c50000, 0x00000000f0c50000)
  from space 512K,  72% used [0x00000000f0cd0000, 0x00000000f0d2cef0, 0x00000000f0d50000)
  to   space 512K,   0% used [0x00000000f0c50000, 0x00000000f0c50000, 0x00000000f0cd0000)
 tenured generation   total 10944K, used 4347K [0x00000000f5aa0000, 0x00000000f6550000, 0x0000000100000000)
   the space 10944K,  39% used [0x00000000f5aa0000, 0x00000000f5edec88, 0x00000000f5edee00, 0x00000000f6550000)
 Metaspace       used 14237K, capacity 14570K, committed 14720K, reserved 1062912K
  class space    used 1669K, capacity 1795K, committed 1920K, reserved 1048576K
Event: 2.012 GC heap after
Heap after GC invocations=16 (full 0):
 def new generation   total 4928K, used 408K [0x00000000f0800000, 0x00000000f0d50000, 0x00000000f5aa0000)
  eden space 4416K,   0% used [0x00000000f0800000, 0x00000000f0800000, 0x00000000f0c50000)
  from space 512K,  79% used [0x00000000f0c50000, 0x00000000f0cb6358, 0x00000000f0cd0000)
  to   space 512K,   0% used [0x00000000f0cd0000, 0x00000000f0cd0000, 0x00000000f0d50000)
 tenured generation   total 10944K, used 4440K [0x00000000f5aa0000, 0x00000000f6550000, 0x0000000100000000)
   the space 10944K,  40% used [0x00000000f5aa0000, 0x00000000f5ef62d8, 0x00000000f5ef6400, 0x00000000f6550000)
 Metaspace       used 14237K, capacity 14570K, committed 14720K, reserved 1062912K
  class space    used 1669K, capacity 1795K, committed 1920K, reserved 1048576K
}
Event: 2.080 GC heap before
{Heap before GC invocations=16 (full 0):
 def new generation   total 4928K, used 4824K [0x00000000f0800000, 0x00000000f0d50000, 0x00000000f5aa0000)
  eden space 4416K, 100% used [0x00000000f0800000, 0x00000000f0c50000, 0x00000000f0c50000)
  from space 512K,  79% used [0x00000000f0c50000, 0x00000000f0cb6358, 0x00000000f0cd0000)
  to   space 512K,   0% used [0x00000000f0cd0000, 0x00000000f0cd0000, 0x00000000f0d50000)
 tenured generation   total 10944K, used 4440K [0x00000000f5aa0000, 0x00000000f6550000, 0x0000000100000000)
   the space 10944K,  40% used [0x00000000f5aa0000, 0x00000000f5ef62d8, 0x00000000f5ef6400, 0x00000000f6550000)
 Metaspace       used 14759K, capacity 15168K, committed 15232K, reserved 1062912K
  class space    used 1751K, capacity 1906K, committed 1920K, reserved 1048576K
Event: 2.082 GC heap after
Heap after GC invocations=17 (full 0):
 def new generation   total 4928K, used 480K [0x00000000f0800000, 0x00000000f0d50000, 0x00000000f5aa0000)
  eden space 4416K,   0% used [0x00000000f0800000, 0x00000000f0800000, 0x00000000f0c50000)
  from space 512K,  93% used [0x00000000f0cd0000, 0x00000000f0d48148, 0x00000000f0d50000)
  to   space 512K,   0% used [0x00000000f0c50000, 0x00000000f0c50000, 0x00000000f0cd0000)
 tenured generation   total 10944K, used 4536K [0x00000000f5aa0000, 0x00000000f6550000, 0x0000000100000000)
   the space 10944K,  41% used [0x00000000f5aa0000, 0x00000000f5f0e080, 0x00000000f5f0e200, 0x00000000f6550000)
 Metaspace       used 14759K, capacity 15168K, committed 15232K, reserved 1062912K
  class space    used 1751K, capacity 1906K, committed 1920K, reserved 1048576K
}
Event: 2.172 GC heap before
{Heap before GC invocations=17 (full 0):
 def new generation   total 4928K, used 4896K [0x00000000f0800000, 0x00000000f0d50000, 0x00000000f5aa0000)
  eden space 4416K, 100% used [0x00000000f0800000, 0x00000000f0c50000, 0x00000000f0c50000)
  from space 512K,  93% used [0x00000000f0cd0000, 0x00000000f0d48148, 0x00000000f0d50000)
  to   space 512K,   0% used [0x00000000f0c50000, 0x00000000f0c50000, 0x00000000f0cd0000)
 tenured generation   total 10944K, used 4536K [0x00000000f5aa0000, 0x00000000f6550000, 0x0000000100000000)
   the space 10944K,  41% used [0x00000000f5aa0000, 0x00000000f5f0e080, 0x00000000f5f0e200, 0x00000000f6550000)
 Metaspace       used 15594K, capacity 15996K, committed 16128K, reserved 1062912K
  class space    used 1836K, capacity 1968K, committed 2048K, reserved 1048576K
Event: 2.174 GC heap after
Heap after GC invocations=18 (full 0):
 def new generation   total 4928K, used 431K [0x00000000f0800000, 0x00000000f0d50000, 0x00000000f5aa0000)
  eden space 4416K,   0% used [0x00000000f0800000, 0x00000000f0800000, 0x00000000f0c50000)
  from space 512K,  84% used [0x00000000f0c50000, 0x00000000f0cbbff8, 0x00000000f0cd0000)
  to   space 512K,   0% used [0x00000000f0cd0000, 0x00000000f0cd0000, 0x00000000f0d50000)
 tenured generation   total 10944K, used 4760K [0x00000000f5aa0000, 0x00000000f6550000, 0x0000000100000000)
   the space 10944K,  43% used [0x00000000f5aa0000, 0x00000000f5f463c0, 0x00000000f5f46400, 0x00000000f6550000)
 Metaspace       used 15594K, capacity 15996K, committed 16128K, reserved 1062912K
  class space    used 1836K, capacity 1968K, committed 2048K, reserved 1048576K
}
Event: 2.235 GC heap before
{Heap before GC invocations=18 (full 0):
 def new generation   total 4928K, used 4847K [0x00000000f0800000, 0x00000000f0d50000, 0x00000000f5aa0000)
  eden space 4416K, 100% used [0x00000000f0800000, 0x00000000f0c50000, 0x00000000f0c50000)
  from space 512K,  84% used [0x00000000f0c50000, 0x00000000f0cbbff8, 0x00000000f0cd0000)
  to   space 512K,   0% used [0x00000000f0cd0000, 0x00000000f0cd0000, 0x00000000f0d50000)
 tenured generation   total 10944K, used 4760K [0x00000000f5aa0000, 0x00000000f6550000, 0x0000000100000000)
   the space 10944K,  43% used [0x00000000f5aa0000, 0x00000000f5f463c0, 0x00000000f5f46400, 0x00000000f6550000)
 Metaspace       used 15826K, capacity 16284K, committed 16384K, reserved 1062912K
  class space    used 1875K, capacity 2038K, committed 2048K, reserved 1048576K
Event: 2.237 GC heap after
Heap after GC invocations=19 (full 0):
 def new generation   total 4928K, used 194K [0x00000000f0800000, 0x00000000f0d50000, 0x00000000f5aa0000)
  eden space 4416K,   0% used [0x00000000f0800000, 0x00000000f0800000, 0x00000000f0c50000)
  from space 512K,  37% used [0x00000000f0cd0000, 0x00000000f0d00928, 0x00000000f0d50000)
  to   space 512K,   0% used [0x00000000f0c50000, 0x00000000f0c50000, 0x00000000f0cd0000)
 tenured generation   total 10944K, used 4924K [0x00000000f5aa0000, 0x00000000f6550000, 0x0000000100000000)
   the space 10944K,  44% used [0x00000000f5aa0000, 0x00000000f5f6f210, 0x00000000f5f6f400, 0x00000000f6550000)
 Metaspace       used 15826K, capacity 16284K, committed 16384K, reserved 1062912K
  class space    used 1875K, capacity 2038K, committed 2048K, reserved 1048576K
}
Event: 2.298 GC heap before
{Heap before GC invocations=19 (full 0):
 def new generation   total 4928K, used 4610K [0x00000000f0800000, 0x00000000f0d50000, 0x00000000f5aa0000)
  eden space 4416K, 100% used [0x00000000f0800000, 0x00000000f0c50000, 0x00000000f0c50000)
  from space 512K,  37% used [0x00000000f0cd0000, 0x00000000f0d00928, 0x00000000f0d50000)
  to   space 512K,   0% used [0x00000000f0c50000, 0x00000000f0c50000, 0x00000000f0cd0000)
 tenured generation   total 10944K, used 4924K [0x00000000f5aa0000, 0x00000000f6550000, 0x0000000100000000)
   the space 10944K,  44% used [0x00000000f5aa0000, 0x00000000f5f6f210, 0x00000000f5f6f400, 0x00000000f6550000)
 Metaspace       used 16121K, capacity 16534K, committed 16768K, reserved 1064960K
  class space    used 1928K, capacity 2079K, committed 2176K, reserved 1048576K
Event: 2.299 GC heap after
Heap after GC invocations=20 (full 0):
 def new generation   total 4928K, used 315K [0x00000000f0800000, 0x00000000f0d50000, 0x00000000f5aa0000)
  eden space 4416K,   0% used [0x00000000f0800000, 0x00000000f0800000, 0x00000000f0c50000)
  from space 512K,  61% used [0x00000000f0c50000, 0x00000000f0c9efb8, 0x00000000f0cd0000)
  to   space 512K,   0% used [0x00000000f0cd0000, 0x00000000f0cd0000, 0x00000000f0d50000)
 tenured generation   total 10944K, used 4924K [0x00000000f5aa0000, 0x00000000f6550000, 0x0000000100000000)
   the space 10944K,  44% used [0x00000000f5aa0000, 0x00000000f5f6f210, 0x00000000f5f6f400, 0x00000000f6550000)
 Metaspace       used 16121K, capacity 16534K, committed 16768K, reserved 1064960K
  class space    used 1928K, capacity 2079K, committed 2176K, reserved 1048576K
}
Event: 2.359 GC heap before
{Heap before GC invocations=20 (full 0):
 def new generation   total 4928K, used 4731K [0x00000000f0800000, 0x00000000f0d50000, 0x00000000f5aa0000)
  eden space 4416K, 100% used [0x00000000f0800000, 0x00000000f0c50000, 0x00000000f0c50000)
  from space 512K,  61% used [0x00000000f0c50000, 0x00000000f0c9efb8, 0x00000000f0cd0000)
  to   space 512K,   0% used [0x00000000f0cd0000, 0x00000000f0cd0000, 0x00000000f0d50000)
 tenured generation   total 10944K, used 4924K [0x00000000f5aa0000, 0x00000000f6550000, 0x0000000100000000)
   the space 10944K,  44% used [0x00000000f5aa0000, 0x00000000f5f6f210, 0x00000000f5f6f400, 0x00000000f6550000)
 Metaspace       used 16441K, capacity 16892K, committed 17024K, reserved 1064960K
  class space    used 1973K, capacity 2112K, committed 2176K, reserved 1048576K
Event: 2.361 GC heap after
Heap after GC invocations=21 (full 0):
 def new generation   total 4928K, used 382K [0x00000000f0800000, 0x00000000f0d50000, 0x00000000f5aa0000)
  eden space 4416K,   0% used [0x00000000f0800000, 0x00000000f0800000, 0x00000000f0c50000)
  from space 512K,  74% used [0x00000000f0cd0000, 0x00000000f0d2fbb0, 0x00000000f0d50000)
  to   space 512K,   0% used [0x00000000f0c50000, 0x00000000f0c50000, 0x00000000f0cd0000)
 tenured generation   total 10944K, used 5014K [0x00000000f5aa0000, 0x00000000f6550000, 0x0000000100000000)
   the space 10944K,  45% used [0x00000000f5aa0000, 0x00000000f5f85a20, 0x00000000f5f85c00, 0x00000000f6550000)
 Metaspace       used 16441K, capacity 16892K, committed 17024K, reserved 1064960K
  class space    used 1973K, capacity 2112K, committed 2176K, reserved 1048576K
}
Event: 2.406 GC heap before
{Heap before GC invocations=21 (full 0):
 def new generation   total 4928K, used 4798K [0x00000000f0800000, 0x00000000f0d50000, 0x00000000f5aa0000)
  eden space 4416K, 100% used [0x00000000f0800000, 0x00000000f0c50000, 0x00000000f0c50000)
  from space 512K,  74% used [0x00000000f0cd0000, 0x00000000f0d2fbb0, 0x00000000f0d50000)
  to   space 512K,   0% used [0x00000000f0c50000, 0x00000000f0c50000, 0x00000000f0cd0000)
 tenured generation   total 10944K, used 5014K [0x00000000f5aa0000, 0x00000000f6550000, 0x0000000100000000)
   the space 10944K,  45% used [0x00000000f5aa0000, 0x00000000f5f85a20, 0x00000000f5f85c00, 0x00000000f6550000)
 Metaspace       used 16710K, capacity 17186K, committed 17408K, reserved 1064960K
  class space    used 2033K, capacity 2209K, committed 2304K, reserved 1048576K
Event: 2.408 GC heap after
Heap after GC invocations=22 (full 0):
 def new generation   total 4928K, used 236K [0x00000000f0800000, 0x00000000f0d50000, 0x00000000f5aa0000)
  eden space 4416K,   0% used [0x00000000f0800000, 0x00000000f0800000, 0x00000000f0c50000)
  from space 512K,  46% used [0x00000000f0c50000, 0x00000000f0c8b380, 0x00000000f0cd0000)
  to   space 512K,   0% used [0x00000000f0cd0000, 0x00000000f0cd0000, 0x00000000f0d50000)
 tenured generation   total 10944K, used 5183K [0x00000000f5aa0000, 0x00000000f6550000, 0x0000000100000000)
   the space 10944K,  47% used [0x00000000f5aa0000, 0x00000000f5fafc70, 0x00000000f5fafe00, 0x00000000f6550000)
 Metaspace       used 16710K, capacity 17186K, committed 17408K, reserved 1064960K
  class space    used 2033K, capacity 2209K, committed 2304K, reserved 1048576K
}
Event: 2.470 GC heap before
{Heap before GC invocations=22 (full 0):
 def new generation   total 4928K, used 4652K [0x00000000f0800000, 0x00000000f0d50000, 0x00000000f5aa0000)
  eden space 4416K, 100% used [0x00000000f0800000, 0x00000000f0c50000, 0x00000000f0c50000)
  from space 512K,  46% used [0x00000000f0c50000, 0x00000000f0c8b380, 0x00000000f0cd0000)
  to   space 512K,   0% used [0x00000000f0cd0000, 0x00000000f0cd0000, 0x00000000f0d50000)
 tenured generation   total 10944K, used 5183K [0x00000000f5aa0000, 0x00000000f6550000, 0x0000000100000000)
   the space 10944K,  47% used [0x00000000f5aa0000, 0x00000000f5fafc70, 0x00000000f5fafe00, 0x00000000f6550000)
 Metaspace       used 16977K, capacity 17462K, committed 17664K, reserved 1064960K
  class space    used 2080K, capacity 2253K, committed 2304K, reserved 1048576K
Event: 2.472 GC heap after
Heap after GC invocations=23 (full 0):
 def new generation   total 4928K, used 425K [0x00000000f0800000, 0x00000000f0d50000, 0x00000000f5aa0000)
  eden space 4416K,   0% used [0x00000000f0800000, 0x00000000f0800000, 0x00000000f0c50000)
  from space 512K,  83% used [0x00000000f0cd0000, 0x00000000f0d3a6b8, 0x00000000f0d50000)
  to   space 512K,   0% used [0x00000000f0c50000, 0x00000000f0c50000, 0x00000000f0cd0000)
 tenured generation   total 10944K, used 5183K [0x00000000f5aa0000, 0x00000000f6550000, 0x0000000100000000)
   the space 10944K,  47% used [0x00000000f5aa0000, 0x00000000f5fafc70, 0x00000000f5fafe00, 0x00000000f6550000)
 Metaspace       used 16977K, capacity 17462K, committed 17664K, reserved 1064960K
  class space    used 2080K, capacity 2253K, committed 2304K, reserved 1048576K
}
Event: 2.533 GC heap before
{Heap before GC invocations=23 (full 0):
 def new generation   total 4928K, used 4841K [0x00000000f0800000, 0x00000000f0d50000, 0x00000000f5aa0000)
  eden space 4416K, 100% used [0x00000000f0800000, 0x00000000f0c50000, 0x00000000f0c50000)
  from space 512K,  83% used [0x00000000f0cd0000, 0x00000000f0d3a6b8, 0x00000000f0d50000)
  to   space 512K,   0% used [0x00000000f0c50000, 0x00000000f0c50000, 0x00000000f0cd0000)
 tenured generation   total 10944K, used 5183K [0x00000000f5aa0000, 0x00000000f6550000, 0x0000000100000000)
   the space 10944K,  47% used [0x00000000f5aa0000, 0x00000000f5fafc70, 0x00000000f5fafe00, 0x00000000f6550000)
 Metaspace       used 17417K, capacity 17884K, committed 17920K, reserved 1064960K
  class space    used 2139K, capacity 2286K, committed 2304K, reserved 1048576K
Event: 2.535 GC heap after
Heap after GC invocations=24 (full 0):
 def new generation   total 4928K, used 450K [0x00000000f0800000, 0x00000000f0d50000, 0x00000000f5aa0000)
  eden space 4416K,   0% used [0x00000000f0800000, 0x00000000f0800000, 0x00000000f0c50000)
  from space 512K,  87% used [0x00000000f0c50000, 0x00000000f0cc08c0, 0x00000000f0cd0000)
  to   space 512K,   0% used [0x00000000f0cd0000, 0x00000000f0cd0000, 0x00000000f0d50000)
 tenured generation   total 10944K, used 5386K [0x00000000f5aa0000, 0x00000000f6550000, 0x0000000100000000)
   the space 10944K,  49% used [0x00000000f5aa0000, 0x00000000f5fe2ad8, 0x00000000f5fe2c00, 0x00000000f6550000)
 Metaspace       used 17417K, capacity 17884K, committed 17920K, reserved 1064960K
  class space    used 2139K, capacity 2286K, committed 2304K, reserved 1048576K
}
Event: 2.582 GC heap before
{Heap before GC invocations=24 (full 0):
 def new generation   total 4928K, used 4866K [0x00000000f0800000, 0x00000000f0d50000, 0x00000000f5aa0000)
  eden space 4416K, 100% used [0x00000000f0800000, 0x00000000f0c50000, 0x00000000f0c50000)
  from space 512K,  87% used [0x00000000f0c50000, 0x00000000f0cc08c0, 0x00000000f0cd0000)
  to   space 512K,   0% used [0x00000000f0cd0000, 0x00000000f0cd0000, 0x00000000f0d50000)
 tenured generation   total 10944K, used 5386K [0x00000000f5aa0000, 0x00000000f6550000, 0x0000000100000000)
   the space 10944K,  49% used [0x00000000f5aa0000, 0x00000000f5fe2ad8, 0x00000000f5fe2c00, 0x00000000f6550000)
 Metaspace       used 17641K, capacity 18140K, committed 18304K, reserved 1064960K
  class space    used 2188K, capacity 2350K, committed 2432K, reserved 1048576K
Event: 2.584 GC heap after
Heap after GC invocations=25 (full 0):
 def new generation   total 4928K, used 289K [0x00000000f0800000, 0x00000000f0d50000, 0x00000000f5aa0000)
  eden space 4416K,   0% used [0x00000000f0800000, 0x00000000f0800000, 0x00000000f0c50000)
  from space 512K,  56% used [0x00000000f0cd0000, 0x00000000f0d184a0, 0x00000000f0d50000)
  to   space 512K,   0% used [0x00000000f0c50000, 0x00000000f0c50000, 0x00000000f0cd0000)
 tenured generation   total 10944K, used 5498K [0x00000000f5aa0000, 0x00000000f6550000, 0x0000000100000000)
   the space 10944K,  50% used [0x00000000f5aa0000, 0x00000000f5ffeab8, 0x00000000f5ffec00, 0x00000000f6550000)
 Metaspace       used 17641K, capacity 18140K, committed 18304K, reserved 1064960K
  class space    used 2188K, capacity 2350K, committed 2432K, reserved 1048576K
}
Event: 2.615 GC heap before
{Heap before GC invocations=25 (full 0):
 def new generation   total 4928K, used 4744K [0x00000000f0800000, 0x00000000f0d50000, 0x00000000f5aa0000)
  eden space 4416K, 100% used [0x00000000f0800000, 0x00000000f0c50000, 0x00000000f0c50000)
  from space 512K,  64% used [0x00000000f0cd0000, 0x00000000f0d221a8, 0x00000000f0d50000)
  to   space 512K,   0% used [0x00000000f0c50000, 0x00000000f0c50000, 0x00000000f0cd0000)
 tenured generation   total 10944K, used 5498K [0x00000000f5aa0000, 0x00000000f6550000, 0x0000000100000000)
   the space 10944K,  50% used [0x00000000f5aa0000, 0x00000000f5ffeab8, 0x00000000f5ffec00, 0x00000000f6550000)
 Metaspace       used 17846K, capacity 18300K, committed 18560K, reserved 1064960K
  class space    used 2239K, capacity 2382K, committed 2432K, reserved 1048576K
Event: 2.617 GC heap after
Heap after GC invocations=26 (full 0):
 def new generation   total 4928K, used 325K [0x00000000f0800000, 0x00000000f0d50000, 0x00000000f5aa0000)
  eden space 4416K,   0% used [0x00000000f0800000, 0x00000000f0800000, 0x00000000f0c50000)
  from space 512K,  63% used [0x00000000f0c50000, 0x00000000f0ca1518, 0x00000000f0cd0000)
  to   space 512K,   0% used [0x00000000f0cd0000, 0x00000000f0cd0000, 0x00000000f0d50000)
 tenured generation   total 10944K, used 5585K [0x00000000f5aa0000, 0x00000000f6550000, 0x0000000100000000)
   the space 10944K,  51% used [0x00000000f5aa0000, 0x00000000f6014570, 0x00000000f6014600, 0x00000000f6550000)
 Metaspace       used 17846K, capacity 18300K, committed 18560K, reserved 1064960K
  class space    used 2239K, capacity 2382K, committed 2432K, reserved 1048576K
}
Event: 2.672 GC heap before
{Heap before GC invocations=26 (full 0):
 def new generation   total 4928K, used 4741K [0x00000000f0800000, 0x00000000f0d50000, 0x00000000f5aa0000)
  eden space 4416K, 100% used [0x00000000f0800000, 0x00000000f0c50000, 0x00000000f0c50000)
  from space 512K,  63% used [0x00000000f0c50000, 0x00000000f0ca1518, 0x00000000f0cd0000)
  to   space 512K,   0% used [0x00000000f0cd0000, 0x00000000f0cd0000, 0x00000000f0d50000)
 tenured generation   total 10944K, used 5585K [0x00000000f5aa0000, 0x00000000f6550000, 0x0000000100000000)
   the space 10944K,  51% used [0x00000000f5aa0000, 0x00000000f6014570, 0x00000000f6014600, 0x00000000f6550000)
 Metaspace       used 18178K, capacity 18632K, committed 18944K, reserved 1064960K
  class space    used 2294K, capacity 2448K, committed 2560K, reserved 1048576K
Event: 2.674 GC heap after
Heap after GC invocations=27 (full 0):
 def new generation   total 4928K, used 408K [0x00000000f0800000, 0x00000000f0d50000, 0x00000000f5aa0000)
  eden space 4416K,   0% used [0x00000000f0800000, 0x00000000f0800000, 0x00000000f0c50000)
  from space 512K,  79% used [0x00000000f0cd0000, 0x00000000f0d36260, 0x00000000f0d50000)
  to   space 512K,   0% used [0x00000000f0c50000, 0x00000000f0c50000, 0x00000000f0cd0000)
 tenured generation   total 10944K, used 5688K [0x00000000f5aa0000, 0x00000000f6550000, 0x0000000100000000)
   the space 10944K,  51% used [0x00000000f5aa0000, 0x00000000f602e1d8, 0x00000000f602e200, 0x00000000f6550000)
 Metaspace       used 18178K, capacity 18632K, committed 18944K, reserved 1064960K
  class space    used 2294K, capacity 2448K, committed 2560K, reserved 1048576K
}
Event: 2.739 GC heap before
{Heap before GC invocations=27 (full 0):
 def new generation   total 4928K, used 4824K [0x00000000f0800000, 0x00000000f0d50000, 0x00000000f5aa0000)
  eden space 4416K, 100% used [0x00000000f0800000, 0x00000000f0c50000, 0x00000000f0c50000)
  from space 512K,  79% used [0x00000000f0cd0000, 0x00000000f0d36260, 0x00000000f0d50000)
  to   space 512K,   0% used [0x00000000f0c50000, 0x00000000f0c50000, 0x00000000f0cd0000)
 tenured generation   total 10944K, used 5688K [0x00000000f5aa0000, 0x00000000f6550000, 0x0000000100000000)
   the space 10944K,  51% used [0x00000000f5aa0000, 0x00000000f602e1d8, 0x00000000f602e200, 0x00000000f6550000)
 Metaspace       used 18557K, capacity 19110K, committed 19200K, reserved 1067008K
  class space    used 2346K, capacity 2519K, committed 2560K, reserved 1048576K
Event: 2.741 GC heap after
Heap after GC invocations=28 (full 0):
 def new generation   total 4928K, used 425K [0x00000000f0800000, 0x00000000f0d50000, 0x00000000f5aa0000)
  eden space 4416K,   0% used [0x00000000f0800000, 0x00000000f0800000, 0x00000000f0c50000)
  from space 512K,  83% used [0x00000000f0c50000, 0x00000000f0cba6d8, 0x00000000f0cd0000)
  to   space 512K,   0% used [0x00000000f0cd0000, 0x00000000f0cd0000, 0x00000000f0d50000)
 tenured generation   total 10944K, used 5825K [0x00000000f5aa0000, 0x00000000f6550000, 0x0000000100000000)
   the space 10944K,  53% used [0x00000000f5aa0000, 0x00000000f60507a0, 0x00000000f6050800, 0x00000000f6550000)
 Metaspace       used 18557K, capacity 19110K, committed 19200K, reserved 1067008K
  class space    used 2346K, capacity 2519K, committed 2560K, reserved 1048576K
}
Event: 2.786 GC heap before
{Heap before GC invocations=28 (full 0):
 def new generation   total 4928K, used 4841K [0x00000000f0800000, 0x00000000f0d50000, 0x00000000f5aa0000)
  eden space 4416K, 100% used [0x00000000f0800000, 0x00000000f0c50000, 0x00000000f0c50000)
  from space 512K,  83% used [0x00000000f0c50000, 0x00000000f0cba6d8, 0x00000000f0cd0000)
  to   space 512K,   0% used [0x00000000f0cd0000, 0x00000000f0cd0000, 0x00000000f0d50000)
 tenured generation   total 10944K, used 5825K [0x00000000f5aa0000, 0x00000000f6550000, 0x0000000100000000)
   the space 10944K,  53% used [0x00000000f5aa0000, 0x00000000f60507a0, 0x00000000f6050800, 0x00000000f6550000)
 Metaspace       used 18847K, capacity 19406K, committed 19456K, reserved 1067008K
  class space    used 2389K, capacity 2551K, committed 2560K, reserved 1048576K
Event: 2.788 GC heap after
Heap after GC invocations=29 (full 0):
 def new generation   total 4928K, used 383K [0x00000000f0800000, 0x00000000f0d50000, 0x00000000f5aa0000)
  eden space 4416K,   0% used [0x00000000f0800000, 0x00000000f0800000, 0x00000000f0c50000)
  from space 512K,  74% used [0x00000000f0cd0000, 0x00000000f0d2fcb0, 0x00000000f0d50000)
  to   space 512K,   0% used [0x00000000f0c50000, 0x00000000f0c50000, 0x00000000f0cd0000)
 tenured generation   total 10944K, used 5913K [0x00000000f5aa0000, 0x00000000f6550000, 0x0000000100000000)
   the space 10944K,  54% used [0x00000000f5aa0000, 0x00000000f6066588, 0x00000000f6066600, 0x00000000f6550000)
 Metaspace       used 18847K, capacity 19406K, committed 19456K, reserved 1067008K
  class space    used 2389K, capacity 2551K, committed 2560K, reserved 1048576K
}
Event: 2.841 GC heap before
{Heap before GC invocations=29 (full 0):
 def new generation   total 4928K, used 4781K [0x00000000f0800000, 0x00000000f0d50000, 0x00000000f5aa0000)
  eden space 4416K,  99% used [0x00000000f0800000, 0x00000000f0c4b978, 0x00000000f0c50000)
  from space 512K,  74% used [0x00000000f0cd0000, 0x00000000f0d2fcb0, 0x00000000f0d50000)
  to   space 512K,   0% used [0x00000000f0c50000, 0x00000000f0c50000, 0x00000000f0cd0000)
 tenured generation   total 10944K, used 5913K [0x00000000f5aa0000, 0x00000000f6550000, 0x0000000100000000)
   the space 10944K,  54% used [0x00000000f5aa0000, 0x00000000f6066588, 0x00000000f6066600, 0x00000000f6550000)
 Metaspace       used 19159K, capacity 19734K, committed 20096K, reserved 1067008K
  class space    used 2434K, capacity 2617K, committed 2688K, reserved 1048576K
Event: 2.843 GC heap after
Heap after GC invocations=30 (full 0):
 def new generation   total 4928K, used 311K [0x00000000f0800000, 0x00000000f0d50000, 0x00000000f5aa0000)
  eden space 4416K,   0% used [0x00000000f0800000, 0x00000000f0800000, 0x00000000f0c50000)
  from space 512K,  60% used [0x00000000f0c50000, 0x00000000f0c9de08, 0x00000000f0cd0000)
  to   space 512K,   0% used [0x00000000f0cd0000, 0x00000000f0cd0000, 0x00000000f0d50000)
 tenured generation   total 10944K, used 5981K [0x00000000f5aa0000, 0x00000000f6550000, 0x0000000100000000)
   the space 10944K,  54% used [0x00000000f5aa0000, 0x00000000f6077720, 0x00000000f6077800, 0x00000000f6550000)
 Metaspace       used 19159K, capacity 19734K, committed 20096K, reserved 1067008K
  class space    used 2434K, capacity 2617K, committed 2688K, reserved 1048576K
}
Event: 2.910 GC heap before
{Heap before GC invocations=30 (full 0):
 def new generation   total 4928K, used 4727K [0x00000000f0800000, 0x00000000f0d50000, 0x00000000f5aa0000)
  eden space 4416K, 100% used [0x00000000f0800000, 0x00000000f0c50000, 0x00000000f0c50000)
  from space 512K,  60% used [0x00000000f0c50000, 0x00000000f0c9de08, 0x00000000f0cd0000)
  to   space 512K,   0% used [0x00000000f0cd0000, 0x00000000f0cd0000, 0x00000000f0d50000)
 tenured generation   total 10944K, used 5981K [0x00000000f5aa0000, 0x00000000f6550000, 0x0000000100000000)
   the space 10944K,  54% used [0x00000000f5aa0000, 0x00000000f6077720, 0x00000000f6077800, 0x00000000f6550000)
 Metaspace       used 19563K, capacity 20086K, committed 20352K, reserved 1067008K
  class space    used 2486K, capacity 2663K, committed 2688K, reserved 1048576K
Event: 2.912 GC heap after
Heap after GC invocations=31 (full 0):
 def new generation   total 4928K, used 437K [0x00000000f0800000, 0x00000000f0d50000, 0x00000000f5aa0000)
  eden space 4416K,   0% used [0x00000000f0800000, 0x00000000f0800000, 0x00000000f0c50000)
  from space 512K,  85% used [0x00000000f0cd0000, 0x00000000f0d3d710, 0x00000000f0d50000)
  to   space 512K,   0% used [0x00000000f0c50000, 0x00000000f0c50000, 0x00000000f0cd0000)
 tenured generation   total 10944K, used 6051K [0x00000000f5aa0000, 0x00000000f6550000, 0x0000000100000000)
   the space 10944K,  55% used [0x00000000f5aa0000, 0x00000000f6088d18, 0x00000000f6088e00, 0x00000000f6550000)
 Metaspace       used 19563K, capacity 20086K, committed 20352K, reserved 1067008K
  class space    used 2486K, capacity 2663K, committed 2688K, reserved 1048576K
}
Event: 2.973 GC heap before
{Heap before GC invocations=31 (full 0):
 def new generation   total 4928K, used 4853K [0x00000000f0800000, 0x00000000f0d50000, 0x00000000f5aa0000)
  eden space 4416K, 100% used [0x00000000f0800000, 0x00000000f0c50000, 0x00000000f0c50000)
  from space 512K,  85% used [0x00000000f0cd0000, 0x00000000f0d3d710, 0x00000000f0d50000)
  to   space 512K,   0% used [0x00000000f0c50000, 0x00000000f0c50000, 0x00000000f0cd0000)
 tenured generation   total 10944K, used 6051K [0x00000000f5aa0000, 0x00000000f6550000, 0x0000000100000000)
   the space 10944K,  55% used [0x00000000f5aa0000, 0x00000000f6088d18, 0x00000000f6088e00, 0x00000000f6550000)
 Metaspace       used 19991K, capacity 20582K, committed 20736K, reserved 1067008K
  class space    used 2535K, capacity 2699K, committed 2816K, reserved 1048576K
Event: 2.975 GC heap after
Heap after GC invocations=32 (full 0):
 def new generation   total 4928K, used 490K [0x00000000f0800000, 0x00000000f0d50000, 0x00000000f5aa0000)
  eden space 4416K,   0% used [0x00000000f0800000, 0x00000000f0800000, 0x00000000f0c50000)
  from space 512K,  95% used [0x00000000f0c50000, 0x00000000f0cca8e0, 0x00000000f0cd0000)
  to   space 512K,   0% used [0x00000000f0cd0000, 0x00000000f0cd0000, 0x00000000f0d50000)
 tenured generation   total 10944K, used 6172K [0x00000000f5aa0000, 0x00000000f6550000, 0x0000000100000000)
   the space 10944K,  56% used [0x00000000f5aa0000, 0x00000000f60a71b8, 0x00000000f60a7200, 0x00000000f6550000)
 Metaspace       used 19991K, capacity 20582K, committed 20736K, reserved 1067008K
  class space    used 2535K, capacity 2699K, committed 2816K, reserved 1048576K
}
Event: 3.057 GC heap before
{Heap before GC invocations=32 (full 0):
 def new generation   total 4928K, used 4906K [0x00000000f0800000, 0x00000000f0d50000, 0x00000000f5aa0000)
  eden space 4416K, 100% used [0x00000000f0800000, 0x00000000f0c50000, 0x00000000f0c50000)
  from space 512K,  95% used [0x00000000f0c50000, 0x00000000f0cca8e0, 0x00000000f0cd0000)
  to   space 512K,   0% used [0x00000000f0cd0000, 0x00000000f0cd0000, 0x00000000f0d50000)
 tenured generation   total 10944K, used 6172K [0x00000000f5aa0000, 0x00000000f6550000, 0x0000000100000000)
   the space 10944K,  56% used [0x00000000f5aa0000, 0x00000000f60a71b8, 0x00000000f60a7200, 0x00000000f6550000)
 Metaspace       used 20627K, capacity 21196K, committed 21248K, reserved 1067008K
  class space    used 2623K, capacity 2780K, committed 2816K, reserved 1048576K
Event: 3.059 GC heap after
Heap after GC invocations=33 (full 0):
 def new generation   total 4928K, used 424K [0x00000000f0800000, 0x00000000f0d50000, 0x00000000f5aa0000)
  eden space 4416K,   0% used [0x00000000f0800000, 0x00000000f0800000, 0x00000000f0c50000)
  from space 512K,  82% used [0x00000000f0cd0000, 0x00000000f0d3a078, 0x00000000f0d50000)
  to   space 512K,   0% used [0x00000000f0c50000, 0x00000000f0c50000, 0x00000000f0cd0000)
 tenured generation   total 10944K, used 6270K [0x00000000f5aa0000, 0x00000000f6550000, 0x0000000100000000)
   the space 10944K,  57% used [0x00000000f5aa0000, 0x00000000f60bfb28, 0x00000000f60bfc00, 0x00000000f6550000)
 Metaspace       used 20627K, capacity 21196K, committed 21248K, reserved 1067008K
  class space    used 2623K, capacity 2780K, committed 2816K, reserved 1048576K
}
Event: 3.064 GC heap before
{Heap before GC invocations=33 (full 0):
 def new generation   total 4928K, used 1490K [0x00000000f0800000, 0x00000000f0d50000, 0x00000000f5aa0000)
  eden space 4416K,  24% used [0x00000000f0800000, 0x00000000f090aab8, 0x00000000f0c50000)
  from space 512K,  82% used [0x00000000f0cd0000, 0x00000000f0d3a078, 0x00000000f0d50000)
  to   space 512K,   0% used [0x00000000f0c50000, 0x00000000f0c50000, 0x00000000f0cd0000)
 tenured generation   total 10944K, used 6270K [0x00000000f5aa0000, 0x00000000f6550000, 0x0000000100000000)
   the space 10944K,  57% used [0x00000000f5aa0000, 0x00000000f60bfb28, 0x00000000f60bfc00, 0x00000000f6550000)
 Metaspace       used 20649K, capacity 21196K, committed 21248K, reserved 1067008K
  class space    used 2625K, capacity 2780K, committed 2816K, reserved 1048576K
Event: 3.100 GC heap after
Heap after GC invocations=34 (full 1):
 def new generation   total 4992K, used 0K [0x00000000f0800000, 0x00000000f0d60000, 0x00000000f5aa0000)
  eden space 4480K,   0% used [0x00000000f0800000, 0x00000000f0800000, 0x00000000f0c60000)
  from space 512K,   0% used [0x00000000f0c60000, 0x00000000f0c60000, 0x00000000f0ce0000)
  to   space 512K,   0% used [0x00000000f0ce0000, 0x00000000f0ce0000, 0x00000000f0d60000)
 tenured generation   total 10944K, used 5692K [0x00000000f5aa0000, 0x00000000f6550000, 0x0000000100000000)
   the space 10944K,  52% used [0x00000000f5aa0000, 0x00000000f602f210, 0x00000000f602f400, 0x00000000f6550000)
 Metaspace       used 20649K, capacity 21196K, committed 21248K, reserved 1067008K
  class space    used 2625K, capacity 2780K, committed 2816K, reserved 1048576K
}
Event: 3.154 GC heap before
{Heap before GC invocations=34 (full 1):
 def new generation   total 4992K, used 4480K [0x00000000f0800000, 0x00000000f0d60000, 0x00000000f5aa0000)
  eden space 4480K, 100% used [0x00000000f0800000, 0x00000000f0c60000, 0x00000000f0c60000)
  from space 512K,   0% used [0x00000000f0c60000, 0x00000000f0c60000, 0x00000000f0ce0000)
  to   space 512K,   0% used [0x00000000f0ce0000, 0x00000000f0ce0000, 0x00000000f0d60000)
 tenured generation   total 10944K, used 5692K [0x00000000f5aa0000, 0x00000000f6550000, 0x0000000100000000)
   the space 10944K,  52% used [0x00000000f5aa0000, 0x00000000f602f210, 0x00000000f602f400, 0x00000000f6550000)
 Metaspace       used 21122K, capacity 21710K, committed 21888K, reserved 1069056K
  class space    used 2669K, capacity 2845K, committed 2944K, reserved 1048576K
Event: 3.156 GC heap after
Heap after GC invocations=35 (full 1):
 def new generation   total 4992K, used 511K [0x00000000f0800000, 0x00000000f0d60000, 0x00000000f5aa0000)
  eden space 4480K,   0% used [0x00000000f0800000, 0x00000000f0800000, 0x00000000f0c60000)
  from space 512K,  99% used [0x00000000f0ce0000, 0x00000000f0d5ff48, 0x00000000f0d60000)
  to   space 512K,   0% used [0x00000000f0c60000, 0x00000000f0c60000, 0x00000000f0ce0000)
 tenured generation   total 10944K, used 5785K [0x00000000f5aa0000, 0x00000000f6550000, 0x0000000100000000)
   the space 10944K,  52% used [0x00000000f5aa0000, 0x00000000f6046560, 0x00000000f6046600, 0x00000000f6550000)
 Metaspace       used 21122K, capacity 21710K, committed 21888K, reserved 1069056K
  class space    used 2669K, capacity 2845K, committed 2944K, reserved 1048576K
}
Event: 3.216 GC heap before
{Heap before GC invocations=35 (full 1):
 def new generation   total 4992K, used 4991K [0x00000000f0800000, 0x00000000f0d60000, 0x00000000f5aa0000)
  eden space 4480K, 100% used [0x00000000f0800000, 0x00000000f0c60000, 0x00000000f0c60000)
  from space 512K,  99% used [0x00000000f0ce0000, 0x00000000f0d5ff48, 0x00000000f0d60000)
  to   space 512K,   0% used [0x00000000f0c60000, 0x00000000f0c60000, 0x00000000f0ce0000)
 tenured generation   total 10944K, used 5785K [0x00000000f5aa0000, 0x00000000f6550000, 0x0000000100000000)
   the space 10944K,  52% used [0x00000000f5aa0000, 0x00000000f6046560, 0x00000000f6046600, 0x00000000f6550000)
 Metaspace       used 21548K, capacity 22132K, committed 22400K, reserved 1069056K
  class space    used 2709K, capacity 2878K, committed 2944K, reserved 1048576K
Event: 3.218 GC heap after
Heap after GC invocations=36 (full 1):
 def new generation   total 4992K, used 508K [0x00000000f0800000, 0x00000000f0d60000, 0x00000000f5aa0000)
  eden space 4480K,   0% used [0x00000000f0800000, 0x00000000f0800000, 0x00000000f0c60000)
  from space 512K,  99% used [0x00000000f0c60000, 0x00000000f0cdf3c0, 0x00000000f0ce0000)
  to   space 512K,   0% used [0x00000000f0ce0000, 0x00000000f0ce0000, 0x00000000f0d60000)
 tenured generation   total 10944K, used 5897K [0x00000000f5aa0000, 0x00000000f6550000, 0x0000000100000000)
   the space 10944K,  53% used [0x00000000f5aa0000, 0x00000000f60625f8, 0x00000000f6062600, 0x00000000f6550000)
 Metaspace       used 21548K, capacity 22132K, committed 22400K, reserved 1069056K
  class space    used 2709K, capacity 2878K, committed 2944K, reserved 1048576K
}
Event: 3.282 GC heap before
{Heap before GC invocations=36 (full 1):
 def new generation   total 4992K, used 4988K [0x00000000f0800000, 0x00000000f0d60000, 0x00000000f5aa0000)
  eden space 4480K, 100% used [0x00000000f0800000, 0x00000000f0c60000, 0x00000000f0c60000)
  from space 512K,  99% used [0x00000000f0c60000, 0x00000000f0cdf3c0, 0x00000000f0ce0000)
  to   space 512K,   0% used [0x00000000f0ce0000, 0x00000000f0ce0000, 0x00000000f0d60000)
 tenured generation   total 10944K, used 5897K [0x00000000f5aa0000, 0x00000000f6550000, 0x0000000100000000)
   the space 10944K,  53% used [0x00000000f5aa0000, 0x00000000f60625f8, 0x00000000f6062600, 0x00000000f6550000)
 Metaspace       used 21960K, capacity 22554K, committed 22656K, reserved 1069056K
  class space    used 2753K, capacity 2911K, committed 2944K, reserved 1048576K
Event: 3.284 GC heap after
Heap after GC invocations=37 (full 1):
 def new generation   total 4992K, used 511K [0x00000000f0800000, 0x00000000f0d60000, 0x00000000f5aa0000)
  eden space 4480K,   0% used [0x00000000f0800000, 0x00000000f0800000, 0x00000000f0c60000)
  from space 512K,  99% used [0x00000000f0ce0000, 0x00000000f0d5fe68, 0x00000000f0d60000)
  to   space 512K,   0% used [0x00000000f0c60000, 0x00000000f0c60000, 0x00000000f0ce0000)
 tenured generation   total 10944K, used 6014K [0x00000000f5aa0000, 0x00000000f6550000, 0x0000000100000000)
   the space 10944K,  54% used [0x00000000f5aa0000, 0x00000000f607f878, 0x00000000f607fa00, 0x00000000f6550000)
 Metaspace       used 21960K, capacity 22554K, committed 22656K, reserved 1069056K
  class space    used 2753K, capacity 2911K, committed 2944K, reserved 1048576K
}
Event: 3.361 GC heap before
{Heap before GC invocations=37 (full 1):
 def new generation   total 4992K, used 4991K [0x00000000f0800000, 0x00000000f0d60000, 0x00000000f5aa0000)
  eden space 4480K, 100% used [0x00000000f0800000, 0x00000000f0c60000, 0x00000000f0c60000)
  from space 512K,  99% used [0x00000000f0ce0000, 0x00000000f0d5fe68, 0x00000000f0d60000)
  to   space 512K,   0% used [0x00000000f0c60000, 0x00000000f0c60000, 0x00000000f0ce0000)
 tenured generation   total 10944K, used 6014K [0x00000000f5aa0000, 0x00000000f6550000, 0x0000000100000000)
   the space 10944K,  54% used [0x00000000f5aa0000, 0x00000000f607f878, 0x00000000f607fa00, 0x00000000f6550000)
 Metaspace       used 22456K, capacity 23034K, committed 23168K, reserved 1069056K
  class space    used 2791K, capacity 2943K, committed 2944K, reserved 1048576K
Event: 3.363 GC heap after
Heap after GC invocations=38 (full 1):
 def new generation   total 4992K, used 488K [0x00000000f0800000, 0x00000000f0d60000, 0x00000000f5aa0000)
  eden space 4480K,   0% used [0x00000000f0800000, 0x00000000f0800000, 0x00000000f0c60000)
  from space 512K,  95% used [0x00000000f0c60000, 0x00000000f0cda378, 0x00000000f0ce0000)
  to   space 512K,   0% used [0x00000000f0ce0000, 0x00000000f0ce0000, 0x00000000f0d60000)
 tenured generation   total 10944K, used 6164K [0x00000000f5aa0000, 0x00000000f6550000, 0x0000000100000000)
   the space 10944K,  56% used [0x00000000f5aa0000, 0x00000000f60a53c8, 0x00000000f60a5400, 0x00000000f6550000)
 Metaspace       used 22456K, capacity 23034K, committed 23168K, reserved 1069056K
  class space    used 2791K, capacity 2943K, committed 2944K, reserved 1048576K
}
Event: 3.438 GC heap before
{Heap before GC invocations=38 (full 1):
 def new generation   total 4992K, used 4968K [0x00000000f0800000, 0x00000000f0d60000, 0x00000000f5aa0000)
  eden space 4480K, 100% used [0x00000000f0800000, 0x00000000f0c60000, 0x00000000f0c60000)
  from space 512K,  95% used [0x00000000f0c60000, 0x00000000f0cda378, 0x00000000f0ce0000)
  to   space 512K,   0% used [0x00000000f0ce0000, 0x00000000f0ce0000, 0x00000000f0d60000)
 tenured generation   total 10944K, used 6164K [0x00000000f5aa0000, 0x00000000f6550000, 0x0000000100000000)
   the space 10944K,  56% used [0x00000000f5aa0000, 0x00000000f60a53c8, 0x00000000f60a5400, 0x00000000f6550000)
 Metaspace       used 22746K, capacity 23360K, committed 23552K, reserved 1069056K
  class space    used 2834K, capacity 3008K, committed 3072K, reserved 1048576K
Event: 3.441 GC heap after
Heap after GC invocations=39 (full 1):
 def new generation   total 4992K, used 386K [0x00000000f0800000, 0x00000000f0d60000, 0x00000000f5aa0000)
  eden space 4480K,   0% used [0x00000000f0800000, 0x00000000f0800000, 0x00000000f0c60000)
  from space 512K,  75% used [0x00000000f0ce0000, 0x00000000f0d40980, 0x00000000f0d60000)
  to   space 512K,   0% used [0x00000000f0c60000, 0x00000000f0c60000, 0x00000000f0ce0000)
 tenured generation   total 10944K, used 6272K [0x00000000f5aa0000, 0x00000000f6550000, 0x0000000100000000)
   the space 10944K,  57% used [0x00000000f5aa0000, 0x00000000f60c0008, 0x00000000f60c0200, 0x00000000f6550000)
 Metaspace       used 22746K, capacity 23360K, committed 23552K, reserved 1069056K
  class space    used 2834K, capacity 3008K, committed 3072K, reserved 1048576K
}
Event: 3.490 GC heap before
{Heap before GC invocations=39 (full 1):
 def new generation   total 4992K, used 4866K [0x00000000f0800000, 0x00000000f0d60000, 0x00000000f5aa0000)
  eden space 4480K, 100% used [0x00000000f0800000, 0x00000000f0c60000, 0x00000000f0c60000)
  from space 512K,  75% used [0x00000000f0ce0000, 0x00000000f0d40980, 0x00000000f0d60000)
  to   space 512K,   0% used [0x00000000f0c60000, 0x00000000f0c60000, 0x00000000f0ce0000)
 tenured generation   total 10944K, used 6272K [0x00000000f5aa0000, 0x00000000f6550000, 0x0000000100000000)
   the space 10944K,  57% used [0x00000000f5aa0000, 0x00000000f60c0008, 0x00000000f60c0200, 0x00000000f6550000)
 Metaspace       used 22981K, capacity 23590K, committed 23808K, reserved 1071104K
  class space    used 2867K, capacity 3041K, committed 3072K, reserved 1048576K
Event: 3.492 GC heap after
Heap after GC invocations=40 (full 1):
 def new generation   total 4992K, used 404K [0x00000000f0800000, 0x00000000f0d60000, 0x00000000f5aa0000)
  eden space 4480K,   0% used [0x00000000f0800000, 0x00000000f0800000, 0x00000000f0c60000)
  from space 512K,  79% used [0x00000000f0c60000, 0x00000000f0cc52f0, 0x00000000f0ce0000)
  to   space 512K,   0% used [0x00000000f0ce0000, 0x00000000f0ce0000, 0x00000000f0d60000)
 tenured generation   total 10944K, used 6433K [0x00000000f5aa0000, 0x00000000f6550000, 0x0000000100000000)
   the space 10944K,  58% used [0x00000000f5aa0000, 0x00000000f60e8438, 0x00000000f60e8600, 0x00000000f6550000)
 Metaspace       used 22981K, capacity 23590K, committed 23808K, reserved 1071104K
  class space    used 2867K, capacity 3041K, committed 3072K, reserved 1048576K
}
Event: 3.547 GC heap before
{Heap before GC invocations=40 (full 1):
 def new generation   total 4992K, used 4884K [0x00000000f0800000, 0x00000000f0d60000, 0x00000000f5aa0000)
  eden space 4480K, 100% used [0x00000000f0800000, 0x00000000f0c60000, 0x00000000f0c60000)
  from space 512K,  79% used [0x00000000f0c60000, 0x00000000f0cc52f0, 0x00000000f0ce0000)
  to   space 512K,   0% used [0x00000000f0ce0000, 0x00000000f0ce0000, 0x00000000f0d60000)
 tenured generation   total 10944K, used 6433K [0x00000000f5aa0000, 0x00000000f6550000, 0x0000000100000000)
   the space 10944K,  58% used [0x00000000f5aa0000, 0x00000000f60e8438, 0x00000000f60e8600, 0x00000000f6550000)
 Metaspace       used 23296K, capacity 23878K, committed 24192K, reserved 1071104K
  class space    used 2896K, capacity 3073K, committed 3200K, reserved 1048576K
Event: 3.549 GC heap after
Heap after GC invocations=41 (full 1):
 def new generation   total 4992K, used 502K [0x00000000f0800000, 0x00000000f0d60000, 0x00000000f5aa0000)
  eden space 4480K,   0% used [0x00000000f0800000, 0x00000000f0800000, 0x00000000f0c60000)
  from space 512K,  98% used [0x00000000f0ce0000, 0x00000000f0d5d810, 0x00000000f0d60000)
  to   space 512K,   0% used [0x00000000f0c60000, 0x00000000f0c60000, 0x00000000f0ce0000)
 tenured generation   total 10944K, used 6591K [0x00000000f5aa0000, 0x00000000f6550000, 0x0000000100000000)
   the space 10944K,  60% used [0x00000000f5aa0000, 0x00000000f610fe50, 0x00000000f6110000, 0x00000000f6550000)
 Metaspace       used 23296K, capacity 23878K, committed 24192K, reserved 1071104K
  class space    used 2896K, capacity 3073K, committed 3200K, reserved 1048576K
}
Event: 3.610 GC heap before
{Heap before GC invocations=41 (full 1):
 def new generation   total 4992K, used 4982K [0x00000000f0800000, 0x00000000f0d60000, 0x00000000f5aa0000)
  eden space 4480K, 100% used [0x00000000f0800000, 0x00000000f0c60000, 0x00000000f0c60000)
  from space 512K,  98% used [0x00000000f0ce0000, 0x00000000f0d5d810, 0x00000000f0d60000)
  to   space 512K,   0% used [0x00000000f0c60000, 0x00000000f0c60000, 0x00000000f0ce0000)
 tenured generation   total 10944K, used 6591K [0x00000000f5aa0000, 0x00000000f6550000, 0x0000000100000000)
   the space 10944K,  60% used [0x00000000f5aa0000, 0x00000000f610fe50, 0x00000000f6110000, 0x00000000f6550000)
 Metaspace       used 23695K, capacity 24366K, committed 24704K, reserved 1071104K
  class space    used 2946K, capacity 3117K, committed 3200K, reserved 1048576K
Event: 3.612 GC heap after
Heap after GC invocations=42 (full 1):
 def new generation   total 4992K, used 511K [0x00000000f0800000, 0x00000000f0d60000, 0x00000000f5aa0000)
  eden space 4480K,   0% used [0x00000000f0800000, 0x00000000f0800000, 0x00000000f0c60000)
  from space 512K,  99% used [0x00000000f0c60000, 0x00000000f0cdfff8, 0x00000000f0ce0000)
  to   space 512K,   0% used [0x00000000f0ce0000, 0x00000000f0ce0000, 0x00000000f0d60000)
 tenured generation   total 10944K, used 6965K [0x00000000f5aa0000, 0x00000000f6550000, 0x0000000100000000)
   the space 10944K,  63% used [0x00000000f5aa0000, 0x00000000f616d660, 0x00000000f616d800, 0x00000000f6550000)
 Metaspace       used 23695K, capacity 24366K, committed 24704K, reserved 1071104K
  class space    used 2946K, capacity 3117K, committed 3200K, reserved 1048576K
}
Event: 3.666 GC heap before
{Heap before GC invocations=42 (full 1):
 def new generation   total 4992K, used 4991K [0x00000000f0800000, 0x00000000f0d60000, 0x00000000f5aa0000)
  eden space 4480K, 100% used [0x00000000f0800000, 0x00000000f0c60000, 0x00000000f0c60000)
  from space 512K,  99% used [0x00000000f0c60000, 0x00000000f0cdfff8, 0x00000000f0ce0000)
  to   space 512K,   0% used [0x00000000f0ce0000, 0x00000000f0ce0000, 0x00000000f0d60000)
 tenured generation   total 10944K, used 6965K [0x00000000f5aa0000, 0x00000000f6550000, 0x0000000100000000)
   the space 10944K,  63% used [0x00000000f5aa0000, 0x00000000f616d660, 0x00000000f616d800, 0x00000000f6550000)
 Metaspace       used 24004K, capacity 24668K, committed 24832K, reserved 1071104K
  class space    used 2999K, capacity 3216K, committed 3328K, reserved 1048576K
Event: 3.668 GC heap after
Heap after GC invocations=43 (full 1):
 def new generation   total 4992K, used 424K [0x00000000f0800000, 0x00000000f0d60000, 0x00000000f5aa0000)
  eden space 4480K,   0% used [0x00000000f0800000, 0x00000000f0800000, 0x00000000f0c60000)
  from space 512K,  82% used [0x00000000f0ce0000, 0x00000000f0d4a360, 0x00000000f0d60000)
  to   space 512K,   0% used [0x00000000f0c60000, 0x00000000f0c60000, 0x00000000f0ce0000)
 tenured generation   total 10944K, used 7251K [0x00000000f5aa0000, 0x00000000f6550000, 0x0000000100000000)
   the space 10944K,  66% used [0x00000000f5aa0000, 0x00000000f61b4d70, 0x00000000f61b4e00, 0x00000000f6550000)
 Metaspace       used 24004K, capacity 24668K, committed 24832K, reserved 1071104K
  class space    used 2999K, capacity 3216K, committed 3328K, reserved 1048576K
}
Event: 3.696 GC heap before
{Heap before GC invocations=43 (full 1):
 def new generation   total 4992K, used 4904K [0x00000000f0800000, 0x00000000f0d60000, 0x00000000f5aa0000)
  eden space 4480K, 100% used [0x00000000f0800000, 0x00000000f0c60000, 0x00000000f0c60000)
  from space 512K,  82% used [0x00000000f0ce0000, 0x00000000f0d4a360, 0x00000000f0d60000)
  to   space 512K,   0% used [0x00000000f0c60000, 0x00000000f0c60000, 0x00000000f0ce0000)
 tenured generation   total 10944K, used 7251K [0x00000000f5aa0000, 0x00000000f6550000, 0x0000000100000000)
   the space 10944K,  66% used [0x00000000f5aa0000, 0x00000000f61b4d70, 0x00000000f61b4e00, 0x00000000f6550000)
 Metaspace       used 24203K, capacity 24860K, committed 25088K, reserved 1071104K
  class space    used 3027K, capacity 3216K, committed 3328K, reserved 1048576K
Event: 3.698 GC heap after
Heap after GC invocations=44 (full 1):
 def new generation   total 4992K, used 264K [0x00000000f0800000, 0x00000000f0d60000, 0x00000000f5aa0000)
  eden space 4480K,   0% used [0x00000000f0800000, 0x00000000f0800000, 0x00000000f0c60000)
  from space 512K,  51% used [0x00000000f0c60000, 0x00000000f0ca2160, 0x00000000f0ce0000)
  to   space 512K,   0% used [0x00000000f0ce0000, 0x00000000f0ce0000, 0x00000000f0d60000)
 tenured generation   total 10944K, used 7355K [0x00000000f5aa0000, 0x00000000f6550000, 0x0000000100000000)
   the space 10944K,  67% used [0x00000000f5aa0000, 0x00000000f61cef38, 0x00000000f61cf000, 0x00000000f6550000)
 Metaspace       used 24203K, capacity 24860K, committed 25088K, reserved 1071104K
  class space    used 3027K, capacity 3216K, committed 3328K, reserved 1048576K
}
Event: 3.702 GC heap before
{Heap before GC invocations=44 (full 1):
 def new generation   total 4992K, used 4744K [0x00000000f0800000, 0x00000000f0d60000, 0x00000000f5aa0000)
  eden space 4480K, 100% used [0x00000000f0800000, 0x00000000f0c60000, 0x00000000f0c60000)
  from space 512K,  51% used [0x00000000f0c60000, 0x00000000f0ca2160, 0x00000000f0ce0000)
  to   space 512K,   0% used [0x00000000f0ce0000, 0x00000000f0ce0000, 0x00000000f0d60000)
 tenured generation   total 10944K, used 7355K [0x00000000f5aa0000, 0x00000000f6550000, 0x0000000100000000)
   the space 10944K,  67% used [0x00000000f5aa0000, 0x00000000f61cef38, 0x00000000f61cf000, 0x00000000f6550000)
 Metaspace       used 24228K, capacity 24924K, committed 25088K, reserved 1071104K
  class space    used 3030K, capacity 3216K, committed 3328K, reserved 1048576K
Event: 3.703 GC heap after
Heap after GC invocations=45 (full 1):
 def new generation   total 4992K, used 103K [0x00000000f0800000, 0x00000000f0d60000, 0x00000000f5aa0000)
  eden space 4480K,   0% used [0x00000000f0800000, 0x00000000f0800000, 0x00000000f0c60000)
  from space 512K,  20% used [0x00000000f0ce0000, 0x00000000f0cf9c88, 0x00000000f0d60000)
  to   space 512K,   0% used [0x00000000f0c60000, 0x00000000f0c60000, 0x00000000f0ce0000)
 tenured generation   total 10944K, used 7425K [0x00000000f5aa0000, 0x00000000f6550000, 0x0000000100000000)
   the space 10944K,  67% used [0x00000000f5aa0000, 0x00000000f61e0578, 0x00000000f61e0600, 0x00000000f6550000)
 Metaspace       used 24228K, capacity 24924K, committed 25088K, reserved 1071104K
  class space    used 3030K, capacity 3216K, committed 3328K, reserved 1048576K
}
Event: 3.710 GC heap before
{Heap before GC invocations=45 (full 1):
 def new generation   total 4992K, used 4580K [0x00000000f0800000, 0x00000000f0d60000, 0x00000000f5aa0000)
  eden space 4480K,  99% used [0x00000000f0800000, 0x00000000f0c5f5c0, 0x00000000f0c60000)
  from space 512K,  20% used [0x00000000f0ce0000, 0x00000000f0cf9c88, 0x00000000f0d60000)
  to   space 512K,   0% used [0x00000000f0c60000, 0x00000000f0c60000, 0x00000000f0ce0000)
 tenured generation   total 10944K, used 7425K [0x00000000f5aa0000, 0x00000000f6550000, 0x0000000100000000)
   the space 10944K,  67% used [0x00000000f5aa0000, 0x00000000f61e0578, 0x00000000f61e0600, 0x00000000f6550000)
 Metaspace       used 24261K, capacity 24956K, committed 25088K, reserved 1071104K
  class space    used 3037K, capacity 3248K, committed 3328K, reserved 1048576K
Event: 3.711 GC heap after
Heap after GC invocations=46 (full 1):
 def new generation   total 4992K, used 131K [0x00000000f0800000, 0x00000000f0d60000, 0x00000000f5aa0000)
  eden space 4480K,   0% used [0x00000000f0800000, 0x00000000f0800000, 0x00000000f0c60000)
  from space 512K,  25% used [0x00000000f0c60000, 0x00000000f0c80dc8, 0x00000000f0ce0000)
  to   space 512K,   0% used [0x00000000f0ce0000, 0x00000000f0ce0000, 0x00000000f0d60000)
 tenured generation   total 10944K, used 7425K [0x00000000f5aa0000, 0x00000000f6550000, 0x0000000100000000)
   the space 10944K,  67% used [0x00000000f5aa0000, 0x00000000f61e0578, 0x00000000f61e0600, 0x00000000f6550000)
 Metaspace       used 24261K, capacity 24956K, committed 25088K, reserved 1071104K
  class space    used 3037K, capacity 3248K, committed 3328K, reserved 1048576K
}
Event: 3.712 GC heap before
{Heap before GC invocations=46 (full 1):
 def new generation   total 4992K, used 4611K [0x00000000f0800000, 0x00000000f0d60000, 0x00000000f5aa0000)
  eden space 4480K, 100% used [0x00000000f0800000, 0x00000000f0c60000, 0x00000000f0c60000)
  from space 512K,  25% used [0x00000000f0c60000, 0x00000000f0c80dc8, 0x00000000f0ce0000)
  to   space 512K,   0% used [0x00000000f0ce0000, 0x00000000f0ce0000, 0x00000000f0d60000)
 tenured generation   total 10944K, used 7425K [0x00000000f5aa0000, 0x00000000f6550000, 0x0000000100000000)
   the space 10944K,  67% used [0x00000000f5aa0000, 0x00000000f61e0578, 0x00000000f61e0600, 0x00000000f6550000)
 Metaspace       used 24263K, capacity 24956K, committed 25088K, reserved 1071104K
  class space    used 3038K, capacity 3248K, committed 3328K, reserved 1048576K
Event: 3.713 GC heap after
Heap after GC invocations=47 (full 1):
 def new generation   total 4992K, used 104K [0x00000000f0800000, 0x00000000f0d60000, 0x00000000f5aa0000)
  eden space 4480K,   0% used [0x00000000f0800000, 0x00000000f0800000, 0x00000000f0c60000)
  from space 512K,  20% used [0x00000000f0ce0000, 0x00000000f0cfa3d8, 0x00000000f0d60000)
  to   space 512K,   0% used [0x00000000f0c60000, 0x00000000f0c60000, 0x00000000f0ce0000)
 tenured generation   total 10944K, used 7425K [0x00000000f5aa0000, 0x00000000f6550000, 0x0000000100000000)
   the space 10944K,  67% used [0x00000000f5aa0000, 0x00000000f61e0578, 0x00000000f61e0600, 0x00000000f6550000)
 Metaspace       used 24263K, capacity 24956K, committed 25088K, reserved 1071104K
  class space    used 3038K, capacity 3248K, committed 3328K, reserved 1048576K
}
Event: 3.714 GC heap before
{Heap before GC invocations=47 (full 1):
 def new generation   total 4992K, used 4583K [0x00000000f0800000, 0x00000000f0d60000, 0x00000000f5aa0000)
  eden space 4480K,  99% used [0x00000000f0800000, 0x00000000f0c5f8b0, 0x00000000f0c60000)
  from space 512K,  20% used [0x00000000f0ce0000, 0x00000000f0cfa3d8, 0x00000000f0d60000)
  to   space 512K,   0% used [0x00000000f0c60000, 0x00000000f0c60000, 0x00000000f0ce0000)
 tenured generation   total 10944K, used 7425K [0x00000000f5aa0000, 0x00000000f6550000, 0x0000000100000000)
   the space 10944K,  67% used [0x00000000f5aa0000, 0x00000000f61e0578, 0x00000000f61e0600, 0x00000000f6550000)
 Metaspace       used 24264K, capacity 24956K, committed 25088K, reserved 1071104K
  class space    used 3038K, capacity 3248K, committed 3328K, reserved 1048576K
Event: 3.714 GC heap after
Heap after GC invocations=48 (full 1):
 def new generation   total 4992K, used 110K [0x00000000f0800000, 0x00000000f0d60000, 0x00000000f5aa0000)
  eden space 4480K,   0% used [0x00000000f0800000, 0x00000000f0800000, 0x00000000f0c60000)
  from space 512K,  21% used [0x00000000f0c60000, 0x00000000f0c7b9d0, 0x00000000f0ce0000)
  to   space 512K,   0% used [0x00000000f0ce0000, 0x00000000f0ce0000, 0x00000000f0d60000)
 tenured generation   total 10944K, used 7425K [0x00000000f5aa0000, 0x00000000f6550000, 0x0000000100000000)
   the space 10944K,  67% used [0x00000000f5aa0000, 0x00000000f61e0578, 0x00000000f61e0600, 0x00000000f6550000)
 Metaspace       used 24264K, capacity 24956K, committed 25088K, reserved 1071104K
  class space    used 3038K, capacity 3248K, committed 3328K, reserved 1048576K
}
Event: 3.715 GC heap before
{Heap before GC invocations=48 (full 1):
 def new generation   total 4992K, used 4581K [0x00000000f0800000, 0x00000000f0d60000, 0x00000000f5aa0000)
  eden space 4480K,  99% used [0x00000000f0800000, 0x00000000f0c5db08, 0x00000000f0c60000)
  from space 512K,  21% used [0x00000000f0c60000, 0x00000000f0c7b9d0, 0x00000000f0ce0000)
  to   space 512K,   0% used [0x00000000f0ce0000, 0x00000000f0ce0000, 0x00000000f0d60000)
 tenured generation   total 10944K, used 7425K [0x00000000f5aa0000, 0x00000000f6550000, 0x0000000100000000)
   the space 10944K,  67% used [0x00000000f5aa0000, 0x00000000f61e0578, 0x00000000f61e0600, 0x00000000f6550000)
 Metaspace       used 24264K, capacity 24956K, committed 25088K, reserved 1071104K
  class space    used 3038K, capacity 3248K, committed 3328K, reserved 1048576K
Event: 3.716 GC heap after
Heap after GC invocations=49 (full 1):
 def new generation   total 4992K, used 162K [0x00000000f0800000, 0x00000000f0d60000, 0x00000000f5aa0000)
  eden space 4480K,   0% used [0x00000000f0800000, 0x00000000f0800000, 0x00000000f0c60000)
  from space 512K,  31% used [0x00000000f0ce0000, 0x00000000f0d08bc0, 0x00000000f0d60000)
  to   space 512K,   0% used [0x00000000f0c60000, 0x00000000f0c60000, 0x00000000f0ce0000)
 tenured generation   total 10944K, used 7425K [0x00000000f5aa0000, 0x00000000f6550000, 0x0000000100000000)
   the space 10944K,  67% used [0x00000000f5aa0000, 0x00000000f61e0578, 0x00000000f61e0600, 0x00000000f6550000)
 Metaspace       used 24264K, capacity 24956K, committed 25088K, reserved 1071104K
  class space    used 3038K, capacity 3248K, committed 3328K, reserved 1048576K
}
Event: 3.722 GC heap before
{Heap before GC invocations=49 (full 1):
 def new generation   total 4992K, used 4642K [0x00000000f0800000, 0x00000000f0d60000, 0x00000000f5aa0000)
  eden space 4480K, 100% used [0x00000000f0800000, 0x00000000f0c60000, 0x00000000f0c60000)
  from space 512K,  31% used [0x00000000f0ce0000, 0x00000000f0d08bc0, 0x00000000f0d60000)
  to   space 512K,   0% used [0x00000000f0c60000, 0x00000000f0c60000, 0x00000000f0ce0000)
 tenured generation   total 10944K, used 7425K [0x00000000f5aa0000, 0x00000000f6550000, 0x0000000100000000)
   the space 10944K,  67% used [0x00000000f5aa0000, 0x00000000f61e0578, 0x00000000f61e0600, 0x00000000f6550000)
 Metaspace       used 24336K, capacity 25020K, committed 25344K, reserved 1071104K
  class space    used 3042K, capacity 3248K, committed 3328K, reserved 1048576K
Event: 3.723 GC heap after
Heap after GC invocations=50 (full 1):
 def new generation   total 4992K, used 247K [0x00000000f0800000, 0x00000000f0d60000, 0x00000000f5aa0000)
  eden space 4480K,   0% used [0x00000000f0800000, 0x00000000f0800000, 0x00000000f0c60000)
  from space 512K,  48% used [0x00000000f0c60000, 0x00000000f0c9dce8, 0x00000000f0ce0000)
  to   space 512K,   0% used [0x00000000f0ce0000, 0x00000000f0ce0000, 0x00000000f0d60000)
 tenured generation   total 10944K, used 7425K [0x00000000f5aa0000, 0x00000000f6550000, 0x0000000100000000)
   the space 10944K,  67% used [0x00000000f5aa0000, 0x00000000f61e0578, 0x00000000f61e0600, 0x00000000f6550000)
 Metaspace       used 24336K, capacity 25020K, committed 25344K, reserved 1071104K
  class space    used 3042K, capacity 3248K, committed 3328K, reserved 1048576K
}
Event: 3.724 GC heap before
{Heap before GC invocations=50 (full 1):
 def new generation   total 4992K, used 4718K [0x00000000f0800000, 0x00000000f0d60000, 0x00000000f5aa0000)
  eden space 4480K,  99% used [0x00000000f0800000, 0x00000000f0c5de58, 0x00000000f0c60000)
  from space 512K,  48% used [0x00000000f0c60000, 0x00000000f0c9dce8, 0x00000000f0ce0000)
  to   space 512K,   0% used [0x00000000f0ce0000, 0x00000000f0ce0000, 0x00000000f0d60000)
 tenured generation   total 10944K, used 7425K [0x00000000f5aa0000, 0x00000000f6550000, 0x0000000100000000)
   the space 10944K,  67% used [0x00000000f5aa0000, 0x00000000f61e0578, 0x00000000f61e0600, 0x00000000f6550000)
 Metaspace       used 24336K, capacity 25020K, committed 25344K, reserved 1071104K
  class space    used 3042K, capacity 3248K, committed 3328K, reserved 1048576K
Event: 3.725 GC heap after
Heap after GC invocations=51 (full 1):
 def new generation   total 4992K, used 173K [0x00000000f0800000, 0x00000000f0d60000, 0x00000000f5aa0000)
  eden space 4480K,   0% used [0x00000000f0800000, 0x00000000f0800000, 0x00000000f0c60000)
  from space 512K,  33% used [0x00000000f0ce0000, 0x00000000f0d0b7c8, 0x00000000f0d60000)
  to   space 512K,   0% used [0x00000000f0c60000, 0x00000000f0c60000, 0x00000000f0ce0000)
 tenured generation   total 10944K, used 7425K [0x00000000f5aa0000, 0x00000000f6550000, 0x0000000100000000)
   the space 10944K,  67% used [0x00000000f5aa0000, 0x00000000f61e0578, 0x00000000f61e0600, 0x00000000f6550000)
 Metaspace       used 24336K, capacity 25020K, committed 25344K, reserved 1071104K
  class space    used 3042K, capacity 3248K, committed 3328K, reserved 1048576K
}
Event: 3.740 GC heap before
{Heap before GC invocations=51 (full 1):
 def new generation   total 4992K, used 4653K [0x00000000f0800000, 0x00000000f0d60000, 0x00000000f5aa0000)
  eden space 4480K, 100% used [0x00000000f0800000, 0x00000000f0c60000, 0x00000000f0c60000)
  from space 512K,  33% used [0x00000000f0ce0000, 0x00000000f0d0b7c8, 0x00000000f0d60000)
  to   space 512K,   0% used [0x00000000f0c60000, 0x00000000f0c60000, 0x00000000f0ce0000)
 tenured generation   total 10944K, used 7425K [0x00000000f5aa0000, 0x00000000f6550000, 0x0000000100000000)
   the space 10944K,  67% used [0x00000000f5aa0000, 0x00000000f61e0578, 0x00000000f61e0600, 0x00000000f6550000)
 Metaspace       used 24432K, capacity 25148K, committed 25344K, reserved 1071104K
  class space    used 3050K, capacity 3248K, committed 3328K, reserved 1048576K
Event: 3.741 GC heap after
Heap after GC invocations=52 (full 1):
 def new generation   total 4992K, used 258K [0x00000000f0800000, 0x00000000f0d60000, 0x00000000f5aa0000)
  eden space 4480K,   0% used [0x00000000f0800000, 0x00000000f0800000, 0x00000000f0c60000)
  from space 512K,  50% used [0x00000000f0c60000, 0x00000000f0ca0928, 0x00000000f0ce0000)
  to   space 512K,   0% used [0x00000000f0ce0000, 0x00000000f0ce0000, 0x00000000f0d60000)
 tenured generation   total 10944K, used 7425K [0x00000000f5aa0000, 0x00000000f6550000, 0x0000000100000000)
   the space 10944K,  67% used [0x00000000f5aa0000, 0x00000000f61e0578, 0x00000000f61e0600, 0x00000000f6550000)
 Metaspace       used 24432K, capacity 25148K, committed 25344K, reserved 1071104K
  class space    used 3050K, capacity 3248K, committed 3328K, reserved 1048576K
}
Event: 3.817 GC heap before
{Heap before GC invocations=52 (full 1):
 def new generation   total 4992K, used 4738K [0x00000000f0800000, 0x00000000f0d60000, 0x00000000f5aa0000)
  eden space 4480K, 100% used [0x00000000f0800000, 0x00000000f0c60000, 0x00000000f0c60000)
  from space 512K,  50% used [0x00000000f0c60000, 0x00000000f0ca0928, 0x00000000f0ce0000)
  to   space 512K,   0% used [0x00000000f0ce0000, 0x00000000f0ce0000, 0x00000000f0d60000)
 tenured generation   total 10944K, used 7425K [0x00000000f5aa0000, 0x00000000f6550000, 0x0000000100000000)
   the space 10944K,  67% used [0x00000000f5aa0000, 0x00000000f61e0578, 0x00000000f61e0600, 0x00000000f6550000)
 Metaspace       used 24841K, capacity 25490K, committed 25600K, reserved 1071104K
  class space    used 3101K, capacity 3305K, committed 3328K, reserved 1048576K
Event: 3.819 GC heap after
Heap after GC invocations=53 (full 1):
 def new generation   total 4992K, used 503K [0x00000000f0800000, 0x00000000f0d60000, 0x00000000f5aa0000)
  eden space 4480K,   0% used [0x00000000f0800000, 0x00000000f0800000, 0x00000000f0c60000)
  from space 512K,  98% used [0x00000000f0ce0000, 0x00000000f0d5deb8, 0x00000000f0d60000)
  to   space 512K,   0% used [0x00000000f0c60000, 0x00000000f0c60000, 0x00000000f0ce0000)
 tenured generation   total 10944K, used 7474K [0x00000000f5aa0000, 0x00000000f6550000, 0x0000000100000000)
   the space 10944K,  68% used [0x00000000f5aa0000, 0x00000000f61ecb30, 0x00000000f61ecc00, 0x00000000f6550000)
 Metaspace       used 24841K, capacity 25490K, committed 25600K, reserved 1071104K
  class space    used 3101K, capacity 3305K, committed 3328K, reserved 1048576K
}
Event: 3.883 GC heap before
{Heap before GC invocations=53 (full 1):
 def new generation   total 4992K, used 4983K [0x00000000f0800000, 0x00000000f0d60000, 0x00000000f5aa0000)
  eden space 4480K, 100% used [0x00000000f0800000, 0x00000000f0c60000, 0x00000000f0c60000)
  from space 512K,  98% used [0x00000000f0ce0000, 0x00000000f0d5deb8, 0x00000000f0d60000)
  to   space 512K,   0% used [0x00000000f0c60000, 0x00000000f0c60000, 0x00000000f0ce0000)
 tenured generation   total 10944K, used 7474K [0x00000000f5aa0000, 0x00000000f6550000, 0x0000000100000000)
   the space 10944K,  68% used [0x00000000f5aa0000, 0x00000000f61ecb30, 0x00000000f61ecc00, 0x00000000f6550000)
 Metaspace       used 25148K, capacity 25838K, committed 25984K, reserved 1071104K
  class space    used 3150K, capacity 3353K, committed 3456K, reserved 1048576K
Event: 3.885 GC heap after
Heap after GC invocations=54 (full 1):
 def new generation   total 4992K, used 362K [0x00000000f0800000, 0x00000000f0d60000, 0x00000000f5aa0000)
  eden space 4480K,   0% used [0x00000000f0800000, 0x00000000f0800000, 0x00000000f0c60000)
  from space 512K,  70% used [0x00000000f0c60000, 0x00000000f0cbaa80, 0x00000000f0ce0000)
  to   space 512K,   0% used [0x00000000f0ce0000, 0x00000000f0ce0000, 0x00000000f0d60000)
 tenured generation   total 10944K, used 7733K [0x00000000f5aa0000, 0x00000000f6550000, 0x0000000100000000)
   the space 10944K,  70% used [0x00000000f5aa0000, 0x00000000f622d460, 0x00000000f622d600, 0x00000000f6550000)
 Metaspace       used 25148K, capacity 25838K, committed 25984K, reserved 1071104K
  class space    used 3150K, capacity 3353K, committed 3456K, reserved 1048576K
}
Event: 3.956 GC heap before
{Heap before GC invocations=54 (full 1):
 def new generation   total 4992K, used 4842K [0x00000000f0800000, 0x00000000f0d60000, 0x00000000f5aa0000)
  eden space 4480K, 100% used [0x00000000f0800000, 0x00000000f0c60000, 0x00000000f0c60000)
  from space 512K,  70% used [0x00000000f0c60000, 0x00000000f0cbaa80, 0x00000000f0ce0000)
  to   space 512K,   0% used [0x00000000f0ce0000, 0x00000000f0ce0000, 0x00000000f0d60000)
 tenured generation   total 10944K, used 7733K [0x00000000f5aa0000, 0x00000000f6550000, 0x0000000100000000)
   the space 10944K,  70% used [0x00000000f5aa0000, 0x00000000f622d460, 0x00000000f622d600, 0x00000000f6550000)
 Metaspace       used 25424K, capacity 26132K, committed 26240K, reserved 1073152K
  class space    used 3181K, capacity 3386K, committed 3456K, reserved 1048576K
Event: 3.958 GC heap after
Heap after GC invocations=55 (full 1):
 def new generation   total 4992K, used 484K [0x00000000f0800000, 0x00000000f0d60000, 0x00000000f5aa0000)
  eden space 4480K,   0% used [0x00000000f0800000, 0x00000000f0800000, 0x00000000f0c60000)
  from space 512K,  94% used [0x00000000f0ce0000, 0x00000000f0d59288, 0x00000000f0d60000)
  to   space 512K,   0% used [0x00000000f0c60000, 0x00000000f0c60000, 0x00000000f0ce0000)
 tenured generation   total 10944K, used 7849K [0x00000000f5aa0000, 0x00000000f6550000, 0x0000000100000000)
   the space 10944K,  71% used [0x00000000f5aa0000, 0x00000000f624a448, 0x00000000f624a600, 0x00000000f6550000)
 Metaspace       used 25424K, capacity 26132K, committed 26240K, reserved 1073152K
  class space    used 3181K, capacity 3386K, committed 3456K, reserved 1048576K
}
Event: 4.070 GC heap before
{Heap before GC invocations=55 (full 1):
 def new generation   total 4992K, used 4964K [0x00000000f0800000, 0x00000000f0d60000, 0x00000000f5aa0000)
  eden space 4480K, 100% used [0x00000000f0800000, 0x00000000f0c60000, 0x00000000f0c60000)
  from space 512K,  94% used [0x00000000f0ce0000, 0x00000000f0d59288, 0x00000000f0d60000)
  to   space 512K,   0% used [0x00000000f0c60000, 0x00000000f0c60000, 0x00000000f0ce0000)
 tenured generation   total 10944K, used 7849K [0x00000000f5aa0000, 0x00000000f6550000, 0x0000000100000000)
   the space 10944K,  71% used [0x00000000f5aa0000, 0x00000000f624a448, 0x00000000f624a600, 0x00000000f6550000)
 Metaspace       used 26414K, capacity 27148K, committed 27392K, reserved 1073152K
  class space    used 3291K, capacity 3484K, committed 3584K, reserved 1048576K
Event: 4.073 GC heap after
Heap after GC invocations=56 (full 1):
 def new generation   total 4992K, used 511K [0x00000000f0800000, 0x00000000f0d60000, 0x00000000f5aa0000)
  eden space 4480K,   0% used [0x00000000f0800000, 0x00000000f0800000, 0x00000000f0c60000)
  from space 512K,  99% used [0x00000000f0c60000, 0x00000000f0cdff40, 0x00000000f0ce0000)
  to   space 512K,   0% used [0x00000000f0ce0000, 0x00000000f0ce0000, 0x00000000f0d60000)
 tenured generation   total 10944K, used 8126K [0x00000000f5aa0000, 0x00000000f6550000, 0x0000000100000000)
   the space 10944K,  74% used [0x00000000f5aa0000, 0x00000000f628f820, 0x00000000f628fa00, 0x00000000f6550000)
 Metaspace       used 26414K, capacity 27148K, committed 27392K, reserved 1073152K
  class space    used 3291K, capacity 3484K, committed 3584K, reserved 1048576K
}
Event: 4.158 GC heap before
{Heap before GC invocations=56 (full 1):
 def new generation   total 4992K, used 4991K [0x00000000f0800000, 0x00000000f0d60000, 0x00000000f5aa0000)
  eden space 4480K, 100% used [0x00000000f0800000, 0x00000000f0c60000, 0x00000000f0c60000)
  from space 512K,  99% used [0x00000000f0c60000, 0x00000000f0cdff40, 0x00000000f0ce0000)
  to   space 512K,   0% used [0x00000000f0ce0000, 0x00000000f0ce0000, 0x00000000f0d60000)
 tenured generation   total 10944K, used 8126K [0x00000000f5aa0000, 0x00000000f6550000, 0x0000000100000000)
   the space 10944K,  74% used [0x00000000f5aa0000, 0x00000000f628f820, 0x00000000f628fa00, 0x00000000f6550000)
 Metaspace       used 26652K, capacity 27428K, committed 27648K, reserved 1073152K
  class space    used 3324K, capacity 3526K, committed 3584K, reserved 1048576K
Event: 4.161 GC heap after
Heap after GC invocations=57 (full 1):
 def new generation   total 4992K, used 429K [0x00000000f0800000, 0x00000000f0d60000, 0x00000000f5aa0000)
  eden space 4480K,   0% used [0x00000000f0800000, 0x00000000f0800000, 0x00000000f0c60000)
  from space 512K,  83% used [0x00000000f0ce0000, 0x00000000f0d4b5e8, 0x00000000f0d60000)
  to   space 512K,   0% used [0x00000000f0c60000, 0x00000000f0c60000, 0x00000000f0ce0000)
 tenured generation   total 10944K, used 8478K [0x00000000f5aa0000, 0x00000000f6550000, 0x0000000100000000)
   the space 10944K,  77% used [0x00000000f5aa0000, 0x00000000f62e7be0, 0x00000000f62e7c00, 0x00000000f6550000)
 Metaspace       used 26652K, capacity 27428K, committed 27648K, reserved 1073152K
  class space    used 3324K, capacity 3526K, committed 3584K, reserved 1048576K
}
Event: 4.251 GC heap before
{Heap before GC invocations=57 (full 1):
 def new generation   total 4992K, used 4909K [0x00000000f0800000, 0x00000000f0d60000, 0x00000000f5aa0000)
  eden space 4480K, 100% used [0x00000000f0800000, 0x00000000f0c60000, 0x00000000f0c60000)
  from space 512K,  83% used [0x00000000f0ce0000, 0x00000000f0d4b5e8, 0x00000000f0d60000)
  to   space 512K,   0% used [0x00000000f0c60000, 0x00000000f0c60000, 0x00000000f0ce0000)
 tenured generation   total 10944K, used 8478K [0x00000000f5aa0000, 0x00000000f6550000, 0x0000000100000000)
   the space 10944K,  77% used [0x00000000f5aa0000, 0x00000000f62e7be0, 0x00000000f62e7c00, 0x00000000f6550000)
 Metaspace       used 26831K, capacity 27586K, committed 27648K, reserved 1073152K
  class space    used 3335K, capacity 3531K, committed 3584K, reserved 1048576K
Event: 4.254 GC heap after
Heap after GC invocations=58 (full 1):
 def new generation   total 4992K, used 480K [0x00000000f0800000, 0x00000000f0d60000, 0x00000000f5aa0000)
  eden space 4480K,   0% used [0x00000000f0800000, 0x00000000f0800000, 0x00000000f0c60000)
  from space 512K,  93% used [0x00000000f0c60000, 0x00000000f0cd8188, 0x00000000f0ce0000)
  to   space 512K,   0% used [0x00000000f0ce0000, 0x00000000f0ce0000, 0x00000000f0d60000)
 tenured generation   total 10944K, used 8681K [0x00000000f5aa0000, 0x00000000f6550000, 0x0000000100000000)
   the space 10944K,  79% used [0x00000000f5aa0000, 0x00000000f631a618, 0x00000000f631a800, 0x00000000f6550000)
 Metaspace       used 26831K, capacity 27586K, committed 27648K, reserved 1073152K
  class space    used 3335K, capacity 3531K, committed 3584K, reserved 1048576K
}
Event: 4.354 GC heap before
{Heap before GC invocations=58 (full 1):
 def new generation   total 4992K, used 4960K [0x00000000f0800000, 0x00000000f0d60000, 0x00000000f5aa0000)
  eden space 4480K, 100% used [0x00000000f0800000, 0x00000000f0c60000, 0x00000000f0c60000)
  from space 512K,  93% used [0x00000000f0c60000, 0x00000000f0cd8188, 0x00000000f0ce0000)
  to   space 512K,   0% used [0x00000000f0ce0000, 0x00000000f0ce0000, 0x00000000f0d60000)
 tenured generation   total 10944K, used 8681K [0x00000000f5aa0000, 0x00000000f6550000, 0x0000000100000000)
   the space 10944K,  79% used [0x00000000f5aa0000, 0x00000000f631a618, 0x00000000f631a800, 0x00000000f6550000)
 Metaspace       used 26976K, capacity 27710K, committed 27904K, reserved 1073152K
  class space    used 3347K, capacity 3541K, committed 3584K, reserved 1048576K
Event: 4.357 GC heap after
Heap after GC invocations=59 (full 1):
 def new generation   total 4992K, used 376K [0x00000000f0800000, 0x00000000f0d60000, 0x00000000f5aa0000)
  eden space 4480K,   0% used [0x00000000f0800000, 0x00000000f0800000, 0x00000000f0c60000)
  from space 512K,  73% used [0x00000000f0ce0000, 0x00000000f0d3e208, 0x00000000f0d60000)
  to   space 512K,   0% used [0x00000000f0c60000, 0x00000000f0c60000, 0x00000000f0ce0000)
 tenured generation   total 10944K, used 8986K [0x00000000f5aa0000, 0x00000000f6550000, 0x0000000100000000)
   the space 10944K,  82% used [0x00000000f5aa0000, 0x00000000f6366928, 0x00000000f6366a00, 0x00000000f6550000)
 Metaspace       used 26976K, capacity 27710K, committed 27904K, reserved 1073152K
  class space    used 3347K, capacity 3541K, committed 3584K, reserved 1048576K
}
Event: 4.426 GC heap before
{Heap before GC invocations=59 (full 1):
 def new generation   total 4992K, used 4856K [0x00000000f0800000, 0x00000000f0d60000, 0x00000000f5aa0000)
  eden space 4480K, 100% used [0x00000000f0800000, 0x00000000f0c60000, 0x00000000f0c60000)
  from space 512K,  73% used [0x00000000f0ce0000, 0x00000000f0d3e208, 0x00000000f0d60000)
  to   space 512K,   0% used [0x00000000f0c60000, 0x00000000f0c60000, 0x00000000f0ce0000)
 tenured generation   total 10944K, used 8986K [0x00000000f5aa0000, 0x00000000f6550000, 0x0000000100000000)
   the space 10944K,  82% used [0x00000000f5aa0000, 0x00000000f6366928, 0x00000000f6366a00, 0x00000000f6550000)
 Metaspace       used 27070K, capacity 27812K, committed 27904K, reserved 1073152K
  class space    used 3356K, capacity 3574K, committed 3584K, reserved 1048576K
Event: 4.429 GC heap after
Heap after GC invocations=60 (full 1):
 def new generation   total 4992K, used 418K [0x00000000f0800000, 0x00000000f0d60000, 0x00000000f5aa0000)
  eden space 4480K,   0% used [0x00000000f0800000, 0x00000000f0800000, 0x00000000f0c60000)
  from space 512K,  81% used [0x00000000f0c60000, 0x00000000f0cc8bb8, 0x00000000f0ce0000)
  to   space 512K,   0% used [0x00000000f0ce0000, 0x00000000f0ce0000, 0x00000000f0d60000)
 tenured generation   total 10944K, used 9222K [0x00000000f5aa0000, 0x00000000f6550000, 0x0000000100000000)
   the space 10944K,  84% used [0x00000000f5aa0000, 0x00000000f63a1850, 0x00000000f63a1a00, 0x00000000f6550000)
 Metaspace       used 27070K, capacity 27812K, committed 27904K, reserved 1073152K
  class space    used 3356K, capacity 3574K, committed 3584K, reserved 1048576K
}
Event: 4.500 GC heap before
{Heap before GC invocations=60 (full 1):
 def new generation   total 4992K, used 4898K [0x00000000f0800000, 0x00000000f0d60000, 0x00000000f5aa0000)
  eden space 4480K, 100% used [0x00000000f0800000, 0x00000000f0c60000, 0x00000000f0c60000)
  from space 512K,  81% used [0x00000000f0c60000, 0x00000000f0cc8bb8, 0x00000000f0ce0000)
  to   space 512K,   0% used [0x00000000f0ce0000, 0x00000000f0ce0000, 0x00000000f0d60000)
 tenured generation   total 10944K, used 9222K [0x00000000f5aa0000, 0x00000000f6550000, 0x0000000100000000)
   the space 10944K,  84% used [0x00000000f5aa0000, 0x00000000f63a1850, 0x00000000f63a1a00, 0x00000000f6550000)
 Metaspace       used 27119K, capacity 27946K, committed 28160K, reserved 1073152K
  class space    used 3362K, capacity 3575K, committed 3584K, reserved 1048576K
Event: 4.502 GC heap after
Heap after GC invocations=61 (full 1):
 def new generation   total 4992K, used 381K [0x00000000f0800000, 0x00000000f0d60000, 0x00000000f5aa0000)
  eden space 4480K,   0% used [0x00000000f0800000, 0x00000000f0800000, 0x00000000f0c60000)
  from space 512K,  74% used [0x00000000f0ce0000, 0x00000000f0d3f438, 0x00000000f0d60000)
  to   space 512K,   0% used [0x00000000f0c60000, 0x00000000f0c60000, 0x00000000f0ce0000)
 tenured generation   total 10944K, used 9446K [0x00000000f5aa0000, 0x00000000f6550000, 0x0000000100000000)
   the space 10944K,  86% used [0x00000000f5aa0000, 0x00000000f63d9908, 0x00000000f63d9a00, 0x00000000f6550000)
 Metaspace       used 27119K, capacity 27946K, committed 28160K, reserved 1073152K
  class space    used 3362K, capacity 3575K, committed 3584K, reserved 1048576K
}
Event: 4.597 GC heap before
{Heap before GC invocations=61 (full 1):
 def new generation   total 4992K, used 4861K [0x00000000f0800000, 0x00000000f0d60000, 0x00000000f5aa0000)
  eden space 4480K, 100% used [0x00000000f0800000, 0x00000000f0c60000, 0x00000000f0c60000)
  from space 512K,  74% used [0x00000000f0ce0000, 0x00000000f0d3f438, 0x00000000f0d60000)
  to   space 512K,   0% used [0x00000000f0c60000, 0x00000000f0c60000, 0x00000000f0ce0000)
 tenured generation   total 10944K, used 9446K [0x00000000f5aa0000, 0x00000000f6550000, 0x0000000100000000)
   the space 10944K,  86% used [0x00000000f5aa0000, 0x00000000f63d9908, 0x00000000f63d9a00, 0x00000000f6550000)
 Metaspace       used 27794K, capacity 28558K, committed 28800K, reserved 1075200K
  class space    used 3440K, capacity 3649K, committed 3712K, reserved 1048576K
Event: 4.600 GC heap after
Heap after GC invocations=62 (full 1):
 def new generation   total 4992K, used 408K [0x00000000f0800000, 0x00000000f0d60000, 0x00000000f5aa0000)
  eden space 4480K,   0% used [0x00000000f0800000, 0x00000000f0800000, 0x00000000f0c60000)
  from space 512K,  79% used [0x00000000f0c60000, 0x00000000f0cc6000, 0x00000000f0ce0000)
  to   space 512K,   0% used [0x00000000f0ce0000, 0x00000000f0ce0000, 0x00000000f0d60000)
 tenured generation   total 10944K, used 9683K [0x00000000f5aa0000, 0x00000000f6550000, 0x0000000100000000)
   the space 10944K,  88% used [0x00000000f5aa0000, 0x00000000f6414e30, 0x00000000f6415000, 0x00000000f6550000)
 Metaspace       used 27794K, capacity 28558K, committed 28800K, reserved 1075200K
  class space    used 3440K, capacity 3649K, committed 3712K, reserved 1048576K
}
Event: 4.721 GC heap before
{Heap before GC invocations=62 (full 1):
 def new generation   total 4992K, used 4888K [0x00000000f0800000, 0x00000000f0d60000, 0x00000000f5aa0000)
  eden space 4480K, 100% used [0x00000000f0800000, 0x00000000f0c60000, 0x00000000f0c60000)
  from space 512K,  79% used [0x00000000f0c60000, 0x00000000f0cc6000, 0x00000000f0ce0000)
  to   space 512K,   0% used [0x00000000f0ce0000, 0x00000000f0ce0000, 0x00000000f0d60000)
 tenured generation   total 10944K, used 9683K [0x00000000f5aa0000, 0x00000000f6550000, 0x0000000100000000)
   the space 10944K,  88% used [0x00000000f5aa0000, 0x00000000f6414e30, 0x00000000f6415000, 0x00000000f6550000)
 Metaspace       used 28298K, capacity 29190K, committed 29440K, reserved 1075200K
  class space    used 3524K, capacity 3779K, committed 3840K, reserved 1048576K
Event: 4.724 GC heap after
Heap after GC invocations=63 (full 1):
 def new generation   total 4992K, used 489K [0x00000000f0800000, 0x00000000f0d60000, 0x00000000f5aa0000)
  eden space 4480K,   0% used [0x00000000f0800000, 0x00000000f0800000, 0x00000000f0c60000)
  from space 512K,  95% used [0x00000000f0ce0000, 0x00000000f0d5a6f0, 0x00000000f0d60000)
  to   space 512K,   0% used [0x00000000f0c60000, 0x00000000f0c60000, 0x00000000f0ce0000)
 tenured generation   total 10944K, used 9971K [0x00000000f5aa0000, 0x00000000f6550000, 0x0000000100000000)
   the space 10944K,  91% used [0x00000000f5aa0000, 0x00000000f645cd58, 0x00000000f645ce00, 0x00000000f6550000)
 Metaspace       used 28298K, capacity 29190K, committed 29440K, reserved 1075200K
  class space    used 3524K, capacity 3779K, committed 3840K, reserved 1048576K
}
Event: 4.785 GC heap before
{Heap before GC invocations=63 (full 1):
 def new generation   total 4992K, used 4969K [0x00000000f0800000, 0x00000000f0d60000, 0x00000000f5aa0000)
  eden space 4480K, 100% used [0x00000000f0800000, 0x00000000f0c60000, 0x00000000f0c60000)
  from space 512K,  95% used [0x00000000f0ce0000, 0x00000000f0d5a6f0, 0x00000000f0d60000)
  to   space 512K,   0% used [0x00000000f0c60000, 0x00000000f0c60000, 0x00000000f0ce0000)
 tenured generation   total 10944K, used 9971K [0x00000000f5aa0000, 0x00000000f6550000, 0x0000000100000000)
   the space 10944K,  91% used [0x00000000f5aa0000, 0x00000000f645cd58, 0x00000000f645ce00, 0x00000000f6550000)
 Metaspace       used 28432K, capacity 29370K, committed 29440K, reserved 1075200K
  class space    used 3551K, capacity 3789K, committed 3840K, reserved 1048576K
Event: 4.787 GC heap after
Heap after GC invocations=64 (full 1):
 def new generation   total 4992K, used 355K [0x00000000f0800000, 0x00000000f0d60000, 0x00000000f5aa0000)
  eden space 4480K,   0% used [0x00000000f0800000, 0x00000000f0800000, 0x00000000f0c60000)
  from space 512K,  69% used [0x00000000f0c60000, 0x00000000f0cb8cf0, 0x00000000f0ce0000)
  to   space 512K,   0% used [0x00000000f0ce0000, 0x00000000f0ce0000, 0x00000000f0d60000)
 tenured generation   total 10944K, used 10323K [0x00000000f5aa0000, 0x00000000f6550000, 0x0000000100000000)
   the space 10944K,  94% used [0x00000000f5aa0000, 0x00000000f64b4cb8, 0x00000000f64b4e00, 0x00000000f6550000)
 Metaspace       used 28432K, capacity 29370K, committed 29440K, reserved 1075200K
  class space    used 3551K, capacity 3789K, committed 3840K, reserved 1048576K
}
Event: 4.858 GC heap before
{Heap before GC invocations=64 (full 1):
 def new generation   total 4992K, used 4835K [0x00000000f0800000, 0x00000000f0d60000, 0x00000000f5aa0000)
  eden space 4480K, 100% used [0x00000000f0800000, 0x00000000f0c60000, 0x00000000f0c60000)
  from space 512K,  69% used [0x00000000f0c60000, 0x00000000f0cb8cf0, 0x00000000f0ce0000)
  to   space 512K,   0% used [0x00000000f0ce0000, 0x00000000f0ce0000, 0x00000000f0d60000)
 tenured generation   total 10944K, used 10323K [0x00000000f5aa0000, 0x00000000f6550000, 0x0000000100000000)
   the space 10944K,  94% used [0x00000000f5aa0000, 0x00000000f64b4cb8, 0x00000000f64b4e00, 0x00000000f6550000)
 Metaspace       used 28485K, capacity 29370K, committed 29440K, reserved 1075200K
  class space    used 3556K, capacity 3789K, committed 3840K, reserved 1048576K
Event: 4.861 GC heap after
Heap after GC invocations=65 (full 1):
 def new generation   total 4992K, used 326K [0x00000000f0800000, 0x00000000f0d60000, 0x00000000f5aa0000)
  eden space 4480K,   0% used [0x00000000f0800000, 0x00000000f0800000, 0x00000000f0c60000)
  from space 512K,  63% used [0x00000000f0ce0000, 0x00000000f0d31ae8, 0x00000000f0d60000)
  to   space 512K,   0% used [0x00000000f0c60000, 0x00000000f0c60000, 0x00000000f0ce0000)
 tenured generation   total 10944K, used 10512K [0x00000000f5aa0000, 0x00000000f6550000, 0x0000000100000000)
   the space 10944K,  96% used [0x00000000f5aa0000, 0x00000000f64e4068, 0x00000000f64e4200, 0x00000000f6550000)
 Metaspace       used 28485K, capacity 29370K, committed 29440K, reserved 1075200K
  class space    used 3556K, capacity 3789K, committed 3840K, reserved 1048576K
}
Event: 4.943 GC heap before
{Heap before GC invocations=65 (full 1):
 def new generation   total 4992K, used 4806K [0x00000000f0800000, 0x00000000f0d60000, 0x00000000f5aa0000)
  eden space 4480K, 100% used [0x00000000f0800000, 0x00000000f0c60000, 0x00000000f0c60000)
  from space 512K,  63% used [0x00000000f0ce0000, 0x00000000f0d31ae8, 0x00000000f0d60000)
  to   space 512K,   0% used [0x00000000f0c60000, 0x00000000f0c60000, 0x00000000f0ce0000)
 tenured generation   total 10944K, used 10512K [0x00000000f5aa0000, 0x00000000f6550000, 0x0000000100000000)
   the space 10944K,  96% used [0x00000000f5aa0000, 0x00000000f64e4068, 0x00000000f64e4200, 0x00000000f6550000)
 Metaspace       used 28792K, capacity 29746K, committed 30080K, reserved 1075200K
  class space    used 3610K, capacity 3865K, committed 3968K, reserved 1048576K
Event: 4.946 GC heap after
Heap after GC invocations=66 (full 1):
 def new generation   total 4992K, used 498K [0x00000000f0800000, 0x00000000f0d60000, 0x00000000f5aa0000)
  eden space 4480K,   0% used [0x00000000f0800000, 0x00000000f0800000, 0x00000000f0c60000)
  from space 512K,  97% used [0x00000000f0c60000, 0x00000000f0cdc970, 0x00000000f0ce0000)
  to   space 512K,   0% used [0x00000000f0ce0000, 0x00000000f0ce0000, 0x00000000f0d60000)
 tenured generation   total 10944K, used 10731K [0x00000000f5aa0000, 0x00000000f6550000, 0x0000000100000000)
   the space 10944K,  98% used [0x00000000f5aa0000, 0x00000000f651ad60, 0x00000000f651ae00, 0x00000000f6550000)
 Metaspace       used 28792K, capacity 29746K, committed 30080K, reserved 1075200K
  class space    used 3610K, capacity 3865K, committed 3968K, reserved 1048576K
}
Event: 5.031 GC heap before
{Heap before GC invocations=66 (full 1):
 def new generation   total 4992K, used 4978K [0x00000000f0800000, 0x00000000f0d60000, 0x00000000f5aa0000)
  eden space 4480K, 100% used [0x00000000f0800000, 0x00000000f0c60000, 0x00000000f0c60000)
  from space 512K,  97% used [0x00000000f0c60000, 0x00000000f0cdc970, 0x00000000f0ce0000)
  to   space 512K,   0% used [0x00000000f0ce0000, 0x00000000f0ce0000, 0x00000000f0d60000)
 tenured generation   total 10944K, used 10731K [0x00000000f5aa0000, 0x00000000f6550000, 0x0000000100000000)
   the space 10944K,  98% used [0x00000000f5aa0000, 0x00000000f651ad60, 0x00000000f651ae00, 0x00000000f6550000)
 Metaspace       used 29071K, capacity 30074K, committed 30336K, reserved 1075200K
  class space    used 3650K, capacity 3907K, committed 3968K, reserved 1048576K
Event: 5.035 GC heap after
Heap after GC invocations=67 (full 1):
 def new generation   total 4992K, used 385K [0x00000000f0800000, 0x00000000f0d60000, 0x00000000f5aa0000)
  eden space 4480K,   0% used [0x00000000f0800000, 0x00000000f0800000, 0x00000000f0c60000)
  from space 512K,  75% used [0x00000000f0ce0000, 0x00000000f0d407b0, 0x00000000f0d60000)
  to   space 512K,   0% used [0x00000000f0c60000, 0x00000000f0c60000, 0x00000000f0ce0000)
 tenured generation   total 10944K, used 10905K [0x00000000f5aa0000, 0x00000000f6550000, 0x0000000100000000)
   the space 10944K,  99% used [0x00000000f5aa0000, 0x00000000f6546760, 0x00000000f6546800, 0x00000000f6550000)
 Metaspace       used 29071K, capacity 30074K, committed 30336K, reserved 1075200K
  class space    used 3650K, capacity 3907K, committed 3968K, reserved 1048576K
}
Event: 5.145 GC heap before
{Heap before GC invocations=67 (full 1):
 def new generation   total 4992K, used 4865K [0x00000000f0800000, 0x00000000f0d60000, 0x00000000f5aa0000)
  eden space 4480K, 100% used [0x00000000f0800000, 0x00000000f0c60000, 0x00000000f0c60000)
  from space 512K,  75% used [0x00000000f0ce0000, 0x00000000f0d407b0, 0x00000000f0d60000)
  to   space 512K,   0% used [0x00000000f0c60000, 0x00000000f0c60000, 0x00000000f0ce0000)
 tenured generation   total 10944K, used 10905K [0x00000000f5aa0000, 0x00000000f6550000, 0x0000000100000000)
   the space 10944K,  99% used [0x00000000f5aa0000, 0x00000000f6546760, 0x00000000f6546800, 0x00000000f6550000)
 Metaspace       used 29515K, capacity 30516K, committed 30592K, reserved 1075200K
  class space    used 3700K, capacity 3942K, committed 3968K, reserved 1048576K
Event: 5.188 GC heap after
Heap after GC invocations=68 (full 2):
 def new generation   total 7808K, used 0K [0x00000000f0800000, 0x00000000f1070000, 0x00000000f5aa0000)
  eden space 6976K,   0% used [0x00000000f0800000, 0x00000000f0800000, 0x00000000f0ed0000)
  from space 832K,   0% used [0x00000000f0ed0000, 0x00000000f0ed0000, 0x00000000f0fa0000)
  to   space 832K,   0% used [0x00000000f0fa0000, 0x00000000f0fa0000, 0x00000000f1070000)
 tenured generation   total 17216K, used 10329K [0x00000000f5aa0000, 0x00000000f6b70000, 0x0000000100000000)
   the space 17216K,  59% used [0x00000000f5aa0000, 0x00000000f64b6520, 0x00000000f64b6600, 0x00000000f6b70000)
 Metaspace       used 29515K, capacity 30516K, committed 30592K, reserved 1075200K
  class space    used 3700K, capacity 3942K, committed 3968K, reserved 1048576K
}
Event: 5.350 GC heap before
{Heap before GC invocations=68 (full 2):
 def new generation   total 7808K, used 6976K [0x00000000f0800000, 0x00000000f1070000, 0x00000000f5aa0000)
  eden space 6976K, 100% used [0x00000000f0800000, 0x00000000f0ed0000, 0x00000000f0ed0000)
  from space 832K,   0% used [0x00000000f0ed0000, 0x00000000f0ed0000, 0x00000000f0fa0000)
  to   space 832K,   0% used [0x00000000f0fa0000, 0x00000000f0fa0000, 0x00000000f1070000)
 tenured generation   total 17216K, used 10329K [0x00000000f5aa0000, 0x00000000f6b70000, 0x0000000100000000)
   the space 17216K,  59% used [0x00000000f5aa0000, 0x00000000f64b6520, 0x00000000f64b6600, 0x00000000f6b70000)
 Metaspace       used 29943K, capacity 30936K, committed 31232K, reserved 1077248K
  class space    used 3763K, capacity 4016K, committed 4096K, reserved 1048576K
Event: 5.353 GC heap after
Heap after GC invocations=69 (full 2):
 def new generation   total 7808K, used 653K [0x00000000f0800000, 0x00000000f1070000, 0x00000000f5aa0000)
  eden space 6976K,   0% used [0x00000000f0800000, 0x00000000f0800000, 0x00000000f0ed0000)
  from space 832K,  78% used [0x00000000f0fa0000, 0x00000000f1043670, 0x00000000f1070000)
  to   space 832K,   0% used [0x00000000f0ed0000, 0x00000000f0ed0000, 0x00000000f0fa0000)
 tenured generation   total 17216K, used 10329K [0x00000000f5aa0000, 0x00000000f6b70000, 0x0000000100000000)
   the space 17216K,  59% used [0x00000000f5aa0000, 0x00000000f64b6520, 0x00000000f64b6600, 0x00000000f6b70000)
 Metaspace       used 29943K, capacity 30936K, committed 31232K, reserved 1077248K
  class space    used 3763K, capacity 4016K, committed 4096K, reserved 1048576K
}
Event: 5.507 GC heap before
{Heap before GC invocations=69 (full 2):
 def new generation   total 7808K, used 7629K [0x00000000f0800000, 0x00000000f1070000, 0x00000000f5aa0000)
  eden space 6976K, 100% used [0x00000000f0800000, 0x00000000f0ed0000, 0x00000000f0ed0000)
  from space 832K,  78% used [0x00000000f0fa0000, 0x00000000f1043670, 0x00000000f1070000)
  to   space 832K,   0% used [0x00000000f0ed0000, 0x00000000f0ed0000, 0x00000000f0fa0000)
 tenured generation   total 17216K, used 10329K [0x00000000f5aa0000, 0x00000000f6b70000, 0x0000000100000000)
   the space 17216K,  59% used [0x00000000f5aa0000, 0x00000000f64b6520, 0x00000000f64b6600, 0x00000000f6b70000)
 Metaspace       used 30415K, capacity 31534K, committed 31872K, reserved 1077248K
  class space    used 3835K, capacity 4097K, committed 4224K, reserved 1048576K
Event: 5.509 GC heap after
Heap after GC invocations=70 (full 2):
 def new generation   total 7808K, used 492K [0x00000000f0800000, 0x00000000f1070000, 0x00000000f5aa0000)
  eden space 6976K,   0% used [0x00000000f0800000, 0x00000000f0800000, 0x00000000f0ed0000)
  from space 832K,  59% used [0x00000000f0ed0000, 0x00000000f0f4b210, 0x00000000f0fa0000)
  to   space 832K,   0% used [0x00000000f0fa0000, 0x00000000f0fa0000, 0x00000000f1070000)
 tenured generation   total 17216K, used 10527K [0x00000000f5aa0000, 0x00000000f6b70000, 0x0000000100000000)
   the space 17216K,  61% used [0x00000000f5aa0000, 0x00000000f64e7ef8, 0x00000000f64e8000, 0x00000000f6b70000)
 Metaspace       used 30415K, capacity 31534K, committed 31872K, reserved 1077248K
  class space    used 3835K, capacity 4097K, committed 4224K, reserved 1048576K
}
Event: 5.662 GC heap before
{Heap before GC invocations=70 (full 2):
 def new generation   total 7808K, used 7468K [0x00000000f0800000, 0x00000000f1070000, 0x00000000f5aa0000)
  eden space 6976K, 100% used [0x00000000f0800000, 0x00000000f0ed0000, 0x00000000f0ed0000)
  from space 832K,  59% used [0x00000000f0ed0000, 0x00000000f0f4b210, 0x00000000f0fa0000)
  to   space 832K,   0% used [0x00000000f0fa0000, 0x00000000f0fa0000, 0x00000000f1070000)
 tenured generation   total 17216K, used 10527K [0x00000000f5aa0000, 0x00000000f6b70000, 0x0000000100000000)
   the space 17216K,  61% used [0x00000000f5aa0000, 0x00000000f64e7ef8, 0x00000000f64e8000, 0x00000000f6b70000)
 Metaspace       used 30690K, capacity 31898K, committed 32128K, reserved 1077248K
  class space    used 3885K, capacity 4169K, committed 4224K, reserved 1048576K
Event: 5.665 GC heap after
Heap after GC invocations=71 (full 2):
 def new generation   total 7808K, used 584K [0x00000000f0800000, 0x00000000f1070000, 0x00000000f5aa0000)
  eden space 6976K,   0% used [0x00000000f0800000, 0x00000000f0800000, 0x00000000f0ed0000)
  from space 832K,  70% used [0x00000000f0fa0000, 0x00000000f1032310, 0x00000000f1070000)
  to   space 832K,   0% used [0x00000000f0ed0000, 0x00000000f0ed0000, 0x00000000f0fa0000)
 tenured generation   total 17216K, used 10707K [0x00000000f5aa0000, 0x00000000f6b70000, 0x0000000100000000)
   the space 17216K,  62% used [0x00000000f5aa0000, 0x00000000f6514c68, 0x00000000f6514e00, 0x00000000f6b70000)
 Metaspace       used 30690K, capacity 31898K, committed 32128K, reserved 1077248K
  class space    used 3885K, capacity 4169K, committed 4224K, reserved 1048576K
}
Event: 5.789 GC heap before
{Heap before GC invocations=71 (full 2):
 def new generation   total 7808K, used 7560K [0x00000000f0800000, 0x00000000f1070000, 0x00000000f5aa0000)
  eden space 6976K, 100% used [0x00000000f0800000, 0x00000000f0ed0000, 0x00000000f0ed0000)
  from space 832K,  70% used [0x00000000f0fa0000, 0x00000000f1032310, 0x00000000f1070000)
  to   space 832K,   0% used [0x00000000f0ed0000, 0x00000000f0ed0000, 0x00000000f0fa0000)
 tenured generation   total 17216K, used 10707K [0x00000000f5aa0000, 0x00000000f6b70000, 0x0000000100000000)
   the space 17216K,  62% used [0x00000000f5aa0000, 0x00000000f6514c68, 0x00000000f6514e00, 0x00000000f6b70000)
 Metaspace       used 31047K, capacity 32190K, committed 32384K, reserved 1077248K
  class space    used 3937K, capacity 4201K, committed 4224K, reserved 1048576K
Event: 5.793 GC heap after
Heap after GC invocations=72 (full 2):
 def new generation   total 7808K, used 639K [0x00000000f0800000, 0x00000000f1070000, 0x00000000f5aa0000)
  eden space 6976K,   0% used [0x00000000f0800000, 0x00000000f0800000, 0x00000000f0ed0000)
  from space 832K,  76% used [0x00000000f0ed0000, 0x00000000f0f6fc90, 0x00000000f0fa0000)
  to   space 832K,   0% used [0x00000000f0fa0000, 0x00000000f0fa0000, 0x00000000f1070000)
 tenured generation   total 17216K, used 11015K [0x00000000f5aa0000, 0x00000000f6b70000, 0x0000000100000000)
   the space 17216K,  63% used [0x00000000f5aa0000, 0x00000000f6561cc8, 0x00000000f6561e00, 0x00000000f6b70000)
 Metaspace       used 31047K, capacity 32190K, committed 32384K, reserved 1077248K
  class space    used 3937K, capacity 4201K, committed 4224K, reserved 1048576K
}
Event: 5.890 GC heap before
{Heap before GC invocations=72 (full 2):
 def new generation   total 7808K, used 7615K [0x00000000f0800000, 0x00000000f1070000, 0x00000000f5aa0000)
  eden space 6976K, 100% used [0x00000000f0800000, 0x00000000f0ed0000, 0x00000000f0ed0000)
  from space 832K,  76% used [0x00000000f0ed0000, 0x00000000f0f6fc90, 0x00000000f0fa0000)
  to   space 832K,   0% used [0x00000000f0fa0000, 0x00000000f0fa0000, 0x00000000f1070000)
 tenured generation   total 17216K, used 11015K [0x00000000f5aa0000, 0x00000000f6b70000, 0x0000000100000000)
   the space 17216K,  63% used [0x00000000f5aa0000, 0x00000000f6561cc8, 0x00000000f6561e00, 0x00000000f6b70000)
 Metaspace       used 31606K, capacity 32798K, committed 33024K, reserved 1077248K
  class space    used 4013K, capacity 4297K, committed 4352K, reserved 1048576K
Event: 5.893 GC heap after
Heap after GC invocations=73 (full 2):
 def new generation   total 7808K, used 651K [0x00000000f0800000, 0x00000000f1070000, 0x00000000f5aa0000)
  eden space 6976K,   0% used [0x00000000f0800000, 0x00000000f0800000, 0x00000000f0ed0000)
  from space 832K,  78% used [0x00000000f0fa0000, 0x00000000f1042c68, 0x00000000f1070000)
  to   space 832K,   0% used [0x00000000f0ed0000, 0x00000000f0ed0000, 0x00000000f0fa0000)
 tenured generation   total 17216K, used 11257K [0x00000000f5aa0000, 0x00000000f6b70000, 0x0000000100000000)
   the space 17216K,  65% used [0x00000000f5aa0000, 0x00000000f659e708, 0x00000000f659e800, 0x00000000f6b70000)
 Metaspace       used 31606K, capacity 32798K, committed 33024K, reserved 1077248K
  class space    used 4013K, capacity 4297K, committed 4352K, reserved 1048576K
}
Event: 6.062 GC heap before
{Heap before GC invocations=73 (full 2):
 def new generation   total 7808K, used 7627K [0x00000000f0800000, 0x00000000f1070000, 0x00000000f5aa0000)
  eden space 6976K, 100% used [0x00000000f0800000, 0x00000000f0ed0000, 0x00000000f0ed0000)
  from space 832K,  78% used [0x00000000f0fa0000, 0x00000000f1042c68, 0x00000000f1070000)
  to   space 832K,   0% used [0x00000000f0ed0000, 0x00000000f0ed0000, 0x00000000f0fa0000)
 tenured generation   total 17216K, used 11257K [0x00000000f5aa0000, 0x00000000f6b70000, 0x0000000100000000)
   the space 17216K,  65% used [0x00000000f5aa0000, 0x00000000f659e708, 0x00000000f659e800, 0x00000000f6b70000)
 Metaspace       used 32120K, capacity 33322K, committed 33664K, reserved 1079296K
  class space    used 4064K, capacity 4363K, committed 4480K, reserved 1048576K
Event: 6.066 GC heap after
Heap after GC invocations=74 (full 2):
 def new generation   total 7808K, used 674K [0x00000000f0800000, 0x00000000f1070000, 0x00000000f5aa0000)
  eden space 6976K,   0% used [0x00000000f0800000, 0x00000000f0800000, 0x00000000f0ed0000)
  from space 832K,  81% used [0x00000000f0ed0000, 0x00000000f0f78948, 0x00000000f0fa0000)
  to   space 832K,   0% used [0x00000000f0fa0000, 0x00000000f0fa0000, 0x00000000f1070000)
 tenured generation   total 17216K, used 11430K [0x00000000f5aa0000, 0x00000000f6b70000, 0x0000000100000000)
   the space 17216K,  66% used [0x00000000f5aa0000, 0x00000000f65c9960, 0x00000000f65c9a00, 0x00000000f6b70000)
 Metaspace       used 32120K, capacity 33322K, committed 33664K, reserved 1079296K
  class space    used 4064K, capacity 4363K, committed 4480K, reserved 1048576K
}
Event: 6.221 GC heap before
{Heap before GC invocations=74 (full 2):
 def new generation   total 7808K, used 7650K [0x00000000f0800000, 0x00000000f1070000, 0x00000000f5aa0000)
  eden space 6976K, 100% used [0x00000000f0800000, 0x00000000f0ed0000, 0x00000000f0ed0000)
  from space 832K,  81% used [0x00000000f0ed0000, 0x00000000f0f78948, 0x00000000f0fa0000)
  to   space 832K,   0% used [0x00000000f0fa0000, 0x00000000f0fa0000, 0x00000000f1070000)
 tenured generation   total 17216K, used 11430K [0x00000000f5aa0000, 0x00000000f6b70000, 0x0000000100000000)
   the space 17216K,  66% used [0x00000000f5aa0000, 0x00000000f65c9960, 0x00000000f65c9a00, 0x00000000f6b70000)
 Metaspace       used 32488K, capacity 33674K, committed 33920K, reserved 1079296K
  class space    used 4096K, capacity 4395K, committed 4480K, reserved 1048576K
Event: 6.224 GC heap after
Heap after GC invocations=75 (full 2):
 def new generation   total 7808K, used 353K [0x00000000f0800000, 0x00000000f1070000, 0x00000000f5aa0000)
  eden space 6976K,   0% used [0x00000000f0800000, 0x00000000f0800000, 0x00000000f0ed0000)
  from space 832K,  42% used [0x00000000f0fa0000, 0x00000000f0ff86d8, 0x00000000f1070000)
  to   space 832K,   0% used [0x00000000f0ed0000, 0x00000000f0ed0000, 0x00000000f0fa0000)
 tenured generation   total 17216K, used 11681K [0x00000000f5aa0000, 0x00000000f6b70000, 0x0000000100000000)
   the space 17216K,  67% used [0x00000000f5aa0000, 0x00000000f66086b8, 0x00000000f6608800, 0x00000000f6b70000)
 Metaspace       used 32488K, capacity 33674K, committed 33920K, reserved 1079296K
  class space    used 4096K, capacity 4395K, committed 4480K, reserved 1048576K
}
Event: 6.373 GC heap before
{Heap before GC invocations=75 (full 2):
 def new generation   total 7808K, used 7329K [0x00000000f0800000, 0x00000000f1070000, 0x00000000f5aa0000)
  eden space 6976K, 100% used [0x00000000f0800000, 0x00000000f0ed0000, 0x00000000f0ed0000)
  from space 832K,  42% used [0x00000000f0fa0000, 0x00000000f0ff86d8, 0x00000000f1070000)
  to   space 832K,   0% used [0x00000000f0ed0000, 0x00000000f0ed0000, 0x00000000f0fa0000)
 tenured generation   total 17216K, used 11681K [0x00000000f5aa0000, 0x00000000f6b70000, 0x0000000100000000)
   the space 17216K,  67% used [0x00000000f5aa0000, 0x00000000f66086b8, 0x00000000f6608800, 0x00000000f6b70000)
 Metaspace       used 32797K, capacity 34084K, committed 34176K, reserved 1079296K
  class space    used 4130K, capacity 4436K, committed 4480K, reserved 1048576K
Event: 6.376 GC heap after
Heap after GC invocations=76 (full 2):
 def new generation   total 7808K, used 832K [0x00000000f0800000, 0x00000000f1070000, 0x00000000f5aa0000)
  eden space 6976K,   0% used [0x00000000f0800000, 0x00000000f0800000, 0x00000000f0ed0000)
  from space 832K, 100% used [0x00000000f0ed0000, 0x00000000f0fa0000, 0x00000000f0fa0000)
  to   space 832K,   0% used [0x00000000f0fa0000, 0x00000000f0fa0000, 0x00000000f1070000)
 tenured generation   total 17216K, used 11760K [0x00000000f5aa0000, 0x00000000f6b70000, 0x0000000100000000)
   the space 17216K,  68% used [0x00000000f5aa0000, 0x00000000f661c050, 0x00000000f661c200, 0x00000000f6b70000)
 Metaspace       used 32797K, capacity 34084K, committed 34176K, reserved 1079296K
  class space    used 4130K, capacity 4436K, committed 4480K, reserved 1048576K
}
Event: 6.508 GC heap before
{Heap before GC invocations=76 (full 2):
 def new generation   total 7808K, used 7808K [0x00000000f0800000, 0x00000000f1070000, 0x00000000f5aa0000)
  eden space 6976K, 100% used [0x00000000f0800000, 0x00000000f0ed0000, 0x00000000f0ed0000)
  from space 832K, 100% used [0x00000000f0ed0000, 0x00000000f0fa0000, 0x00000000f0fa0000)
  to   space 832K,   0% used [0x00000000f0fa0000, 0x00000000f0fa0000, 0x00000000f1070000)
 tenured generation   total 17216K, used 11760K [0x00000000f5aa0000, 0x00000000f6b70000, 0x0000000100000000)
   the space 17216K,  68% used [0x00000000f5aa0000, 0x00000000f661c050, 0x00000000f661c200, 0x00000000f6b70000)
 Metaspace       used 33084K, capacity 34388K, committed 34432K, reserved 1079296K
  class space    used 4169K, capacity 4480K, committed 4480K, reserved 1048576K
Event: 6.512 GC heap after
Heap after GC invocations=77 (full 2):
 def new generation   total 7808K, used 734K [0x00000000f0800000, 0x00000000f1070000, 0x00000000f5aa0000)
  eden space 6976K,   0% used [0x00000000f0800000, 0x00000000f0800000, 0x00000000f0ed0000)
  from space 832K,  88% used [0x00000000f0fa0000, 0x00000000f1057bf8, 0x00000000f1070000)
  to   space 832K,   0% used [0x00000000f0ed0000, 0x00000000f0ed0000, 0x00000000f0fa0000)
 tenured generation   total 17216K, used 12550K [0x00000000f5aa0000, 0x00000000f6b70000, 0x0000000100000000)
   the space 17216K,  72% used [0x00000000f5aa0000, 0x00000000f66e1880, 0x00000000f66e1a00, 0x00000000f6b70000)
 Metaspace       used 33084K, capacity 34388K, committed 34432K, reserved 1079296K
  class space    used 4169K, capacity 4480K, committed 4480K, reserved 1048576K
}
Event: 6.610 GC heap before
{Heap before GC invocations=77 (full 2):
 def new generation   total 7808K, used 7710K [0x00000000f0800000, 0x00000000f1070000, 0x00000000f5aa0000)
  eden space 6976K, 100% used [0x00000000f0800000, 0x00000000f0ed0000, 0x00000000f0ed0000)
  from space 832K,  88% used [0x00000000f0fa0000, 0x00000000f1057bf8, 0x00000000f1070000)
  to   space 832K,   0% used [0x00000000f0ed0000, 0x00000000f0ed0000, 0x00000000f0fa0000)
 tenured generation   total 17216K, used 12550K [0x00000000f5aa0000, 0x00000000f6b70000, 0x0000000100000000)
   the space 17216K,  72% used [0x00000000f5aa0000, 0x00000000f66e1880, 0x00000000f66e1a00, 0x00000000f6b70000)
 Metaspace       used 33289K, capacity 34566K, committed 34816K, reserved 1079296K
  class space    used 4204K, capacity 4517K, committed 4608K, reserved 1048576K
Event: 6.613 GC heap after
Heap after GC invocations=78 (full 2):
 def new generation   total 7808K, used 331K [0x00000000f0800000, 0x00000000f1070000, 0x00000000f5aa0000)
  eden space 6976K,   0% used [0x00000000f0800000, 0x00000000f0800000, 0x00000000f0ed0000)
  from space 832K,  39% used [0x00000000f0ed0000, 0x00000000f0f22da8, 0x00000000f0fa0000)
  to   space 832K,   0% used [0x00000000f0fa0000, 0x00000000f0fa0000, 0x00000000f1070000)
 tenured generation   total 17216K, used 13097K [0x00000000f5aa0000, 0x00000000f6b70000, 0x0000000100000000)
   the space 17216K,  76% used [0x00000000f5aa0000, 0x00000000f676a508, 0x00000000f676a600, 0x00000000f6b70000)
 Metaspace       used 33289K, capacity 34566K, committed 34816K, reserved 1079296K
  class space    used 4204K, capacity 4517K, committed 4608K, reserved 1048576K
}
Event: 6.688 GC heap before
{Heap before GC invocations=78 (full 2):
 def new generation   total 7808K, used 7307K [0x00000000f0800000, 0x00000000f1070000, 0x00000000f5aa0000)
  eden space 6976K, 100% used [0x00000000f0800000, 0x00000000f0ed0000, 0x00000000f0ed0000)
  from space 832K,  39% used [0x00000000f0ed0000, 0x00000000f0f22da8, 0x00000000f0fa0000)
  to   space 832K,   0% used [0x00000000f0fa0000, 0x00000000f0fa0000, 0x00000000f1070000)
 tenured generation   total 17216K, used 13097K [0x00000000f5aa0000, 0x00000000f6b70000, 0x0000000100000000)
   the space 17216K,  76% used [0x00000000f5aa0000, 0x00000000f676a508, 0x00000000f676a600, 0x00000000f6b70000)
 Metaspace       used 33387K, capacity 34706K, committed 34816K, reserved 1079296K
  class space    used 4219K, capacity 4519K, committed 4608K, reserved 1048576K
Event: 6.690 GC heap after
Heap after GC invocations=79 (full 2):
 def new generation   total 7808K, used 377K [0x00000000f0800000, 0x00000000f1070000, 0x00000000f5aa0000)
  eden space 6976K,   0% used [0x00000000f0800000, 0x00000000f0800000, 0x00000000f0ed0000)
  from space 832K,  45% used [0x00000000f0fa0000, 0x00000000f0ffe650, 0x00000000f1070000)
  to   space 832K,   0% used [0x00000000f0ed0000, 0x00000000f0ed0000, 0x00000000f0fa0000)
 tenured generation   total 17216K, used 13097K [0x00000000f5aa0000, 0x00000000f6b70000, 0x0000000100000000)
   the space 17216K,  76% used [0x00000000f5aa0000, 0x00000000f676a508, 0x00000000f676a600, 0x00000000f6b70000)
 Metaspace       used 33387K, capacity 34706K, committed 34816K, reserved 1079296K
  class space    used 4219K, capacity 4519K, committed 4608K, reserved 1048576K
}
Event: 6.801 GC heap before
{Heap before GC invocations=79 (full 2):
 def new generation   total 7808K, used 7353K [0x00000000f0800000, 0x00000000f1070000, 0x00000000f5aa0000)
  eden space 6976K, 100% used [0x00000000f0800000, 0x00000000f0ed0000, 0x00000000f0ed0000)
  from space 832K,  45% used [0x00000000f0fa0000, 0x00000000f0ffe650, 0x00000000f1070000)
  to   space 832K,   0% used [0x00000000f0ed0000, 0x00000000f0ed0000, 0x00000000f0fa0000)
 tenured generation   total 17216K, used 13097K [0x00000000f5aa0000, 0x00000000f6b70000, 0x0000000100000000)
   the space 17216K,  76% used [0x00000000f5aa0000, 0x00000000f676a508, 0x00000000f676a600, 0x00000000f6b70000)
 Metaspace       used 33517K, capacity 34894K, committed 35072K, reserved 1079296K
  class space    used 4238K, capacity 4555K, committed 4608K, reserved 1048576K
Event: 6.805 GC heap after
Heap after GC invocations=80 (full 2):
 def new generation   total 7808K, used 658K [0x00000000f0800000, 0x00000000f1070000, 0x00000000f5aa0000)
  eden space 6976K,   0% used [0x00000000f0800000, 0x00000000f0800000, 0x00000000f0ed0000)
  from space 832K,  79% used [0x00000000f0ed0000, 0x00000000f0f74b10, 0x00000000f0fa0000)
  to   space 832K,   0% used [0x00000000f0fa0000, 0x00000000f0fa0000, 0x00000000f1070000)
 tenured generation   total 17216K, used 13097K [0x00000000f5aa0000, 0x00000000f6b70000, 0x0000000100000000)
   the space 17216K,  76% used [0x00000000f5aa0000, 0x00000000f676a508, 0x00000000f676a600, 0x00000000f6b70000)
 Metaspace       used 33517K, capacity 34894K, committed 35072K, reserved 1079296K
  class space    used 4238K, capacity 4555K, committed 4608K, reserved 1048576K
}
Event: 6.900 GC heap before
{Heap before GC invocations=80 (full 2):
 def new generation   total 7808K, used 7634K [0x00000000f0800000, 0x00000000f1070000, 0x00000000f5aa0000)
  eden space 6976K, 100% used [0x00000000f0800000, 0x00000000f0ed0000, 0x00000000f0ed0000)
  from space 832K,  79% used [0x00000000f0ed0000, 0x00000000f0f74b10, 0x00000000f0fa0000)
  to   space 832K,   0% used [0x00000000f0fa0000, 0x00000000f0fa0000, 0x00000000f1070000)
 tenured generation   total 17216K, used 13097K [0x00000000f5aa0000, 0x00000000f6b70000, 0x0000000100000000)
   the space 17216K,  76% used [0x00000000f5aa0000, 0x00000000f676a508, 0x00000000f676a600, 0x00000000f6b70000)
 Metaspace       used 33687K, capacity 34958K, committed 35072K, reserved 1079296K
  class space    used 4264K, capacity 4555K, committed 4608K, reserved 1048576K
Event: 6.906 GC heap after
Heap after GC invocations=81 (full 2):
 def new generation   total 7808K, used 626K [0x00000000f0800000, 0x00000000f1070000, 0x00000000f5aa0000)
  eden space 6976K,   0% used [0x00000000f0800000, 0x00000000f0800000, 0x00000000f0ed0000)
  from space 832K,  75% used [0x00000000f0fa0000, 0x00000000f103c9e8, 0x00000000f1070000)
  to   space 832K,   0% used [0x00000000f0ed0000, 0x00000000f0ed0000, 0x00000000f0fa0000)
 tenured generation   total 17216K, used 13407K [0x00000000f5aa0000, 0x00000000f6b70000, 0x0000000100000000)
   the space 17216K,  77% used [0x00000000f5aa0000, 0x00000000f67b7cb8, 0x00000000f67b7e00, 0x00000000f6b70000)
 Metaspace       used 33687K, capacity 34958K, committed 35072K, reserved 1079296K
  class space    used 4264K, capacity 4555K, committed 4608K, reserved 1048576K
}
Event: 7.101 GC heap before
{Heap before GC invocations=81 (full 2):
 def new generation   total 7808K, used 7602K [0x00000000f0800000, 0x00000000f1070000, 0x00000000f5aa0000)
  eden space 6976K, 100% used [0x00000000f0800000, 0x00000000f0ed0000, 0x00000000f0ed0000)
  from space 832K,  75% used [0x00000000f0fa0000, 0x00000000f103c9e8, 0x00000000f1070000)
  to   space 832K,   0% used [0x00000000f0ed0000, 0x00000000f0ed0000, 0x00000000f0fa0000)
 tenured generation   total 17216K, used 13407K [0x00000000f5aa0000, 0x00000000f6b70000, 0x0000000100000000)
   the space 17216K,  77% used [0x00000000f5aa0000, 0x00000000f67b7cb8, 0x00000000f67b7e00, 0x00000000f6b70000)
 Metaspace       used 33963K, capacity 35302K, committed 35328K, reserved 1079296K
  class space    used 4300K, capacity 4599K, committed 4608K, reserved 1048576K
Event: 7.105 GC heap after
Heap after GC invocations=82 (full 2):
 def new generation   total 7808K, used 831K [0x00000000f0800000, 0x00000000f1070000, 0x00000000f5aa0000)
  eden space 6976K,   0% used [0x00000000f0800000, 0x00000000f0800000, 0x00000000f0ed0000)
  from space 832K,  99% used [0x00000000f0ed0000, 0x00000000f0f9fff0, 0x00000000f0fa0000)
  to   space 832K,   0% used [0x00000000f0fa0000, 0x00000000f0fa0000, 0x00000000f1070000)
 tenured generation   total 17216K, used 13702K [0x00000000f5aa0000, 0x00000000f6b70000, 0x0000000100000000)
   the space 17216K,  79% used [0x00000000f5aa0000, 0x00000000f68019e8, 0x00000000f6801a00, 0x00000000f6b70000)
 Metaspace       used 33963K, capacity 35302K, committed 35328K, reserved 1079296K
  class space    used 4300K, capacity 4599K, committed 4608K, reserved 1048576K
}
Event: 7.227 GC heap before
{Heap before GC invocations=82 (full 2):
 def new generation   total 7808K, used 7807K [0x00000000f0800000, 0x00000000f1070000, 0x00000000f5aa0000)
  eden space 6976K, 100% used [0x00000000f0800000, 0x00000000f0ed0000, 0x00000000f0ed0000)
  from space 832K,  99% used [0x00000000f0ed0000, 0x00000000f0f9fff0, 0x00000000f0fa0000)
  to   space 832K,   0% used [0x00000000f0fa0000, 0x00000000f0fa0000, 0x00000000f1070000)
 tenured generation   total 17216K, used 13702K [0x00000000f5aa0000, 0x00000000f6b70000, 0x0000000100000000)
   the space 17216K,  79% used [0x00000000f5aa0000, 0x00000000f68019e8, 0x00000000f6801a00, 0x00000000f6b70000)
 Metaspace       used 34178K, capacity 35522K, committed 35584K, reserved 1081344K
  class space    used 4318K, capacity 4605K, committed 4608K, reserved 1048576K
Event: 7.231 GC heap after
Heap after GC invocations=83 (full 2):
 def new generation   total 7808K, used 198K [0x00000000f0800000, 0x00000000f1070000, 0x00000000f5aa0000)
  eden space 6976K,   0% used [0x00000000f0800000, 0x00000000f0800000, 0x00000000f0ed0000)
  from space 832K,  23% used [0x00000000f0fa0000, 0x00000000f0fd1bd8, 0x00000000f1070000)
  to   space 832K,   0% used [0x00000000f0ed0000, 0x00000000f0ed0000, 0x00000000f0fa0000)
 tenured generation   total 17216K, used 14409K [0x00000000f5aa0000, 0x00000000f6b70000, 0x0000000100000000)
   the space 17216K,  83% used [0x00000000f5aa0000, 0x00000000f68b24d8, 0x00000000f68b2600, 0x00000000f6b70000)
 Metaspace       used 34178K, capacity 35522K, committed 35584K, reserved 1081344K
  class space    used 4318K, capacity 4605K, committed 4608K, reserved 1048576K
}
Event: 7.398 GC heap before
{Heap before GC invocations=83 (full 2):
 def new generation   total 7808K, used 7174K [0x00000000f0800000, 0x00000000f1070000, 0x00000000f5aa0000)
  eden space 6976K, 100% used [0x00000000f0800000, 0x00000000f0ed0000, 0x00000000f0ed0000)
  from space 832K,  23% used [0x00000000f0fa0000, 0x00000000f0fd1bd8, 0x00000000f1070000)
  to   space 832K,   0% used [0x00000000f0ed0000, 0x00000000f0ed0000, 0x00000000f0fa0000)
 tenured generation   total 17216K, used 14409K [0x00000000f5aa0000, 0x00000000f6b70000, 0x0000000100000000)
   the space 17216K,  83% used [0x00000000f5aa0000, 0x00000000f68b24d8, 0x00000000f68b2600, 0x00000000f6b70000)
 Metaspace       used 35491K, capacity 36874K, committed 36992K, reserved 1081344K
  class space    used 4446K, capacity 4735K, committed 4736K, reserved 1048576K
Event: 7.402 GC heap after
Heap after GC invocations=84 (full 2):
 def new generation   total 7808K, used 831K [0x00000000f0800000, 0x00000000f1070000, 0x00000000f5aa0000)
  eden space 6976K,   0% used [0x00000000f0800000, 0x00000000f0800000, 0x00000000f0ed0000)
  from space 832K,  99% used [0x00000000f0ed0000, 0x00000000f0f9fff0, 0x00000000f0fa0000)
  to   space 832K,   0% used [0x00000000f0fa0000, 0x00000000f0fa0000, 0x00000000f1070000)
 tenured generation   total 17216K, used 14754K [0x00000000f5aa0000, 0x00000000f6b70000, 0x0000000100000000)
   the space 17216K,  85% used [0x00000000f5aa0000, 0x00000000f6908a60, 0x00000000f6908c00, 0x00000000f6b70000)
 Metaspace       used 35491K, capacity 36874K, committed 36992K, reserved 1081344K
  class space    used 4446K, capacity 4735K, committed 4736K, reserved 1048576K
}
Event: 7.578 GC heap before
{Heap before GC invocations=84 (full 2):
 def new generation   total 7808K, used 7778K [0x00000000f0800000, 0x00000000f1070000, 0x00000000f5aa0000)
  eden space 6976K,  99% used [0x00000000f0800000, 0x00000000f0ec8ac8, 0x00000000f0ed0000)
  from space 832K,  99% used [0x00000000f0ed0000, 0x00000000f0f9fff0, 0x00000000f0fa0000)
  to   space 832K,   0% used [0x00000000f0fa0000, 0x00000000f0fa0000, 0x00000000f1070000)
 tenured generation   total 17216K, used 14754K [0x00000000f5aa0000, 0x00000000f6b70000, 0x0000000100000000)
   the space 17216K,  85% used [0x00000000f5aa0000, 0x00000000f6908a60, 0x00000000f6908c00, 0x00000000f6b70000)
 Metaspace       used 36860K, capacity 38250K, committed 38528K, reserved 1083392K
  class space    used 4586K, capacity 4895K, committed 4992K, reserved 1048576K
Event: 7.586 GC heap after
Heap after GC invocations=85 (full 2):
 def new generation   total 7808K, used 832K [0x00000000f0800000, 0x00000000f1070000, 0x00000000f5aa0000)
  eden space 6976K,   0% used [0x00000000f0800000, 0x00000000f0800000, 0x00000000f0ed0000)
  from space 832K, 100% used [0x00000000f0fa0000, 0x00000000f1070000, 0x00000000f1070000)
  to   space 832K,   0% used [0x00000000f0ed0000, 0x00000000f0ed0000, 0x00000000f0fa0000)
 tenured generation   total 17216K, used 15886K [0x00000000f5aa0000, 0x00000000f6b70000, 0x0000000100000000)
   the space 17216K,  92% used [0x00000000f5aa0000, 0x00000000f6a23a48, 0x00000000f6a23c00, 0x00000000f6b70000)
 Metaspace       used 36860K, capacity 38250K, committed 38528K, reserved 1083392K
  class space    used 4586K, capacity 4895K, committed 4992K, reserved 1048576K
}
Event: 7.766 GC heap before
{Heap before GC invocations=85 (full 2):
 def new generation   total 7808K, used 7808K [0x00000000f0800000, 0x00000000f1070000, 0x00000000f5aa0000)
  eden space 6976K, 100% used [0x00000000f0800000, 0x00000000f0ed0000, 0x00000000f0ed0000)
  from space 832K, 100% used [0x00000000f0fa0000, 0x00000000f1070000, 0x00000000f1070000)
  to   space 832K,   0% used [0x00000000f0ed0000, 0x00000000f0ed0000, 0x00000000f0fa0000)
 tenured generation   total 17216K, used 15886K [0x00000000f5aa0000, 0x00000000f6b70000, 0x0000000100000000)
   the space 17216K,  92% used [0x00000000f5aa0000, 0x00000000f6a23a48, 0x00000000f6a23c00, 0x00000000f6b70000)
 Metaspace       used 37831K, capacity 39238K, committed 39424K, reserved 1083392K
  class space    used 4703K, capacity 5029K, committed 5120K, reserved 1048576K
Event: 7.770 GC heap after
Heap after GC invocations=86 (full 2):
 def new generation   total 7808K, used 831K [0x00000000f0800000, 0x00000000f1070000, 0x00000000f5aa0000)
  eden space 6976K,   0% used [0x00000000f0800000, 0x00000000f0800000, 0x00000000f0ed0000)
  from space 832K,  99% used [0x00000000f0ed0000, 0x00000000f0f9fff8, 0x00000000f0fa0000)
  to   space 832K,   0% used [0x00000000f0fa0000, 0x00000000f0fa0000, 0x00000000f1070000)
 tenured generation   total 17216K, used 16624K [0x00000000f5aa0000, 0x00000000f6b70000, 0x0000000100000000)
   the space 17216K,  96% used [0x00000000f5aa0000, 0x00000000f6adc050, 0x00000000f6adc200, 0x00000000f6b70000)
 Metaspace       used 37831K, capacity 39238K, committed 39424K, reserved 1083392K
  class space    used 4703K, capacity 5029K, committed 5120K, reserved 1048576K
}
Event: 7.891 GC heap before
{Heap before GC invocations=86 (full 2):
 def new generation   total 7808K, used 7807K [0x00000000f0800000, 0x00000000f1070000, 0x00000000f5aa0000)
  eden space 6976K, 100% used [0x00000000f0800000, 0x00000000f0ed0000, 0x00000000f0ed0000)
  from space 832K,  99% used [0x00000000f0ed0000, 0x00000000f0f9fff8, 0x00000000f0fa0000)
  to   space 832K,   0% used [0x00000000f0fa0000, 0x00000000f0fa0000, 0x00000000f1070000)
 tenured generation   total 17216K, used 16624K [0x00000000f5aa0000, 0x00000000f6b70000, 0x0000000100000000)
   the space 17216K,  96% used [0x00000000f5aa0000, 0x00000000f6adc050, 0x00000000f6adc200, 0x00000000f6b70000)
 Metaspace       used 38130K, capacity 39556K, committed 39680K, reserved 1083392K
  class space    used 4738K, capacity 5066K, committed 5120K, reserved 1048576K
Event: 7.895 GC heap after
Heap after GC invocations=87 (full 2):
 def new generation   total 7808K, used 496K [0x00000000f0800000, 0x00000000f1070000, 0x00000000f5aa0000)
  eden space 6976K,   0% used [0x00000000f0800000, 0x00000000f0800000, 0x00000000f0ed0000)
  from space 832K,  59% used [0x00000000f0fa0000, 0x00000000f101c1e0, 0x00000000f1070000)
  to   space 832K,   0% used [0x00000000f0ed0000, 0x00000000f0ed0000, 0x00000000f0fa0000)
 tenured generation   total 17216K, used 16916K [0x00000000f5aa0000, 0x00000000f6b70000, 0x0000000100000000)
   the space 17216K,  98% used [0x00000000f5aa0000, 0x00000000f6b25150, 0x00000000f6b25200, 0x00000000f6b70000)
 Metaspace       used 38130K, capacity 39556K, committed 39680K, reserved 1083392K
  class space    used 4738K, capacity 5066K, committed 5120K, reserved 1048576K
}
Event: 7.991 GC heap before
{Heap before GC invocations=87 (full 2):
 def new generation   total 7808K, used 7472K [0x00000000f0800000, 0x00000000f1070000, 0x00000000f5aa0000)
  eden space 6976K, 100% used [0x00000000f0800000, 0x00000000f0ed0000, 0x00000000f0ed0000)
  from space 832K,  59% used [0x00000000f0fa0000, 0x00000000f101c1e0, 0x00000000f1070000)
  to   space 832K,   0% used [0x00000000f0ed0000, 0x00000000f0ed0000, 0x00000000f0fa0000)
 tenured generation   total 17216K, used 16916K [0x00000000f5aa0000, 0x00000000f6b70000, 0x0000000100000000)
   the space 17216K,  98% used [0x00000000f5aa0000, 0x00000000f6b25150, 0x00000000f6b25200, 0x00000000f6b70000)
 Metaspace       used 39194K, capacity 40614K, committed 40832K, reserved 1085440K
  class space    used 4899K, capacity 5227K, committed 5248K, reserved 1048576K
Event: 7.994 GC heap after
Heap after GC invocations=88 (full 2):
 def new generation   total 7808K, used 721K [0x00000000f0800000, 0x00000000f1070000, 0x00000000f5aa0000)
  eden space 6976K,   0% used [0x00000000f0800000, 0x00000000f0800000, 0x00000000f0ed0000)
  from space 832K,  86% used [0x00000000f0ed0000, 0x00000000f0f84720, 0x00000000f0fa0000)
  to   space 832K,   0% used [0x00000000f0fa0000, 0x00000000f0fa0000, 0x00000000f1070000)
 tenured generation   total 17216K, used 17181K [0x00000000f5aa0000, 0x00000000f6b70000, 0x0000000100000000)
   the space 17216K,  99% used [0x00000000f5aa0000, 0x00000000f6b67428, 0x00000000f6b67600, 0x00000000f6b70000)
 Metaspace       used 39194K, capacity 40614K, committed 40832K, reserved 1085440K
  class space    used 4899K, capacity 5227K, committed 5248K, reserved 1048576K
}
Event: 8.075 GC heap before
{Heap before GC invocations=88 (full 2):
 def new generation   total 7808K, used 7697K [0x00000000f0800000, 0x00000000f1070000, 0x00000000f5aa0000)
  eden space 6976K, 100% used [0x00000000f0800000, 0x00000000f0ed0000, 0x00000000f0ed0000)
  from space 832K,  86% used [0x00000000f0ed0000, 0x00000000f0f84720, 0x00000000f0fa0000)
  to   space 832K,   0% used [0x00000000f0fa0000, 0x00000000f0fa0000, 0x00000000f1070000)
 tenured generation   total 17216K, used 17181K [0x00000000f5aa0000, 0x00000000f6b70000, 0x0000000100000000)
   the space 17216K,  99% used [0x00000000f5aa0000, 0x00000000f6b67428, 0x00000000f6b67600, 0x00000000f6b70000)
 Metaspace       used 39586K, capacity 41062K, committed 41216K, reserved 1085440K
  class space    used 4963K, capacity 5291K, committed 5376K, reserved 1048576K
Event: 8.143 GC heap after
Heap after GC invocations=89 (full 3):
 def new generation   total 12096K, used 0K [0x00000000f0800000, 0x00000000f1520000, 0x00000000f5aa0000)
  eden space 10752K,   0% used [0x00000000f0800000, 0x00000000f0800000, 0x00000000f1280000)
  from space 1344K,   0% used [0x00000000f1280000, 0x00000000f1280000, 0x00000000f13d0000)
  to   space 1344K,   0% used [0x00000000f13d0000, 0x00000000f13d0000, 0x00000000f1520000)
 tenured generation   total 26716K, used 16028K [0x00000000f5aa0000, 0x00000000f74b7000, 0x0000000100000000)
   the space 26716K,  59% used [0x00000000f5aa0000, 0x00000000f6a471c0, 0x00000000f6a47200, 0x00000000f74b7000)
 Metaspace       used 39586K, capacity 41062K, committed 41216K, reserved 1085440K
  class space    used 4963K, capacity 5291K, committed 5376K, reserved 1048576K
}
Event: 8.273 GC heap before
{Heap before GC invocations=89 (full 3):
 def new generation   total 12096K, used 10752K [0x00000000f0800000, 0x00000000f1520000, 0x00000000f5aa0000)
  eden space 10752K, 100% used [0x00000000f0800000, 0x00000000f1280000, 0x00000000f1280000)
  from space 1344K,   0% used [0x00000000f1280000, 0x00000000f1280000, 0x00000000f13d0000)
  to   space 1344K,   0% used [0x00000000f13d0000, 0x00000000f13d0000, 0x00000000f1520000)
 tenured generation   total 26716K, used 16028K [0x00000000f5aa0000, 0x00000000f74b7000, 0x0000000100000000)
   the space 26716K,  59% used [0x00000000f5aa0000, 0x00000000f6a471c0, 0x00000000f6a47200, 0x00000000f74b7000)
 Metaspace       used 40220K, capacity 41640K, committed 41856K, reserved 1085440K
  class space    used 5088K, capacity 5420K, committed 5504K, reserved 1048576K
Event: 8.276 GC heap after
Heap after GC invocations=90 (full 3):
 def new generation   total 12096K, used 641K [0x00000000f0800000, 0x00000000f1520000, 0x00000000f5aa0000)
  eden space 10752K,   0% used [0x00000000f0800000, 0x00000000f0800000, 0x00000000f1280000)
  from space 1344K,  47% used [0x00000000f13d0000, 0x00000000f14706e0, 0x00000000f1520000)
  to   space 1344K,   0% used [0x00000000f1280000, 0x00000000f1280000, 0x00000000f13d0000)
 tenured generation   total 26716K, used 16028K [0x00000000f5aa0000, 0x00000000f74b7000, 0x0000000100000000)
   the space 26716K,  59% used [0x00000000f5aa0000, 0x00000000f6a471c0, 0x00000000f6a47200, 0x00000000f74b7000)
 Metaspace       used 40220K, capacity 41640K, committed 41856K, reserved 1085440K
  class space    used 5088K, capacity 5420K, committed 5504K, reserved 1048576K
}
Event: 8.420 GC heap before
{Heap before GC invocations=90 (full 3):
 def new generation   total 12096K, used 11393K [0x00000000f0800000, 0x00000000f1520000, 0x00000000f5aa0000)
  eden space 10752K, 100% used [0x00000000f0800000, 0x00000000f1280000, 0x00000000f1280000)
  from space 1344K,  47% used [0x00000000f13d0000, 0x00000000f14706e0, 0x00000000f1520000)
  to   space 1344K,   0% used [0x00000000f1280000, 0x00000000f1280000, 0x00000000f13d0000)
 tenured generation   total 26716K, used 16028K [0x00000000f5aa0000, 0x00000000f74b7000, 0x0000000100000000)
   the space 26716K,  59% used [0x00000000f5aa0000, 0x00000000f6a471c0, 0x00000000f6a47200, 0x00000000f74b7000)
 Metaspace       used 40756K, capacity 42184K, committed 42496K, reserved 1085440K
  class space    used 5198K, capacity 5516K, committed 5632K, reserved 1048576K
Event: 8.423 GC heap after
Heap after GC invocations=91 (full 3):
 def new generation   total 12096K, used 767K [0x00000000f0800000, 0x00000000f1520000, 0x00000000f5aa0000)
  eden space 10752K,   0% used [0x00000000f0800000, 0x00000000f0800000, 0x00000000f1280000)
  from space 1344K,  57% used [0x00000000f1280000, 0x00000000f133fc50, 0x00000000f13d0000)
  to   space 1344K,   0% used [0x00000000f13d0000, 0x00000000f13d0000, 0x00000000f1520000)
 tenured generation   total 26716K, used 16028K [0x00000000f5aa0000, 0x00000000f74b7000, 0x0000000100000000)
   the space 26716K,  59% used [0x00000000f5aa0000, 0x00000000f6a471c0, 0x00000000f6a47200, 0x00000000f74b7000)
 Metaspace       used 40756K, capacity 42184K, committed 42496K, reserved 1085440K
  class space    used 5198K, capacity 5516K, committed 5632K, reserved 1048576K
}
Event: 8.608 GC heap before
{Heap before GC invocations=91 (full 3):
 def new generation   total 12096K, used 11519K [0x00000000f0800000, 0x00000000f1520000, 0x00000000f5aa0000)
  eden space 10752K, 100% used [0x00000000f0800000, 0x00000000f1280000, 0x00000000f1280000)
  from space 1344K,  57% used [0x00000000f1280000, 0x00000000f133fc50, 0x00000000f13d0000)
  to   space 1344K,   0% used [0x00000000f13d0000, 0x00000000f13d0000, 0x00000000f1520000)
 tenured generation   total 26716K, used 16028K [0x00000000f5aa0000, 0x00000000f74b7000, 0x0000000100000000)
   the space 26716K,  59% used [0x00000000f5aa0000, 0x00000000f6a471c0, 0x00000000f6a47200, 0x00000000f74b7000)
 Metaspace       used 41508K, capacity 42906K, committed 43136K, reserved 1087488K
  class space    used 5332K, capacity 5647K, committed 5760K, reserved 1048576K
Event: 8.614 GC heap after
Heap after GC invocations=92 (full 3):
 def new generation   total 12096K, used 904K [0x00000000f0800000, 0x00000000f1520000, 0x00000000f5aa0000)
  eden space 10752K,   0% used [0x00000000f0800000, 0x00000000f0800000, 0x00000000f1280000)
  from space 1344K,  67% used [0x00000000f13d0000, 0x00000000f14b2238, 0x00000000f1520000)
  to   space 1344K,   0% used [0x00000000f1280000, 0x00000000f1280000, 0x00000000f13d0000)
 tenured generation   total 26716K, used 16221K [0x00000000f5aa0000, 0x00000000f74b7000, 0x0000000100000000)
   the space 26716K,  60% used [0x00000000f5aa0000, 0x00000000f6a77478, 0x00000000f6a77600, 0x00000000f74b7000)
 Metaspace       used 41508K, capacity 42906K, committed 43136K, reserved 1087488K
  class space    used 5332K, capacity 5647K, committed 5760K, reserved 1048576K
}

